2025-05-10 11:58:36,216 - trading_system.exchange.binanceusdm_connector - INFO - [generic_connector.py:109] - Sử dụng API credentials từ biến môi trường cho binanceusdm
2025-05-10 11:58:36,599 - trading_system.exchange.binanceusdm_connector - INFO - [binance_connector.py:143] - Đã tải thành công 490 thị trường
2025-05-10 11:58:36,600 - trading_system.exchange.binanceusdm_connector - INFO - [generic_connector.py:90] - Đã khởi tạo kết nối binanceusdm mainnet
2025-05-10 11:58:36,603 - trading_system.exchange.binanceusdm_connector - INFO - [binance_connector.py:54] - Đã khởi tạo kết nối Binance Futures
2025-05-10 11:58:36,604 - trading_system.exchange.binanceusdm_connector - INFO - [binance_connector.py:241] - Đã sử dụng thông tin 490 thị trường từ cache
2025-05-10 11:58:36,605 - trading_system.exchange.binanceusdm_connector - INFO - [generic_connector.py:671] - Đã khởi tạo thành công connector binanceusdm
2025-05-10 11:58:36,615 - trading_system.exchange.binanceusdm_connector - INFO - [binance_connector.py:625] - Bắt đầu lấy dữ liệu lịch sử cho BTC/USDT từ 2022-01-01 00:00:00
2025-05-10 11:58:36,798 - trading_system.exchange.binanceusdm_connector - INFO - [binance_connector.py:594] - Đã lấy 1000 klines 1h cho BTC/USDT
2025-05-10 11:58:37,159 - trading_system.exchange.binanceusdm_connector - INFO - [binance_connector.py:594] - Đã lấy 1000 klines 1h cho BTC/USDT
2025-05-10 11:58:37,529 - trading_system.exchange.binanceusdm_connector - INFO - [binance_connector.py:594] - Đã lấy 1000 klines 1h cho BTC/USDT
2025-05-10 11:58:37,900 - trading_system.exchange.binanceusdm_connector - INFO - [binance_connector.py:594] - Đã lấy 1000 klines 1h cho BTC/USDT
2025-05-10 11:58:38,264 - trading_system.exchange.binanceusdm_connector - INFO - [binance_connector.py:594] - Đã lấy 1000 klines 1h cho BTC/USDT
2025-05-10 11:58:38,622 - trading_system.exchange.binanceusdm_connector - INFO - [binance_connector.py:594] - Đã lấy 1000 klines 1h cho BTC/USDT
2025-05-10 11:58:38,983 - trading_system.exchange.binanceusdm_connector - INFO - [binance_connector.py:594] - Đã lấy 1000 klines 1h cho BTC/USDT
2025-05-10 11:58:39,350 - trading_system.exchange.binanceusdm_connector - INFO - [binance_connector.py:594] - Đã lấy 1000 klines 1h cho BTC/USDT
2025-05-10 11:58:39,707 - trading_system.exchange.binanceusdm_connector - INFO - [binance_connector.py:594] - Đã lấy 1000 klines 1h cho BTC/USDT
2025-05-10 11:58:40,072 - trading_system.exchange.binanceusdm_connector - INFO - [binance_connector.py:594] - Đã lấy 1000 klines 1h cho BTC/USDT
2025-05-10 11:58:40,425 - trading_system.exchange.binanceusdm_connector - INFO - [binance_connector.py:594] - Đã lấy 1000 klines 1h cho BTC/USDT
2025-05-10 11:58:40,805 - trading_system.exchange.binanceusdm_connector - INFO - [binance_connector.py:594] - Đã lấy 1000 klines 1h cho BTC/USDT
2025-05-10 11:58:41,174 - trading_system.exchange.binanceusdm_connector - INFO - [binance_connector.py:594] - Đã lấy 1000 klines 1h cho BTC/USDT
2025-05-10 11:58:41,530 - trading_system.exchange.binanceusdm_connector - INFO - [binance_connector.py:594] - Đã lấy 1000 klines 1h cho BTC/USDT
2025-05-10 11:58:41,892 - trading_system.exchange.binanceusdm_connector - INFO - [binance_connector.py:594] - Đã lấy 1000 klines 1h cho BTC/USDT
2025-05-10 11:58:42,264 - trading_system.exchange.binanceusdm_connector - INFO - [binance_connector.py:594] - Đã lấy 1000 klines 1h cho BTC/USDT
2025-05-10 11:58:42,637 - trading_system.exchange.binanceusdm_connector - INFO - [binance_connector.py:594] - Đã lấy 1000 klines 1h cho BTC/USDT
2025-05-10 11:58:42,997 - trading_system.exchange.binanceusdm_connector - INFO - [binance_connector.py:594] - Đã lấy 1000 klines 1h cho BTC/USDT
2025-05-10 11:58:43,359 - trading_system.exchange.binanceusdm_connector - INFO - [binance_connector.py:594] - Đã lấy 1000 klines 1h cho BTC/USDT
2025-05-10 11:58:43,720 - trading_system.exchange.binanceusdm_connector - INFO - [binance_connector.py:594] - Đã lấy 1000 klines 1h cho BTC/USDT
2025-05-10 11:58:44,081 - trading_system.exchange.binanceusdm_connector - INFO - [binance_connector.py:594] - Đã lấy 1000 klines 1h cho BTC/USDT
2025-05-10 11:58:44,440 - trading_system.exchange.binanceusdm_connector - INFO - [binance_connector.py:594] - Đã lấy 1000 klines 1h cho BTC/USDT
2025-05-10 11:58:44,801 - trading_system.exchange.binanceusdm_connector - INFO - [binance_connector.py:594] - Đã lấy 1000 klines 1h cho BTC/USDT
2025-05-10 11:58:45,163 - trading_system.exchange.binanceusdm_connector - INFO - [binance_connector.py:594] - Đã lấy 1000 klines 1h cho BTC/USDT
2025-05-10 11:58:45,536 - trading_system.exchange.binanceusdm_connector - INFO - [binance_connector.py:594] - Đã lấy 1000 klines 1h cho BTC/USDT
2025-05-10 11:58:45,908 - trading_system.exchange.binanceusdm_connector - INFO - [binance_connector.py:594] - Đã lấy 1000 klines 1h cho BTC/USDT
2025-05-10 11:58:46,245 - trading_system.exchange.binanceusdm_connector - INFO - [binance_connector.py:594] - Đã lấy 257 klines 1h cho BTC/USDT
2025-05-10 11:58:46,454 - trading_system.exchange.binanceusdm_connector - INFO - [binance_connector.py:645] - Đã lấy tổng cộng 26257 klines cho BTC/USDT
2025-05-10 11:58:48,496 - trading_system.exchange.binanceusdm_connector - INFO - [generic_connector.py:682] - Đóng kết nối với binanceusdm
2025-05-10 11:59:04,407 - trading_system.exchange.binanceusdm_connector - INFO - [generic_connector.py:109] - Sử dụng API credentials từ biến môi trường cho binanceusdm
2025-05-10 11:59:05,021 - trading_system.exchange.binanceusdm_connector - INFO - [binance_connector.py:143] - Đã tải thành công 490 thị trường
2025-05-10 11:59:05,022 - trading_system.exchange.binanceusdm_connector - INFO - [generic_connector.py:90] - Đã khởi tạo kết nối binanceusdm mainnet
2025-05-10 11:59:05,023 - trading_system.exchange.binanceusdm_connector - INFO - [binance_connector.py:54] - Đã khởi tạo kết nối Binance Futures
2025-05-10 11:59:05,026 - trading_system.exchange.binanceusdm_connector - INFO - [binance_connector.py:241] - Đã sử dụng thông tin 490 thị trường từ cache
2025-05-10 11:59:05,028 - trading_system.exchange.binanceusdm_connector - INFO - [generic_connector.py:671] - Đã khởi tạo thành công connector binanceusdm
2025-05-10 11:59:05,035 - trading_system.exchange.binanceusdm_connector - INFO - [binance_connector.py:625] - Bắt đầu lấy dữ liệu lịch sử cho ETH/USDT từ 2022-01-01 00:00:00
2025-05-10 11:59:05,188 - trading_system.exchange.binanceusdm_connector - INFO - [binance_connector.py:594] - Đã lấy 1000 klines 1h cho ETH/USDT
2025-05-10 11:59:05,549 - trading_system.exchange.binanceusdm_connector - INFO - [binance_connector.py:594] - Đã lấy 1000 klines 1h cho ETH/USDT
2025-05-10 11:59:05,913 - trading_system.exchange.binanceusdm_connector - INFO - [binance_connector.py:594] - Đã lấy 1000 klines 1h cho ETH/USDT
2025-05-10 11:59:06,275 - trading_system.exchange.binanceusdm_connector - INFO - [binance_connector.py:594] - Đã lấy 1000 klines 1h cho ETH/USDT
2025-05-10 11:59:06,636 - trading_system.exchange.binanceusdm_connector - INFO - [binance_connector.py:594] - Đã lấy 1000 klines 1h cho ETH/USDT
2025-05-10 11:59:06,992 - trading_system.exchange.binanceusdm_connector - INFO - [binance_connector.py:594] - Đã lấy 1000 klines 1h cho ETH/USDT
2025-05-10 11:59:07,351 - trading_system.exchange.binanceusdm_connector - INFO - [binance_connector.py:594] - Đã lấy 1000 klines 1h cho ETH/USDT
2025-05-10 11:59:07,716 - trading_system.exchange.binanceusdm_connector - INFO - [binance_connector.py:594] - Đã lấy 1000 klines 1h cho ETH/USDT
2025-05-10 11:59:08,066 - trading_system.exchange.binanceusdm_connector - INFO - [binance_connector.py:594] - Đã lấy 1000 klines 1h cho ETH/USDT
2025-05-10 11:59:08,413 - trading_system.exchange.binanceusdm_connector - INFO - [binance_connector.py:594] - Đã lấy 1000 klines 1h cho ETH/USDT
2025-05-10 11:59:08,758 - trading_system.exchange.binanceusdm_connector - INFO - [binance_connector.py:594] - Đã lấy 1000 klines 1h cho ETH/USDT
2025-05-10 11:59:09,120 - trading_system.exchange.binanceusdm_connector - INFO - [binance_connector.py:594] - Đã lấy 1000 klines 1h cho ETH/USDT
2025-05-10 11:59:09,486 - trading_system.exchange.binanceusdm_connector - INFO - [binance_connector.py:594] - Đã lấy 1000 klines 1h cho ETH/USDT
2025-05-10 11:59:09,846 - trading_system.exchange.binanceusdm_connector - INFO - [binance_connector.py:594] - Đã lấy 1000 klines 1h cho ETH/USDT
2025-05-10 11:59:10,210 - trading_system.exchange.binanceusdm_connector - INFO - [binance_connector.py:594] - Đã lấy 1000 klines 1h cho ETH/USDT
2025-05-10 11:59:10,568 - trading_system.exchange.binanceusdm_connector - INFO - [binance_connector.py:594] - Đã lấy 1000 klines 1h cho ETH/USDT
2025-05-10 11:59:10,925 - trading_system.exchange.binanceusdm_connector - INFO - [binance_connector.py:594] - Đã lấy 1000 klines 1h cho ETH/USDT
2025-05-10 11:59:11,287 - trading_system.exchange.binanceusdm_connector - INFO - [binance_connector.py:594] - Đã lấy 1000 klines 1h cho ETH/USDT
2025-05-10 11:59:11,647 - trading_system.exchange.binanceusdm_connector - INFO - [binance_connector.py:594] - Đã lấy 1000 klines 1h cho ETH/USDT
2025-05-10 11:59:11,998 - trading_system.exchange.binanceusdm_connector - INFO - [binance_connector.py:594] - Đã lấy 1000 klines 1h cho ETH/USDT
2025-05-10 11:59:12,350 - trading_system.exchange.binanceusdm_connector - INFO - [binance_connector.py:594] - Đã lấy 1000 klines 1h cho ETH/USDT
2025-05-10 11:59:12,692 - trading_system.exchange.binanceusdm_connector - INFO - [binance_connector.py:594] - Đã lấy 1000 klines 1h cho ETH/USDT
2025-05-10 11:59:13,048 - trading_system.exchange.binanceusdm_connector - INFO - [binance_connector.py:594] - Đã lấy 1000 klines 1h cho ETH/USDT
2025-05-10 11:59:13,419 - trading_system.exchange.binanceusdm_connector - INFO - [binance_connector.py:594] - Đã lấy 1000 klines 1h cho ETH/USDT
2025-05-10 11:59:13,780 - trading_system.exchange.binanceusdm_connector - INFO - [binance_connector.py:594] - Đã lấy 1000 klines 1h cho ETH/USDT
2025-05-10 11:59:14,143 - trading_system.exchange.binanceusdm_connector - INFO - [binance_connector.py:594] - Đã lấy 1000 klines 1h cho ETH/USDT
2025-05-10 11:59:14,477 - trading_system.exchange.binanceusdm_connector - INFO - [binance_connector.py:594] - Đã lấy 257 klines 1h cho ETH/USDT
2025-05-10 11:59:14,687 - trading_system.exchange.binanceusdm_connector - INFO - [binance_connector.py:645] - Đã lấy tổng cộng 26257 klines cho ETH/USDT
2025-05-10 11:59:16,681 - trading_system.exchange.binanceusdm_connector - INFO - [generic_connector.py:682] - Đóng kết nối với binanceusdm
2025-05-10 11:59:53,262 - trading_system.exchange.binanceusdm_connector - INFO - [generic_connector.py:109] - Sử dụng API credentials từ biến môi trường cho binanceusdm
2025-05-10 11:59:53,621 - trading_system.exchange.binanceusdm_connector - INFO - [binance_connector.py:143] - Đã tải thành công 490 thị trường
2025-05-10 11:59:53,622 - trading_system.exchange.binanceusdm_connector - INFO - [generic_connector.py:90] - Đã khởi tạo kết nối binanceusdm mainnet
2025-05-10 11:59:53,626 - trading_system.exchange.binanceusdm_connector - INFO - [binance_connector.py:54] - Đã khởi tạo kết nối Binance Futures
2025-05-10 11:59:53,627 - trading_system.exchange.binanceusdm_connector - INFO - [binance_connector.py:241] - Đã sử dụng thông tin 490 thị trường từ cache
2025-05-10 11:59:53,628 - trading_system.exchange.binanceusdm_connector - INFO - [generic_connector.py:671] - Đã khởi tạo thành công connector binanceusdm
2025-05-10 11:59:53,636 - trading_system.exchange.binanceusdm_connector - INFO - [binance_connector.py:625] - Bắt đầu lấy dữ liệu lịch sử cho BNB/USDT từ 2022-01-01 00:00:00
2025-05-10 11:59:53,774 - trading_system.exchange.binanceusdm_connector - INFO - [binance_connector.py:594] - Đã lấy 1000 klines 1h cho BNB/USDT
2025-05-10 11:59:54,132 - trading_system.exchange.binanceusdm_connector - INFO - [binance_connector.py:594] - Đã lấy 1000 klines 1h cho BNB/USDT
2025-05-10 11:59:54,485 - trading_system.exchange.binanceusdm_connector - INFO - [binance_connector.py:594] - Đã lấy 1000 klines 1h cho BNB/USDT
2025-05-10 11:59:54,843 - trading_system.exchange.binanceusdm_connector - INFO - [binance_connector.py:594] - Đã lấy 1000 klines 1h cho BNB/USDT
2025-05-10 11:59:55,203 - trading_system.exchange.binanceusdm_connector - INFO - [binance_connector.py:594] - Đã lấy 1000 klines 1h cho BNB/USDT
2025-05-10 11:59:55,565 - trading_system.exchange.binanceusdm_connector - INFO - [binance_connector.py:594] - Đã lấy 1000 klines 1h cho BNB/USDT
2025-05-10 11:59:55,930 - trading_system.exchange.binanceusdm_connector - INFO - [binance_connector.py:594] - Đã lấy 1000 klines 1h cho BNB/USDT
2025-05-10 11:59:56,291 - trading_system.exchange.binanceusdm_connector - INFO - [binance_connector.py:594] - Đã lấy 1000 klines 1h cho BNB/USDT
2025-05-10 11:59:56,647 - trading_system.exchange.binanceusdm_connector - INFO - [binance_connector.py:594] - Đã lấy 1000 klines 1h cho BNB/USDT
2025-05-10 11:59:56,997 - trading_system.exchange.binanceusdm_connector - INFO - [binance_connector.py:594] - Đã lấy 1000 klines 1h cho BNB/USDT
2025-05-10 11:59:57,357 - trading_system.exchange.binanceusdm_connector - INFO - [binance_connector.py:594] - Đã lấy 1000 klines 1h cho BNB/USDT
2025-05-10 11:59:57,708 - trading_system.exchange.binanceusdm_connector - INFO - [binance_connector.py:594] - Đã lấy 1000 klines 1h cho BNB/USDT
2025-05-10 11:59:58,052 - trading_system.exchange.binanceusdm_connector - INFO - [binance_connector.py:594] - Đã lấy 1000 klines 1h cho BNB/USDT
2025-05-10 11:59:58,414 - trading_system.exchange.binanceusdm_connector - INFO - [binance_connector.py:594] - Đã lấy 1000 klines 1h cho BNB/USDT
2025-05-10 11:59:58,776 - trading_system.exchange.binanceusdm_connector - INFO - [binance_connector.py:594] - Đã lấy 1000 klines 1h cho BNB/USDT
2025-05-10 11:59:59,135 - trading_system.exchange.binanceusdm_connector - INFO - [binance_connector.py:594] - Đã lấy 1000 klines 1h cho BNB/USDT
2025-05-10 11:59:59,494 - trading_system.exchange.binanceusdm_connector - INFO - [binance_connector.py:594] - Đã lấy 1000 klines 1h cho BNB/USDT
2025-05-10 11:59:59,859 - trading_system.exchange.binanceusdm_connector - INFO - [binance_connector.py:594] - Đã lấy 1000 klines 1h cho BNB/USDT
2025-05-10 12:00:00,217 - trading_system.exchange.binanceusdm_connector - INFO - [binance_connector.py:594] - Đã lấy 1000 klines 1h cho BNB/USDT
2025-05-10 12:00:00,573 - trading_system.exchange.binanceusdm_connector - INFO - [binance_connector.py:594] - Đã lấy 1000 klines 1h cho BNB/USDT
2025-05-10 12:00:00,957 - trading_system.exchange.binanceusdm_connector - INFO - [binance_connector.py:594] - Đã lấy 1000 klines 1h cho BNB/USDT
2025-05-10 12:00:01,322 - trading_system.exchange.binanceusdm_connector - INFO - [binance_connector.py:594] - Đã lấy 1000 klines 1h cho BNB/USDT
2025-05-10 12:00:01,706 - trading_system.exchange.binanceusdm_connector - INFO - [binance_connector.py:594] - Đã lấy 1000 klines 1h cho BNB/USDT
2025-05-10 12:00:02,076 - trading_system.exchange.binanceusdm_connector - INFO - [binance_connector.py:594] - Đã lấy 1000 klines 1h cho BNB/USDT
2025-05-10 12:00:02,434 - trading_system.exchange.binanceusdm_connector - INFO - [binance_connector.py:594] - Đã lấy 1000 klines 1h cho BNB/USDT
2025-05-10 12:00:02,798 - trading_system.exchange.binanceusdm_connector - INFO - [binance_connector.py:594] - Đã lấy 1000 klines 1h cho BNB/USDT
2025-05-10 12:00:03,123 - trading_system.exchange.binanceusdm_connector - INFO - [binance_connector.py:594] - Đã lấy 257 klines 1h cho BNB/USDT
2025-05-10 12:00:03,332 - trading_system.exchange.binanceusdm_connector - INFO - [binance_connector.py:645] - Đã lấy tổng cộng 26257 klines cho BNB/USDT
2025-05-10 12:00:05,337 - trading_system.exchange.binanceusdm_connector - INFO - [generic_connector.py:682] - Đóng kết nối với binanceusdm
2025-05-10 12:00:23,511 - trading_system.exchange.binanceusdm_connector - INFO - [generic_connector.py:109] - Sử dụng API credentials từ biến môi trường cho binanceusdm
2025-05-10 12:00:23,770 - trading_system.exchange.binanceusdm_connector - INFO - [binance_connector.py:143] - Đã tải thành công 490 thị trường
2025-05-10 12:00:23,771 - trading_system.exchange.binanceusdm_connector - INFO - [generic_connector.py:90] - Đã khởi tạo kết nối binanceusdm mainnet
2025-05-10 12:00:23,774 - trading_system.exchange.binanceusdm_connector - INFO - [binance_connector.py:54] - Đã khởi tạo kết nối Binance Futures
2025-05-10 12:00:23,775 - trading_system.exchange.binanceusdm_connector - INFO - [binance_connector.py:241] - Đã sử dụng thông tin 490 thị trường từ cache
2025-05-10 12:00:23,776 - trading_system.exchange.binanceusdm_connector - INFO - [generic_connector.py:671] - Đã khởi tạo thành công connector binanceusdm
2025-05-10 12:00:23,788 - trading_system.exchange.binanceusdm_connector - INFO - [binance_connector.py:625] - Bắt đầu lấy dữ liệu lịch sử cho XRP/USDT từ 2022-01-01 00:00:00
2025-05-10 12:00:23,962 - trading_system.exchange.binanceusdm_connector - INFO - [binance_connector.py:594] - Đã lấy 1000 klines 1h cho XRP/USDT
2025-05-10 12:00:24,324 - trading_system.exchange.binanceusdm_connector - INFO - [binance_connector.py:594] - Đã lấy 1000 klines 1h cho XRP/USDT
2025-05-10 12:00:24,677 - trading_system.exchange.binanceusdm_connector - INFO - [binance_connector.py:594] - Đã lấy 1000 klines 1h cho XRP/USDT
2025-05-10 12:00:25,028 - trading_system.exchange.binanceusdm_connector - INFO - [binance_connector.py:594] - Đã lấy 1000 klines 1h cho XRP/USDT
2025-05-10 12:00:25,386 - trading_system.exchange.binanceusdm_connector - INFO - [binance_connector.py:594] - Đã lấy 1000 klines 1h cho XRP/USDT
2025-05-10 12:00:25,746 - trading_system.exchange.binanceusdm_connector - INFO - [binance_connector.py:594] - Đã lấy 1000 klines 1h cho XRP/USDT
2025-05-10 12:00:26,105 - trading_system.exchange.binanceusdm_connector - INFO - [binance_connector.py:594] - Đã lấy 1000 klines 1h cho XRP/USDT
2025-05-10 12:00:26,465 - trading_system.exchange.binanceusdm_connector - INFO - [binance_connector.py:594] - Đã lấy 1000 klines 1h cho XRP/USDT
2025-05-10 12:00:26,823 - trading_system.exchange.binanceusdm_connector - INFO - [binance_connector.py:594] - Đã lấy 1000 klines 1h cho XRP/USDT
2025-05-10 12:00:27,176 - trading_system.exchange.binanceusdm_connector - INFO - [binance_connector.py:594] - Đã lấy 1000 klines 1h cho XRP/USDT
2025-05-10 12:00:27,522 - trading_system.exchange.binanceusdm_connector - INFO - [binance_connector.py:594] - Đã lấy 1000 klines 1h cho XRP/USDT
2025-05-10 12:00:27,884 - trading_system.exchange.binanceusdm_connector - INFO - [binance_connector.py:594] - Đã lấy 1000 klines 1h cho XRP/USDT
2025-05-10 12:00:28,217 - trading_system.exchange.binanceusdm_connector - INFO - [binance_connector.py:594] - Đã lấy 1000 klines 1h cho XRP/USDT
2025-05-10 12:00:28,572 - trading_system.exchange.binanceusdm_connector - INFO - [binance_connector.py:594] - Đã lấy 1000 klines 1h cho XRP/USDT
2025-05-10 12:00:28,912 - trading_system.exchange.binanceusdm_connector - INFO - [binance_connector.py:594] - Đã lấy 1000 klines 1h cho XRP/USDT
2025-05-10 12:00:29,260 - trading_system.exchange.binanceusdm_connector - INFO - [binance_connector.py:594] - Đã lấy 1000 klines 1h cho XRP/USDT
2025-05-10 12:00:29,605 - trading_system.exchange.binanceusdm_connector - INFO - [binance_connector.py:594] - Đã lấy 1000 klines 1h cho XRP/USDT
2025-05-10 12:00:29,971 - trading_system.exchange.binanceusdm_connector - INFO - [binance_connector.py:594] - Đã lấy 1000 klines 1h cho XRP/USDT
2025-05-10 12:00:30,331 - trading_system.exchange.binanceusdm_connector - INFO - [binance_connector.py:594] - Đã lấy 1000 klines 1h cho XRP/USDT
2025-05-10 12:00:30,689 - trading_system.exchange.binanceusdm_connector - INFO - [binance_connector.py:594] - Đã lấy 1000 klines 1h cho XRP/USDT
2025-05-10 12:00:31,039 - trading_system.exchange.binanceusdm_connector - INFO - [binance_connector.py:594] - Đã lấy 1000 klines 1h cho XRP/USDT
2025-05-10 12:00:31,405 - trading_system.exchange.binanceusdm_connector - INFO - [binance_connector.py:594] - Đã lấy 1000 klines 1h cho XRP/USDT
2025-05-10 12:00:31,758 - trading_system.exchange.binanceusdm_connector - INFO - [binance_connector.py:594] - Đã lấy 1000 klines 1h cho XRP/USDT
2025-05-10 12:00:32,107 - trading_system.exchange.binanceusdm_connector - INFO - [binance_connector.py:594] - Đã lấy 1000 klines 1h cho XRP/USDT
2025-05-10 12:00:32,467 - trading_system.exchange.binanceusdm_connector - INFO - [binance_connector.py:594] - Đã lấy 1000 klines 1h cho XRP/USDT
2025-05-10 12:00:32,816 - trading_system.exchange.binanceusdm_connector - INFO - [binance_connector.py:594] - Đã lấy 1000 klines 1h cho XRP/USDT
2025-05-10 12:00:33,146 - trading_system.exchange.binanceusdm_connector - INFO - [binance_connector.py:594] - Đã lấy 257 klines 1h cho XRP/USDT
2025-05-10 12:00:33,354 - trading_system.exchange.binanceusdm_connector - INFO - [binance_connector.py:645] - Đã lấy tổng cộng 26257 klines cho XRP/USDT
2025-05-10 12:00:35,382 - trading_system.exchange.binanceusdm_connector - INFO - [generic_connector.py:682] - Đóng kết nối với binanceusdm
2025-05-10 12:18:27,006 - trading_system.exchange.binanceusdm_connector - INFO - [binance_connector.py:143] - Đã tải thành công 490 thị trường
2025-05-10 12:18:27,007 - trading_system.exchange.binanceusdm_connector - INFO - [generic_connector.py:90] - Đã khởi tạo kết nối binanceusdm mainnet
2025-05-10 12:18:27,009 - trading_system.exchange.binanceusdm_connector - INFO - [binance_connector.py:54] - Đã khởi tạo kết nối Binance Futures
2025-05-10 12:18:27,010 - trading_system.exchange.binanceusdm_connector - INFO - [binance_connector.py:241] - Đã sử dụng thông tin 490 thị trường từ cache
2025-05-10 12:18:27,011 - trading_system.exchange.binanceusdm_connector - INFO - [generic_connector.py:671] - Đã khởi tạo thành công connector binanceusdm
2025-05-10 12:18:27,144 - trading_system.exchange.binanceusdm_connector - INFO - [binance_connector.py:625] - Bắt đầu lấy dữ liệu lịch sử cho BTC/USDT từ 2025-04-26 12:18:27.013000
2025-05-10 12:18:27,402 - trading_system.exchange.binanceusdm_connector - INFO - [binance_connector.py:594] - Đã lấy 336 klines 1h cho BTC/USDT
2025-05-10 12:18:27,740 - trading_system.exchange.binanceusdm_connector - INFO - [binance_connector.py:594] - Đã lấy 0 klines 1h cho BTC/USDT
2025-05-10 12:18:27,741 - trading_system.exchange.binanceusdm_connector - INFO - [binance_connector.py:645] - Đã lấy tổng cộng 336 klines cho BTC/USDT
2025-05-10 12:18:27,921 - trading_system.exchange.binanceusdm_connector - INFO - [binance_connector.py:625] - Bắt đầu lấy dữ liệu lịch sử cho ETH/USDT từ 2025-04-26 12:18:27.013000
2025-05-10 12:18:28,187 - trading_system.exchange.binanceusdm_connector - INFO - [binance_connector.py:594] - Đã lấy 336 klines 1h cho ETH/USDT
2025-05-10 12:18:28,502 - trading_system.exchange.binanceusdm_connector - INFO - [binance_connector.py:594] - Đã lấy 0 klines 1h cho ETH/USDT
2025-05-10 12:18:28,503 - trading_system.exchange.binanceusdm_connector - INFO - [binance_connector.py:645] - Đã lấy tổng cộng 336 klines cho ETH/USDT
2025-05-10 12:18:28,552 - trading_system.exchange.binanceusdm_connector - INFO - [generic_connector.py:682] - Đóng kết nối với binanceusdm
2025-05-10 12:41:39,764 - trading_system.exchange.binanceusdm_connector - INFO - [binance_connector.py:143] - Đã tải thành công 490 thị trường
2025-05-10 12:41:39,764 - trading_system.exchange.binanceusdm_connector - INFO - [generic_connector.py:90] - Đã khởi tạo kết nối binanceusdm mainnet
2025-05-10 12:41:39,765 - trading_system.exchange.binanceusdm_connector - INFO - [binance_connector.py:54] - Đã khởi tạo kết nối Binance Futures
2025-05-10 12:41:39,766 - trading_system.exchange.binanceusdm_connector - INFO - [binance_connector.py:241] - Đã sử dụng thông tin 490 thị trường từ cache
2025-05-10 12:41:39,766 - trading_system.exchange.binanceusdm_connector - INFO - [generic_connector.py:671] - Đã khởi tạo thành công connector binanceusdm
2025-05-10 12:41:39,882 - trading_system.exchange.binanceusdm_connector - INFO - [binance_connector.py:625] - Bắt đầu lấy dữ liệu lịch sử cho BTC/USDT từ 2025-04-26 12:41:39.769000
2025-05-10 12:41:40,156 - trading_system.exchange.binanceusdm_connector - INFO - [binance_connector.py:594] - Đã lấy 336 klines 1h cho BTC/USDT
2025-05-10 12:41:40,471 - trading_system.exchange.binanceusdm_connector - INFO - [binance_connector.py:594] - Đã lấy 0 klines 1h cho BTC/USDT
2025-05-10 12:41:40,472 - trading_system.exchange.binanceusdm_connector - INFO - [binance_connector.py:645] - Đã lấy tổng cộng 336 klines cho BTC/USDT
2025-05-10 12:41:40,642 - trading_system.exchange.binanceusdm_connector - INFO - [binance_connector.py:625] - Bắt đầu lấy dữ liệu lịch sử cho ETH/USDT từ 2025-04-26 12:41:39.769000
2025-05-10 12:41:40,919 - trading_system.exchange.binanceusdm_connector - INFO - [binance_connector.py:594] - Đã lấy 336 klines 1h cho ETH/USDT
2025-05-10 12:41:41,240 - trading_system.exchange.binanceusdm_connector - INFO - [binance_connector.py:594] - Đã lấy 0 klines 1h cho ETH/USDT
2025-05-10 12:41:41,241 - trading_system.exchange.binanceusdm_connector - INFO - [binance_connector.py:645] - Đã lấy tổng cộng 336 klines cho ETH/USDT
2025-05-10 12:41:41,294 - trading_system.exchange.binanceusdm_connector - INFO - [generic_connector.py:682] - Đóng kết nối với binanceusdm
2025-05-10 12:54:21,477 - trading_system.exchange.binanceusdm_connector - INFO - [binance_connector.py:143] - Đã tải thành công 490 thị trường
2025-05-10 12:54:21,478 - trading_system.exchange.binanceusdm_connector - INFO - [generic_connector.py:90] - Đã khởi tạo kết nối binanceusdm mainnet
2025-05-10 12:54:21,481 - trading_system.exchange.binanceusdm_connector - INFO - [binance_connector.py:54] - Đã khởi tạo kết nối Binance Futures
2025-05-10 12:54:21,482 - trading_system.exchange.binanceusdm_connector - INFO - [binance_connector.py:241] - Đã sử dụng thông tin 490 thị trường từ cache
2025-05-10 12:54:21,483 - trading_system.exchange.binanceusdm_connector - INFO - [generic_connector.py:671] - Đã khởi tạo thành công connector binanceusdm
2025-05-10 12:54:21,619 - trading_system.exchange.binanceusdm_connector - INFO - [binance_connector.py:625] - Bắt đầu lấy dữ liệu lịch sử cho BTC/USDT từ 2022-01-01 00:00:00
2025-05-10 12:54:21,875 - trading_system.exchange.binanceusdm_connector - INFO - [binance_connector.py:594] - Đã lấy 1000 klines 1h cho BTC/USDT
2025-05-10 12:54:22,237 - trading_system.exchange.binanceusdm_connector - INFO - [binance_connector.py:594] - Đã lấy 1000 klines 1h cho BTC/USDT
2025-05-10 12:54:22,592 - trading_system.exchange.binanceusdm_connector - INFO - [binance_connector.py:594] - Đã lấy 1000 klines 1h cho BTC/USDT
2025-05-10 12:54:22,953 - trading_system.exchange.binanceusdm_connector - INFO - [binance_connector.py:594] - Đã lấy 1000 klines 1h cho BTC/USDT
2025-05-10 12:54:23,314 - trading_system.exchange.binanceusdm_connector - INFO - [binance_connector.py:594] - Đã lấy 1000 klines 1h cho BTC/USDT
2025-05-10 12:54:23,665 - trading_system.exchange.binanceusdm_connector - INFO - [binance_connector.py:594] - Đã lấy 1000 klines 1h cho BTC/USDT
2025-05-10 12:54:24,029 - trading_system.exchange.binanceusdm_connector - INFO - [binance_connector.py:594] - Đã lấy 1000 klines 1h cho BTC/USDT
2025-05-10 12:54:24,388 - trading_system.exchange.binanceusdm_connector - INFO - [binance_connector.py:594] - Đã lấy 1000 klines 1h cho BTC/USDT
2025-05-10 12:54:24,747 - trading_system.exchange.binanceusdm_connector - INFO - [binance_connector.py:594] - Đã lấy 1000 klines 1h cho BTC/USDT
2025-05-10 12:54:25,167 - trading_system.exchange.binanceusdm_connector - INFO - [binance_connector.py:594] - Đã lấy 1000 klines 1h cho BTC/USDT
2025-05-10 12:54:25,530 - trading_system.exchange.binanceusdm_connector - INFO - [binance_connector.py:594] - Đã lấy 1000 klines 1h cho BTC/USDT
2025-05-10 12:54:25,892 - trading_system.exchange.binanceusdm_connector - INFO - [binance_connector.py:594] - Đã lấy 1000 klines 1h cho BTC/USDT
2025-05-10 12:54:26,251 - trading_system.exchange.binanceusdm_connector - INFO - [binance_connector.py:594] - Đã lấy 1000 klines 1h cho BTC/USDT
2025-05-10 12:54:26,613 - trading_system.exchange.binanceusdm_connector - INFO - [binance_connector.py:594] - Đã lấy 1000 klines 1h cho BTC/USDT
2025-05-10 12:54:26,971 - trading_system.exchange.binanceusdm_connector - INFO - [binance_connector.py:594] - Đã lấy 1000 klines 1h cho BTC/USDT
2025-05-10 12:54:27,332 - trading_system.exchange.binanceusdm_connector - INFO - [binance_connector.py:594] - Đã lấy 1000 klines 1h cho BTC/USDT
2025-05-10 12:54:27,694 - trading_system.exchange.binanceusdm_connector - INFO - [binance_connector.py:594] - Đã lấy 1000 klines 1h cho BTC/USDT
2025-05-10 12:54:28,052 - trading_system.exchange.binanceusdm_connector - INFO - [binance_connector.py:594] - Đã lấy 1000 klines 1h cho BTC/USDT
2025-05-10 12:54:28,414 - trading_system.exchange.binanceusdm_connector - INFO - [binance_connector.py:594] - Đã lấy 1000 klines 1h cho BTC/USDT
2025-05-10 12:54:28,779 - trading_system.exchange.binanceusdm_connector - INFO - [binance_connector.py:594] - Đã lấy 1000 klines 1h cho BTC/USDT
2025-05-10 12:54:29,134 - trading_system.exchange.binanceusdm_connector - INFO - [binance_connector.py:594] - Đã lấy 1000 klines 1h cho BTC/USDT
2025-05-10 12:54:29,494 - trading_system.exchange.binanceusdm_connector - INFO - [binance_connector.py:594] - Đã lấy 1000 klines 1h cho BTC/USDT
2025-05-10 12:54:29,854 - trading_system.exchange.binanceusdm_connector - INFO - [binance_connector.py:594] - Đã lấy 1000 klines 1h cho BTC/USDT
2025-05-10 12:54:30,202 - trading_system.exchange.binanceusdm_connector - INFO - [binance_connector.py:594] - Đã lấy 1000 klines 1h cho BTC/USDT
2025-05-10 12:54:30,564 - trading_system.exchange.binanceusdm_connector - INFO - [binance_connector.py:594] - Đã lấy 1000 klines 1h cho BTC/USDT
2025-05-10 12:54:30,926 - trading_system.exchange.binanceusdm_connector - INFO - [binance_connector.py:594] - Đã lấy 1000 klines 1h cho BTC/USDT
2025-05-10 12:54:31,249 - trading_system.exchange.binanceusdm_connector - INFO - [binance_connector.py:594] - Đã lấy 257 klines 1h cho BTC/USDT
2025-05-10 12:54:31,454 - trading_system.exchange.binanceusdm_connector - INFO - [binance_connector.py:645] - Đã lấy tổng cộng 26257 klines cho BTC/USDT
2025-05-10 12:54:32,008 - trading_system.exchange.binanceusdm_connector - INFO - [binance_connector.py:625] - Bắt đầu lấy dữ liệu lịch sử cho ETH/USDT từ 2022-01-01 00:00:00
2025-05-10 12:54:32,314 - trading_system.exchange.binanceusdm_connector - INFO - [binance_connector.py:594] - Đã lấy 1000 klines 1h cho ETH/USDT
2025-05-10 12:54:32,674 - trading_system.exchange.binanceusdm_connector - INFO - [binance_connector.py:594] - Đã lấy 1000 klines 1h cho ETH/USDT
2025-05-10 12:54:33,034 - trading_system.exchange.binanceusdm_connector - INFO - [binance_connector.py:594] - Đã lấy 1000 klines 1h cho ETH/USDT
2025-05-10 12:54:33,394 - trading_system.exchange.binanceusdm_connector - INFO - [binance_connector.py:594] - Đã lấy 1000 klines 1h cho ETH/USDT
2025-05-10 12:54:33,757 - trading_system.exchange.binanceusdm_connector - INFO - [binance_connector.py:594] - Đã lấy 1000 klines 1h cho ETH/USDT
2025-05-10 12:54:34,116 - trading_system.exchange.binanceusdm_connector - INFO - [binance_connector.py:594] - Đã lấy 1000 klines 1h cho ETH/USDT
2025-05-10 12:54:34,475 - trading_system.exchange.binanceusdm_connector - INFO - [binance_connector.py:594] - Đã lấy 1000 klines 1h cho ETH/USDT
2025-05-10 12:54:34,834 - trading_system.exchange.binanceusdm_connector - INFO - [binance_connector.py:594] - Đã lấy 1000 klines 1h cho ETH/USDT
2025-05-10 12:54:35,192 - trading_system.exchange.binanceusdm_connector - INFO - [binance_connector.py:594] - Đã lấy 1000 klines 1h cho ETH/USDT
2025-05-10 12:54:35,550 - trading_system.exchange.binanceusdm_connector - INFO - [binance_connector.py:594] - Đã lấy 1000 klines 1h cho ETH/USDT
2025-05-10 12:54:35,911 - trading_system.exchange.binanceusdm_connector - INFO - [binance_connector.py:594] - Đã lấy 1000 klines 1h cho ETH/USDT
2025-05-10 12:54:36,272 - trading_system.exchange.binanceusdm_connector - INFO - [binance_connector.py:594] - Đã lấy 1000 klines 1h cho ETH/USDT
2025-05-10 12:54:36,620 - trading_system.exchange.binanceusdm_connector - INFO - [binance_connector.py:594] - Đã lấy 1000 klines 1h cho ETH/USDT
2025-05-10 12:54:36,971 - trading_system.exchange.binanceusdm_connector - INFO - [binance_connector.py:594] - Đã lấy 1000 klines 1h cho ETH/USDT
2025-05-10 12:54:37,323 - trading_system.exchange.binanceusdm_connector - INFO - [binance_connector.py:594] - Đã lấy 1000 klines 1h cho ETH/USDT
2025-05-10 12:54:37,677 - trading_system.exchange.binanceusdm_connector - INFO - [binance_connector.py:594] - Đã lấy 1000 klines 1h cho ETH/USDT
2025-05-10 12:54:38,033 - trading_system.exchange.binanceusdm_connector - INFO - [binance_connector.py:594] - Đã lấy 1000 klines 1h cho ETH/USDT
2025-05-10 12:54:38,398 - trading_system.exchange.binanceusdm_connector - INFO - [binance_connector.py:594] - Đã lấy 1000 klines 1h cho ETH/USDT
2025-05-10 12:54:38,759 - trading_system.exchange.binanceusdm_connector - INFO - [binance_connector.py:594] - Đã lấy 1000 klines 1h cho ETH/USDT
2025-05-10 12:54:39,121 - trading_system.exchange.binanceusdm_connector - INFO - [binance_connector.py:594] - Đã lấy 1000 klines 1h cho ETH/USDT
2025-05-10 12:54:39,481 - trading_system.exchange.binanceusdm_connector - INFO - [binance_connector.py:594] - Đã lấy 1000 klines 1h cho ETH/USDT
2025-05-10 12:54:39,846 - trading_system.exchange.binanceusdm_connector - INFO - [binance_connector.py:594] - Đã lấy 1000 klines 1h cho ETH/USDT
2025-05-10 12:54:40,204 - trading_system.exchange.binanceusdm_connector - INFO - [binance_connector.py:594] - Đã lấy 1000 klines 1h cho ETH/USDT
2025-05-10 12:54:40,562 - trading_system.exchange.binanceusdm_connector - INFO - [binance_connector.py:594] - Đã lấy 1000 klines 1h cho ETH/USDT
2025-05-10 12:54:40,922 - trading_system.exchange.binanceusdm_connector - INFO - [binance_connector.py:594] - Đã lấy 1000 klines 1h cho ETH/USDT
2025-05-10 12:54:41,283 - trading_system.exchange.binanceusdm_connector - INFO - [binance_connector.py:594] - Đã lấy 1000 klines 1h cho ETH/USDT
2025-05-10 12:54:41,605 - trading_system.exchange.binanceusdm_connector - INFO - [binance_connector.py:594] - Đã lấy 257 klines 1h cho ETH/USDT
2025-05-10 12:54:41,821 - trading_system.exchange.binanceusdm_connector - INFO - [binance_connector.py:645] - Đã lấy tổng cộng 26257 klines cho ETH/USDT
2025-05-10 12:54:42,237 - trading_system.exchange.binanceusdm_connector - INFO - [generic_connector.py:682] - Đóng kết nối với binanceusdm
2025-05-10 12:57:54,663 - trading_system.exchange.binanceusdm_connector - INFO - [binance_connector.py:143] - Đã tải thành công 490 thị trường
2025-05-10 12:57:54,664 - trading_system.exchange.binanceusdm_connector - INFO - [generic_connector.py:90] - Đã khởi tạo kết nối binanceusdm mainnet
2025-05-10 12:57:54,667 - trading_system.exchange.binanceusdm_connector - INFO - [binance_connector.py:54] - Đã khởi tạo kết nối Binance Futures
2025-05-10 12:57:54,668 - trading_system.exchange.binanceusdm_connector - INFO - [binance_connector.py:241] - Đã sử dụng thông tin 490 thị trường từ cache
2025-05-10 12:57:54,670 - trading_system.exchange.binanceusdm_connector - INFO - [generic_connector.py:671] - Đã khởi tạo thành công connector binanceusdm
2025-05-10 12:57:54,784 - trading_system.exchange.binanceusdm_connector - INFO - [binance_connector.py:625] - Bắt đầu lấy dữ liệu lịch sử cho BTC/USDT từ 2022-01-01 00:00:00
2025-05-10 12:57:55,083 - trading_system.exchange.binanceusdm_connector - INFO - [binance_connector.py:594] - Đã lấy 1000 klines 1h cho BTC/USDT
2025-05-10 12:57:55,444 - trading_system.exchange.binanceusdm_connector - INFO - [binance_connector.py:594] - Đã lấy 1000 klines 1h cho BTC/USDT
2025-05-10 12:57:55,802 - trading_system.exchange.binanceusdm_connector - INFO - [binance_connector.py:594] - Đã lấy 1000 klines 1h cho BTC/USDT
2025-05-10 12:57:56,163 - trading_system.exchange.binanceusdm_connector - INFO - [binance_connector.py:594] - Đã lấy 1000 klines 1h cho BTC/USDT
2025-05-10 12:57:56,523 - trading_system.exchange.binanceusdm_connector - INFO - [binance_connector.py:594] - Đã lấy 1000 klines 1h cho BTC/USDT
2025-05-10 12:57:56,885 - trading_system.exchange.binanceusdm_connector - INFO - [binance_connector.py:594] - Đã lấy 1000 klines 1h cho BTC/USDT
2025-05-10 12:57:57,242 - trading_system.exchange.binanceusdm_connector - INFO - [binance_connector.py:594] - Đã lấy 1000 klines 1h cho BTC/USDT
2025-05-10 12:57:57,600 - trading_system.exchange.binanceusdm_connector - INFO - [binance_connector.py:594] - Đã lấy 1000 klines 1h cho BTC/USDT
2025-05-10 12:57:57,957 - trading_system.exchange.binanceusdm_connector - INFO - [binance_connector.py:594] - Đã lấy 1000 klines 1h cho BTC/USDT
2025-05-10 12:57:58,319 - trading_system.exchange.binanceusdm_connector - INFO - [binance_connector.py:594] - Đã lấy 1000 klines 1h cho BTC/USDT
2025-05-10 12:57:58,683 - trading_system.exchange.binanceusdm_connector - INFO - [binance_connector.py:594] - Đã lấy 1000 klines 1h cho BTC/USDT
2025-05-10 12:57:59,044 - trading_system.exchange.binanceusdm_connector - INFO - [binance_connector.py:594] - Đã lấy 1000 klines 1h cho BTC/USDT
2025-05-10 12:57:59,404 - trading_system.exchange.binanceusdm_connector - INFO - [binance_connector.py:594] - Đã lấy 1000 klines 1h cho BTC/USDT
2025-05-10 12:57:59,765 - trading_system.exchange.binanceusdm_connector - INFO - [binance_connector.py:594] - Đã lấy 1000 klines 1h cho BTC/USDT
2025-05-10 12:58:00,113 - trading_system.exchange.binanceusdm_connector - INFO - [binance_connector.py:594] - Đã lấy 1000 klines 1h cho BTC/USDT
2025-05-10 12:58:00,479 - trading_system.exchange.binanceusdm_connector - INFO - [binance_connector.py:594] - Đã lấy 1000 klines 1h cho BTC/USDT
2025-05-10 12:58:00,838 - trading_system.exchange.binanceusdm_connector - INFO - [binance_connector.py:594] - Đã lấy 1000 klines 1h cho BTC/USDT
2025-05-10 12:58:01,198 - trading_system.exchange.binanceusdm_connector - INFO - [binance_connector.py:594] - Đã lấy 1000 klines 1h cho BTC/USDT
2025-05-10 12:58:01,563 - trading_system.exchange.binanceusdm_connector - INFO - [binance_connector.py:594] - Đã lấy 1000 klines 1h cho BTC/USDT
2025-05-10 12:58:01,930 - trading_system.exchange.binanceusdm_connector - INFO - [binance_connector.py:594] - Đã lấy 1000 klines 1h cho BTC/USDT
2025-05-10 12:58:02,290 - trading_system.exchange.binanceusdm_connector - INFO - [binance_connector.py:594] - Đã lấy 1000 klines 1h cho BTC/USDT
2025-05-10 12:58:02,640 - trading_system.exchange.binanceusdm_connector - INFO - [binance_connector.py:594] - Đã lấy 1000 klines 1h cho BTC/USDT
2025-05-10 12:58:03,003 - trading_system.exchange.binanceusdm_connector - INFO - [binance_connector.py:594] - Đã lấy 1000 klines 1h cho BTC/USDT
2025-05-10 12:58:03,364 - trading_system.exchange.binanceusdm_connector - INFO - [binance_connector.py:594] - Đã lấy 1000 klines 1h cho BTC/USDT
2025-05-10 12:58:03,723 - trading_system.exchange.binanceusdm_connector - INFO - [binance_connector.py:594] - Đã lấy 1000 klines 1h cho BTC/USDT
2025-05-10 12:58:04,082 - trading_system.exchange.binanceusdm_connector - INFO - [binance_connector.py:594] - Đã lấy 1000 klines 1h cho BTC/USDT
2025-05-10 12:58:04,413 - trading_system.exchange.binanceusdm_connector - INFO - [binance_connector.py:594] - Đã lấy 257 klines 1h cho BTC/USDT
2025-05-10 12:58:04,624 - trading_system.exchange.binanceusdm_connector - INFO - [binance_connector.py:645] - Đã lấy tổng cộng 26257 klines cho BTC/USDT
2025-05-10 12:58:05,169 - trading_system.exchange.binanceusdm_connector - INFO - [binance_connector.py:625] - Bắt đầu lấy dữ liệu lịch sử cho ETH/USDT từ 2022-01-01 00:00:00
2025-05-10 12:58:05,465 - trading_system.exchange.binanceusdm_connector - INFO - [binance_connector.py:594] - Đã lấy 1000 klines 1h cho ETH/USDT
2025-05-10 12:58:05,810 - trading_system.exchange.binanceusdm_connector - INFO - [binance_connector.py:594] - Đã lấy 1000 klines 1h cho ETH/USDT
2025-05-10 12:58:06,162 - trading_system.exchange.binanceusdm_connector - INFO - [binance_connector.py:594] - Đã lấy 1000 klines 1h cho ETH/USDT
2025-05-10 12:58:06,519 - trading_system.exchange.binanceusdm_connector - INFO - [binance_connector.py:594] - Đã lấy 1000 klines 1h cho ETH/USDT
2025-05-10 12:58:06,873 - trading_system.exchange.binanceusdm_connector - INFO - [binance_connector.py:594] - Đã lấy 1000 klines 1h cho ETH/USDT
2025-05-10 12:58:07,234 - trading_system.exchange.binanceusdm_connector - INFO - [binance_connector.py:594] - Đã lấy 1000 klines 1h cho ETH/USDT
2025-05-10 12:58:07,593 - trading_system.exchange.binanceusdm_connector - INFO - [binance_connector.py:594] - Đã lấy 1000 klines 1h cho ETH/USDT
2025-05-10 12:58:07,942 - trading_system.exchange.binanceusdm_connector - INFO - [binance_connector.py:594] - Đã lấy 1000 klines 1h cho ETH/USDT
2025-05-10 12:58:08,310 - trading_system.exchange.binanceusdm_connector - INFO - [binance_connector.py:594] - Đã lấy 1000 klines 1h cho ETH/USDT
2025-05-10 12:58:08,672 - trading_system.exchange.binanceusdm_connector - INFO - [binance_connector.py:594] - Đã lấy 1000 klines 1h cho ETH/USDT
2025-05-10 12:58:09,026 - trading_system.exchange.binanceusdm_connector - INFO - [binance_connector.py:594] - Đã lấy 1000 klines 1h cho ETH/USDT
2025-05-10 12:58:09,392 - trading_system.exchange.binanceusdm_connector - INFO - [binance_connector.py:594] - Đã lấy 1000 klines 1h cho ETH/USDT
2025-05-10 12:58:09,749 - trading_system.exchange.binanceusdm_connector - INFO - [binance_connector.py:594] - Đã lấy 1000 klines 1h cho ETH/USDT
2025-05-10 12:58:10,113 - trading_system.exchange.binanceusdm_connector - INFO - [binance_connector.py:594] - Đã lấy 1000 klines 1h cho ETH/USDT
2025-05-10 12:58:10,473 - trading_system.exchange.binanceusdm_connector - INFO - [binance_connector.py:594] - Đã lấy 1000 klines 1h cho ETH/USDT
2025-05-10 12:58:10,836 - trading_system.exchange.binanceusdm_connector - INFO - [binance_connector.py:594] - Đã lấy 1000 klines 1h cho ETH/USDT
2025-05-10 12:58:11,194 - trading_system.exchange.binanceusdm_connector - INFO - [binance_connector.py:594] - Đã lấy 1000 klines 1h cho ETH/USDT
2025-05-10 12:58:11,534 - trading_system.exchange.binanceusdm_connector - INFO - [binance_connector.py:594] - Đã lấy 1000 klines 1h cho ETH/USDT
2025-05-10 12:58:11,890 - trading_system.exchange.binanceusdm_connector - INFO - [binance_connector.py:594] - Đã lấy 1000 klines 1h cho ETH/USDT
2025-05-10 12:58:12,241 - trading_system.exchange.binanceusdm_connector - INFO - [binance_connector.py:594] - Đã lấy 1000 klines 1h cho ETH/USDT
2025-05-10 12:58:12,603 - trading_system.exchange.binanceusdm_connector - INFO - [binance_connector.py:594] - Đã lấy 1000 klines 1h cho ETH/USDT
2025-05-10 12:58:12,953 - trading_system.exchange.binanceusdm_connector - INFO - [binance_connector.py:594] - Đã lấy 1000 klines 1h cho ETH/USDT
2025-05-10 12:58:13,329 - trading_system.exchange.binanceusdm_connector - INFO - [binance_connector.py:594] - Đã lấy 1000 klines 1h cho ETH/USDT
2025-05-10 12:58:13,686 - trading_system.exchange.binanceusdm_connector - INFO - [binance_connector.py:594] - Đã lấy 1000 klines 1h cho ETH/USDT
2025-05-10 12:58:14,064 - trading_system.exchange.binanceusdm_connector - INFO - [binance_connector.py:594] - Đã lấy 1000 klines 1h cho ETH/USDT
2025-05-10 12:58:14,435 - trading_system.exchange.binanceusdm_connector - INFO - [binance_connector.py:594] - Đã lấy 1000 klines 1h cho ETH/USDT
2025-05-10 12:58:14,763 - trading_system.exchange.binanceusdm_connector - INFO - [binance_connector.py:594] - Đã lấy 257 klines 1h cho ETH/USDT
2025-05-10 12:58:14,976 - trading_system.exchange.binanceusdm_connector - INFO - [binance_connector.py:645] - Đã lấy tổng cộng 26257 klines cho ETH/USDT
2025-05-10 12:58:15,391 - trading_system.exchange.binanceusdm_connector - INFO - [generic_connector.py:682] - Đóng kết nối với binanceusdm
2025-05-10 13:17:04,702 - trading_system.exchange.binanceusdm_connector - INFO - [generic_connector.py:109] - Sử dụng API credentials từ biến môi trường cho binanceusdm
2025-05-10 13:17:05,279 - trading_system.exchange.binanceusdm_connector - INFO - [binance_connector.py:143] - Đã tải thành công 490 thị trường
2025-05-10 13:17:05,281 - trading_system.exchange.binanceusdm_connector - INFO - [generic_connector.py:90] - Đã khởi tạo kết nối binanceusdm mainnet
2025-05-10 13:17:05,281 - trading_system.exchange.binanceusdm_connector - INFO - [binance_connector.py:54] - Đã khởi tạo kết nối Binance Futures
2025-05-10 13:17:05,282 - trading_system.exchange.binanceusdm_connector - INFO - [binance_connector.py:241] - Đã sử dụng thông tin 490 thị trường từ cache
2025-05-10 13:17:05,283 - trading_system.exchange.binanceusdm_connector - INFO - [generic_connector.py:671] - Đã khởi tạo thành công connector binanceusdm
2025-05-10 13:17:05,287 - trading_system.exchange.binanceusdm_connector - INFO - [binance_connector.py:625] - Bắt đầu lấy dữ liệu lịch sử cho XRP/USDT từ 2022-01-01 00:00:00
2025-05-10 13:17:05,421 - trading_system.exchange.binanceusdm_connector - INFO - [binance_connector.py:594] - Đã lấy 1000 klines 1h cho XRP/USDT
2025-05-10 13:17:05,765 - trading_system.exchange.binanceusdm_connector - INFO - [binance_connector.py:594] - Đã lấy 1000 klines 1h cho XRP/USDT
2025-05-10 13:17:06,123 - trading_system.exchange.binanceusdm_connector - INFO - [binance_connector.py:594] - Đã lấy 1000 klines 1h cho XRP/USDT
2025-05-10 13:17:06,451 - trading_system.exchange.binanceusdm_connector - INFO - [binance_connector.py:594] - Đã lấy 1000 klines 1h cho XRP/USDT
2025-05-10 13:17:06,793 - trading_system.exchange.binanceusdm_connector - INFO - [binance_connector.py:594] - Đã lấy 1000 klines 1h cho XRP/USDT
2025-05-10 13:17:07,135 - trading_system.exchange.binanceusdm_connector - INFO - [binance_connector.py:594] - Đã lấy 1000 klines 1h cho XRP/USDT
2025-05-10 13:17:07,472 - trading_system.exchange.binanceusdm_connector - INFO - [binance_connector.py:594] - Đã lấy 1000 klines 1h cho XRP/USDT
2025-05-10 13:17:07,837 - trading_system.exchange.binanceusdm_connector - INFO - [binance_connector.py:594] - Đã lấy 1000 klines 1h cho XRP/USDT
2025-05-10 13:17:08,183 - trading_system.exchange.binanceusdm_connector - INFO - [binance_connector.py:594] - Đã lấy 1000 klines 1h cho XRP/USDT
2025-05-10 13:17:08,532 - trading_system.exchange.binanceusdm_connector - INFO - [binance_connector.py:594] - Đã lấy 1000 klines 1h cho XRP/USDT
2025-05-10 13:17:08,890 - trading_system.exchange.binanceusdm_connector - INFO - [binance_connector.py:594] - Đã lấy 1000 klines 1h cho XRP/USDT
2025-05-10 13:17:09,233 - trading_system.exchange.binanceusdm_connector - INFO - [binance_connector.py:594] - Đã lấy 1000 klines 1h cho XRP/USDT
2025-05-10 13:17:09,579 - trading_system.exchange.binanceusdm_connector - INFO - [binance_connector.py:594] - Đã lấy 1000 klines 1h cho XRP/USDT
2025-05-10 13:17:09,931 - trading_system.exchange.binanceusdm_connector - INFO - [binance_connector.py:594] - Đã lấy 1000 klines 1h cho XRP/USDT
2025-05-10 13:17:10,292 - trading_system.exchange.binanceusdm_connector - INFO - [binance_connector.py:594] - Đã lấy 1000 klines 1h cho XRP/USDT
2025-05-10 13:17:10,652 - trading_system.exchange.binanceusdm_connector - INFO - [binance_connector.py:594] - Đã lấy 1000 klines 1h cho XRP/USDT
2025-05-10 13:17:11,011 - trading_system.exchange.binanceusdm_connector - INFO - [binance_connector.py:594] - Đã lấy 1000 klines 1h cho XRP/USDT
2025-05-10 13:17:11,378 - trading_system.exchange.binanceusdm_connector - INFO - [binance_connector.py:594] - Đã lấy 1000 klines 1h cho XRP/USDT
2025-05-10 13:17:11,737 - trading_system.exchange.binanceusdm_connector - INFO - [binance_connector.py:594] - Đã lấy 1000 klines 1h cho XRP/USDT
2025-05-10 13:17:12,099 - trading_system.exchange.binanceusdm_connector - INFO - [binance_connector.py:594] - Đã lấy 1000 klines 1h cho XRP/USDT
2025-05-10 13:17:12,457 - trading_system.exchange.binanceusdm_connector - INFO - [binance_connector.py:594] - Đã lấy 1000 klines 1h cho XRP/USDT
2025-05-10 13:17:12,809 - trading_system.exchange.binanceusdm_connector - INFO - [binance_connector.py:594] - Đã lấy 1000 klines 1h cho XRP/USDT
2025-05-10 13:17:13,169 - trading_system.exchange.binanceusdm_connector - INFO - [binance_connector.py:594] - Đã lấy 1000 klines 1h cho XRP/USDT
2025-05-10 13:17:13,516 - trading_system.exchange.binanceusdm_connector - INFO - [binance_connector.py:594] - Đã lấy 1000 klines 1h cho XRP/USDT
2025-05-10 13:17:13,869 - trading_system.exchange.binanceusdm_connector - INFO - [binance_connector.py:594] - Đã lấy 1000 klines 1h cho XRP/USDT
2025-05-10 13:17:14,223 - trading_system.exchange.binanceusdm_connector - INFO - [binance_connector.py:594] - Đã lấy 1000 klines 1h cho XRP/USDT
2025-05-10 13:17:14,557 - trading_system.exchange.binanceusdm_connector - INFO - [binance_connector.py:594] - Đã lấy 257 klines 1h cho XRP/USDT
2025-05-10 13:17:14,762 - trading_system.exchange.binanceusdm_connector - INFO - [binance_connector.py:645] - Đã lấy tổng cộng 26257 klines cho XRP/USDT
2025-05-10 13:17:16,794 - trading_system.exchange.binanceusdm_connector - INFO - [generic_connector.py:682] - Đóng kết nối với binanceusdm
