2025-05-09 14:43:48,216 - trading_system.exchange.binance_connector - INFO - [generic_connector.py:109] - Sử dụng API credentials từ biến môi trường cho binance
2025-05-09 14:43:50,111 - trading_system.exchange.binance_connector - INFO - [binance_connector.py:143] - Đã tải thành công 3650 thị trường
2025-05-09 14:43:50,112 - trading_system.exchange.binance_connector - INFO - [generic_connector.py:90] - Đã khởi tạo kết nối binance mainnet
2025-05-09 14:43:50,112 - trading_system.exchange.binance_connector - INFO - [binance_connector.py:54] - Đã khởi tạo kết nối Binance Spot
2025-05-09 14:43:50,113 - trading_system.exchange.binance_connector - INFO - [binance_connector.py:241] - Đã sử dụng thông tin 3650 thị trường từ cache
2025-05-09 14:43:50,114 - trading_system.exchange.binance_connector - INFO - [generic_connector.py:671] - Đã khởi tạo thành công connector binance
2025-05-09 14:43:50,118 - trading_system.exchange.binance_connector - INFO - [binance_connector.py:625] - Bắt đầu lấy dữ liệu lịch sử cho BTC/USDT,ETH/USDT từ 2024-01-01 00:00:00
2025-05-09 14:43:50,118 - trading_system.exchange.binance_connector - WARNING - [generic_connector.py:267] - Lỗi khi gọi fetch_ohlcv, thử lại sau 1.0s (lần thử 1/5). Lỗi: too many values to unpack (expected 2)
2025-05-09 14:43:51,127 - trading_system.exchange.binance_connector - WARNING - [generic_connector.py:267] - Lỗi khi gọi fetch_ohlcv, thử lại sau 2.0s (lần thử 2/5). Lỗi: too many values to unpack (expected 2)
2025-05-09 14:43:53,136 - trading_system.exchange.binance_connector - WARNING - [generic_connector.py:267] - Lỗi khi gọi fetch_ohlcv, thử lại sau 4.0s (lần thử 3/5). Lỗi: too many values to unpack (expected 2)
2025-05-09 14:43:57,146 - trading_system.exchange.binance_connector - WARNING - [generic_connector.py:267] - Lỗi khi gọi fetch_ohlcv, thử lại sau 8.0s (lần thử 4/5). Lỗi: too many values to unpack (expected 2)
2025-05-09 14:44:05,154 - trading_system.exchange.binance_connector - ERROR - [generic_connector.py:260] - Đã vượt quá số lần thử lại. Lỗi cuối cùng: too many values to unpack (expected 2)
2025-05-09 14:44:05,156 - trading_system.exchange.binance_connector - ERROR - [generic_connector.py:215] - Lỗi không xác định trong fetch_ohlcv: too many values to unpack (expected 2)
2025-05-09 14:44:05,158 - trading_system.exchange.binance_connector - ERROR - [generic_connector.py:215] - Lỗi không xác định trong fetch_klines(BTC/USDT,ETH/USDT, 1h): [binance] Lỗi không xác định trong fetch_ohlcv: too many values to unpack (expected 2)
2025-05-09 14:44:07,036 - trading_system.exchange.binance_connector - INFO - [generic_connector.py:682] - Đóng kết nối với binance
2025-05-09 14:52:35,544 - trading_system.exchange.binance_connector - INFO - [generic_connector.py:109] - Sử dụng API credentials từ biến môi trường cho binance
2025-05-09 14:52:37,431 - trading_system.exchange.binance_connector - INFO - [binance_connector.py:143] - Đã tải thành công 3650 thị trường
2025-05-09 14:52:37,432 - trading_system.exchange.binance_connector - INFO - [generic_connector.py:90] - Đã khởi tạo kết nối binance mainnet
2025-05-09 14:52:37,435 - trading_system.exchange.binance_connector - INFO - [binance_connector.py:54] - Đã khởi tạo kết nối Binance Spot
2025-05-09 14:52:37,436 - trading_system.exchange.binance_connector - INFO - [binance_connector.py:241] - Đã sử dụng thông tin 3650 thị trường từ cache
2025-05-09 14:52:37,437 - trading_system.exchange.binance_connector - INFO - [generic_connector.py:671] - Đã khởi tạo thành công connector binance
2025-05-09 14:52:37,444 - trading_system.exchange.binance_connector - INFO - [binance_connector.py:625] - Bắt đầu lấy dữ liệu lịch sử cho BTC/USDT,ETH/USDT từ 2024-01-01 00:00:00
2025-05-09 14:52:37,446 - trading_system.exchange.binance_connector - WARNING - [generic_connector.py:267] - Lỗi khi gọi fetch_ohlcv, thử lại sau 1.0s (lần thử 1/5). Lỗi: too many values to unpack (expected 2)
2025-05-09 14:52:38,449 - trading_system.exchange.binance_connector - WARNING - [generic_connector.py:267] - Lỗi khi gọi fetch_ohlcv, thử lại sau 2.0s (lần thử 2/5). Lỗi: too many values to unpack (expected 2)
2025-05-09 14:52:40,454 - trading_system.exchange.binance_connector - WARNING - [generic_connector.py:267] - Lỗi khi gọi fetch_ohlcv, thử lại sau 4.0s (lần thử 3/5). Lỗi: too many values to unpack (expected 2)
2025-05-09 14:52:44,458 - trading_system.exchange.binance_connector - WARNING - [generic_connector.py:267] - Lỗi khi gọi fetch_ohlcv, thử lại sau 8.0s (lần thử 4/5). Lỗi: too many values to unpack (expected 2)
2025-05-09 14:52:45,309 - trading_system.exchange.binance_connector - INFO - [generic_connector.py:682] - Đóng kết nối với binance
