2025-05-05 11:34:16,431 - trading_system.trading_system - ERROR - [trading_system.py:635] - Lỗi khi huấn luyện agent: 'PPOAgent' object has no attribute 'kwargs'
Traceback (most recent call last):
  File "E:\AI_AGENT\automated-trading-system\trading_system.py", line 587, in train_agent
    agent = PPOAgent(**agent_kwargs)
            ^^^^^^^^^^^^^^^^^^^^^^^^
  File "E:\AI_AGENT\automated-trading-system\models\agents\ppo_agent.py", line 136, in __init__
    self._build_networks()
  File "E:\AI_AGENT\automated-trading-system\models\agents\ppo_agent.py", line 156, in _build_networks
    network_type=self.kwargs.get('network_type', 'mlp'),
                 ^^^^^^^^^^^
AttributeError: 'PPOAgent' object has no attribute 'kwargs'
2025-05-05 11:34:16,436 - trading_system.train_command - ERROR - [train_commands.py:279] - Huấn luyện thất bại
2025-05-05 11:38:01,693 - trading_system.trading_system - ERROR - [trading_system.py:635] - Lỗi khi huấn luyện agent: {{function_node __wrapped__GatherNd_device_/job:localhost/replica:0/task:0/device:CPU:0}} indices[0] = [0, 6] does not index into param shape [1,1,17], node name: GatherNd [Op:GatherNd] name: 
Traceback (most recent call last):
  File "E:\AI_AGENT\automated-trading-system\trading_system.py", line 618, in train_agent
    training_history = trainer.train()
                       ^^^^^^^^^^^^^^^
  File "E:\AI_AGENT\automated-trading-system\models\training_pipeline\trainer.py", line 242, in train
    episode_reward, episode_length, episode_losses = self._train_episode(max_steps, render_frequency)
                                                     ^^^^^^^^^^^^^^^^^^^^^^^^^^^^^^^^^^^^^^^^^^^^^^^^
  File "E:\AI_AGENT\automated-trading-system\models\training_pipeline\trainer.py", line 378, in _train_episode
    loss_info = self.agent.learn()
                ^^^^^^^^^^^^^^^^^^
  File "E:\AI_AGENT\automated-trading-system\models\agents\ppo_agent.py", line 389, in learn
    return self.train()
           ^^^^^^^^^^^^
  File "E:\AI_AGENT\automated-trading-system\models\agents\ppo_agent.py", line 475, in train
    batch_info = self.network.train_on_batch(
                 ^^^^^^^^^^^^^^^^^^^^^^^^^^^^
  File "E:\AI_AGENT\automated-trading-system\models\networks\shared_network.py", line 541, in train_on_batch
    policy_loss, value_loss, entropy_loss, total_loss, info = self._compute_loss(
                                                              ^^^^^^^^^^^^^^^^^^^
  File "E:\AI_AGENT\automated-trading-system\models\networks\shared_network.py", line 610, in _compute_loss
    old_selected_probs = tf.gather_nd(old_action_probs, indices)
                         ^^^^^^^^^^^^^^^^^^^^^^^^^^^^^^^^^^^^^^^
  File "C:\Users\MAY10\AppData\Local\Programs\Python\Python311\Lib\site-packages\tensorflow\python\util\traceback_utils.py", line 153, in error_handler
    raise e.with_traceback(filtered_tb) from None
  File "C:\Users\MAY10\AppData\Local\Programs\Python\Python311\Lib\site-packages\tensorflow\python\framework\ops.py", line 6006, in raise_from_not_ok_status
    raise core._status_to_exception(e) from None  # pylint: disable=protected-access
    ^^^^^^^^^^^^^^^^^^^^^^^^^^^^^^^^^^^^^^^^^^^^
tensorflow.python.framework.errors_impl.InvalidArgumentError: {{function_node __wrapped__GatherNd_device_/job:localhost/replica:0/task:0/device:CPU:0}} indices[0] = [0, 6] does not index into param shape [1,1,17], node name: GatherNd [Op:GatherNd] name: 
2025-05-05 11:38:01,704 - trading_system.train_command - ERROR - [train_commands.py:279] - Huấn luyện thất bại
2025-05-05 11:45:12,755 - trading_system.agent - ERROR - [ppo_agent.py:604] - Lỗi trong phương thức train: {{function_node __wrapped__Pack_N_2_device_/job:localhost/replica:0/task:0/device:CPU:0}} Shapes of all inputs must match: values[0].shape = [1] != values[1].shape = [1,1] [Op:Pack] name: stack
2025-05-05 11:45:13,250 - trading_system.agent - ERROR - [ppo_agent.py:604] - Lỗi trong phương thức train: {{function_node __wrapped__Pack_N_2_device_/job:localhost/replica:0/task:0/device:CPU:0}} Shapes of all inputs must match: values[0].shape = [1] != values[1].shape = [1,1] [Op:Pack] name: stack
2025-05-05 11:45:13,786 - trading_system.agent - ERROR - [ppo_agent.py:604] - Lỗi trong phương thức train: {{function_node __wrapped__Pack_N_2_device_/job:localhost/replica:0/task:0/device:CPU:0}} Shapes of all inputs must match: values[0].shape = [1] != values[1].shape = [1,1] [Op:Pack] name: stack
2025-05-05 11:45:14,343 - trading_system.agent - ERROR - [ppo_agent.py:604] - Lỗi trong phương thức train: {{function_node __wrapped__Pack_N_2_device_/job:localhost/replica:0/task:0/device:CPU:0}} Shapes of all inputs must match: values[0].shape = [1] != values[1].shape = [1,1] [Op:Pack] name: stack
2025-05-05 11:45:14,888 - trading_system.agent - ERROR - [ppo_agent.py:604] - Lỗi trong phương thức train: {{function_node __wrapped__Pack_N_2_device_/job:localhost/replica:0/task:0/device:CPU:0}} Shapes of all inputs must match: values[0].shape = [1] != values[1].shape = [1,1] [Op:Pack] name: stack
2025-05-05 11:45:15,446 - trading_system.agent - ERROR - [ppo_agent.py:604] - Lỗi trong phương thức train: {{function_node __wrapped__Pack_N_2_device_/job:localhost/replica:0/task:0/device:CPU:0}} Shapes of all inputs must match: values[0].shape = [1] != values[1].shape = [1,1] [Op:Pack] name: stack
2025-05-05 11:45:15,951 - trading_system.agent - ERROR - [ppo_agent.py:604] - Lỗi trong phương thức train: {{function_node __wrapped__Pack_N_2_device_/job:localhost/replica:0/task:0/device:CPU:0}} Shapes of all inputs must match: values[0].shape = [1] != values[1].shape = [1,1] [Op:Pack] name: stack
2025-05-05 11:45:16,459 - trading_system.agent - ERROR - [ppo_agent.py:604] - Lỗi trong phương thức train: {{function_node __wrapped__Pack_N_2_device_/job:localhost/replica:0/task:0/device:CPU:0}} Shapes of all inputs must match: values[0].shape = [1] != values[1].shape = [1,1] [Op:Pack] name: stack
2025-05-05 11:45:16,988 - trading_system.agent - ERROR - [ppo_agent.py:604] - Lỗi trong phương thức train: {{function_node __wrapped__Pack_N_2_device_/job:localhost/replica:0/task:0/device:CPU:0}} Shapes of all inputs must match: values[0].shape = [1] != values[1].shape = [1,1] [Op:Pack] name: stack
2025-05-05 11:45:17,523 - trading_system.agent - ERROR - [ppo_agent.py:604] - Lỗi trong phương thức train: {{function_node __wrapped__Pack_N_2_device_/job:localhost/replica:0/task:0/device:CPU:0}} Shapes of all inputs must match: values[0].shape = [1] != values[1].shape = [1,1] [Op:Pack] name: stack
2025-05-05 11:45:18,032 - trading_system.agent - ERROR - [ppo_agent.py:604] - Lỗi trong phương thức train: {{function_node __wrapped__Pack_N_2_device_/job:localhost/replica:0/task:0/device:CPU:0}} Shapes of all inputs must match: values[0].shape = [1] != values[1].shape = [1,1] [Op:Pack] name: stack
2025-05-05 11:45:18,542 - trading_system.agent - ERROR - [ppo_agent.py:604] - Lỗi trong phương thức train: {{function_node __wrapped__Pack_N_2_device_/job:localhost/replica:0/task:0/device:CPU:0}} Shapes of all inputs must match: values[0].shape = [1] != values[1].shape = [1,1] [Op:Pack] name: stack
2025-05-05 11:45:19,041 - trading_system.agent - ERROR - [ppo_agent.py:604] - Lỗi trong phương thức train: {{function_node __wrapped__Pack_N_2_device_/job:localhost/replica:0/task:0/device:CPU:0}} Shapes of all inputs must match: values[0].shape = [1] != values[1].shape = [1,1] [Op:Pack] name: stack
2025-05-05 11:45:19,525 - trading_system.agent - ERROR - [ppo_agent.py:604] - Lỗi trong phương thức train: {{function_node __wrapped__Pack_N_2_device_/job:localhost/replica:0/task:0/device:CPU:0}} Shapes of all inputs must match: values[0].shape = [1] != values[1].shape = [1,1] [Op:Pack] name: stack
2025-05-05 11:45:20,037 - trading_system.agent - ERROR - [ppo_agent.py:604] - Lỗi trong phương thức train: {{function_node __wrapped__Pack_N_2_device_/job:localhost/replica:0/task:0/device:CPU:0}} Shapes of all inputs must match: values[0].shape = [1] != values[1].shape = [1,1] [Op:Pack] name: stack
2025-05-05 11:45:20,531 - trading_system.agent - ERROR - [ppo_agent.py:604] - Lỗi trong phương thức train: {{function_node __wrapped__Pack_N_2_device_/job:localhost/replica:0/task:0/device:CPU:0}} Shapes of all inputs must match: values[0].shape = [1] != values[1].shape = [1,1] [Op:Pack] name: stack
2025-05-05 11:45:21,017 - trading_system.agent - ERROR - [ppo_agent.py:604] - Lỗi trong phương thức train: {{function_node __wrapped__Pack_N_2_device_/job:localhost/replica:0/task:0/device:CPU:0}} Shapes of all inputs must match: values[0].shape = [1] != values[1].shape = [1,1] [Op:Pack] name: stack
2025-05-05 11:45:21,543 - trading_system.agent - ERROR - [ppo_agent.py:604] - Lỗi trong phương thức train: {{function_node __wrapped__Pack_N_2_device_/job:localhost/replica:0/task:0/device:CPU:0}} Shapes of all inputs must match: values[0].shape = [1] != values[1].shape = [1,1] [Op:Pack] name: stack
2025-05-05 11:45:22,043 - trading_system.agent - ERROR - [ppo_agent.py:604] - Lỗi trong phương thức train: {{function_node __wrapped__Pack_N_2_device_/job:localhost/replica:0/task:0/device:CPU:0}} Shapes of all inputs must match: values[0].shape = [1] != values[1].shape = [1,1] [Op:Pack] name: stack
2025-05-05 11:45:22,530 - trading_system.agent - ERROR - [ppo_agent.py:604] - Lỗi trong phương thức train: {{function_node __wrapped__Pack_N_2_device_/job:localhost/replica:0/task:0/device:CPU:0}} Shapes of all inputs must match: values[0].shape = [1] != values[1].shape = [1,1] [Op:Pack] name: stack
2025-05-05 11:45:23,070 - trading_system.agent - ERROR - [ppo_agent.py:604] - Lỗi trong phương thức train: {{function_node __wrapped__Pack_N_2_device_/job:localhost/replica:0/task:0/device:CPU:0}} Shapes of all inputs must match: values[0].shape = [1] != values[1].shape = [1,1] [Op:Pack] name: stack
2025-05-05 11:45:23,609 - trading_system.agent - ERROR - [ppo_agent.py:604] - Lỗi trong phương thức train: {{function_node __wrapped__Pack_N_2_device_/job:localhost/replica:0/task:0/device:CPU:0}} Shapes of all inputs must match: values[0].shape = [1] != values[1].shape = [1,1] [Op:Pack] name: stack
2025-05-05 11:45:24,133 - trading_system.agent - ERROR - [ppo_agent.py:604] - Lỗi trong phương thức train: {{function_node __wrapped__Pack_N_2_device_/job:localhost/replica:0/task:0/device:CPU:0}} Shapes of all inputs must match: values[0].shape = [1] != values[1].shape = [1,1] [Op:Pack] name: stack
2025-05-05 11:45:24,650 - trading_system.agent - ERROR - [ppo_agent.py:604] - Lỗi trong phương thức train: {{function_node __wrapped__Pack_N_2_device_/job:localhost/replica:0/task:0/device:CPU:0}} Shapes of all inputs must match: values[0].shape = [1] != values[1].shape = [1,1] [Op:Pack] name: stack
2025-05-05 11:45:25,169 - trading_system.agent - ERROR - [ppo_agent.py:604] - Lỗi trong phương thức train: {{function_node __wrapped__Pack_N_2_device_/job:localhost/replica:0/task:0/device:CPU:0}} Shapes of all inputs must match: values[0].shape = [1] != values[1].shape = [1,1] [Op:Pack] name: stack
2025-05-05 11:45:25,685 - trading_system.agent - ERROR - [ppo_agent.py:604] - Lỗi trong phương thức train: {{function_node __wrapped__Pack_N_2_device_/job:localhost/replica:0/task:0/device:CPU:0}} Shapes of all inputs must match: values[0].shape = [1] != values[1].shape = [1,1] [Op:Pack] name: stack
2025-05-05 11:45:26,205 - trading_system.agent - ERROR - [ppo_agent.py:604] - Lỗi trong phương thức train: {{function_node __wrapped__Pack_N_2_device_/job:localhost/replica:0/task:0/device:CPU:0}} Shapes of all inputs must match: values[0].shape = [1] != values[1].shape = [1,1] [Op:Pack] name: stack
2025-05-05 11:45:26,724 - trading_system.agent - ERROR - [ppo_agent.py:604] - Lỗi trong phương thức train: {{function_node __wrapped__Pack_N_2_device_/job:localhost/replica:0/task:0/device:CPU:0}} Shapes of all inputs must match: values[0].shape = [1] != values[1].shape = [1,1] [Op:Pack] name: stack
2025-05-05 11:45:27,246 - trading_system.agent - ERROR - [ppo_agent.py:604] - Lỗi trong phương thức train: {{function_node __wrapped__Pack_N_2_device_/job:localhost/replica:0/task:0/device:CPU:0}} Shapes of all inputs must match: values[0].shape = [1] != values[1].shape = [1,1] [Op:Pack] name: stack
2025-05-05 11:45:27,748 - trading_system.agent - ERROR - [ppo_agent.py:604] - Lỗi trong phương thức train: {{function_node __wrapped__Pack_N_2_device_/job:localhost/replica:0/task:0/device:CPU:0}} Shapes of all inputs must match: values[0].shape = [1] != values[1].shape = [1,1] [Op:Pack] name: stack
2025-05-05 11:45:28,258 - trading_system.agent - ERROR - [ppo_agent.py:604] - Lỗi trong phương thức train: {{function_node __wrapped__Pack_N_2_device_/job:localhost/replica:0/task:0/device:CPU:0}} Shapes of all inputs must match: values[0].shape = [1] != values[1].shape = [1,1] [Op:Pack] name: stack
2025-05-05 11:45:28,769 - trading_system.agent - ERROR - [ppo_agent.py:604] - Lỗi trong phương thức train: {{function_node __wrapped__Pack_N_2_device_/job:localhost/replica:0/task:0/device:CPU:0}} Shapes of all inputs must match: values[0].shape = [1] != values[1].shape = [1,1] [Op:Pack] name: stack
2025-05-05 11:45:29,311 - trading_system.agent - ERROR - [ppo_agent.py:604] - Lỗi trong phương thức train: {{function_node __wrapped__Pack_N_2_device_/job:localhost/replica:0/task:0/device:CPU:0}} Shapes of all inputs must match: values[0].shape = [1] != values[1].shape = [1,1] [Op:Pack] name: stack
2025-05-05 11:45:29,826 - trading_system.agent - ERROR - [ppo_agent.py:604] - Lỗi trong phương thức train: {{function_node __wrapped__Pack_N_2_device_/job:localhost/replica:0/task:0/device:CPU:0}} Shapes of all inputs must match: values[0].shape = [1] != values[1].shape = [1,1] [Op:Pack] name: stack
2025-05-05 11:45:30,345 - trading_system.agent - ERROR - [ppo_agent.py:604] - Lỗi trong phương thức train: {{function_node __wrapped__Pack_N_2_device_/job:localhost/replica:0/task:0/device:CPU:0}} Shapes of all inputs must match: values[0].shape = [1] != values[1].shape = [1,1] [Op:Pack] name: stack
2025-05-05 11:45:30,854 - trading_system.agent - ERROR - [ppo_agent.py:604] - Lỗi trong phương thức train: {{function_node __wrapped__Pack_N_2_device_/job:localhost/replica:0/task:0/device:CPU:0}} Shapes of all inputs must match: values[0].shape = [1] != values[1].shape = [1,1] [Op:Pack] name: stack
2025-05-05 11:45:31,406 - trading_system.agent - ERROR - [ppo_agent.py:604] - Lỗi trong phương thức train: {{function_node __wrapped__Pack_N_2_device_/job:localhost/replica:0/task:0/device:CPU:0}} Shapes of all inputs must match: values[0].shape = [1] != values[1].shape = [1,1] [Op:Pack] name: stack
2025-05-05 11:45:31,930 - trading_system.agent - ERROR - [ppo_agent.py:604] - Lỗi trong phương thức train: {{function_node __wrapped__Pack_N_2_device_/job:localhost/replica:0/task:0/device:CPU:0}} Shapes of all inputs must match: values[0].shape = [1] != values[1].shape = [1,1] [Op:Pack] name: stack
2025-05-05 11:45:32,436 - trading_system.agent - ERROR - [ppo_agent.py:604] - Lỗi trong phương thức train: {{function_node __wrapped__Pack_N_2_device_/job:localhost/replica:0/task:0/device:CPU:0}} Shapes of all inputs must match: values[0].shape = [1] != values[1].shape = [1,1] [Op:Pack] name: stack
2025-05-05 11:45:32,923 - trading_system.agent - ERROR - [ppo_agent.py:604] - Lỗi trong phương thức train: {{function_node __wrapped__Pack_N_2_device_/job:localhost/replica:0/task:0/device:CPU:0}} Shapes of all inputs must match: values[0].shape = [1] != values[1].shape = [1,1] [Op:Pack] name: stack
2025-05-05 11:45:33,439 - trading_system.agent - ERROR - [ppo_agent.py:604] - Lỗi trong phương thức train: {{function_node __wrapped__Pack_N_2_device_/job:localhost/replica:0/task:0/device:CPU:0}} Shapes of all inputs must match: values[0].shape = [1] != values[1].shape = [1,1] [Op:Pack] name: stack
2025-05-05 11:45:33,906 - trading_system.agent - ERROR - [ppo_agent.py:604] - Lỗi trong phương thức train: {{function_node __wrapped__Pack_N_2_device_/job:localhost/replica:0/task:0/device:CPU:0}} Shapes of all inputs must match: values[0].shape = [1] != values[1].shape = [1,1] [Op:Pack] name: stack
2025-05-05 11:45:34,410 - trading_system.agent - ERROR - [ppo_agent.py:604] - Lỗi trong phương thức train: {{function_node __wrapped__Pack_N_2_device_/job:localhost/replica:0/task:0/device:CPU:0}} Shapes of all inputs must match: values[0].shape = [1] != values[1].shape = [1,1] [Op:Pack] name: stack
2025-05-05 11:45:34,906 - trading_system.agent - ERROR - [ppo_agent.py:604] - Lỗi trong phương thức train: {{function_node __wrapped__Pack_N_2_device_/job:localhost/replica:0/task:0/device:CPU:0}} Shapes of all inputs must match: values[0].shape = [1] != values[1].shape = [1,1] [Op:Pack] name: stack
2025-05-05 11:45:35,405 - trading_system.agent - ERROR - [ppo_agent.py:604] - Lỗi trong phương thức train: {{function_node __wrapped__Pack_N_2_device_/job:localhost/replica:0/task:0/device:CPU:0}} Shapes of all inputs must match: values[0].shape = [1] != values[1].shape = [1,1] [Op:Pack] name: stack
2025-05-05 11:45:35,900 - trading_system.agent - ERROR - [ppo_agent.py:604] - Lỗi trong phương thức train: {{function_node __wrapped__Pack_N_2_device_/job:localhost/replica:0/task:0/device:CPU:0}} Shapes of all inputs must match: values[0].shape = [1] != values[1].shape = [1,1] [Op:Pack] name: stack
2025-05-05 11:45:36,393 - trading_system.agent - ERROR - [ppo_agent.py:604] - Lỗi trong phương thức train: {{function_node __wrapped__Pack_N_2_device_/job:localhost/replica:0/task:0/device:CPU:0}} Shapes of all inputs must match: values[0].shape = [1] != values[1].shape = [1,1] [Op:Pack] name: stack
2025-05-05 11:45:36,900 - trading_system.agent - ERROR - [ppo_agent.py:604] - Lỗi trong phương thức train: {{function_node __wrapped__Pack_N_2_device_/job:localhost/replica:0/task:0/device:CPU:0}} Shapes of all inputs must match: values[0].shape = [1] != values[1].shape = [1,1] [Op:Pack] name: stack
2025-05-05 11:45:37,386 - trading_system.agent - ERROR - [ppo_agent.py:604] - Lỗi trong phương thức train: {{function_node __wrapped__Pack_N_2_device_/job:localhost/replica:0/task:0/device:CPU:0}} Shapes of all inputs must match: values[0].shape = [1] != values[1].shape = [1,1] [Op:Pack] name: stack
2025-05-05 11:45:37,854 - trading_system.agent - ERROR - [ppo_agent.py:604] - Lỗi trong phương thức train: {{function_node __wrapped__Pack_N_2_device_/job:localhost/replica:0/task:0/device:CPU:0}} Shapes of all inputs must match: values[0].shape = [1] != values[1].shape = [1,1] [Op:Pack] name: stack
2025-05-05 11:45:38,376 - trading_system.agent - ERROR - [ppo_agent.py:604] - Lỗi trong phương thức train: {{function_node __wrapped__Pack_N_2_device_/job:localhost/replica:0/task:0/device:CPU:0}} Shapes of all inputs must match: values[0].shape = [1] != values[1].shape = [1,1] [Op:Pack] name: stack
2025-05-05 11:45:38,909 - trading_system.agent - ERROR - [ppo_agent.py:604] - Lỗi trong phương thức train: {{function_node __wrapped__Pack_N_2_device_/job:localhost/replica:0/task:0/device:CPU:0}} Shapes of all inputs must match: values[0].shape = [1] != values[1].shape = [1,1] [Op:Pack] name: stack
2025-05-05 11:45:39,413 - trading_system.agent - ERROR - [ppo_agent.py:604] - Lỗi trong phương thức train: {{function_node __wrapped__Pack_N_2_device_/job:localhost/replica:0/task:0/device:CPU:0}} Shapes of all inputs must match: values[0].shape = [1] != values[1].shape = [1,1] [Op:Pack] name: stack
2025-05-05 11:45:39,928 - trading_system.agent - ERROR - [ppo_agent.py:604] - Lỗi trong phương thức train: {{function_node __wrapped__Pack_N_2_device_/job:localhost/replica:0/task:0/device:CPU:0}} Shapes of all inputs must match: values[0].shape = [1] != values[1].shape = [1,1] [Op:Pack] name: stack
2025-05-05 11:45:40,444 - trading_system.agent - ERROR - [ppo_agent.py:604] - Lỗi trong phương thức train: {{function_node __wrapped__Pack_N_2_device_/job:localhost/replica:0/task:0/device:CPU:0}} Shapes of all inputs must match: values[0].shape = [1] != values[1].shape = [1,1] [Op:Pack] name: stack
2025-05-05 11:45:40,979 - trading_system.agent - ERROR - [ppo_agent.py:604] - Lỗi trong phương thức train: {{function_node __wrapped__Pack_N_2_device_/job:localhost/replica:0/task:0/device:CPU:0}} Shapes of all inputs must match: values[0].shape = [1] != values[1].shape = [1,1] [Op:Pack] name: stack
2025-05-05 11:45:41,488 - trading_system.agent - ERROR - [ppo_agent.py:604] - Lỗi trong phương thức train: {{function_node __wrapped__Pack_N_2_device_/job:localhost/replica:0/task:0/device:CPU:0}} Shapes of all inputs must match: values[0].shape = [1] != values[1].shape = [1,1] [Op:Pack] name: stack
2025-05-05 11:45:41,994 - trading_system.agent - ERROR - [ppo_agent.py:604] - Lỗi trong phương thức train: {{function_node __wrapped__Pack_N_2_device_/job:localhost/replica:0/task:0/device:CPU:0}} Shapes of all inputs must match: values[0].shape = [1] != values[1].shape = [1,1] [Op:Pack] name: stack
2025-05-05 11:45:42,510 - trading_system.agent - ERROR - [ppo_agent.py:604] - Lỗi trong phương thức train: {{function_node __wrapped__Pack_N_2_device_/job:localhost/replica:0/task:0/device:CPU:0}} Shapes of all inputs must match: values[0].shape = [1] != values[1].shape = [1,1] [Op:Pack] name: stack
2025-05-05 11:45:43,023 - trading_system.agent - ERROR - [ppo_agent.py:604] - Lỗi trong phương thức train: {{function_node __wrapped__Pack_N_2_device_/job:localhost/replica:0/task:0/device:CPU:0}} Shapes of all inputs must match: values[0].shape = [1] != values[1].shape = [1,1] [Op:Pack] name: stack
2025-05-05 11:45:43,508 - trading_system.agent - ERROR - [ppo_agent.py:604] - Lỗi trong phương thức train: {{function_node __wrapped__Pack_N_2_device_/job:localhost/replica:0/task:0/device:CPU:0}} Shapes of all inputs must match: values[0].shape = [1] != values[1].shape = [1,1] [Op:Pack] name: stack
2025-05-05 11:45:44,045 - trading_system.agent - ERROR - [ppo_agent.py:604] - Lỗi trong phương thức train: {{function_node __wrapped__Pack_N_2_device_/job:localhost/replica:0/task:0/device:CPU:0}} Shapes of all inputs must match: values[0].shape = [1] != values[1].shape = [1,1] [Op:Pack] name: stack
2025-05-05 11:45:44,551 - trading_system.agent - ERROR - [ppo_agent.py:604] - Lỗi trong phương thức train: {{function_node __wrapped__Pack_N_2_device_/job:localhost/replica:0/task:0/device:CPU:0}} Shapes of all inputs must match: values[0].shape = [1] != values[1].shape = [1,1] [Op:Pack] name: stack
2025-05-05 11:45:45,101 - trading_system.agent - ERROR - [ppo_agent.py:604] - Lỗi trong phương thức train: {{function_node __wrapped__Pack_N_2_device_/job:localhost/replica:0/task:0/device:CPU:0}} Shapes of all inputs must match: values[0].shape = [1] != values[1].shape = [1,1] [Op:Pack] name: stack
2025-05-05 11:45:45,637 - trading_system.agent - ERROR - [ppo_agent.py:604] - Lỗi trong phương thức train: {{function_node __wrapped__Pack_N_2_device_/job:localhost/replica:0/task:0/device:CPU:0}} Shapes of all inputs must match: values[0].shape = [1] != values[1].shape = [1,1] [Op:Pack] name: stack
2025-05-05 11:45:46,146 - trading_system.agent - ERROR - [ppo_agent.py:604] - Lỗi trong phương thức train: {{function_node __wrapped__Pack_N_2_device_/job:localhost/replica:0/task:0/device:CPU:0}} Shapes of all inputs must match: values[0].shape = [1] != values[1].shape = [1,1] [Op:Pack] name: stack
2025-05-05 11:45:46,661 - trading_system.agent - ERROR - [ppo_agent.py:604] - Lỗi trong phương thức train: {{function_node __wrapped__Pack_N_2_device_/job:localhost/replica:0/task:0/device:CPU:0}} Shapes of all inputs must match: values[0].shape = [1] != values[1].shape = [1,1] [Op:Pack] name: stack
2025-05-05 11:45:47,184 - trading_system.agent - ERROR - [ppo_agent.py:604] - Lỗi trong phương thức train: {{function_node __wrapped__Pack_N_2_device_/job:localhost/replica:0/task:0/device:CPU:0}} Shapes of all inputs must match: values[0].shape = [1] != values[1].shape = [1,1] [Op:Pack] name: stack
2025-05-05 11:45:47,698 - trading_system.agent - ERROR - [ppo_agent.py:604] - Lỗi trong phương thức train: {{function_node __wrapped__Pack_N_2_device_/job:localhost/replica:0/task:0/device:CPU:0}} Shapes of all inputs must match: values[0].shape = [1] != values[1].shape = [1,1] [Op:Pack] name: stack
2025-05-05 11:45:48,237 - trading_system.agent - ERROR - [ppo_agent.py:604] - Lỗi trong phương thức train: {{function_node __wrapped__Pack_N_2_device_/job:localhost/replica:0/task:0/device:CPU:0}} Shapes of all inputs must match: values[0].shape = [1] != values[1].shape = [1,1] [Op:Pack] name: stack
2025-05-05 11:45:48,743 - trading_system.agent - ERROR - [ppo_agent.py:604] - Lỗi trong phương thức train: {{function_node __wrapped__Pack_N_2_device_/job:localhost/replica:0/task:0/device:CPU:0}} Shapes of all inputs must match: values[0].shape = [1] != values[1].shape = [1,1] [Op:Pack] name: stack
2025-05-05 11:45:49,273 - trading_system.agent - ERROR - [ppo_agent.py:604] - Lỗi trong phương thức train: {{function_node __wrapped__Pack_N_2_device_/job:localhost/replica:0/task:0/device:CPU:0}} Shapes of all inputs must match: values[0].shape = [1] != values[1].shape = [1,1] [Op:Pack] name: stack
2025-05-05 11:45:49,823 - trading_system.agent - ERROR - [ppo_agent.py:604] - Lỗi trong phương thức train: {{function_node __wrapped__Pack_N_2_device_/job:localhost/replica:0/task:0/device:CPU:0}} Shapes of all inputs must match: values[0].shape = [1] != values[1].shape = [1,1] [Op:Pack] name: stack
2025-05-05 11:45:50,334 - trading_system.agent - ERROR - [ppo_agent.py:604] - Lỗi trong phương thức train: {{function_node __wrapped__Pack_N_2_device_/job:localhost/replica:0/task:0/device:CPU:0}} Shapes of all inputs must match: values[0].shape = [1] != values[1].shape = [1,1] [Op:Pack] name: stack
2025-05-05 11:45:50,845 - trading_system.agent - ERROR - [ppo_agent.py:604] - Lỗi trong phương thức train: {{function_node __wrapped__Pack_N_2_device_/job:localhost/replica:0/task:0/device:CPU:0}} Shapes of all inputs must match: values[0].shape = [1] != values[1].shape = [1,1] [Op:Pack] name: stack
2025-05-05 11:45:51,388 - trading_system.agent - ERROR - [ppo_agent.py:604] - Lỗi trong phương thức train: {{function_node __wrapped__Pack_N_2_device_/job:localhost/replica:0/task:0/device:CPU:0}} Shapes of all inputs must match: values[0].shape = [1] != values[1].shape = [1,1] [Op:Pack] name: stack
2025-05-05 11:45:51,902 - trading_system.agent - ERROR - [ppo_agent.py:604] - Lỗi trong phương thức train: {{function_node __wrapped__Pack_N_2_device_/job:localhost/replica:0/task:0/device:CPU:0}} Shapes of all inputs must match: values[0].shape = [1] != values[1].shape = [1,1] [Op:Pack] name: stack
2025-05-05 11:45:52,372 - trading_system.agent - ERROR - [ppo_agent.py:604] - Lỗi trong phương thức train: {{function_node __wrapped__Pack_N_2_device_/job:localhost/replica:0/task:0/device:CPU:0}} Shapes of all inputs must match: values[0].shape = [1] != values[1].shape = [1,1] [Op:Pack] name: stack
2025-05-05 11:45:52,865 - trading_system.agent - ERROR - [ppo_agent.py:604] - Lỗi trong phương thức train: {{function_node __wrapped__Pack_N_2_device_/job:localhost/replica:0/task:0/device:CPU:0}} Shapes of all inputs must match: values[0].shape = [1] != values[1].shape = [1,1] [Op:Pack] name: stack
2025-05-05 11:45:53,393 - trading_system.agent - ERROR - [ppo_agent.py:604] - Lỗi trong phương thức train: {{function_node __wrapped__Pack_N_2_device_/job:localhost/replica:0/task:0/device:CPU:0}} Shapes of all inputs must match: values[0].shape = [1] != values[1].shape = [1,1] [Op:Pack] name: stack
2025-05-05 11:45:53,865 - trading_system.agent - ERROR - [ppo_agent.py:604] - Lỗi trong phương thức train: {{function_node __wrapped__Pack_N_2_device_/job:localhost/replica:0/task:0/device:CPU:0}} Shapes of all inputs must match: values[0].shape = [1] != values[1].shape = [1,1] [Op:Pack] name: stack
2025-05-05 11:45:54,377 - trading_system.agent - ERROR - [ppo_agent.py:604] - Lỗi trong phương thức train: {{function_node __wrapped__Pack_N_2_device_/job:localhost/replica:0/task:0/device:CPU:0}} Shapes of all inputs must match: values[0].shape = [1] != values[1].shape = [1,1] [Op:Pack] name: stack
2025-05-05 11:45:54,883 - trading_system.agent - ERROR - [ppo_agent.py:604] - Lỗi trong phương thức train: {{function_node __wrapped__Pack_N_2_device_/job:localhost/replica:0/task:0/device:CPU:0}} Shapes of all inputs must match: values[0].shape = [1] != values[1].shape = [1,1] [Op:Pack] name: stack
2025-05-05 11:45:55,383 - trading_system.agent - ERROR - [ppo_agent.py:604] - Lỗi trong phương thức train: {{function_node __wrapped__Pack_N_2_device_/job:localhost/replica:0/task:0/device:CPU:0}} Shapes of all inputs must match: values[0].shape = [1] != values[1].shape = [1,1] [Op:Pack] name: stack
2025-05-05 11:45:55,902 - trading_system.agent - ERROR - [ppo_agent.py:604] - Lỗi trong phương thức train: {{function_node __wrapped__Pack_N_2_device_/job:localhost/replica:0/task:0/device:CPU:0}} Shapes of all inputs must match: values[0].shape = [1] != values[1].shape = [1,1] [Op:Pack] name: stack
2025-05-05 11:45:56,421 - trading_system.agent - ERROR - [ppo_agent.py:604] - Lỗi trong phương thức train: {{function_node __wrapped__Pack_N_2_device_/job:localhost/replica:0/task:0/device:CPU:0}} Shapes of all inputs must match: values[0].shape = [1] != values[1].shape = [1,1] [Op:Pack] name: stack
2025-05-05 11:45:56,968 - trading_system.agent - ERROR - [ppo_agent.py:604] - Lỗi trong phương thức train: {{function_node __wrapped__Pack_N_2_device_/job:localhost/replica:0/task:0/device:CPU:0}} Shapes of all inputs must match: values[0].shape = [1] != values[1].shape = [1,1] [Op:Pack] name: stack
2025-05-05 11:45:57,471 - trading_system.agent - ERROR - [ppo_agent.py:604] - Lỗi trong phương thức train: {{function_node __wrapped__Pack_N_2_device_/job:localhost/replica:0/task:0/device:CPU:0}} Shapes of all inputs must match: values[0].shape = [1] != values[1].shape = [1,1] [Op:Pack] name: stack
2025-05-05 11:45:57,962 - trading_system.agent - ERROR - [ppo_agent.py:604] - Lỗi trong phương thức train: {{function_node __wrapped__Pack_N_2_device_/job:localhost/replica:0/task:0/device:CPU:0}} Shapes of all inputs must match: values[0].shape = [1] != values[1].shape = [1,1] [Op:Pack] name: stack
2025-05-05 11:45:58,457 - trading_system.agent - ERROR - [ppo_agent.py:604] - Lỗi trong phương thức train: {{function_node __wrapped__Pack_N_2_device_/job:localhost/replica:0/task:0/device:CPU:0}} Shapes of all inputs must match: values[0].shape = [1] != values[1].shape = [1,1] [Op:Pack] name: stack
2025-05-05 11:45:58,975 - trading_system.agent - ERROR - [ppo_agent.py:604] - Lỗi trong phương thức train: {{function_node __wrapped__Pack_N_2_device_/job:localhost/replica:0/task:0/device:CPU:0}} Shapes of all inputs must match: values[0].shape = [1] != values[1].shape = [1,1] [Op:Pack] name: stack
2025-05-05 11:45:59,516 - trading_system.agent - ERROR - [ppo_agent.py:604] - Lỗi trong phương thức train: {{function_node __wrapped__Pack_N_2_device_/job:localhost/replica:0/task:0/device:CPU:0}} Shapes of all inputs must match: values[0].shape = [1] != values[1].shape = [1,1] [Op:Pack] name: stack
2025-05-05 11:46:00,025 - trading_system.agent - ERROR - [ppo_agent.py:604] - Lỗi trong phương thức train: {{function_node __wrapped__Pack_N_2_device_/job:localhost/replica:0/task:0/device:CPU:0}} Shapes of all inputs must match: values[0].shape = [1] != values[1].shape = [1,1] [Op:Pack] name: stack
2025-05-05 11:46:00,536 - trading_system.agent - ERROR - [ppo_agent.py:604] - Lỗi trong phương thức train: {{function_node __wrapped__Pack_N_2_device_/job:localhost/replica:0/task:0/device:CPU:0}} Shapes of all inputs must match: values[0].shape = [1] != values[1].shape = [1,1] [Op:Pack] name: stack
2025-05-05 11:46:01,034 - trading_system.agent - ERROR - [ppo_agent.py:604] - Lỗi trong phương thức train: {{function_node __wrapped__Pack_N_2_device_/job:localhost/replica:0/task:0/device:CPU:0}} Shapes of all inputs must match: values[0].shape = [1] != values[1].shape = [1,1] [Op:Pack] name: stack
2025-05-05 11:46:01,531 - trading_system.agent - ERROR - [ppo_agent.py:604] - Lỗi trong phương thức train: {{function_node __wrapped__Pack_N_2_device_/job:localhost/replica:0/task:0/device:CPU:0}} Shapes of all inputs must match: values[0].shape = [1] != values[1].shape = [1,1] [Op:Pack] name: stack
2025-05-05 11:46:02,042 - trading_system.agent - ERROR - [ppo_agent.py:604] - Lỗi trong phương thức train: {{function_node __wrapped__Pack_N_2_device_/job:localhost/replica:0/task:0/device:CPU:0}} Shapes of all inputs must match: values[0].shape = [1] != values[1].shape = [1,1] [Op:Pack] name: stack
2025-05-05 11:46:02,584 - trading_system.agent - ERROR - [ppo_agent.py:604] - Lỗi trong phương thức train: {{function_node __wrapped__Pack_N_2_device_/job:localhost/replica:0/task:0/device:CPU:0}} Shapes of all inputs must match: values[0].shape = [1] != values[1].shape = [1,1] [Op:Pack] name: stack
2025-05-05 11:46:03,124 - trading_system.agent - ERROR - [ppo_agent.py:604] - Lỗi trong phương thức train: {{function_node __wrapped__Pack_N_2_device_/job:localhost/replica:0/task:0/device:CPU:0}} Shapes of all inputs must match: values[0].shape = [1] != values[1].shape = [1,1] [Op:Pack] name: stack
2025-05-05 11:46:03,599 - trading_system.agent - ERROR - [ppo_agent.py:604] - Lỗi trong phương thức train: {{function_node __wrapped__Pack_N_2_device_/job:localhost/replica:0/task:0/device:CPU:0}} Shapes of all inputs must match: values[0].shape = [1] != values[1].shape = [1,1] [Op:Pack] name: stack
2025-05-05 11:46:04,110 - trading_system.agent - ERROR - [ppo_agent.py:604] - Lỗi trong phương thức train: {{function_node __wrapped__Pack_N_2_device_/job:localhost/replica:0/task:0/device:CPU:0}} Shapes of all inputs must match: values[0].shape = [1] != values[1].shape = [1,1] [Op:Pack] name: stack
2025-05-05 11:46:04,646 - trading_system.agent - ERROR - [ppo_agent.py:604] - Lỗi trong phương thức train: {{function_node __wrapped__Pack_N_2_device_/job:localhost/replica:0/task:0/device:CPU:0}} Shapes of all inputs must match: values[0].shape = [1] != values[1].shape = [1,1] [Op:Pack] name: stack
2025-05-05 11:46:05,193 - trading_system.agent - ERROR - [ppo_agent.py:604] - Lỗi trong phương thức train: {{function_node __wrapped__Pack_N_2_device_/job:localhost/replica:0/task:0/device:CPU:0}} Shapes of all inputs must match: values[0].shape = [1] != values[1].shape = [1,1] [Op:Pack] name: stack
2025-05-05 11:46:05,706 - trading_system.agent - ERROR - [ppo_agent.py:604] - Lỗi trong phương thức train: {{function_node __wrapped__Pack_N_2_device_/job:localhost/replica:0/task:0/device:CPU:0}} Shapes of all inputs must match: values[0].shape = [1] != values[1].shape = [1,1] [Op:Pack] name: stack
2025-05-05 11:46:06,212 - trading_system.agent - ERROR - [ppo_agent.py:604] - Lỗi trong phương thức train: {{function_node __wrapped__Pack_N_2_device_/job:localhost/replica:0/task:0/device:CPU:0}} Shapes of all inputs must match: values[0].shape = [1] != values[1].shape = [1,1] [Op:Pack] name: stack
2025-05-05 11:46:06,717 - trading_system.agent - ERROR - [ppo_agent.py:604] - Lỗi trong phương thức train: {{function_node __wrapped__Pack_N_2_device_/job:localhost/replica:0/task:0/device:CPU:0}} Shapes of all inputs must match: values[0].shape = [1] != values[1].shape = [1,1] [Op:Pack] name: stack
2025-05-05 11:46:07,212 - trading_system.agent - ERROR - [ppo_agent.py:604] - Lỗi trong phương thức train: {{function_node __wrapped__Pack_N_2_device_/job:localhost/replica:0/task:0/device:CPU:0}} Shapes of all inputs must match: values[0].shape = [1] != values[1].shape = [1,1] [Op:Pack] name: stack
2025-05-05 11:46:07,712 - trading_system.agent - ERROR - [ppo_agent.py:604] - Lỗi trong phương thức train: {{function_node __wrapped__Pack_N_2_device_/job:localhost/replica:0/task:0/device:CPU:0}} Shapes of all inputs must match: values[0].shape = [1] != values[1].shape = [1,1] [Op:Pack] name: stack
2025-05-05 11:46:08,217 - trading_system.agent - ERROR - [ppo_agent.py:604] - Lỗi trong phương thức train: {{function_node __wrapped__Pack_N_2_device_/job:localhost/replica:0/task:0/device:CPU:0}} Shapes of all inputs must match: values[0].shape = [1] != values[1].shape = [1,1] [Op:Pack] name: stack
2025-05-05 11:46:08,731 - trading_system.agent - ERROR - [ppo_agent.py:604] - Lỗi trong phương thức train: {{function_node __wrapped__Pack_N_2_device_/job:localhost/replica:0/task:0/device:CPU:0}} Shapes of all inputs must match: values[0].shape = [1] != values[1].shape = [1,1] [Op:Pack] name: stack
2025-05-05 11:46:09,244 - trading_system.agent - ERROR - [ppo_agent.py:604] - Lỗi trong phương thức train: {{function_node __wrapped__Pack_N_2_device_/job:localhost/replica:0/task:0/device:CPU:0}} Shapes of all inputs must match: values[0].shape = [1] != values[1].shape = [1,1] [Op:Pack] name: stack
2025-05-05 11:46:09,714 - trading_system.agent - ERROR - [ppo_agent.py:604] - Lỗi trong phương thức train: {{function_node __wrapped__Pack_N_2_device_/job:localhost/replica:0/task:0/device:CPU:0}} Shapes of all inputs must match: values[0].shape = [1] != values[1].shape = [1,1] [Op:Pack] name: stack
2025-05-05 11:46:10,230 - trading_system.agent - ERROR - [ppo_agent.py:604] - Lỗi trong phương thức train: {{function_node __wrapped__Pack_N_2_device_/job:localhost/replica:0/task:0/device:CPU:0}} Shapes of all inputs must match: values[0].shape = [1] != values[1].shape = [1,1] [Op:Pack] name: stack
2025-05-05 11:46:10,735 - trading_system.agent - ERROR - [ppo_agent.py:604] - Lỗi trong phương thức train: {{function_node __wrapped__Pack_N_2_device_/job:localhost/replica:0/task:0/device:CPU:0}} Shapes of all inputs must match: values[0].shape = [1] != values[1].shape = [1,1] [Op:Pack] name: stack
2025-05-05 11:46:11,267 - trading_system.agent - ERROR - [ppo_agent.py:604] - Lỗi trong phương thức train: {{function_node __wrapped__Pack_N_2_device_/job:localhost/replica:0/task:0/device:CPU:0}} Shapes of all inputs must match: values[0].shape = [1] != values[1].shape = [1,1] [Op:Pack] name: stack
2025-05-05 11:46:11,782 - trading_system.agent - ERROR - [ppo_agent.py:604] - Lỗi trong phương thức train: {{function_node __wrapped__Pack_N_2_device_/job:localhost/replica:0/task:0/device:CPU:0}} Shapes of all inputs must match: values[0].shape = [1] != values[1].shape = [1,1] [Op:Pack] name: stack
2025-05-05 11:46:12,322 - trading_system.agent - ERROR - [ppo_agent.py:604] - Lỗi trong phương thức train: {{function_node __wrapped__Pack_N_2_device_/job:localhost/replica:0/task:0/device:CPU:0}} Shapes of all inputs must match: values[0].shape = [1] != values[1].shape = [1,1] [Op:Pack] name: stack
2025-05-05 11:46:12,799 - trading_system.agent - ERROR - [ppo_agent.py:604] - Lỗi trong phương thức train: {{function_node __wrapped__Pack_N_2_device_/job:localhost/replica:0/task:0/device:CPU:0}} Shapes of all inputs must match: values[0].shape = [1] != values[1].shape = [1,1] [Op:Pack] name: stack
2025-05-05 11:46:13,300 - trading_system.agent - ERROR - [ppo_agent.py:604] - Lỗi trong phương thức train: {{function_node __wrapped__Pack_N_2_device_/job:localhost/replica:0/task:0/device:CPU:0}} Shapes of all inputs must match: values[0].shape = [1] != values[1].shape = [1,1] [Op:Pack] name: stack
2025-05-05 11:46:13,811 - trading_system.agent - ERROR - [ppo_agent.py:604] - Lỗi trong phương thức train: {{function_node __wrapped__Pack_N_2_device_/job:localhost/replica:0/task:0/device:CPU:0}} Shapes of all inputs must match: values[0].shape = [1] != values[1].shape = [1,1] [Op:Pack] name: stack
2025-05-05 11:46:14,356 - trading_system.agent - ERROR - [ppo_agent.py:604] - Lỗi trong phương thức train: {{function_node __wrapped__Pack_N_2_device_/job:localhost/replica:0/task:0/device:CPU:0}} Shapes of all inputs must match: values[0].shape = [1] != values[1].shape = [1,1] [Op:Pack] name: stack
2025-05-05 11:46:14,906 - trading_system.agent - ERROR - [ppo_agent.py:604] - Lỗi trong phương thức train: {{function_node __wrapped__Pack_N_2_device_/job:localhost/replica:0/task:0/device:CPU:0}} Shapes of all inputs must match: values[0].shape = [1] != values[1].shape = [1,1] [Op:Pack] name: stack
2025-05-05 11:46:15,419 - trading_system.agent - ERROR - [ppo_agent.py:604] - Lỗi trong phương thức train: {{function_node __wrapped__Pack_N_2_device_/job:localhost/replica:0/task:0/device:CPU:0}} Shapes of all inputs must match: values[0].shape = [1] != values[1].shape = [1,1] [Op:Pack] name: stack
2025-05-05 11:46:15,901 - trading_system.agent - ERROR - [ppo_agent.py:604] - Lỗi trong phương thức train: {{function_node __wrapped__Pack_N_2_device_/job:localhost/replica:0/task:0/device:CPU:0}} Shapes of all inputs must match: values[0].shape = [1] != values[1].shape = [1,1] [Op:Pack] name: stack
2025-05-05 11:46:16,405 - trading_system.agent - ERROR - [ppo_agent.py:604] - Lỗi trong phương thức train: {{function_node __wrapped__Pack_N_2_device_/job:localhost/replica:0/task:0/device:CPU:0}} Shapes of all inputs must match: values[0].shape = [1] != values[1].shape = [1,1] [Op:Pack] name: stack
2025-05-05 11:46:16,934 - trading_system.agent - ERROR - [ppo_agent.py:604] - Lỗi trong phương thức train: {{function_node __wrapped__Pack_N_2_device_/job:localhost/replica:0/task:0/device:CPU:0}} Shapes of all inputs must match: values[0].shape = [1] != values[1].shape = [1,1] [Op:Pack] name: stack
2025-05-05 11:46:17,439 - trading_system.agent - ERROR - [ppo_agent.py:604] - Lỗi trong phương thức train: {{function_node __wrapped__Pack_N_2_device_/job:localhost/replica:0/task:0/device:CPU:0}} Shapes of all inputs must match: values[0].shape = [1] != values[1].shape = [1,1] [Op:Pack] name: stack
2025-05-05 11:46:17,950 - trading_system.agent - ERROR - [ppo_agent.py:604] - Lỗi trong phương thức train: {{function_node __wrapped__Pack_N_2_device_/job:localhost/replica:0/task:0/device:CPU:0}} Shapes of all inputs must match: values[0].shape = [1] != values[1].shape = [1,1] [Op:Pack] name: stack
2025-05-05 11:46:18,456 - trading_system.agent - ERROR - [ppo_agent.py:604] - Lỗi trong phương thức train: {{function_node __wrapped__Pack_N_2_device_/job:localhost/replica:0/task:0/device:CPU:0}} Shapes of all inputs must match: values[0].shape = [1] != values[1].shape = [1,1] [Op:Pack] name: stack
2025-05-05 11:46:18,953 - trading_system.agent - ERROR - [ppo_agent.py:604] - Lỗi trong phương thức train: {{function_node __wrapped__Pack_N_2_device_/job:localhost/replica:0/task:0/device:CPU:0}} Shapes of all inputs must match: values[0].shape = [1] != values[1].shape = [1,1] [Op:Pack] name: stack
2025-05-05 11:46:19,442 - trading_system.agent - ERROR - [ppo_agent.py:604] - Lỗi trong phương thức train: {{function_node __wrapped__Pack_N_2_device_/job:localhost/replica:0/task:0/device:CPU:0}} Shapes of all inputs must match: values[0].shape = [1] != values[1].shape = [1,1] [Op:Pack] name: stack
2025-05-05 11:46:19,945 - trading_system.agent - ERROR - [ppo_agent.py:604] - Lỗi trong phương thức train: {{function_node __wrapped__Pack_N_2_device_/job:localhost/replica:0/task:0/device:CPU:0}} Shapes of all inputs must match: values[0].shape = [1] != values[1].shape = [1,1] [Op:Pack] name: stack
2025-05-05 11:46:20,464 - trading_system.agent - ERROR - [ppo_agent.py:604] - Lỗi trong phương thức train: {{function_node __wrapped__Pack_N_2_device_/job:localhost/replica:0/task:0/device:CPU:0}} Shapes of all inputs must match: values[0].shape = [1] != values[1].shape = [1,1] [Op:Pack] name: stack
2025-05-05 11:46:20,969 - trading_system.agent - ERROR - [ppo_agent.py:604] - Lỗi trong phương thức train: {{function_node __wrapped__Pack_N_2_device_/job:localhost/replica:0/task:0/device:CPU:0}} Shapes of all inputs must match: values[0].shape = [1] != values[1].shape = [1,1] [Op:Pack] name: stack
2025-05-05 11:46:21,461 - trading_system.agent - ERROR - [ppo_agent.py:604] - Lỗi trong phương thức train: {{function_node __wrapped__Pack_N_2_device_/job:localhost/replica:0/task:0/device:CPU:0}} Shapes of all inputs must match: values[0].shape = [1] != values[1].shape = [1,1] [Op:Pack] name: stack
2025-05-05 11:46:21,974 - trading_system.agent - ERROR - [ppo_agent.py:604] - Lỗi trong phương thức train: {{function_node __wrapped__Pack_N_2_device_/job:localhost/replica:0/task:0/device:CPU:0}} Shapes of all inputs must match: values[0].shape = [1] != values[1].shape = [1,1] [Op:Pack] name: stack
2025-05-05 11:46:22,508 - trading_system.agent - ERROR - [ppo_agent.py:604] - Lỗi trong phương thức train: {{function_node __wrapped__Pack_N_2_device_/job:localhost/replica:0/task:0/device:CPU:0}} Shapes of all inputs must match: values[0].shape = [1] != values[1].shape = [1,1] [Op:Pack] name: stack
2025-05-05 11:46:22,992 - trading_system.agent - ERROR - [ppo_agent.py:604] - Lỗi trong phương thức train: {{function_node __wrapped__Pack_N_2_device_/job:localhost/replica:0/task:0/device:CPU:0}} Shapes of all inputs must match: values[0].shape = [1] != values[1].shape = [1,1] [Op:Pack] name: stack
2025-05-05 11:46:23,498 - trading_system.agent - ERROR - [ppo_agent.py:604] - Lỗi trong phương thức train: {{function_node __wrapped__Pack_N_2_device_/job:localhost/replica:0/task:0/device:CPU:0}} Shapes of all inputs must match: values[0].shape = [1] != values[1].shape = [1,1] [Op:Pack] name: stack
2025-05-05 11:46:23,986 - trading_system.agent - ERROR - [ppo_agent.py:604] - Lỗi trong phương thức train: {{function_node __wrapped__Pack_N_2_device_/job:localhost/replica:0/task:0/device:CPU:0}} Shapes of all inputs must match: values[0].shape = [1] != values[1].shape = [1,1] [Op:Pack] name: stack
2025-05-05 11:46:24,450 - trading_system.agent - ERROR - [ppo_agent.py:604] - Lỗi trong phương thức train: {{function_node __wrapped__Pack_N_2_device_/job:localhost/replica:0/task:0/device:CPU:0}} Shapes of all inputs must match: values[0].shape = [1] != values[1].shape = [1,1] [Op:Pack] name: stack
2025-05-05 11:46:24,967 - trading_system.agent - ERROR - [ppo_agent.py:604] - Lỗi trong phương thức train: {{function_node __wrapped__Pack_N_2_device_/job:localhost/replica:0/task:0/device:CPU:0}} Shapes of all inputs must match: values[0].shape = [1] != values[1].shape = [1,1] [Op:Pack] name: stack
2025-05-05 11:46:25,484 - trading_system.agent - ERROR - [ppo_agent.py:604] - Lỗi trong phương thức train: {{function_node __wrapped__Pack_N_2_device_/job:localhost/replica:0/task:0/device:CPU:0}} Shapes of all inputs must match: values[0].shape = [1] != values[1].shape = [1,1] [Op:Pack] name: stack
2025-05-05 11:46:26,019 - trading_system.agent - ERROR - [ppo_agent.py:604] - Lỗi trong phương thức train: {{function_node __wrapped__Pack_N_2_device_/job:localhost/replica:0/task:0/device:CPU:0}} Shapes of all inputs must match: values[0].shape = [1] != values[1].shape = [1,1] [Op:Pack] name: stack
2025-05-05 11:46:26,556 - trading_system.agent - ERROR - [ppo_agent.py:604] - Lỗi trong phương thức train: {{function_node __wrapped__Pack_N_2_device_/job:localhost/replica:0/task:0/device:CPU:0}} Shapes of all inputs must match: values[0].shape = [1] != values[1].shape = [1,1] [Op:Pack] name: stack
2025-05-05 11:46:27,045 - trading_system.agent - ERROR - [ppo_agent.py:604] - Lỗi trong phương thức train: {{function_node __wrapped__Pack_N_2_device_/job:localhost/replica:0/task:0/device:CPU:0}} Shapes of all inputs must match: values[0].shape = [1] != values[1].shape = [1,1] [Op:Pack] name: stack
2025-05-05 11:46:27,520 - trading_system.agent - ERROR - [ppo_agent.py:604] - Lỗi trong phương thức train: {{function_node __wrapped__Pack_N_2_device_/job:localhost/replica:0/task:0/device:CPU:0}} Shapes of all inputs must match: values[0].shape = [1] != values[1].shape = [1,1] [Op:Pack] name: stack
2025-05-05 11:46:27,996 - trading_system.agent - ERROR - [ppo_agent.py:604] - Lỗi trong phương thức train: {{function_node __wrapped__Pack_N_2_device_/job:localhost/replica:0/task:0/device:CPU:0}} Shapes of all inputs must match: values[0].shape = [1] != values[1].shape = [1,1] [Op:Pack] name: stack
2025-05-05 11:46:28,467 - trading_system.agent - ERROR - [ppo_agent.py:604] - Lỗi trong phương thức train: {{function_node __wrapped__Pack_N_2_device_/job:localhost/replica:0/task:0/device:CPU:0}} Shapes of all inputs must match: values[0].shape = [1] != values[1].shape = [1,1] [Op:Pack] name: stack
2025-05-05 11:46:28,975 - trading_system.agent - ERROR - [ppo_agent.py:604] - Lỗi trong phương thức train: {{function_node __wrapped__Pack_N_2_device_/job:localhost/replica:0/task:0/device:CPU:0}} Shapes of all inputs must match: values[0].shape = [1] != values[1].shape = [1,1] [Op:Pack] name: stack
2025-05-05 11:46:29,493 - trading_system.agent - ERROR - [ppo_agent.py:604] - Lỗi trong phương thức train: {{function_node __wrapped__Pack_N_2_device_/job:localhost/replica:0/task:0/device:CPU:0}} Shapes of all inputs must match: values[0].shape = [1] != values[1].shape = [1,1] [Op:Pack] name: stack
2025-05-05 11:46:29,999 - trading_system.agent - ERROR - [ppo_agent.py:604] - Lỗi trong phương thức train: {{function_node __wrapped__Pack_N_2_device_/job:localhost/replica:0/task:0/device:CPU:0}} Shapes of all inputs must match: values[0].shape = [1] != values[1].shape = [1,1] [Op:Pack] name: stack
2025-05-05 11:46:30,503 - trading_system.agent - ERROR - [ppo_agent.py:604] - Lỗi trong phương thức train: {{function_node __wrapped__Pack_N_2_device_/job:localhost/replica:0/task:0/device:CPU:0}} Shapes of all inputs must match: values[0].shape = [1] != values[1].shape = [1,1] [Op:Pack] name: stack
2025-05-05 11:46:31,024 - trading_system.agent - ERROR - [ppo_agent.py:604] - Lỗi trong phương thức train: {{function_node __wrapped__Pack_N_2_device_/job:localhost/replica:0/task:0/device:CPU:0}} Shapes of all inputs must match: values[0].shape = [1] != values[1].shape = [1,1] [Op:Pack] name: stack
2025-05-05 11:46:31,567 - trading_system.agent - ERROR - [ppo_agent.py:604] - Lỗi trong phương thức train: {{function_node __wrapped__Pack_N_2_device_/job:localhost/replica:0/task:0/device:CPU:0}} Shapes of all inputs must match: values[0].shape = [1] != values[1].shape = [1,1] [Op:Pack] name: stack
2025-05-05 11:46:32,075 - trading_system.agent - ERROR - [ppo_agent.py:604] - Lỗi trong phương thức train: {{function_node __wrapped__Pack_N_2_device_/job:localhost/replica:0/task:0/device:CPU:0}} Shapes of all inputs must match: values[0].shape = [1] != values[1].shape = [1,1] [Op:Pack] name: stack
2025-05-05 11:46:32,610 - trading_system.agent - ERROR - [ppo_agent.py:604] - Lỗi trong phương thức train: {{function_node __wrapped__Pack_N_2_device_/job:localhost/replica:0/task:0/device:CPU:0}} Shapes of all inputs must match: values[0].shape = [1] != values[1].shape = [1,1] [Op:Pack] name: stack
2025-05-05 11:46:33,125 - trading_system.agent - ERROR - [ppo_agent.py:604] - Lỗi trong phương thức train: {{function_node __wrapped__Pack_N_2_device_/job:localhost/replica:0/task:0/device:CPU:0}} Shapes of all inputs must match: values[0].shape = [1] != values[1].shape = [1,1] [Op:Pack] name: stack
2025-05-05 11:46:33,619 - trading_system.agent - ERROR - [ppo_agent.py:604] - Lỗi trong phương thức train: {{function_node __wrapped__Pack_N_2_device_/job:localhost/replica:0/task:0/device:CPU:0}} Shapes of all inputs must match: values[0].shape = [1] != values[1].shape = [1,1] [Op:Pack] name: stack
2025-05-05 11:46:34,155 - trading_system.agent - ERROR - [ppo_agent.py:604] - Lỗi trong phương thức train: {{function_node __wrapped__Pack_N_2_device_/job:localhost/replica:0/task:0/device:CPU:0}} Shapes of all inputs must match: values[0].shape = [1] != values[1].shape = [1,1] [Op:Pack] name: stack
2025-05-05 11:46:34,663 - trading_system.agent - ERROR - [ppo_agent.py:604] - Lỗi trong phương thức train: {{function_node __wrapped__Pack_N_2_device_/job:localhost/replica:0/task:0/device:CPU:0}} Shapes of all inputs must match: values[0].shape = [1] != values[1].shape = [1,1] [Op:Pack] name: stack
2025-05-05 11:46:35,188 - trading_system.agent - ERROR - [ppo_agent.py:604] - Lỗi trong phương thức train: {{function_node __wrapped__Pack_N_2_device_/job:localhost/replica:0/task:0/device:CPU:0}} Shapes of all inputs must match: values[0].shape = [1] != values[1].shape = [1,1] [Op:Pack] name: stack
2025-05-05 11:46:35,691 - trading_system.agent - ERROR - [ppo_agent.py:604] - Lỗi trong phương thức train: {{function_node __wrapped__Pack_N_2_device_/job:localhost/replica:0/task:0/device:CPU:0}} Shapes of all inputs must match: values[0].shape = [1] != values[1].shape = [1,1] [Op:Pack] name: stack
2025-05-05 11:46:36,190 - trading_system.agent - ERROR - [ppo_agent.py:604] - Lỗi trong phương thức train: {{function_node __wrapped__Pack_N_2_device_/job:localhost/replica:0/task:0/device:CPU:0}} Shapes of all inputs must match: values[0].shape = [1] != values[1].shape = [1,1] [Op:Pack] name: stack
2025-05-05 11:46:36,694 - trading_system.agent - ERROR - [ppo_agent.py:604] - Lỗi trong phương thức train: {{function_node __wrapped__Pack_N_2_device_/job:localhost/replica:0/task:0/device:CPU:0}} Shapes of all inputs must match: values[0].shape = [1] != values[1].shape = [1,1] [Op:Pack] name: stack
2025-05-05 11:46:37,204 - trading_system.agent - ERROR - [ppo_agent.py:604] - Lỗi trong phương thức train: {{function_node __wrapped__Pack_N_2_device_/job:localhost/replica:0/task:0/device:CPU:0}} Shapes of all inputs must match: values[0].shape = [1] != values[1].shape = [1,1] [Op:Pack] name: stack
2025-05-05 11:46:37,713 - trading_system.agent - ERROR - [ppo_agent.py:604] - Lỗi trong phương thức train: {{function_node __wrapped__Pack_N_2_device_/job:localhost/replica:0/task:0/device:CPU:0}} Shapes of all inputs must match: values[0].shape = [1] != values[1].shape = [1,1] [Op:Pack] name: stack
2025-05-05 11:46:38,230 - trading_system.agent - ERROR - [ppo_agent.py:604] - Lỗi trong phương thức train: {{function_node __wrapped__Pack_N_2_device_/job:localhost/replica:0/task:0/device:CPU:0}} Shapes of all inputs must match: values[0].shape = [1] != values[1].shape = [1,1] [Op:Pack] name: stack
2025-05-05 11:46:38,786 - trading_system.agent - ERROR - [ppo_agent.py:604] - Lỗi trong phương thức train: {{function_node __wrapped__Pack_N_2_device_/job:localhost/replica:0/task:0/device:CPU:0}} Shapes of all inputs must match: values[0].shape = [1] != values[1].shape = [1,1] [Op:Pack] name: stack
2025-05-05 11:46:39,325 - trading_system.agent - ERROR - [ppo_agent.py:604] - Lỗi trong phương thức train: {{function_node __wrapped__Pack_N_2_device_/job:localhost/replica:0/task:0/device:CPU:0}} Shapes of all inputs must match: values[0].shape = [1] != values[1].shape = [1,1] [Op:Pack] name: stack
2025-05-05 11:46:39,897 - trading_system.agent - ERROR - [ppo_agent.py:604] - Lỗi trong phương thức train: {{function_node __wrapped__Pack_N_2_device_/job:localhost/replica:0/task:0/device:CPU:0}} Shapes of all inputs must match: values[0].shape = [1] != values[1].shape = [1,1] [Op:Pack] name: stack
2025-05-05 11:46:40,435 - trading_system.agent - ERROR - [ppo_agent.py:604] - Lỗi trong phương thức train: {{function_node __wrapped__Pack_N_2_device_/job:localhost/replica:0/task:0/device:CPU:0}} Shapes of all inputs must match: values[0].shape = [1] != values[1].shape = [1,1] [Op:Pack] name: stack
2025-05-05 11:46:40,981 - trading_system.agent - ERROR - [ppo_agent.py:604] - Lỗi trong phương thức train: {{function_node __wrapped__Pack_N_2_device_/job:localhost/replica:0/task:0/device:CPU:0}} Shapes of all inputs must match: values[0].shape = [1] != values[1].shape = [1,1] [Op:Pack] name: stack
2025-05-05 11:46:41,535 - trading_system.agent - ERROR - [ppo_agent.py:604] - Lỗi trong phương thức train: {{function_node __wrapped__Pack_N_2_device_/job:localhost/replica:0/task:0/device:CPU:0}} Shapes of all inputs must match: values[0].shape = [1] != values[1].shape = [1,1] [Op:Pack] name: stack
2025-05-05 11:46:42,085 - trading_system.agent - ERROR - [ppo_agent.py:604] - Lỗi trong phương thức train: {{function_node __wrapped__Pack_N_2_device_/job:localhost/replica:0/task:0/device:CPU:0}} Shapes of all inputs must match: values[0].shape = [1] != values[1].shape = [1,1] [Op:Pack] name: stack
2025-05-05 11:46:42,595 - trading_system.agent - ERROR - [ppo_agent.py:604] - Lỗi trong phương thức train: {{function_node __wrapped__Pack_N_2_device_/job:localhost/replica:0/task:0/device:CPU:0}} Shapes of all inputs must match: values[0].shape = [1] != values[1].shape = [1,1] [Op:Pack] name: stack
2025-05-05 11:46:43,138 - trading_system.agent - ERROR - [ppo_agent.py:604] - Lỗi trong phương thức train: {{function_node __wrapped__Pack_N_2_device_/job:localhost/replica:0/task:0/device:CPU:0}} Shapes of all inputs must match: values[0].shape = [1] != values[1].shape = [1,1] [Op:Pack] name: stack
2025-05-05 11:46:43,638 - trading_system.agent - ERROR - [ppo_agent.py:604] - Lỗi trong phương thức train: {{function_node __wrapped__Pack_N_2_device_/job:localhost/replica:0/task:0/device:CPU:0}} Shapes of all inputs must match: values[0].shape = [1] != values[1].shape = [1,1] [Op:Pack] name: stack
2025-05-05 11:46:44,163 - trading_system.agent - ERROR - [ppo_agent.py:604] - Lỗi trong phương thức train: {{function_node __wrapped__Pack_N_2_device_/job:localhost/replica:0/task:0/device:CPU:0}} Shapes of all inputs must match: values[0].shape = [1] != values[1].shape = [1,1] [Op:Pack] name: stack
2025-05-05 11:46:44,674 - trading_system.agent - ERROR - [ppo_agent.py:604] - Lỗi trong phương thức train: {{function_node __wrapped__Pack_N_2_device_/job:localhost/replica:0/task:0/device:CPU:0}} Shapes of all inputs must match: values[0].shape = [1] != values[1].shape = [1,1] [Op:Pack] name: stack
2025-05-05 11:46:45,211 - trading_system.agent - ERROR - [ppo_agent.py:604] - Lỗi trong phương thức train: {{function_node __wrapped__Pack_N_2_device_/job:localhost/replica:0/task:0/device:CPU:0}} Shapes of all inputs must match: values[0].shape = [1] != values[1].shape = [1,1] [Op:Pack] name: stack
2025-05-05 11:46:45,748 - trading_system.agent - ERROR - [ppo_agent.py:604] - Lỗi trong phương thức train: {{function_node __wrapped__Pack_N_2_device_/job:localhost/replica:0/task:0/device:CPU:0}} Shapes of all inputs must match: values[0].shape = [1] != values[1].shape = [1,1] [Op:Pack] name: stack
