2025-04-29 00:36:00,752 - trading_system.exchange.binanceusdm_connector - ERROR - [binance_connector.py:220] - Không thể tải thị trường: 'dict' object has no attribute 'headers'
2025-04-29 00:36:00,754 - trading_system.exchange.binanceusdm_connector - ERROR - [binance_connector.py:121] - Lỗi khi load_markets: 'dict' object has no attribute 'headers'
2025-04-29 00:36:00,816 - trading_system.exchange.binanceusdm_connector - ERROR - [generic_connector.py:679] - Kiểm tra kết nối thất bại: 'dict' object has no attribute 'headers'
2025-04-29 00:36:00,819 - trading_system - ERROR - [main.py:207] - Lỗi khi thu thập dữ liệu lịch sử: __init__() got an unexpected keyword argument 'sandbox'
2025-04-29 00:36:00,820 - trading_system - ERROR - [main.py:717] - Lỗi không xử lý được: __init__() got an unexpected keyword argument 'sandbox'
Traceback (most recent call last):
  File "E:\AI_AGENT\automated-trading-system\main.py", line 686, in main
    await system.collect_historical_data(
  File "E:\AI_AGENT\automated-trading-system\main.py", line 165, in collect_historical_data
    collector = await create_data_collector(
  File "E:\AI_AGENT\automated-trading-system\data_collectors\market_data\historical_data_collector.py", line 978, in create_data_collector
    exchange_connector = BinanceConnector(
TypeError: __init__() got an unexpected keyword argument 'sandbox'
2025-04-29 07:02:10,996 - trading_system.exchange.binanceusdm_connector - ERROR - [binance_connector.py:166] - Lỗi khi tải thị trường: 'dict' object has no attribute 'headers'
2025-04-29 07:02:13,998 - trading_system.exchange.binanceusdm_connector - ERROR - [binance_connector.py:166] - Lỗi khi tải thị trường: 'dict' object has no attribute 'headers'
2025-04-29 07:02:20,005 - trading_system.exchange.binanceusdm_connector - ERROR - [binance_connector.py:166] - Lỗi khi tải thị trường: 'dict' object has no attribute 'headers'
2025-04-29 07:02:29,019 - trading_system.exchange.binanceusdm_connector - ERROR - [binance_connector.py:166] - Lỗi khi tải thị trường: 'dict' object has no attribute 'headers'
2025-04-29 07:02:41,025 - trading_system.exchange.binanceusdm_connector - ERROR - [binance_connector.py:166] - Lỗi khi tải thị trường: 'dict' object has no attribute 'headers'
2025-04-29 07:02:56,044 - trading_system.exchange.binanceusdm_connector - ERROR - [generic_connector.py:679] - Kiểm tra kết nối thất bại: 'dict' object has no attribute 'headers'
2025-04-29 07:02:56,047 - trading_system - ERROR - [main.py:207] - Lỗi khi thu thập dữ liệu lịch sử: __init__() got an unexpected keyword argument 'sandbox'
2025-04-29 07:02:56,049 - trading_system - ERROR - [main.py:717] - Lỗi không xử lý được: __init__() got an unexpected keyword argument 'sandbox'
Traceback (most recent call last):
  File "E:\AI_AGENT\automated-trading-system\main.py", line 686, in main
    await system.collect_historical_data(
  File "E:\AI_AGENT\automated-trading-system\main.py", line 165, in collect_historical_data
    collector = await create_data_collector(
  File "E:\AI_AGENT\automated-trading-system\data_collectors\market_data\historical_data_collector.py", line 978, in create_data_collector
    exchange_connector = BinanceConnector(
TypeError: __init__() got an unexpected keyword argument 'sandbox'
