2025-05-10 15:47:59,367 - trading_system.module_manager - DEBUG - [trading_system.py:60] - Các module agent khả dụng
2025-05-10 15:47:59,367 - trading_system.module_manager - DEBUG - [trading_system.py:70] - Các module môi trường khả dụng
2025-05-10 15:47:59,368 - trading_system.module_manager - DEBUG - [trading_system.py:80] - Các module thu thập dữ liệu khả dụng
2025-05-10 15:47:59,402 - trading_system.cli_parser - INFO - [main.py:206] - Đã cập nhật mức độ log: INFO
2025-05-10 15:47:59,403 - trading_system.module_manager - INFO - [trading_system.py:139] - ==== Trạng thái khả dụng của module ====
2025-05-10 15:47:59,403 - trading_system.module_manager - INFO - [trading_system.py:140] - Agents: Khả dụng
2025-05-10 15:47:59,404 - trading_system.module_manager - INFO - [trading_system.py:141] - Environments: Khả dụng
2025-05-10 15:47:59,405 - trading_system.module_manager - INFO - [trading_system.py:142] - Data Collectors: Khả dụng
2025-05-10 15:47:59,405 - trading_system.trading_system - INFO - [trading_system.py:223] - Đã khởi tạo hệ thống giao dịch tự động
2025-05-10 15:47:59,406 - trading_system.missing_data_handler - INFO - [missing_data_handler.py:79] - Đã khởi tạo MissingDataHandler với phương pháp interpolate
2025-05-10 15:47:59,406 - trading_system.missing_data_handler - INFO - [missing_data_handler.py:79] - Đã khởi tạo MissingDataHandler với phương pháp interpolate
2025-05-10 15:47:59,407 - trading_system.data_cleaner - INFO - [data_cleaner.py:70] - Đã khởi tạo DataCleaner với normalize_method=z-score
2025-05-10 15:47:59,407 - trading_system.process_commands - INFO - [feature_generator.py:160] - Đã khởi tạo FeatureGenerator
2025-05-10 15:47:59,408 - trading_system.process_commands - INFO - [feature_generator.py:519] - Đã đăng ký tổng cộng 72 đặc trưng mặc định
2025-05-10 15:47:59,409 - trading_system.sentiment_collector - INFO - [sentiment_collector.py:1858] - Đã thêm nguồn dữ liệu tâm lý: Fear and Greed Index
2025-05-10 15:47:59,409 - trading_system.process_commands - INFO - [data_pipeline.py:217] - Đã khởi tạo các collector dữ liệu cho binance
2025-05-10 15:47:59,409 - trading_system.process_commands - INFO - [data_pipeline.py:107] - Đã khởi tạo DataPipeline
2025-05-10 15:47:59,410 - trading_system.process_commands - INFO - [process_commands.py:894] - Dữ liệu từ ngày: 2022-01-01
2025-05-10 15:47:59,411 - trading_system.process_commands - INFO - [process_commands.py:902] - Dữ liệu đến ngày: 2024-12-30
2025-05-10 15:47:59,411 - trading_system.process_commands - INFO - [process_commands.py:568] - Đang tìm kiếm dữ liệu trong thư mục: E:\AI_AGENT\automated-trading-system\data\collected
2025-05-10 15:47:59,414 - trading_system.process_commands - INFO - [process_commands.py:575] - Tìm thấy tổng cộng 9 file dữ liệu
2025-05-10 15:47:59,414 - trading_system.process_commands - INFO - [process_commands.py:589] - Tìm thấy file cho BTC/USDT: E:\AI_AGENT\automated-trading-system\data\collected\binance\futures\1h\btc_usdt_20250510_151624.parquet
2025-05-10 15:47:59,415 - trading_system.process_commands - INFO - [process_commands.py:589] - Tìm thấy file cho ETH/USDT: E:\AI_AGENT\automated-trading-system\data\collected\binance\futures\1h\eth_usdt_20250510_151624.parquet
2025-05-10 15:47:59,415 - trading_system.process_commands - INFO - [process_commands.py:589] - Tìm thấy file cho BNB/USDT: E:\AI_AGENT\automated-trading-system\data\collected\binance\futures\1h\bnb_usdt_20250510_151624.parquet
2025-05-10 15:47:59,416 - trading_system.process_commands - INFO - [process_commands.py:589] - Tìm thấy file cho XRP/USDT: E:\AI_AGENT\automated-trading-system\data\collected\binance\futures\1h\xrp_usdt_20250510_151624.parquet
2025-05-10 15:47:59,416 - trading_system.process_commands - INFO - [process_commands.py:1052] - Đang tải dữ liệu từ E:\AI_AGENT\automated-trading-system\data\collected\binance\futures\1h\btc_usdt_20250510_151624.parquet cho BTC/USDT...
2025-05-10 15:47:59,505 - trading_system.process_commands - INFO - [data_pipeline.py:489] - Đã tải 26250 dòng dữ liệu từ E:\AI_AGENT\automated-trading-system\data\collected\binance\futures\1h\btc_usdt_20250510_151624.parquet cho BTC/USDT
2025-05-10 15:47:59,506 - trading_system.process_commands - INFO - [process_commands.py:1052] - Đang tải dữ liệu từ E:\AI_AGENT\automated-trading-system\data\collected\binance\futures\1h\eth_usdt_20250510_151624.parquet cho ETH/USDT...
2025-05-10 15:47:59,517 - trading_system.process_commands - INFO - [data_pipeline.py:489] - Đã tải 26250 dòng dữ liệu từ E:\AI_AGENT\automated-trading-system\data\collected\binance\futures\1h\eth_usdt_20250510_151624.parquet cho ETH/USDT
2025-05-10 15:47:59,518 - trading_system.process_commands - INFO - [process_commands.py:1052] - Đang tải dữ liệu từ E:\AI_AGENT\automated-trading-system\data\collected\binance\futures\1h\bnb_usdt_20250510_151624.parquet cho BNB/USDT...
2025-05-10 15:47:59,528 - trading_system.process_commands - INFO - [data_pipeline.py:489] - Đã tải 26250 dòng dữ liệu từ E:\AI_AGENT\automated-trading-system\data\collected\binance\futures\1h\bnb_usdt_20250510_151624.parquet cho BNB/USDT
2025-05-10 15:47:59,528 - trading_system.process_commands - INFO - [process_commands.py:1052] - Đang tải dữ liệu từ E:\AI_AGENT\automated-trading-system\data\collected\binance\futures\1h\xrp_usdt_20250510_151624.parquet cho XRP/USDT...
2025-05-10 15:47:59,538 - trading_system.process_commands - INFO - [data_pipeline.py:489] - Đã tải 26250 dòng dữ liệu từ E:\AI_AGENT\automated-trading-system\data\collected\binance\futures\1h\xrp_usdt_20250510_151624.parquet cho XRP
2025-05-10 15:47:59,538 - trading_system.process_commands - WARNING - [process_commands.py:1065] - Không tìm thấy dữ liệu cho XRP/USDT, sử dụng XRP thay thế
2025-05-10 15:47:59,542 - trading_system.process_commands - INFO - [data_pipeline.py:584] - Đã xử lý giá trị NaN ở đầu cho BTC/USDT bằng phương pháp backfill
2025-05-10 15:47:59,543 - trading_system.data_cleaner - INFO - [data_cleaner.py:366] - Bắt đầu làm sạch dữ liệu OHLCV với 26250 dòng
2025-05-10 15:47:59,555 - trading_system.data_cleaner - INFO - [data_cleaner.py:373] - Đã chuyển đổi cột timestamp từ int64 sang datetime64
2025-05-10 15:47:59,567 - trading_system.data_cleaner - INFO - [data_cleaner.py:541] - Đã hoàn thành làm sạch dữ liệu OHLCV, kết quả có 26250 dòng
2025-05-10 15:47:59,569 - trading_system.clean_technical_features - INFO - [preprocessing.py:1496] - Bắt đầu sửa chữa các giá trị ngoại lệ...
2025-05-10 15:47:59,569 - trading_system.outlier_detector - INFO - [outlier_detector.py:101] - Đã khởi tạo OutlierDetector với phương pháp zscore
2025-05-10 15:47:59,576 - trading_system.outlier_detector - WARNING - [outlier_detector.py:1070] - Phát hiện 167 giá trị cực lớn trong cột volume
2025-05-10 15:47:59,578 - trading_system.clean_technical_features - INFO - [preprocessing.py:1512] - Đã hoàn thành sửa chữa giá trị ngoại lệ
2025-05-10 15:47:59,580 - trading_system.clean_technical_features - INFO - [preprocessing.py:1516] - Bắt đầu chuẩn hóa các chỉ báo kỹ thuật...
2025-05-10 15:47:59,584 - trading_system.clean_technical_features - INFO - [preprocessing.py:1521] - Đã hoàn thành chuẩn hóa các chỉ báo
2025-05-10 15:47:59,585 - trading_system.clean_technical_features - INFO - [preprocessing.py:1525] - Bắt đầu standardize các chỉ báo kỹ thuật...
2025-05-10 15:47:59,588 - trading_system.feature_preprocessing - INFO - [preprocessing.py:1033] - Chuẩn hóa 5 cột của loại chỉ báo volume bằng phương pháp log
2025-05-10 15:47:59,595 - trading_system.clean_technical_features - INFO - [preprocessing.py:1532] - Đã hoàn thành standardize các chỉ báo
2025-05-10 15:47:59,596 - trading_system.clean_technical_features - INFO - [preprocessing.py:1536] - Thêm chỉ báo độ mạnh xu hướng...
2025-05-10 15:47:59,607 - trading_system.clean_technical_features - INFO - [preprocessing.py:1543] - Đã thêm chỉ báo độ mạnh xu hướng
2025-05-10 15:47:59,608 - trading_system.clean_technical_features - INFO - [preprocessing.py:1547] - Thêm chỉ báo Z-score của biến động...
2025-05-10 15:48:03,680 - trading_system.clean_technical_features - INFO - [preprocessing.py:1556] - Đã thêm chỉ báo Z-score của biến động
2025-05-10 15:48:03,681 - trading_system.clean_technical_features - INFO - [preprocessing.py:1569] - Đã hoàn thành làm sạch và chuẩn hóa các chỉ báo kỹ thuật
2025-05-10 15:48:03,684 - trading_system.process_commands - INFO - [data_pipeline.py:663] - Đã làm sạch và chuẩn hóa các chỉ báo kỹ thuật cho BTC/USDT
2025-05-10 15:48:03,685 - trading_system.process_commands - INFO - [data_pipeline.py:665] - Đã làm sạch 26250 -> 26250 dòng dữ liệu OHLCV cho BTC/USDT
2025-05-10 15:48:03,689 - trading_system.process_commands - INFO - [data_pipeline.py:584] - Đã xử lý giá trị NaN ở đầu cho ETH/USDT bằng phương pháp backfill
2025-05-10 15:48:03,690 - trading_system.data_cleaner - INFO - [data_cleaner.py:366] - Bắt đầu làm sạch dữ liệu OHLCV với 26250 dòng
2025-05-10 15:48:03,704 - trading_system.data_cleaner - INFO - [data_cleaner.py:373] - Đã chuyển đổi cột timestamp từ int64 sang datetime64
2025-05-10 15:48:03,720 - trading_system.data_cleaner - INFO - [data_cleaner.py:541] - Đã hoàn thành làm sạch dữ liệu OHLCV, kết quả có 26250 dòng
2025-05-10 15:48:03,721 - trading_system.clean_technical_features - INFO - [preprocessing.py:1496] - Bắt đầu sửa chữa các giá trị ngoại lệ...
2025-05-10 15:48:03,723 - trading_system.outlier_detector - INFO - [outlier_detector.py:101] - Đã khởi tạo OutlierDetector với phương pháp zscore
2025-05-10 15:48:03,731 - trading_system.outlier_detector - WARNING - [outlier_detector.py:1070] - Phát hiện 171 giá trị cực lớn trong cột volume
2025-05-10 15:48:03,732 - trading_system.clean_technical_features - INFO - [preprocessing.py:1512] - Đã hoàn thành sửa chữa giá trị ngoại lệ
2025-05-10 15:48:03,733 - trading_system.clean_technical_features - INFO - [preprocessing.py:1516] - Bắt đầu chuẩn hóa các chỉ báo kỹ thuật...
2025-05-10 15:48:03,738 - trading_system.clean_technical_features - INFO - [preprocessing.py:1521] - Đã hoàn thành chuẩn hóa các chỉ báo
2025-05-10 15:48:03,739 - trading_system.clean_technical_features - INFO - [preprocessing.py:1525] - Bắt đầu standardize các chỉ báo kỹ thuật...
2025-05-10 15:48:03,743 - trading_system.feature_preprocessing - INFO - [preprocessing.py:1033] - Chuẩn hóa 5 cột của loại chỉ báo volume bằng phương pháp log
2025-05-10 15:48:03,751 - trading_system.clean_technical_features - INFO - [preprocessing.py:1532] - Đã hoàn thành standardize các chỉ báo
2025-05-10 15:48:03,751 - trading_system.clean_technical_features - INFO - [preprocessing.py:1536] - Thêm chỉ báo độ mạnh xu hướng...
2025-05-10 15:48:03,766 - trading_system.clean_technical_features - INFO - [preprocessing.py:1543] - Đã thêm chỉ báo độ mạnh xu hướng
2025-05-10 15:48:03,766 - trading_system.clean_technical_features - INFO - [preprocessing.py:1547] - Thêm chỉ báo Z-score của biến động...
2025-05-10 15:48:07,842 - trading_system.clean_technical_features - INFO - [preprocessing.py:1556] - Đã thêm chỉ báo Z-score của biến động
2025-05-10 15:48:07,843 - trading_system.clean_technical_features - INFO - [preprocessing.py:1569] - Đã hoàn thành làm sạch và chuẩn hóa các chỉ báo kỹ thuật
2025-05-10 15:48:07,847 - trading_system.process_commands - INFO - [data_pipeline.py:663] - Đã làm sạch và chuẩn hóa các chỉ báo kỹ thuật cho ETH/USDT
2025-05-10 15:48:07,847 - trading_system.process_commands - INFO - [data_pipeline.py:665] - Đã làm sạch 26250 -> 26250 dòng dữ liệu OHLCV cho ETH/USDT
2025-05-10 15:48:07,853 - trading_system.process_commands - INFO - [data_pipeline.py:584] - Đã xử lý giá trị NaN ở đầu cho BNB/USDT bằng phương pháp backfill
2025-05-10 15:48:07,855 - trading_system.data_cleaner - INFO - [data_cleaner.py:366] - Bắt đầu làm sạch dữ liệu OHLCV với 26250 dòng
2025-05-10 15:48:07,867 - trading_system.data_cleaner - INFO - [data_cleaner.py:373] - Đã chuyển đổi cột timestamp từ int64 sang datetime64
2025-05-10 15:48:07,878 - trading_system.data_cleaner - INFO - [data_cleaner.py:541] - Đã hoàn thành làm sạch dữ liệu OHLCV, kết quả có 26250 dòng
2025-05-10 15:48:07,880 - trading_system.clean_technical_features - INFO - [preprocessing.py:1496] - Bắt đầu sửa chữa các giá trị ngoại lệ...
2025-05-10 15:48:07,880 - trading_system.outlier_detector - INFO - [outlier_detector.py:101] - Đã khởi tạo OutlierDetector với phương pháp zscore
2025-05-10 15:48:07,887 - trading_system.outlier_detector - WARNING - [outlier_detector.py:1070] - Phát hiện 159 giá trị cực lớn trong cột volume
2025-05-10 15:48:07,888 - trading_system.clean_technical_features - INFO - [preprocessing.py:1512] - Đã hoàn thành sửa chữa giá trị ngoại lệ
2025-05-10 15:48:07,889 - trading_system.clean_technical_features - INFO - [preprocessing.py:1516] - Bắt đầu chuẩn hóa các chỉ báo kỹ thuật...
2025-05-10 15:48:07,893 - trading_system.clean_technical_features - INFO - [preprocessing.py:1521] - Đã hoàn thành chuẩn hóa các chỉ báo
2025-05-10 15:48:07,894 - trading_system.clean_technical_features - INFO - [preprocessing.py:1525] - Bắt đầu standardize các chỉ báo kỹ thuật...
2025-05-10 15:48:07,898 - trading_system.feature_preprocessing - INFO - [preprocessing.py:1033] - Chuẩn hóa 5 cột của loại chỉ báo volume bằng phương pháp log
2025-05-10 15:48:07,904 - trading_system.clean_technical_features - INFO - [preprocessing.py:1532] - Đã hoàn thành standardize các chỉ báo
2025-05-10 15:48:07,905 - trading_system.clean_technical_features - INFO - [preprocessing.py:1536] - Thêm chỉ báo độ mạnh xu hướng...
2025-05-10 15:48:07,916 - trading_system.clean_technical_features - INFO - [preprocessing.py:1543] - Đã thêm chỉ báo độ mạnh xu hướng
2025-05-10 15:48:07,917 - trading_system.clean_technical_features - INFO - [preprocessing.py:1547] - Thêm chỉ báo Z-score của biến động...
2025-05-10 15:48:11,957 - trading_system.clean_technical_features - INFO - [preprocessing.py:1556] - Đã thêm chỉ báo Z-score của biến động
2025-05-10 15:48:11,958 - trading_system.clean_technical_features - INFO - [preprocessing.py:1569] - Đã hoàn thành làm sạch và chuẩn hóa các chỉ báo kỹ thuật
2025-05-10 15:48:11,959 - trading_system.process_commands - INFO - [data_pipeline.py:663] - Đã làm sạch và chuẩn hóa các chỉ báo kỹ thuật cho BNB/USDT
2025-05-10 15:48:11,960 - trading_system.process_commands - INFO - [data_pipeline.py:665] - Đã làm sạch 26250 -> 26250 dòng dữ liệu OHLCV cho BNB/USDT
2025-05-10 15:48:11,965 - trading_system.process_commands - INFO - [data_pipeline.py:584] - Đã xử lý giá trị NaN ở đầu cho XRP/USDT bằng phương pháp backfill
2025-05-10 15:48:11,967 - trading_system.data_cleaner - INFO - [data_cleaner.py:366] - Bắt đầu làm sạch dữ liệu OHLCV với 26250 dòng
2025-05-10 15:48:11,978 - trading_system.data_cleaner - INFO - [data_cleaner.py:373] - Đã chuyển đổi cột timestamp từ int64 sang datetime64
2025-05-10 15:48:11,990 - trading_system.data_cleaner - INFO - [data_cleaner.py:541] - Đã hoàn thành làm sạch dữ liệu OHLCV, kết quả có 26250 dòng
2025-05-10 15:48:11,991 - trading_system.clean_technical_features - INFO - [preprocessing.py:1496] - Bắt đầu sửa chữa các giá trị ngoại lệ...
2025-05-10 15:48:11,992 - trading_system.outlier_detector - INFO - [outlier_detector.py:101] - Đã khởi tạo OutlierDetector với phương pháp zscore
2025-05-10 15:48:11,998 - trading_system.outlier_detector - WARNING - [outlier_detector.py:1070] - Phát hiện 314 giá trị cực lớn trong cột volume
2025-05-10 15:48:12,000 - trading_system.clean_technical_features - INFO - [preprocessing.py:1512] - Đã hoàn thành sửa chữa giá trị ngoại lệ
2025-05-10 15:48:12,000 - trading_system.clean_technical_features - INFO - [preprocessing.py:1516] - Bắt đầu chuẩn hóa các chỉ báo kỹ thuật...
2025-05-10 15:48:12,004 - trading_system.clean_technical_features - INFO - [preprocessing.py:1521] - Đã hoàn thành chuẩn hóa các chỉ báo
2025-05-10 15:48:12,004 - trading_system.clean_technical_features - INFO - [preprocessing.py:1525] - Bắt đầu standardize các chỉ báo kỹ thuật...
2025-05-10 15:48:12,008 - trading_system.feature_preprocessing - INFO - [preprocessing.py:1033] - Chuẩn hóa 5 cột của loại chỉ báo volume bằng phương pháp log
2025-05-10 15:48:12,013 - trading_system.clean_technical_features - INFO - [preprocessing.py:1532] - Đã hoàn thành standardize các chỉ báo
2025-05-10 15:48:12,015 - trading_system.clean_technical_features - INFO - [preprocessing.py:1536] - Thêm chỉ báo độ mạnh xu hướng...
2025-05-10 15:48:12,026 - trading_system.clean_technical_features - INFO - [preprocessing.py:1543] - Đã thêm chỉ báo độ mạnh xu hướng
2025-05-10 15:48:12,027 - trading_system.clean_technical_features - INFO - [preprocessing.py:1547] - Thêm chỉ báo Z-score của biến động...
2025-05-10 15:48:16,277 - trading_system.clean_technical_features - INFO - [preprocessing.py:1556] - Đã thêm chỉ báo Z-score của biến động
2025-05-10 15:48:16,278 - trading_system.clean_technical_features - INFO - [preprocessing.py:1569] - Đã hoàn thành làm sạch và chuẩn hóa các chỉ báo kỹ thuật
2025-05-10 15:48:16,281 - trading_system.process_commands - INFO - [data_pipeline.py:663] - Đã làm sạch và chuẩn hóa các chỉ báo kỹ thuật cho XRP/USDT
2025-05-10 15:48:16,282 - trading_system.process_commands - INFO - [data_pipeline.py:665] - Đã làm sạch 26250 -> 26250 dòng dữ liệu OHLCV cho XRP/USDT
2025-05-10 15:48:16,283 - trading_system.process_commands - INFO - [process_commands.py:1091] - Đã làm sạch dữ liệu cho 4 cặp tiền
2025-05-10 15:48:16,284 - trading_system.process_commands - INFO - [feature_generator.py:519] - Đã đăng ký tổng cộng 72 đặc trưng mặc định
2025-05-10 15:48:16,290 - trading_system.clean_technical_features - INFO - [preprocessing.py:1496] - Bắt đầu sửa chữa các giá trị ngoại lệ...
2025-05-10 15:48:16,290 - trading_system.outlier_detector - INFO - [outlier_detector.py:101] - Đã khởi tạo OutlierDetector với phương pháp zscore
2025-05-10 15:48:16,296 - trading_system.outlier_detector - WARNING - [outlier_detector.py:1070] - Phát hiện 167 giá trị cực lớn trong cột volume
2025-05-10 15:48:16,298 - trading_system.clean_technical_features - INFO - [preprocessing.py:1512] - Đã hoàn thành sửa chữa giá trị ngoại lệ
2025-05-10 15:48:16,298 - trading_system.clean_technical_features - INFO - [preprocessing.py:1516] - Bắt đầu chuẩn hóa các chỉ báo kỹ thuật...
2025-05-10 15:48:16,309 - trading_system.clean_technical_features - INFO - [preprocessing.py:1521] - Đã hoàn thành chuẩn hóa các chỉ báo
2025-05-10 15:48:16,309 - trading_system.clean_technical_features - INFO - [preprocessing.py:1525] - Bắt đầu standardize các chỉ báo kỹ thuật...
2025-05-10 15:48:16,315 - trading_system.feature_preprocessing - INFO - [preprocessing.py:1033] - Chuẩn hóa 9 cột của loại chỉ báo volume bằng phương pháp log
2025-05-10 15:48:16,326 - trading_system.feature_preprocessing - INFO - [preprocessing.py:1033] - Chuẩn hóa 4 cột của loại chỉ báo atr bằng phương pháp rolling_zscore
2025-05-10 15:48:16,339 - trading_system.clean_technical_features - INFO - [preprocessing.py:1532] - Đã hoàn thành standardize các chỉ báo
2025-05-10 15:48:16,339 - trading_system.clean_technical_features - INFO - [preprocessing.py:1536] - Thêm chỉ báo độ mạnh xu hướng...
2025-05-10 15:48:16,355 - trading_system.clean_technical_features - INFO - [preprocessing.py:1543] - Đã thêm chỉ báo độ mạnh xu hướng
2025-05-10 15:48:16,356 - trading_system.clean_technical_features - INFO - [preprocessing.py:1547] - Thêm chỉ báo Z-score của biến động...
2025-05-10 15:48:20,438 - trading_system.clean_technical_features - INFO - [preprocessing.py:1556] - Đã thêm chỉ báo Z-score của biến động
2025-05-10 15:48:20,438 - trading_system.clean_technical_features - INFO - [preprocessing.py:1569] - Đã hoàn thành làm sạch và chuẩn hóa các chỉ báo kỹ thuật
2025-05-10 15:48:20,441 - trading_system.process_commands - INFO - [data_pipeline.py:830] - Đã làm sạch và chuẩn hóa các chỉ báo kỹ thuật cho BTC/USDT trước khi tạo đặc trưng
2025-05-10 15:48:20,443 - trading_system.process_commands - INFO - [feature_generator.py:737] - Đã tạo pipeline 'BTC/USDT_pipeline_20250510_154820'
2025-05-10 15:48:20,519 - trading_system.process_commands - INFO - [feature_generator.py:1128] - Đã loại bỏ 0 đặc trưng có phương sai < 0.001
2025-05-10 15:48:20,553 - trading_system.process_commands - INFO - [feature_generator.py:1084] - Đã loại bỏ 9 đặc trưng có tương quan > 0.95
2025-05-10 15:48:20,556 - trading_system.process_commands - INFO - [data_pipeline.py:882] - Đã tạo đặc trưng cho BTC/USDT: 27 -> 18 cột
2025-05-10 15:48:20,562 - trading_system.clean_technical_features - INFO - [preprocessing.py:1496] - Bắt đầu sửa chữa các giá trị ngoại lệ...
2025-05-10 15:48:20,563 - trading_system.outlier_detector - INFO - [outlier_detector.py:101] - Đã khởi tạo OutlierDetector với phương pháp zscore
2025-05-10 15:48:20,569 - trading_system.outlier_detector - WARNING - [outlier_detector.py:1070] - Phát hiện 171 giá trị cực lớn trong cột volume
2025-05-10 15:48:20,570 - trading_system.clean_technical_features - INFO - [preprocessing.py:1512] - Đã hoàn thành sửa chữa giá trị ngoại lệ
2025-05-10 15:48:20,570 - trading_system.clean_technical_features - INFO - [preprocessing.py:1516] - Bắt đầu chuẩn hóa các chỉ báo kỹ thuật...
2025-05-10 15:48:20,581 - trading_system.clean_technical_features - INFO - [preprocessing.py:1521] - Đã hoàn thành chuẩn hóa các chỉ báo
2025-05-10 15:48:20,581 - trading_system.clean_technical_features - INFO - [preprocessing.py:1525] - Bắt đầu standardize các chỉ báo kỹ thuật...
2025-05-10 15:48:20,587 - trading_system.feature_preprocessing - INFO - [preprocessing.py:1033] - Chuẩn hóa 9 cột của loại chỉ báo volume bằng phương pháp log
2025-05-10 15:48:20,597 - trading_system.feature_preprocessing - INFO - [preprocessing.py:1033] - Chuẩn hóa 4 cột của loại chỉ báo atr bằng phương pháp rolling_zscore
2025-05-10 15:48:20,607 - trading_system.clean_technical_features - INFO - [preprocessing.py:1532] - Đã hoàn thành standardize các chỉ báo
2025-05-10 15:48:20,608 - trading_system.clean_technical_features - INFO - [preprocessing.py:1536] - Thêm chỉ báo độ mạnh xu hướng...
2025-05-10 15:48:20,622 - trading_system.clean_technical_features - INFO - [preprocessing.py:1543] - Đã thêm chỉ báo độ mạnh xu hướng
2025-05-10 15:48:20,622 - trading_system.clean_technical_features - INFO - [preprocessing.py:1547] - Thêm chỉ báo Z-score của biến động...
2025-05-10 15:48:24,725 - trading_system.clean_technical_features - INFO - [preprocessing.py:1556] - Đã thêm chỉ báo Z-score của biến động
2025-05-10 15:48:24,725 - trading_system.clean_technical_features - INFO - [preprocessing.py:1569] - Đã hoàn thành làm sạch và chuẩn hóa các chỉ báo kỹ thuật
2025-05-10 15:48:24,728 - trading_system.process_commands - INFO - [data_pipeline.py:830] - Đã làm sạch và chuẩn hóa các chỉ báo kỹ thuật cho ETH/USDT trước khi tạo đặc trưng
2025-05-10 15:48:24,731 - trading_system.process_commands - INFO - [feature_generator.py:737] - Đã tạo pipeline 'ETH/USDT_pipeline_20250510_154824'
2025-05-10 15:48:24,832 - trading_system.process_commands - INFO - [feature_generator.py:1128] - Đã loại bỏ 0 đặc trưng có phương sai < 0.001
2025-05-10 15:48:24,876 - trading_system.process_commands - INFO - [feature_generator.py:1084] - Đã loại bỏ 9 đặc trưng có tương quan > 0.95
2025-05-10 15:48:24,880 - trading_system.process_commands - INFO - [data_pipeline.py:882] - Đã tạo đặc trưng cho ETH/USDT: 27 -> 18 cột
2025-05-10 15:48:24,887 - trading_system.clean_technical_features - INFO - [preprocessing.py:1496] - Bắt đầu sửa chữa các giá trị ngoại lệ...
2025-05-10 15:48:24,887 - trading_system.outlier_detector - INFO - [outlier_detector.py:101] - Đã khởi tạo OutlierDetector với phương pháp zscore
2025-05-10 15:48:24,895 - trading_system.outlier_detector - WARNING - [outlier_detector.py:1070] - Phát hiện 159 giá trị cực lớn trong cột volume
2025-05-10 15:48:24,898 - trading_system.clean_technical_features - INFO - [preprocessing.py:1512] - Đã hoàn thành sửa chữa giá trị ngoại lệ
2025-05-10 15:48:24,898 - trading_system.clean_technical_features - INFO - [preprocessing.py:1516] - Bắt đầu chuẩn hóa các chỉ báo kỹ thuật...
2025-05-10 15:48:24,911 - trading_system.clean_technical_features - INFO - [preprocessing.py:1521] - Đã hoàn thành chuẩn hóa các chỉ báo
2025-05-10 15:48:24,913 - trading_system.clean_technical_features - INFO - [preprocessing.py:1525] - Bắt đầu standardize các chỉ báo kỹ thuật...
2025-05-10 15:48:24,920 - trading_system.feature_preprocessing - INFO - [preprocessing.py:1033] - Chuẩn hóa 9 cột của loại chỉ báo volume bằng phương pháp log
2025-05-10 15:48:24,933 - trading_system.feature_preprocessing - INFO - [preprocessing.py:1033] - Chuẩn hóa 4 cột của loại chỉ báo atr bằng phương pháp rolling_zscore
2025-05-10 15:48:24,946 - trading_system.clean_technical_features - INFO - [preprocessing.py:1532] - Đã hoàn thành standardize các chỉ báo
2025-05-10 15:48:24,947 - trading_system.clean_technical_features - INFO - [preprocessing.py:1536] - Thêm chỉ báo độ mạnh xu hướng...
2025-05-10 15:48:24,963 - trading_system.clean_technical_features - INFO - [preprocessing.py:1543] - Đã thêm chỉ báo độ mạnh xu hướng
2025-05-10 15:48:24,964 - trading_system.clean_technical_features - INFO - [preprocessing.py:1547] - Thêm chỉ báo Z-score của biến động...
2025-05-10 15:48:29,145 - trading_system.clean_technical_features - INFO - [preprocessing.py:1556] - Đã thêm chỉ báo Z-score của biến động
2025-05-10 15:48:29,146 - trading_system.clean_technical_features - INFO - [preprocessing.py:1569] - Đã hoàn thành làm sạch và chuẩn hóa các chỉ báo kỹ thuật
2025-05-10 15:48:29,149 - trading_system.process_commands - INFO - [data_pipeline.py:830] - Đã làm sạch và chuẩn hóa các chỉ báo kỹ thuật cho BNB/USDT trước khi tạo đặc trưng
2025-05-10 15:48:29,152 - trading_system.process_commands - INFO - [feature_generator.py:737] - Đã tạo pipeline 'BNB/USDT_pipeline_20250510_154829'
2025-05-10 15:48:29,250 - trading_system.process_commands - INFO - [feature_generator.py:1128] - Đã loại bỏ 0 đặc trưng có phương sai < 0.001
2025-05-10 15:48:29,298 - trading_system.process_commands - INFO - [feature_generator.py:1084] - Đã loại bỏ 9 đặc trưng có tương quan > 0.95
2025-05-10 15:48:29,303 - trading_system.process_commands - INFO - [data_pipeline.py:882] - Đã tạo đặc trưng cho BNB/USDT: 27 -> 18 cột
2025-05-10 15:48:29,309 - trading_system.clean_technical_features - INFO - [preprocessing.py:1496] - Bắt đầu sửa chữa các giá trị ngoại lệ...
2025-05-10 15:48:29,310 - trading_system.outlier_detector - INFO - [outlier_detector.py:101] - Đã khởi tạo OutlierDetector với phương pháp zscore
2025-05-10 15:48:29,317 - trading_system.outlier_detector - WARNING - [outlier_detector.py:1070] - Phát hiện 314 giá trị cực lớn trong cột volume
2025-05-10 15:48:29,319 - trading_system.clean_technical_features - INFO - [preprocessing.py:1512] - Đã hoàn thành sửa chữa giá trị ngoại lệ
2025-05-10 15:48:29,319 - trading_system.clean_technical_features - INFO - [preprocessing.py:1516] - Bắt đầu chuẩn hóa các chỉ báo kỹ thuật...
2025-05-10 15:48:29,332 - trading_system.clean_technical_features - INFO - [preprocessing.py:1521] - Đã hoàn thành chuẩn hóa các chỉ báo
2025-05-10 15:48:29,332 - trading_system.clean_technical_features - INFO - [preprocessing.py:1525] - Bắt đầu standardize các chỉ báo kỹ thuật...
2025-05-10 15:48:29,340 - trading_system.feature_preprocessing - INFO - [preprocessing.py:1033] - Chuẩn hóa 9 cột của loại chỉ báo volume bằng phương pháp log
2025-05-10 15:48:29,364 - trading_system.feature_preprocessing - INFO - [preprocessing.py:1033] - Chuẩn hóa 4 cột của loại chỉ báo atr bằng phương pháp rolling_zscore
2025-05-10 15:48:29,378 - trading_system.clean_technical_features - INFO - [preprocessing.py:1532] - Đã hoàn thành standardize các chỉ báo
2025-05-10 15:48:29,379 - trading_system.clean_technical_features - INFO - [preprocessing.py:1536] - Thêm chỉ báo độ mạnh xu hướng...
2025-05-10 15:48:29,395 - trading_system.clean_technical_features - INFO - [preprocessing.py:1543] - Đã thêm chỉ báo độ mạnh xu hướng
2025-05-10 15:48:29,395 - trading_system.clean_technical_features - INFO - [preprocessing.py:1547] - Thêm chỉ báo Z-score của biến động...
2025-05-10 15:48:33,389 - trading_system.clean_technical_features - INFO - [preprocessing.py:1556] - Đã thêm chỉ báo Z-score của biến động
2025-05-10 15:48:33,390 - trading_system.clean_technical_features - INFO - [preprocessing.py:1569] - Đã hoàn thành làm sạch và chuẩn hóa các chỉ báo kỹ thuật
2025-05-10 15:48:33,393 - trading_system.process_commands - INFO - [data_pipeline.py:830] - Đã làm sạch và chuẩn hóa các chỉ báo kỹ thuật cho XRP/USDT trước khi tạo đặc trưng
2025-05-10 15:48:33,396 - trading_system.process_commands - INFO - [feature_generator.py:737] - Đã tạo pipeline 'XRP/USDT_pipeline_20250510_154833'
2025-05-10 15:48:33,499 - trading_system.process_commands - INFO - [feature_generator.py:1128] - Đã loại bỏ 0 đặc trưng có phương sai < 0.001
2025-05-10 15:48:33,544 - trading_system.process_commands - INFO - [feature_generator.py:1084] - Đã loại bỏ 8 đặc trưng có tương quan > 0.95
2025-05-10 15:48:33,548 - trading_system.process_commands - INFO - [data_pipeline.py:882] - Đã tạo đặc trưng cho XRP/USDT: 27 -> 19 cột
2025-05-10 15:48:33,551 - trading_system.process_commands - INFO - [process_commands.py:1106] - Đã tạo đặc trưng cho 4 cặp tiền
2025-05-10 15:48:33,552 - trading_system.process_commands - INFO - [data_pipeline.py:1163] - Tạo cột mục tiêu cho BTC/USDT
2025-05-10 15:48:33,583 - trading_system.missing_data_handler - INFO - [missing_data_handler.py:998] - Đã tạo 12 cột mục tiêu: target_direction_1, target_return_1, target_volatility_1, target_direction_3, target_return_3, target_volatility_3, target_direction_5, target_return_5, target_volatility_5, target_direction_10, target_return_10, target_volatility_10
2025-05-10 15:48:33,584 - trading_system.process_commands - INFO - [data_pipeline.py:1189] - Đã tạo 12 cột mục tiêu cho BTC/USDT: target_return_10, target_volatility_5, target_direction_1, target_return_3, target_direction_10, target_direction_5, target_return_5, target_volatility_10, target_volatility_1, target_direction_3, target_return_1, target_volatility_3
2025-05-10 15:48:33,587 - trading_system.process_commands - INFO - [data_pipeline.py:1163] - Tạo cột mục tiêu cho ETH/USDT
2025-05-10 15:48:33,618 - trading_system.missing_data_handler - INFO - [missing_data_handler.py:998] - Đã tạo 12 cột mục tiêu: target_direction_1, target_return_1, target_volatility_1, target_direction_3, target_return_3, target_volatility_3, target_direction_5, target_return_5, target_volatility_5, target_direction_10, target_return_10, target_volatility_10
2025-05-10 15:48:33,619 - trading_system.process_commands - INFO - [data_pipeline.py:1189] - Đã tạo 12 cột mục tiêu cho ETH/USDT: target_return_10, target_volatility_5, target_direction_1, target_return_3, target_direction_10, target_direction_5, target_return_5, target_volatility_10, target_volatility_1, target_direction_3, target_return_1, target_volatility_3
2025-05-10 15:48:33,622 - trading_system.process_commands - INFO - [data_pipeline.py:1163] - Tạo cột mục tiêu cho BNB/USDT
2025-05-10 15:48:33,653 - trading_system.missing_data_handler - INFO - [missing_data_handler.py:998] - Đã tạo 12 cột mục tiêu: target_direction_1, target_return_1, target_volatility_1, target_direction_3, target_return_3, target_volatility_3, target_direction_5, target_return_5, target_volatility_5, target_direction_10, target_return_10, target_volatility_10
2025-05-10 15:48:33,654 - trading_system.process_commands - INFO - [data_pipeline.py:1189] - Đã tạo 12 cột mục tiêu cho BNB/USDT: target_return_10, target_volatility_5, target_direction_1, target_return_3, target_direction_10, target_direction_5, target_return_5, target_volatility_10, target_volatility_1, target_direction_3, target_return_1, target_volatility_3
2025-05-10 15:48:33,655 - trading_system.process_commands - INFO - [data_pipeline.py:1163] - Tạo cột mục tiêu cho XRP/USDT
2025-05-10 15:48:33,686 - trading_system.missing_data_handler - INFO - [missing_data_handler.py:998] - Đã tạo 12 cột mục tiêu: target_direction_1, target_return_1, target_volatility_1, target_direction_3, target_return_3, target_volatility_3, target_direction_5, target_return_5, target_volatility_5, target_direction_10, target_return_10, target_volatility_10
2025-05-10 15:48:33,687 - trading_system.process_commands - INFO - [data_pipeline.py:1189] - Đã tạo 12 cột mục tiêu cho XRP/USDT: target_return_10, target_volatility_5, target_direction_1, target_return_3, target_direction_10, target_direction_5, target_return_5, target_volatility_10, target_volatility_1, target_direction_3, target_return_1, target_volatility_3
2025-05-10 15:48:33,691 - trading_system.process_commands - INFO - [process_commands.py:1117] - Đã tạo nhãn mục tiêu cho 4 cặp tiền
2025-05-10 15:48:33,774 - trading_system.process_commands - INFO - [data_pipeline.py:1359] - Đã lưu 26250 dòng dữ liệu cho BTC/USDT vào E:\AI_AGENT\automated-trading-system\data\processed\btc_usdt_20250510_154833.parquet
2025-05-10 15:48:33,873 - trading_system.process_commands - INFO - [data_pipeline.py:1359] - Đã lưu 26250 dòng dữ liệu cho ETH/USDT vào E:\AI_AGENT\automated-trading-system\data\processed\eth_usdt_20250510_154833.parquet
2025-05-10 15:48:33,976 - trading_system.process_commands - INFO - [data_pipeline.py:1359] - Đã lưu 26250 dòng dữ liệu cho BNB/USDT vào E:\AI_AGENT\automated-trading-system\data\processed\bnb_usdt_20250510_154833.parquet
2025-05-10 15:48:34,077 - trading_system.process_commands - INFO - [data_pipeline.py:1359] - Đã lưu 26250 dòng dữ liệu cho XRP/USDT vào E:\AI_AGENT\automated-trading-system\data\processed\xrp_usdt_20250510_154833.parquet
2025-05-10 15:58:07,564 - trading_system.module_manager - DEBUG - [trading_system.py:60] - Các module agent khả dụng
2025-05-10 15:58:07,565 - trading_system.module_manager - DEBUG - [trading_system.py:70] - Các module môi trường khả dụng
2025-05-10 15:58:07,566 - trading_system.module_manager - DEBUG - [trading_system.py:80] - Các module thu thập dữ liệu khả dụng
2025-05-10 15:58:07,597 - trading_system.cli_parser - INFO - [main.py:206] - Đã cập nhật mức độ log: INFO
2025-05-10 15:58:07,598 - trading_system.module_manager - INFO - [trading_system.py:139] - ==== Trạng thái khả dụng của module ====
2025-05-10 15:58:07,599 - trading_system.module_manager - INFO - [trading_system.py:140] - Agents: Khả dụng
2025-05-10 15:58:07,600 - trading_system.module_manager - INFO - [trading_system.py:141] - Environments: Khả dụng
2025-05-10 15:58:07,603 - trading_system.module_manager - INFO - [trading_system.py:142] - Data Collectors: Khả dụng
2025-05-10 15:58:07,605 - trading_system.trading_system - INFO - [trading_system.py:223] - Đã khởi tạo hệ thống giao dịch tự động
2025-05-10 15:58:07,606 - trading_system.missing_data_handler - INFO - [missing_data_handler.py:79] - Đã khởi tạo MissingDataHandler với phương pháp interpolate
2025-05-10 15:58:07,607 - trading_system.missing_data_handler - INFO - [missing_data_handler.py:79] - Đã khởi tạo MissingDataHandler với phương pháp interpolate
2025-05-10 15:58:07,608 - trading_system.data_cleaner - INFO - [data_cleaner.py:70] - Đã khởi tạo DataCleaner với normalize_method=z-score
2025-05-10 15:58:07,609 - trading_system.process_commands - INFO - [feature_generator.py:160] - Đã khởi tạo FeatureGenerator
2025-05-10 15:58:07,611 - trading_system.process_commands - INFO - [feature_generator.py:519] - Đã đăng ký tổng cộng 72 đặc trưng mặc định
2025-05-10 15:58:07,612 - trading_system.sentiment_collector - INFO - [sentiment_collector.py:1858] - Đã thêm nguồn dữ liệu tâm lý: Fear and Greed Index
2025-05-10 15:58:07,613 - trading_system.process_commands - INFO - [data_pipeline.py:217] - Đã khởi tạo các collector dữ liệu cho binance
2025-05-10 15:58:07,614 - trading_system.process_commands - INFO - [data_pipeline.py:107] - Đã khởi tạo DataPipeline
2025-05-10 15:58:07,615 - trading_system.process_commands - INFO - [process_commands.py:929] - Dữ liệu từ ngày: 2022-01-01
2025-05-10 15:58:07,618 - trading_system.process_commands - INFO - [process_commands.py:937] - Dữ liệu đến ngày: 2024-12-30
2025-05-10 15:58:07,619 - trading_system.process_commands - INFO - [process_commands.py:603] - Đang tìm kiếm dữ liệu trong thư mục: E:\AI_AGENT\automated-trading-system\data\collected
2025-05-10 15:58:07,622 - trading_system.process_commands - INFO - [process_commands.py:610] - Tìm thấy tổng cộng 9 file dữ liệu
2025-05-10 15:58:07,623 - trading_system.process_commands - INFO - [process_commands.py:624] - Tìm thấy file cho BTC/USDT: E:\AI_AGENT\automated-trading-system\data\collected\binance\futures\1h\btc_usdt_20250510_151624.parquet
2025-05-10 15:58:07,624 - trading_system.process_commands - INFO - [process_commands.py:624] - Tìm thấy file cho ETH/USDT: E:\AI_AGENT\automated-trading-system\data\collected\binance\futures\1h\eth_usdt_20250510_151624.parquet
2025-05-10 15:58:07,624 - trading_system.process_commands - INFO - [process_commands.py:624] - Tìm thấy file cho BNB/USDT: E:\AI_AGENT\automated-trading-system\data\collected\binance\futures\1h\bnb_usdt_20250510_151624.parquet
2025-05-10 15:58:07,625 - trading_system.process_commands - INFO - [process_commands.py:624] - Tìm thấy file cho XRP/USDT: E:\AI_AGENT\automated-trading-system\data\collected\binance\futures\1h\xrp_usdt_20250510_151624.parquet
2025-05-10 15:58:07,626 - trading_system.process_commands - INFO - [process_commands.py:1052] - Đang tải dữ liệu từ E:\AI_AGENT\automated-trading-system\data\collected\binance\futures\1h\btc_usdt_20250510_151624.parquet cho BTC/USDT...
2025-05-10 15:58:07,707 - trading_system.process_commands - INFO - [data_pipeline.py:489] - Đã tải 26250 dòng dữ liệu từ E:\AI_AGENT\automated-trading-system\data\collected\binance\futures\1h\btc_usdt_20250510_151624.parquet cho BTC/USDT
2025-05-10 15:58:07,707 - trading_system.process_commands - INFO - [process_commands.py:1052] - Đang tải dữ liệu từ E:\AI_AGENT\automated-trading-system\data\collected\binance\futures\1h\eth_usdt_20250510_151624.parquet cho ETH/USDT...
2025-05-10 15:58:07,721 - trading_system.process_commands - INFO - [data_pipeline.py:489] - Đã tải 26250 dòng dữ liệu từ E:\AI_AGENT\automated-trading-system\data\collected\binance\futures\1h\eth_usdt_20250510_151624.parquet cho ETH/USDT
2025-05-10 15:58:07,721 - trading_system.process_commands - INFO - [process_commands.py:1052] - Đang tải dữ liệu từ E:\AI_AGENT\automated-trading-system\data\collected\binance\futures\1h\bnb_usdt_20250510_151624.parquet cho BNB/USDT...
2025-05-10 15:58:07,733 - trading_system.process_commands - INFO - [data_pipeline.py:489] - Đã tải 26250 dòng dữ liệu từ E:\AI_AGENT\automated-trading-system\data\collected\binance\futures\1h\bnb_usdt_20250510_151624.parquet cho BNB/USDT
2025-05-10 15:58:07,734 - trading_system.process_commands - INFO - [process_commands.py:1052] - Đang tải dữ liệu từ E:\AI_AGENT\automated-trading-system\data\collected\binance\futures\1h\xrp_usdt_20250510_151624.parquet cho XRP/USDT...
2025-05-10 15:58:07,745 - trading_system.process_commands - INFO - [data_pipeline.py:489] - Đã tải 26250 dòng dữ liệu từ E:\AI_AGENT\automated-trading-system\data\collected\binance\futures\1h\xrp_usdt_20250510_151624.parquet cho XRP
2025-05-10 15:58:07,745 - trading_system.process_commands - WARNING - [process_commands.py:1065] - Không tìm thấy dữ liệu cho XRP/USDT, sử dụng XRP thay thế
2025-05-10 15:58:07,750 - trading_system.process_commands - INFO - [data_pipeline.py:584] - Đã xử lý giá trị NaN ở đầu cho BTC/USDT bằng phương pháp backfill
2025-05-10 15:58:07,753 - trading_system.data_cleaner - INFO - [data_cleaner.py:366] - Bắt đầu làm sạch dữ liệu OHLCV với 26250 dòng
2025-05-10 15:58:07,767 - trading_system.data_cleaner - INFO - [data_cleaner.py:373] - Đã chuyển đổi cột timestamp từ int64 sang datetime64
2025-05-10 15:58:07,782 - trading_system.data_cleaner - INFO - [data_cleaner.py:541] - Đã hoàn thành làm sạch dữ liệu OHLCV, kết quả có 26250 dòng
2025-05-10 15:58:07,784 - trading_system.clean_technical_features - INFO - [preprocessing.py:1496] - Bắt đầu sửa chữa các giá trị ngoại lệ...
2025-05-10 15:58:07,785 - trading_system.outlier_detector - INFO - [outlier_detector.py:101] - Đã khởi tạo OutlierDetector với phương pháp zscore
2025-05-10 15:58:07,794 - trading_system.outlier_detector - WARNING - [outlier_detector.py:1070] - Phát hiện 167 giá trị cực lớn trong cột volume
2025-05-10 15:58:07,796 - trading_system.clean_technical_features - INFO - [preprocessing.py:1512] - Đã hoàn thành sửa chữa giá trị ngoại lệ
2025-05-10 15:58:07,797 - trading_system.clean_technical_features - INFO - [preprocessing.py:1516] - Bắt đầu chuẩn hóa các chỉ báo kỹ thuật...
2025-05-10 15:58:07,803 - trading_system.clean_technical_features - INFO - [preprocessing.py:1521] - Đã hoàn thành chuẩn hóa các chỉ báo
2025-05-10 15:58:07,804 - trading_system.clean_technical_features - INFO - [preprocessing.py:1525] - Bắt đầu standardize các chỉ báo kỹ thuật...
2025-05-10 15:58:07,809 - trading_system.feature_preprocessing - INFO - [preprocessing.py:1033] - Chuẩn hóa 5 cột của loại chỉ báo volume bằng phương pháp log
2025-05-10 15:58:07,817 - trading_system.clean_technical_features - INFO - [preprocessing.py:1532] - Đã hoàn thành standardize các chỉ báo
2025-05-10 15:58:07,817 - trading_system.clean_technical_features - INFO - [preprocessing.py:1536] - Thêm chỉ báo độ mạnh xu hướng...
2025-05-10 15:58:07,833 - trading_system.clean_technical_features - INFO - [preprocessing.py:1543] - Đã thêm chỉ báo độ mạnh xu hướng
2025-05-10 15:58:07,833 - trading_system.clean_technical_features - INFO - [preprocessing.py:1547] - Thêm chỉ báo Z-score của biến động...
2025-05-10 15:58:11,880 - trading_system.clean_technical_features - INFO - [preprocessing.py:1556] - Đã thêm chỉ báo Z-score của biến động
2025-05-10 15:58:11,881 - trading_system.clean_technical_features - INFO - [preprocessing.py:1569] - Đã hoàn thành làm sạch và chuẩn hóa các chỉ báo kỹ thuật
2025-05-10 15:58:11,885 - trading_system.process_commands - INFO - [data_pipeline.py:663] - Đã làm sạch và chuẩn hóa các chỉ báo kỹ thuật cho BTC/USDT
2025-05-10 15:58:11,885 - trading_system.process_commands - INFO - [data_pipeline.py:665] - Đã làm sạch 26250 -> 26250 dòng dữ liệu OHLCV cho BTC/USDT
2025-05-10 15:58:11,890 - trading_system.process_commands - INFO - [data_pipeline.py:584] - Đã xử lý giá trị NaN ở đầu cho ETH/USDT bằng phương pháp backfill
2025-05-10 15:58:11,892 - trading_system.data_cleaner - INFO - [data_cleaner.py:366] - Bắt đầu làm sạch dữ liệu OHLCV với 26250 dòng
2025-05-10 15:58:11,913 - trading_system.data_cleaner - INFO - [data_cleaner.py:373] - Đã chuyển đổi cột timestamp từ int64 sang datetime64
2025-05-10 15:58:11,924 - trading_system.data_cleaner - INFO - [data_cleaner.py:541] - Đã hoàn thành làm sạch dữ liệu OHLCV, kết quả có 26250 dòng
2025-05-10 15:58:11,925 - trading_system.clean_technical_features - INFO - [preprocessing.py:1496] - Bắt đầu sửa chữa các giá trị ngoại lệ...
2025-05-10 15:58:11,926 - trading_system.outlier_detector - INFO - [outlier_detector.py:101] - Đã khởi tạo OutlierDetector với phương pháp zscore
2025-05-10 15:58:11,932 - trading_system.outlier_detector - WARNING - [outlier_detector.py:1070] - Phát hiện 171 giá trị cực lớn trong cột volume
2025-05-10 15:58:11,935 - trading_system.clean_technical_features - INFO - [preprocessing.py:1512] - Đã hoàn thành sửa chữa giá trị ngoại lệ
2025-05-10 15:58:11,935 - trading_system.clean_technical_features - INFO - [preprocessing.py:1516] - Bắt đầu chuẩn hóa các chỉ báo kỹ thuật...
2025-05-10 15:58:11,939 - trading_system.clean_technical_features - INFO - [preprocessing.py:1521] - Đã hoàn thành chuẩn hóa các chỉ báo
2025-05-10 15:58:11,940 - trading_system.clean_technical_features - INFO - [preprocessing.py:1525] - Bắt đầu standardize các chỉ báo kỹ thuật...
2025-05-10 15:58:11,943 - trading_system.feature_preprocessing - INFO - [preprocessing.py:1033] - Chuẩn hóa 5 cột của loại chỉ báo volume bằng phương pháp log
2025-05-10 15:58:11,949 - trading_system.clean_technical_features - INFO - [preprocessing.py:1532] - Đã hoàn thành standardize các chỉ báo
2025-05-10 15:58:11,950 - trading_system.clean_technical_features - INFO - [preprocessing.py:1536] - Thêm chỉ báo độ mạnh xu hướng...
2025-05-10 15:58:11,961 - trading_system.clean_technical_features - INFO - [preprocessing.py:1543] - Đã thêm chỉ báo độ mạnh xu hướng
2025-05-10 15:58:11,962 - trading_system.clean_technical_features - INFO - [preprocessing.py:1547] - Thêm chỉ báo Z-score của biến động...
2025-05-10 15:58:16,187 - trading_system.clean_technical_features - INFO - [preprocessing.py:1556] - Đã thêm chỉ báo Z-score của biến động
2025-05-10 15:58:16,188 - trading_system.clean_technical_features - INFO - [preprocessing.py:1569] - Đã hoàn thành làm sạch và chuẩn hóa các chỉ báo kỹ thuật
2025-05-10 15:58:16,191 - trading_system.process_commands - INFO - [data_pipeline.py:663] - Đã làm sạch và chuẩn hóa các chỉ báo kỹ thuật cho ETH/USDT
2025-05-10 15:58:16,192 - trading_system.process_commands - INFO - [data_pipeline.py:665] - Đã làm sạch 26250 -> 26250 dòng dữ liệu OHLCV cho ETH/USDT
2025-05-10 15:58:16,195 - trading_system.process_commands - INFO - [data_pipeline.py:584] - Đã xử lý giá trị NaN ở đầu cho BNB/USDT bằng phương pháp backfill
2025-05-10 15:58:16,196 - trading_system.data_cleaner - INFO - [data_cleaner.py:366] - Bắt đầu làm sạch dữ liệu OHLCV với 26250 dòng
2025-05-10 15:58:16,209 - trading_system.data_cleaner - INFO - [data_cleaner.py:373] - Đã chuyển đổi cột timestamp từ int64 sang datetime64
2025-05-10 15:58:16,221 - trading_system.data_cleaner - INFO - [data_cleaner.py:541] - Đã hoàn thành làm sạch dữ liệu OHLCV, kết quả có 26250 dòng
2025-05-10 15:58:16,222 - trading_system.clean_technical_features - INFO - [preprocessing.py:1496] - Bắt đầu sửa chữa các giá trị ngoại lệ...
2025-05-10 15:58:16,223 - trading_system.outlier_detector - INFO - [outlier_detector.py:101] - Đã khởi tạo OutlierDetector với phương pháp zscore
2025-05-10 15:58:16,229 - trading_system.outlier_detector - WARNING - [outlier_detector.py:1070] - Phát hiện 159 giá trị cực lớn trong cột volume
2025-05-10 15:58:16,231 - trading_system.clean_technical_features - INFO - [preprocessing.py:1512] - Đã hoàn thành sửa chữa giá trị ngoại lệ
2025-05-10 15:58:16,231 - trading_system.clean_technical_features - INFO - [preprocessing.py:1516] - Bắt đầu chuẩn hóa các chỉ báo kỹ thuật...
2025-05-10 15:58:16,236 - trading_system.clean_technical_features - INFO - [preprocessing.py:1521] - Đã hoàn thành chuẩn hóa các chỉ báo
2025-05-10 15:58:16,237 - trading_system.clean_technical_features - INFO - [preprocessing.py:1525] - Bắt đầu standardize các chỉ báo kỹ thuật...
2025-05-10 15:58:16,240 - trading_system.feature_preprocessing - INFO - [preprocessing.py:1033] - Chuẩn hóa 5 cột của loại chỉ báo volume bằng phương pháp log
2025-05-10 15:58:16,247 - trading_system.clean_technical_features - INFO - [preprocessing.py:1532] - Đã hoàn thành standardize các chỉ báo
2025-05-10 15:58:16,247 - trading_system.clean_technical_features - INFO - [preprocessing.py:1536] - Thêm chỉ báo độ mạnh xu hướng...
2025-05-10 15:58:16,260 - trading_system.clean_technical_features - INFO - [preprocessing.py:1543] - Đã thêm chỉ báo độ mạnh xu hướng
2025-05-10 15:58:16,261 - trading_system.clean_technical_features - INFO - [preprocessing.py:1547] - Thêm chỉ báo Z-score của biến động...
2025-05-10 15:58:20,331 - trading_system.clean_technical_features - INFO - [preprocessing.py:1556] - Đã thêm chỉ báo Z-score của biến động
2025-05-10 15:58:20,332 - trading_system.clean_technical_features - INFO - [preprocessing.py:1569] - Đã hoàn thành làm sạch và chuẩn hóa các chỉ báo kỹ thuật
2025-05-10 15:58:20,335 - trading_system.process_commands - INFO - [data_pipeline.py:663] - Đã làm sạch và chuẩn hóa các chỉ báo kỹ thuật cho BNB/USDT
2025-05-10 15:58:20,336 - trading_system.process_commands - INFO - [data_pipeline.py:665] - Đã làm sạch 26250 -> 26250 dòng dữ liệu OHLCV cho BNB/USDT
2025-05-10 15:58:20,339 - trading_system.process_commands - INFO - [data_pipeline.py:584] - Đã xử lý giá trị NaN ở đầu cho XRP/USDT bằng phương pháp backfill
2025-05-10 15:58:20,340 - trading_system.data_cleaner - INFO - [data_cleaner.py:366] - Bắt đầu làm sạch dữ liệu OHLCV với 26250 dòng
2025-05-10 15:58:20,351 - trading_system.data_cleaner - INFO - [data_cleaner.py:373] - Đã chuyển đổi cột timestamp từ int64 sang datetime64
2025-05-10 15:58:20,362 - trading_system.data_cleaner - INFO - [data_cleaner.py:541] - Đã hoàn thành làm sạch dữ liệu OHLCV, kết quả có 26250 dòng
2025-05-10 15:58:20,363 - trading_system.clean_technical_features - INFO - [preprocessing.py:1496] - Bắt đầu sửa chữa các giá trị ngoại lệ...
2025-05-10 15:58:20,363 - trading_system.outlier_detector - INFO - [outlier_detector.py:101] - Đã khởi tạo OutlierDetector với phương pháp zscore
2025-05-10 15:58:20,369 - trading_system.outlier_detector - WARNING - [outlier_detector.py:1070] - Phát hiện 314 giá trị cực lớn trong cột volume
2025-05-10 15:58:20,371 - trading_system.clean_technical_features - INFO - [preprocessing.py:1512] - Đã hoàn thành sửa chữa giá trị ngoại lệ
2025-05-10 15:58:20,371 - trading_system.clean_technical_features - INFO - [preprocessing.py:1516] - Bắt đầu chuẩn hóa các chỉ báo kỹ thuật...
2025-05-10 15:58:20,375 - trading_system.clean_technical_features - INFO - [preprocessing.py:1521] - Đã hoàn thành chuẩn hóa các chỉ báo
2025-05-10 15:58:20,376 - trading_system.clean_technical_features - INFO - [preprocessing.py:1525] - Bắt đầu standardize các chỉ báo kỹ thuật...
2025-05-10 15:58:20,378 - trading_system.feature_preprocessing - INFO - [preprocessing.py:1033] - Chuẩn hóa 5 cột của loại chỉ báo volume bằng phương pháp log
2025-05-10 15:58:20,385 - trading_system.clean_technical_features - INFO - [preprocessing.py:1532] - Đã hoàn thành standardize các chỉ báo
2025-05-10 15:58:20,385 - trading_system.clean_technical_features - INFO - [preprocessing.py:1536] - Thêm chỉ báo độ mạnh xu hướng...
2025-05-10 15:58:20,396 - trading_system.clean_technical_features - INFO - [preprocessing.py:1543] - Đã thêm chỉ báo độ mạnh xu hướng
2025-05-10 15:58:20,396 - trading_system.clean_technical_features - INFO - [preprocessing.py:1547] - Thêm chỉ báo Z-score của biến động...
2025-05-10 15:58:24,386 - trading_system.clean_technical_features - INFO - [preprocessing.py:1556] - Đã thêm chỉ báo Z-score của biến động
2025-05-10 15:58:24,386 - trading_system.clean_technical_features - INFO - [preprocessing.py:1569] - Đã hoàn thành làm sạch và chuẩn hóa các chỉ báo kỹ thuật
2025-05-10 15:58:24,390 - trading_system.process_commands - INFO - [data_pipeline.py:663] - Đã làm sạch và chuẩn hóa các chỉ báo kỹ thuật cho XRP/USDT
2025-05-10 15:58:24,391 - trading_system.process_commands - INFO - [data_pipeline.py:665] - Đã làm sạch 26250 -> 26250 dòng dữ liệu OHLCV cho XRP/USDT
2025-05-10 15:58:24,393 - trading_system.process_commands - INFO - [process_commands.py:1091] - Đã làm sạch dữ liệu cho 4 cặp tiền
2025-05-10 15:58:24,394 - trading_system.process_commands - INFO - [feature_generator.py:519] - Đã đăng ký tổng cộng 72 đặc trưng mặc định
2025-05-10 15:58:24,402 - trading_system.clean_technical_features - INFO - [preprocessing.py:1496] - Bắt đầu sửa chữa các giá trị ngoại lệ...
2025-05-10 15:58:24,403 - trading_system.outlier_detector - INFO - [outlier_detector.py:101] - Đã khởi tạo OutlierDetector với phương pháp zscore
2025-05-10 15:58:24,414 - trading_system.outlier_detector - WARNING - [outlier_detector.py:1070] - Phát hiện 167 giá trị cực lớn trong cột volume
2025-05-10 15:58:24,417 - trading_system.clean_technical_features - INFO - [preprocessing.py:1512] - Đã hoàn thành sửa chữa giá trị ngoại lệ
2025-05-10 15:58:24,417 - trading_system.clean_technical_features - INFO - [preprocessing.py:1516] - Bắt đầu chuẩn hóa các chỉ báo kỹ thuật...
2025-05-10 15:58:24,429 - trading_system.clean_technical_features - INFO - [preprocessing.py:1521] - Đã hoàn thành chuẩn hóa các chỉ báo
2025-05-10 15:58:24,430 - trading_system.clean_technical_features - INFO - [preprocessing.py:1525] - Bắt đầu standardize các chỉ báo kỹ thuật...
2025-05-10 15:58:24,436 - trading_system.feature_preprocessing - INFO - [preprocessing.py:1033] - Chuẩn hóa 9 cột của loại chỉ báo volume bằng phương pháp log
2025-05-10 15:58:24,449 - trading_system.feature_preprocessing - INFO - [preprocessing.py:1033] - Chuẩn hóa 4 cột của loại chỉ báo atr bằng phương pháp rolling_zscore
2025-05-10 15:58:24,462 - trading_system.clean_technical_features - INFO - [preprocessing.py:1532] - Đã hoàn thành standardize các chỉ báo
2025-05-10 15:58:24,462 - trading_system.clean_technical_features - INFO - [preprocessing.py:1536] - Thêm chỉ báo độ mạnh xu hướng...
2025-05-10 15:58:24,477 - trading_system.clean_technical_features - INFO - [preprocessing.py:1543] - Đã thêm chỉ báo độ mạnh xu hướng
2025-05-10 15:58:24,477 - trading_system.clean_technical_features - INFO - [preprocessing.py:1547] - Thêm chỉ báo Z-score của biến động...
2025-05-10 15:58:28,598 - trading_system.clean_technical_features - INFO - [preprocessing.py:1556] - Đã thêm chỉ báo Z-score của biến động
2025-05-10 15:58:28,599 - trading_system.clean_technical_features - INFO - [preprocessing.py:1569] - Đã hoàn thành làm sạch và chuẩn hóa các chỉ báo kỹ thuật
2025-05-10 15:58:28,602 - trading_system.process_commands - INFO - [data_pipeline.py:830] - Đã làm sạch và chuẩn hóa các chỉ báo kỹ thuật cho BTC/USDT trước khi tạo đặc trưng
2025-05-10 15:58:28,604 - trading_system.process_commands - INFO - [feature_generator.py:737] - Đã tạo pipeline 'BTC/USDT_pipeline_20250510_155828'
2025-05-10 15:58:28,681 - trading_system.process_commands - INFO - [feature_generator.py:1128] - Đã loại bỏ 0 đặc trưng có phương sai < 0.001
2025-05-10 15:58:28,717 - trading_system.process_commands - INFO - [feature_generator.py:1084] - Đã loại bỏ 9 đặc trưng có tương quan > 0.95
2025-05-10 15:58:28,720 - trading_system.process_commands - INFO - [data_pipeline.py:882] - Đã tạo đặc trưng cho BTC/USDT: 27 -> 18 cột
2025-05-10 15:58:28,725 - trading_system.clean_technical_features - INFO - [preprocessing.py:1496] - Bắt đầu sửa chữa các giá trị ngoại lệ...
2025-05-10 15:58:28,726 - trading_system.outlier_detector - INFO - [outlier_detector.py:101] - Đã khởi tạo OutlierDetector với phương pháp zscore
2025-05-10 15:58:28,733 - trading_system.outlier_detector - WARNING - [outlier_detector.py:1070] - Phát hiện 171 giá trị cực lớn trong cột volume
2025-05-10 15:58:28,735 - trading_system.clean_technical_features - INFO - [preprocessing.py:1512] - Đã hoàn thành sửa chữa giá trị ngoại lệ
2025-05-10 15:58:28,738 - trading_system.clean_technical_features - INFO - [preprocessing.py:1516] - Bắt đầu chuẩn hóa các chỉ báo kỹ thuật...
2025-05-10 15:58:28,752 - trading_system.clean_technical_features - INFO - [preprocessing.py:1521] - Đã hoàn thành chuẩn hóa các chỉ báo
2025-05-10 15:58:28,753 - trading_system.clean_technical_features - INFO - [preprocessing.py:1525] - Bắt đầu standardize các chỉ báo kỹ thuật...
2025-05-10 15:58:28,759 - trading_system.feature_preprocessing - INFO - [preprocessing.py:1033] - Chuẩn hóa 9 cột của loại chỉ báo volume bằng phương pháp log
2025-05-10 15:58:28,771 - trading_system.feature_preprocessing - INFO - [preprocessing.py:1033] - Chuẩn hóa 4 cột của loại chỉ báo atr bằng phương pháp rolling_zscore
2025-05-10 15:58:28,784 - trading_system.clean_technical_features - INFO - [preprocessing.py:1532] - Đã hoàn thành standardize các chỉ báo
2025-05-10 15:58:28,784 - trading_system.clean_technical_features - INFO - [preprocessing.py:1536] - Thêm chỉ báo độ mạnh xu hướng...
2025-05-10 15:58:28,805 - trading_system.clean_technical_features - INFO - [preprocessing.py:1543] - Đã thêm chỉ báo độ mạnh xu hướng
2025-05-10 15:58:28,806 - trading_system.clean_technical_features - INFO - [preprocessing.py:1547] - Thêm chỉ báo Z-score của biến động...
2025-05-10 15:58:33,147 - trading_system.clean_technical_features - INFO - [preprocessing.py:1556] - Đã thêm chỉ báo Z-score của biến động
2025-05-10 15:58:33,148 - trading_system.clean_technical_features - INFO - [preprocessing.py:1569] - Đã hoàn thành làm sạch và chuẩn hóa các chỉ báo kỹ thuật
2025-05-10 15:58:33,151 - trading_system.process_commands - INFO - [data_pipeline.py:830] - Đã làm sạch và chuẩn hóa các chỉ báo kỹ thuật cho ETH/USDT trước khi tạo đặc trưng
2025-05-10 15:58:33,153 - trading_system.process_commands - INFO - [feature_generator.py:737] - Đã tạo pipeline 'ETH/USDT_pipeline_20250510_155833'
2025-05-10 15:58:33,230 - trading_system.process_commands - INFO - [feature_generator.py:1128] - Đã loại bỏ 0 đặc trưng có phương sai < 0.001
2025-05-10 15:58:33,264 - trading_system.process_commands - INFO - [feature_generator.py:1084] - Đã loại bỏ 9 đặc trưng có tương quan > 0.95
2025-05-10 15:58:33,272 - trading_system.process_commands - INFO - [data_pipeline.py:882] - Đã tạo đặc trưng cho ETH/USDT: 27 -> 18 cột
2025-05-10 15:58:33,277 - trading_system.clean_technical_features - INFO - [preprocessing.py:1496] - Bắt đầu sửa chữa các giá trị ngoại lệ...
2025-05-10 15:58:33,278 - trading_system.outlier_detector - INFO - [outlier_detector.py:101] - Đã khởi tạo OutlierDetector với phương pháp zscore
2025-05-10 15:58:33,284 - trading_system.outlier_detector - WARNING - [outlier_detector.py:1070] - Phát hiện 159 giá trị cực lớn trong cột volume
2025-05-10 15:58:33,285 - trading_system.clean_technical_features - INFO - [preprocessing.py:1512] - Đã hoàn thành sửa chữa giá trị ngoại lệ
2025-05-10 15:58:33,285 - trading_system.clean_technical_features - INFO - [preprocessing.py:1516] - Bắt đầu chuẩn hóa các chỉ báo kỹ thuật...
2025-05-10 15:58:33,296 - trading_system.clean_technical_features - INFO - [preprocessing.py:1521] - Đã hoàn thành chuẩn hóa các chỉ báo
2025-05-10 15:58:33,296 - trading_system.clean_technical_features - INFO - [preprocessing.py:1525] - Bắt đầu standardize các chỉ báo kỹ thuật...
2025-05-10 15:58:33,307 - trading_system.feature_preprocessing - INFO - [preprocessing.py:1033] - Chuẩn hóa 9 cột của loại chỉ báo volume bằng phương pháp log
2025-05-10 15:58:33,317 - trading_system.feature_preprocessing - INFO - [preprocessing.py:1033] - Chuẩn hóa 4 cột của loại chỉ báo atr bằng phương pháp rolling_zscore
2025-05-10 15:58:33,327 - trading_system.clean_technical_features - INFO - [preprocessing.py:1532] - Đã hoàn thành standardize các chỉ báo
2025-05-10 15:58:33,328 - trading_system.clean_technical_features - INFO - [preprocessing.py:1536] - Thêm chỉ báo độ mạnh xu hướng...
2025-05-10 15:58:33,341 - trading_system.clean_technical_features - INFO - [preprocessing.py:1543] - Đã thêm chỉ báo độ mạnh xu hướng
2025-05-10 15:58:33,341 - trading_system.clean_technical_features - INFO - [preprocessing.py:1547] - Thêm chỉ báo Z-score của biến động...
2025-05-10 15:58:37,458 - trading_system.clean_technical_features - INFO - [preprocessing.py:1556] - Đã thêm chỉ báo Z-score của biến động
2025-05-10 15:58:37,458 - trading_system.clean_technical_features - INFO - [preprocessing.py:1569] - Đã hoàn thành làm sạch và chuẩn hóa các chỉ báo kỹ thuật
2025-05-10 15:58:37,462 - trading_system.process_commands - INFO - [data_pipeline.py:830] - Đã làm sạch và chuẩn hóa các chỉ báo kỹ thuật cho BNB/USDT trước khi tạo đặc trưng
2025-05-10 15:58:37,465 - trading_system.process_commands - INFO - [feature_generator.py:737] - Đã tạo pipeline 'BNB/USDT_pipeline_20250510_155837'
2025-05-10 15:58:37,560 - trading_system.process_commands - INFO - [feature_generator.py:1128] - Đã loại bỏ 0 đặc trưng có phương sai < 0.001
2025-05-10 15:58:37,604 - trading_system.process_commands - INFO - [feature_generator.py:1084] - Đã loại bỏ 9 đặc trưng có tương quan > 0.95
2025-05-10 15:58:37,608 - trading_system.process_commands - INFO - [data_pipeline.py:882] - Đã tạo đặc trưng cho BNB/USDT: 27 -> 18 cột
2025-05-10 15:58:37,617 - trading_system.clean_technical_features - INFO - [preprocessing.py:1496] - Bắt đầu sửa chữa các giá trị ngoại lệ...
2025-05-10 15:58:37,618 - trading_system.outlier_detector - INFO - [outlier_detector.py:101] - Đã khởi tạo OutlierDetector với phương pháp zscore
2025-05-10 15:58:37,625 - trading_system.outlier_detector - WARNING - [outlier_detector.py:1070] - Phát hiện 314 giá trị cực lớn trong cột volume
2025-05-10 15:58:37,627 - trading_system.clean_technical_features - INFO - [preprocessing.py:1512] - Đã hoàn thành sửa chữa giá trị ngoại lệ
2025-05-10 15:58:37,627 - trading_system.clean_technical_features - INFO - [preprocessing.py:1516] - Bắt đầu chuẩn hóa các chỉ báo kỹ thuật...
2025-05-10 15:58:37,638 - trading_system.clean_technical_features - INFO - [preprocessing.py:1521] - Đã hoàn thành chuẩn hóa các chỉ báo
2025-05-10 15:58:37,639 - trading_system.clean_technical_features - INFO - [preprocessing.py:1525] - Bắt đầu standardize các chỉ báo kỹ thuật...
2025-05-10 15:58:37,647 - trading_system.feature_preprocessing - INFO - [preprocessing.py:1033] - Chuẩn hóa 9 cột của loại chỉ báo volume bằng phương pháp log
2025-05-10 15:58:37,660 - trading_system.feature_preprocessing - INFO - [preprocessing.py:1033] - Chuẩn hóa 4 cột của loại chỉ báo atr bằng phương pháp rolling_zscore
2025-05-10 15:58:37,673 - trading_system.clean_technical_features - INFO - [preprocessing.py:1532] - Đã hoàn thành standardize các chỉ báo
2025-05-10 15:58:37,674 - trading_system.clean_technical_features - INFO - [preprocessing.py:1536] - Thêm chỉ báo độ mạnh xu hướng...
2025-05-10 15:58:37,690 - trading_system.clean_technical_features - INFO - [preprocessing.py:1543] - Đã thêm chỉ báo độ mạnh xu hướng
2025-05-10 15:58:37,690 - trading_system.clean_technical_features - INFO - [preprocessing.py:1547] - Thêm chỉ báo Z-score của biến động...
2025-05-10 15:58:41,687 - trading_system.clean_technical_features - INFO - [preprocessing.py:1556] - Đã thêm chỉ báo Z-score của biến động
2025-05-10 15:58:41,688 - trading_system.clean_technical_features - INFO - [preprocessing.py:1569] - Đã hoàn thành làm sạch và chuẩn hóa các chỉ báo kỹ thuật
2025-05-10 15:58:41,691 - trading_system.process_commands - INFO - [data_pipeline.py:830] - Đã làm sạch và chuẩn hóa các chỉ báo kỹ thuật cho XRP/USDT trước khi tạo đặc trưng
2025-05-10 15:58:41,693 - trading_system.process_commands - INFO - [feature_generator.py:737] - Đã tạo pipeline 'XRP/USDT_pipeline_20250510_155841'
2025-05-10 15:58:41,772 - trading_system.process_commands - INFO - [feature_generator.py:1128] - Đã loại bỏ 0 đặc trưng có phương sai < 0.001
2025-05-10 15:58:41,812 - trading_system.process_commands - INFO - [feature_generator.py:1084] - Đã loại bỏ 8 đặc trưng có tương quan > 0.95
2025-05-10 15:58:41,817 - trading_system.process_commands - INFO - [data_pipeline.py:882] - Đã tạo đặc trưng cho XRP/USDT: 27 -> 19 cột
2025-05-10 15:58:41,819 - trading_system.process_commands - INFO - [process_commands.py:1106] - Đã tạo đặc trưng cho 4 cặp tiền
2025-05-10 15:58:41,819 - trading_system.process_commands - INFO - [data_pipeline.py:1163] - Tạo cột mục tiêu cho BTC/USDT
2025-05-10 15:58:41,844 - trading_system.missing_data_handler - INFO - [missing_data_handler.py:998] - Đã tạo 12 cột mục tiêu: target_direction_1, target_return_1, target_volatility_1, target_direction_3, target_return_3, target_volatility_3, target_direction_5, target_return_5, target_volatility_5, target_direction_10, target_return_10, target_volatility_10
2025-05-10 15:58:41,845 - trading_system.process_commands - INFO - [data_pipeline.py:1189] - Đã tạo 12 cột mục tiêu cho BTC/USDT: target_return_5, target_direction_10, target_direction_1, target_volatility_1, target_return_3, target_return_1, target_volatility_3, target_volatility_5, target_direction_5, target_direction_3, target_return_10, target_volatility_10
2025-05-10 15:58:41,846 - trading_system.process_commands - INFO - [data_pipeline.py:1163] - Tạo cột mục tiêu cho ETH/USDT
2025-05-10 15:58:41,871 - trading_system.missing_data_handler - INFO - [missing_data_handler.py:998] - Đã tạo 12 cột mục tiêu: target_direction_1, target_return_1, target_volatility_1, target_direction_3, target_return_3, target_volatility_3, target_direction_5, target_return_5, target_volatility_5, target_direction_10, target_return_10, target_volatility_10
2025-05-10 15:58:41,872 - trading_system.process_commands - INFO - [data_pipeline.py:1189] - Đã tạo 12 cột mục tiêu cho ETH/USDT: target_return_5, target_direction_10, target_direction_1, target_volatility_1, target_return_3, target_return_1, target_volatility_3, target_volatility_5, target_direction_5, target_direction_3, target_return_10, target_volatility_10
2025-05-10 15:58:41,873 - trading_system.process_commands - INFO - [data_pipeline.py:1163] - Tạo cột mục tiêu cho BNB/USDT
2025-05-10 15:58:41,898 - trading_system.missing_data_handler - INFO - [missing_data_handler.py:998] - Đã tạo 12 cột mục tiêu: target_direction_1, target_return_1, target_volatility_1, target_direction_3, target_return_3, target_volatility_3, target_direction_5, target_return_5, target_volatility_5, target_direction_10, target_return_10, target_volatility_10
2025-05-10 15:58:41,898 - trading_system.process_commands - INFO - [data_pipeline.py:1189] - Đã tạo 12 cột mục tiêu cho BNB/USDT: target_return_5, target_direction_10, target_direction_1, target_volatility_1, target_return_3, target_return_1, target_volatility_3, target_volatility_5, target_direction_5, target_direction_3, target_return_10, target_volatility_10
2025-05-10 15:58:41,901 - trading_system.process_commands - INFO - [data_pipeline.py:1163] - Tạo cột mục tiêu cho XRP/USDT
2025-05-10 15:58:41,925 - trading_system.missing_data_handler - INFO - [missing_data_handler.py:998] - Đã tạo 12 cột mục tiêu: target_direction_1, target_return_1, target_volatility_1, target_direction_3, target_return_3, target_volatility_3, target_direction_5, target_return_5, target_volatility_5, target_direction_10, target_return_10, target_volatility_10
2025-05-10 15:58:41,926 - trading_system.process_commands - INFO - [data_pipeline.py:1189] - Đã tạo 12 cột mục tiêu cho XRP/USDT: target_return_5, target_direction_10, target_direction_1, target_volatility_1, target_return_3, target_return_1, target_volatility_3, target_volatility_5, target_direction_5, target_direction_3, target_return_10, target_volatility_10
2025-05-10 15:58:41,927 - trading_system.process_commands - INFO - [process_commands.py:1117] - Đã tạo nhãn mục tiêu cho 4 cặp tiền
2025-05-10 15:58:42,009 - trading_system.process_commands - INFO - [data_pipeline.py:1359] - Đã lưu 26250 dòng dữ liệu cho BTC/USDT vào E:\AI_AGENT\automated-trading-system\data\processed\btc_usdt_20250510_155841.parquet
2025-05-10 15:58:42,114 - trading_system.process_commands - INFO - [data_pipeline.py:1359] - Đã lưu 26250 dòng dữ liệu cho ETH/USDT vào E:\AI_AGENT\automated-trading-system\data\processed\eth_usdt_20250510_155841.parquet
2025-05-10 15:58:42,228 - trading_system.process_commands - INFO - [data_pipeline.py:1359] - Đã lưu 26250 dòng dữ liệu cho BNB/USDT vào E:\AI_AGENT\automated-trading-system\data\processed\bnb_usdt_20250510_155841.parquet
2025-05-10 15:58:42,350 - trading_system.process_commands - INFO - [data_pipeline.py:1359] - Đã lưu 26250 dòng dữ liệu cho XRP/USDT vào E:\AI_AGENT\automated-trading-system\data\processed\xrp_usdt_20250510_155841.parquet
