2025-05-08 12:07:25,260 - trading_system.module_manager - DEBUG - [trading_system.py:60] - Các module agent khả dụng
2025-05-08 12:07:25,261 - trading_system.module_manager - DEBUG - [trading_system.py:70] - Các module môi trường khả dụng
2025-05-08 12:07:25,261 - trading_system.module_manager - DEBUG - [trading_system.py:80] - Các module thu thập dữ liệu khả dụng
2025-05-08 12:07:25,293 - trading_system.cli_parser - INFO - [main.py:206] - Đã cập nhật mức độ log: INFO
2025-05-08 12:07:25,294 - trading_system.module_manager - INFO - [trading_system.py:139] - ==== Trạng thái khả dụng của module ====
2025-05-08 12:07:25,294 - trading_system.module_manager - INFO - [trading_system.py:140] - Agents: Khả dụng
2025-05-08 12:07:25,295 - trading_system.module_manager - INFO - [trading_system.py:141] - Environments: Khả dụng
2025-05-08 12:07:25,296 - trading_system.module_manager - INFO - [trading_system.py:142] - Data Collectors: Khả dụng
2025-05-08 12:07:25,296 - trading_system.trading_system - INFO - [trading_system.py:223] - Đã khởi tạo hệ thống giao dịch tự động
2025-05-08 12:07:25,297 - trading_system.missing_data_handler - INFO - [missing_data_handler.py:79] - Đã khởi tạo MissingDataHandler với phương pháp interpolate
2025-05-08 12:07:25,297 - trading_system.missing_data_handler - INFO - [missing_data_handler.py:79] - Đã khởi tạo MissingDataHandler với phương pháp interpolate
2025-05-08 12:07:25,298 - trading_system.data_cleaner - INFO - [data_cleaner.py:70] - Đã khởi tạo DataCleaner với normalize_method=z-score
2025-05-08 12:07:25,298 - trading_system.process_commands - INFO - [feature_generator.py:98] - Đã khởi tạo FeatureGenerator
2025-05-08 12:07:25,299 - trading_system.process_commands - INFO - [feature_generator.py:326] - Đăng ký các đặc trưng mặc định
2025-05-08 12:07:25,299 - trading_system.process_commands - INFO - [feature_generator.py:515] - Đã đăng ký tất cả technical indicators có sẵn
2025-05-08 12:07:25,300 - trading_system.process_commands - INFO - [feature_generator.py:382] - Đã đăng ký tính năng tạo nhãn target
2025-05-08 12:07:25,300 - trading_system.process_commands - INFO - [feature_generator.py:388] - Đã đăng ký 11 đặc trưng: ['trend_ema', 'trend_sma', 'momentum_rsi', 'momentum_macd', 'volatility_atr', 'volatility_bbands', 'volume_obv', 'trend_adx', 'trend_supertrend', 'volume_osc', 'target_labels']
2025-05-08 12:07:25,301 - trading_system.sentiment_collector - INFO - [sentiment_collector.py:1858] - Đã thêm nguồn dữ liệu tâm lý: Fear and Greed Index
2025-05-08 12:07:25,301 - trading_system.process_commands - INFO - [data_pipeline.py:217] - Đã khởi tạo các collector dữ liệu cho binance
2025-05-08 12:07:25,302 - trading_system.process_commands - INFO - [data_pipeline.py:107] - Đã khởi tạo DataPipeline
2025-05-08 12:07:25,304 - trading_system.process_commands - INFO - [process_commands.py:587] - Tìm thấy 2 file với pattern **/btcusdt_*.parquet
2025-05-08 12:07:25,305 - trading_system.process_commands - INFO - [process_commands.py:591] - Sử dụng file mới nhất cho BTCUSDT: E:\AI_AGENT\automated-trading-system\data\collected\binance\spot\1h\btcusdt_20250508_104145.parquet
2025-05-08 12:07:25,305 - trading_system.process_commands - INFO - [process_commands.py:713] - Đang tải dữ liệu từ E:\AI_AGENT\automated-trading-system\data\collected\binance\spot\1h\btcusdt_20250508_104145.parquet cho BTCUSDT...
2025-05-08 12:07:25,388 - trading_system.process_commands - INFO - [data_pipeline.py:489] - Đã tải 6000 dòng dữ liệu từ E:\AI_AGENT\automated-trading-system\data\collected\binance\spot\1h\btcusdt_20250508_104145.parquet cho BTC/USDT
2025-05-08 12:07:25,390 - trading_system.process_commands - INFO - [data_pipeline.py:584] - Đã xử lý giá trị NaN ở đầu cho BTCUSDT bằng phương pháp backfill
2025-05-08 12:07:25,391 - trading_system.data_cleaner - INFO - [data_cleaner.py:366] - Bắt đầu làm sạch dữ liệu OHLCV với 6000 dòng
2025-05-08 12:07:25,398 - trading_system.data_cleaner - INFO - [data_cleaner.py:541] - Đã hoàn thành làm sạch dữ liệu OHLCV, kết quả có 6000 dòng
2025-05-08 12:07:25,399 - trading_system.clean_technical_features - INFO - [preprocessing.py:1496] - Bắt đầu sửa chữa các giá trị ngoại lệ...
2025-05-08 12:07:25,399 - trading_system.outlier_detector - INFO - [outlier_detector.py:101] - Đã khởi tạo OutlierDetector với phương pháp zscore
2025-05-08 12:07:25,403 - trading_system.outlier_detector - WARNING - [outlier_detector.py:1070] - Phát hiện 25 giá trị cực lớn trong cột volume
2025-05-08 12:07:25,404 - trading_system.clean_technical_features - INFO - [preprocessing.py:1512] - Đã hoàn thành sửa chữa giá trị ngoại lệ
2025-05-08 12:07:25,404 - trading_system.clean_technical_features - INFO - [preprocessing.py:1516] - Bắt đầu chuẩn hóa các chỉ báo kỹ thuật...
2025-05-08 12:07:25,406 - trading_system.clean_technical_features - INFO - [preprocessing.py:1521] - Đã hoàn thành chuẩn hóa các chỉ báo
2025-05-08 12:07:25,407 - trading_system.clean_technical_features - INFO - [preprocessing.py:1525] - Bắt đầu standardize các chỉ báo kỹ thuật...
2025-05-08 12:07:25,408 - trading_system.feature_preprocessing - INFO - [preprocessing.py:1033] - Chuẩn hóa 5 cột của loại chỉ báo volume bằng phương pháp log
2025-05-08 12:07:25,412 - trading_system.clean_technical_features - INFO - [preprocessing.py:1532] - Đã hoàn thành standardize các chỉ báo
2025-05-08 12:07:25,412 - trading_system.clean_technical_features - INFO - [preprocessing.py:1536] - Thêm chỉ báo độ mạnh xu hướng...
2025-05-08 12:07:25,418 - trading_system.clean_technical_features - INFO - [preprocessing.py:1543] - Đã thêm chỉ báo độ mạnh xu hướng
2025-05-08 12:07:25,419 - trading_system.clean_technical_features - INFO - [preprocessing.py:1547] - Thêm chỉ báo Z-score của biến động...
2025-05-08 12:07:26,359 - trading_system.clean_technical_features - INFO - [preprocessing.py:1556] - Đã thêm chỉ báo Z-score của biến động
2025-05-08 12:07:26,360 - trading_system.clean_technical_features - INFO - [preprocessing.py:1569] - Đã hoàn thành làm sạch và chuẩn hóa các chỉ báo kỹ thuật
2025-05-08 12:07:26,361 - trading_system.process_commands - INFO - [data_pipeline.py:663] - Đã làm sạch và chuẩn hóa các chỉ báo kỹ thuật cho BTCUSDT
2025-05-08 12:07:26,362 - trading_system.process_commands - INFO - [data_pipeline.py:665] - Đã làm sạch 6000 -> 6000 dòng dữ liệu OHLCV cho BTCUSDT
2025-05-08 12:07:26,387 - trading_system.process_commands - INFO - [data_pipeline.py:1359] - Đã lưu 6000 dòng dữ liệu cho BTCUSDT vào E:\AI_AGENT\automated-trading-system\data\processed\btcusdt_20250508_120726.parquet
2025-05-08 12:07:52,362 - trading_system.module_manager - DEBUG - [trading_system.py:60] - Các module agent khả dụng
2025-05-08 12:07:52,363 - trading_system.module_manager - DEBUG - [trading_system.py:70] - Các module môi trường khả dụng
2025-05-08 12:07:52,366 - trading_system.module_manager - DEBUG - [trading_system.py:80] - Các module thu thập dữ liệu khả dụng
2025-05-08 12:07:52,399 - trading_system.cli_parser - INFO - [main.py:206] - Đã cập nhật mức độ log: INFO
2025-05-08 12:07:52,400 - trading_system.module_manager - INFO - [trading_system.py:139] - ==== Trạng thái khả dụng của module ====
2025-05-08 12:07:52,403 - trading_system.module_manager - INFO - [trading_system.py:140] - Agents: Khả dụng
2025-05-08 12:07:52,404 - trading_system.module_manager - INFO - [trading_system.py:141] - Environments: Khả dụng
2025-05-08 12:07:52,405 - trading_system.module_manager - INFO - [trading_system.py:142] - Data Collectors: Khả dụng
2025-05-08 12:07:52,406 - trading_system.trading_system - INFO - [trading_system.py:223] - Đã khởi tạo hệ thống giao dịch tự động
2025-05-08 12:07:52,408 - trading_system.missing_data_handler - INFO - [missing_data_handler.py:79] - Đã khởi tạo MissingDataHandler với phương pháp interpolate
2025-05-08 12:07:52,409 - trading_system.missing_data_handler - INFO - [missing_data_handler.py:79] - Đã khởi tạo MissingDataHandler với phương pháp interpolate
2025-05-08 12:07:52,410 - trading_system.data_cleaner - INFO - [data_cleaner.py:70] - Đã khởi tạo DataCleaner với normalize_method=z-score
2025-05-08 12:07:52,411 - trading_system.process_commands - INFO - [feature_generator.py:98] - Đã khởi tạo FeatureGenerator
2025-05-08 12:07:52,412 - trading_system.process_commands - INFO - [feature_generator.py:326] - Đăng ký các đặc trưng mặc định
2025-05-08 12:07:52,413 - trading_system.process_commands - INFO - [feature_generator.py:515] - Đã đăng ký tất cả technical indicators có sẵn
2025-05-08 12:07:52,415 - trading_system.process_commands - INFO - [feature_generator.py:382] - Đã đăng ký tính năng tạo nhãn target
2025-05-08 12:07:52,419 - trading_system.process_commands - INFO - [feature_generator.py:388] - Đã đăng ký 11 đặc trưng: ['trend_ema', 'trend_sma', 'momentum_rsi', 'momentum_macd', 'volatility_atr', 'volatility_bbands', 'volume_obv', 'trend_adx', 'trend_supertrend', 'volume_osc', 'target_labels']
2025-05-08 12:07:52,421 - trading_system.sentiment_collector - INFO - [sentiment_collector.py:1858] - Đã thêm nguồn dữ liệu tâm lý: Fear and Greed Index
2025-05-08 12:07:52,422 - trading_system.process_commands - INFO - [data_pipeline.py:217] - Đã khởi tạo các collector dữ liệu cho binance
2025-05-08 12:07:52,423 - trading_system.process_commands - INFO - [data_pipeline.py:107] - Đã khởi tạo DataPipeline
2025-05-08 12:07:52,426 - trading_system.process_commands - INFO - [process_commands.py:587] - Tìm thấy 3 file với pattern **/eth_usdt_*.parquet
2025-05-08 12:07:52,427 - trading_system.process_commands - INFO - [process_commands.py:591] - Sử dụng file mới nhất cho ETH/USDT: E:\AI_AGENT\automated-trading-system\data\collected\binance\futures\1h\eth_usdt_20250508_105304.parquet
2025-05-08 12:07:52,428 - trading_system.process_commands - INFO - [process_commands.py:713] - Đang tải dữ liệu từ E:\AI_AGENT\automated-trading-system\data\collected\binance\futures\1h\eth_usdt_20250508_105304.parquet cho ETH/USDT...
2025-05-08 12:07:52,524 - trading_system.process_commands - INFO - [data_pipeline.py:489] - Đã tải 6000 dòng dữ liệu từ E:\AI_AGENT\automated-trading-system\data\collected\binance\futures\1h\eth_usdt_20250508_105304.parquet cho ETH/USDT
2025-05-08 12:07:52,526 - trading_system.process_commands - INFO - [data_pipeline.py:584] - Đã xử lý giá trị NaN ở đầu cho ETH/USDT bằng phương pháp backfill
2025-05-08 12:07:52,528 - trading_system.data_cleaner - INFO - [data_cleaner.py:366] - Bắt đầu làm sạch dữ liệu OHLCV với 6000 dòng
2025-05-08 12:07:52,537 - trading_system.data_cleaner - INFO - [data_cleaner.py:541] - Đã hoàn thành làm sạch dữ liệu OHLCV, kết quả có 6000 dòng
2025-05-08 12:07:52,538 - trading_system.clean_technical_features - INFO - [preprocessing.py:1496] - Bắt đầu sửa chữa các giá trị ngoại lệ...
2025-05-08 12:07:52,539 - trading_system.outlier_detector - INFO - [outlier_detector.py:101] - Đã khởi tạo OutlierDetector với phương pháp zscore
2025-05-08 12:07:52,543 - trading_system.outlier_detector - WARNING - [outlier_detector.py:1070] - Phát hiện 24 giá trị cực lớn trong cột volume
2025-05-08 12:07:52,545 - trading_system.clean_technical_features - INFO - [preprocessing.py:1512] - Đã hoàn thành sửa chữa giá trị ngoại lệ
2025-05-08 12:07:52,546 - trading_system.clean_technical_features - INFO - [preprocessing.py:1516] - Bắt đầu chuẩn hóa các chỉ báo kỹ thuật...
2025-05-08 12:07:52,549 - trading_system.clean_technical_features - INFO - [preprocessing.py:1521] - Đã hoàn thành chuẩn hóa các chỉ báo
2025-05-08 12:07:52,549 - trading_system.clean_technical_features - INFO - [preprocessing.py:1525] - Bắt đầu standardize các chỉ báo kỹ thuật...
2025-05-08 12:07:52,551 - trading_system.feature_preprocessing - INFO - [preprocessing.py:1033] - Chuẩn hóa 5 cột của loại chỉ báo volume bằng phương pháp log
2025-05-08 12:07:52,556 - trading_system.clean_technical_features - INFO - [preprocessing.py:1532] - Đã hoàn thành standardize các chỉ báo
2025-05-08 12:07:52,556 - trading_system.clean_technical_features - INFO - [preprocessing.py:1536] - Thêm chỉ báo độ mạnh xu hướng...
2025-05-08 12:07:52,563 - trading_system.clean_technical_features - INFO - [preprocessing.py:1543] - Đã thêm chỉ báo độ mạnh xu hướng
2025-05-08 12:07:52,564 - trading_system.clean_technical_features - INFO - [preprocessing.py:1547] - Thêm chỉ báo Z-score của biến động...
2025-05-08 12:07:53,522 - trading_system.clean_technical_features - INFO - [preprocessing.py:1556] - Đã thêm chỉ báo Z-score của biến động
2025-05-08 12:07:53,523 - trading_system.clean_technical_features - INFO - [preprocessing.py:1569] - Đã hoàn thành làm sạch và chuẩn hóa các chỉ báo kỹ thuật
2025-05-08 12:07:53,525 - trading_system.process_commands - INFO - [data_pipeline.py:663] - Đã làm sạch và chuẩn hóa các chỉ báo kỹ thuật cho ETH/USDT
2025-05-08 12:07:53,527 - trading_system.process_commands - INFO - [data_pipeline.py:665] - Đã làm sạch 6000 -> 6000 dòng dữ liệu OHLCV cho ETH/USDT
2025-05-08 12:07:53,554 - trading_system.process_commands - INFO - [data_pipeline.py:1359] - Đã lưu 6000 dòng dữ liệu cho ETH/USDT vào E:\AI_AGENT\automated-trading-system\data\processed\eth_usdt_20250508_120753.parquet
