2025-05-13 11:56:17,956 - trading_system.module_manager - DEBUG - [trading_system.py:60] - Các module agent khả dụng
2025-05-13 11:56:17,957 - trading_system.module_manager - DEBUG - [trading_system.py:70] - Các module môi trường khả dụng
2025-05-13 11:56:17,957 - trading_system.module_manager - DEBUG - [trading_system.py:80] - Các module thu thập dữ liệu khả dụng
2025-05-13 11:56:17,993 - trading_system.cli_parser - INFO - [main.py:206] - Đã cập nhật mức độ log: INFO
2025-05-13 11:56:17,994 - trading_system.module_manager - INFO - [trading_system.py:139] - ==== Trạng thái khả dụng của module ====
2025-05-13 11:56:17,994 - trading_system.module_manager - INFO - [trading_system.py:140] - Agents: Khả dụng
2025-05-13 11:56:17,995 - trading_system.module_manager - INFO - [trading_system.py:141] - Environments: Khả dụng
2025-05-13 11:56:17,996 - trading_system.module_manager - INFO - [trading_system.py:142] - Data Collectors: Khả dụng
2025-05-13 11:56:17,996 - trading_system.trading_system - INFO - [trading_system.py:223] - Đã khởi tạo hệ thống giao dịch tự động
2025-05-13 11:56:17,997 - trading_system.cli_parser - INFO - [main.py:258] - Sử dụng thư mục đầu ra: data\marge
2025-05-13 11:56:17,997 - trading_system.data_cleaner - INFO - [data_cleaner.py:70] - Đã khởi tạo DataCleaner với normalize_method=z-score
2025-05-13 11:56:17,998 - trading_system.process_commands - INFO - [feature_generator.py:160] - Đã khởi tạo FeatureGenerator
2025-05-13 11:56:17,999 - trading_system.process_commands - INFO - [feature_generator.py:519] - Đã đăng ký tổng cộng 72 đặc trưng mặc định
2025-05-13 11:56:17,999 - trading_system.sentiment_collector - INFO - [sentiment_collector.py:1858] - Đã thêm nguồn dữ liệu tâm lý: Fear and Greed Index
2025-05-13 11:56:18,000 - trading_system.process_commands - INFO - [data_pipeline.py:223] - Đã khởi tạo các collector dữ liệu cho binance
2025-05-13 11:56:18,000 - trading_system.process_commands - INFO - [data_pipeline.py:111] - Đã khởi tạo DataPipeline
2025-05-13 11:56:18,001 - trading_system.process_commands - INFO - [process_commands.py:648] - Sử dụng thư mục đầu vào mặc định: E:\AI_AGENT\automated-trading-system\data\collected
2025-05-13 11:56:18,002 - trading_system.process_commands - INFO - [process_commands.py:1035] - Đã chuẩn bị thư mục dữ liệu tâm lý: E:\AI_AGENT\automated-trading-system\data\sentiment
2025-05-13 11:56:18,003 - trading_system.process_commands - INFO - [process_commands.py:1044] - Dữ liệu từ ngày: 2025-02-10
2025-05-13 11:56:18,003 - trading_system.process_commands - INFO - [process_commands.py:1052] - Dữ liệu đến ngày: 2025-05-10
2025-05-13 11:56:18,004 - trading_system.process_commands - INFO - [process_commands.py:678] - Đang tìm kiếm dữ liệu trong thư mục: E:\AI_AGENT\automated-trading-system\data\collected
2025-05-13 11:56:18,007 - trading_system.process_commands - INFO - [process_commands.py:685] - Tìm thấy tổng cộng 2 file dữ liệu
2025-05-13 11:56:18,010 - trading_system.process_commands - INFO - [process_commands.py:699] - Tìm thấy file cho BTC/USDT: E:\AI_AGENT\automated-trading-system\data\collected\binance\futures\1h\btc_usdt_20250513_041715.parquet
2025-05-13 11:56:18,010 - trading_system.process_commands - INFO - [process_commands.py:1177] - Đang tải dữ liệu từ E:\AI_AGENT\automated-trading-system\data\collected\binance\futures\1h\btc_usdt_20250513_041715.parquet cho BTC/USDT...
2025-05-13 11:56:18,116 - trading_system.process_commands - INFO - [data_pipeline.py:762] - Timestamp cho BTC/USDT: dtype=datetime64[ns], min=2025-02-09 17:00:00, max=2025-03-02 12:00:00
2025-05-13 11:56:18,116 - trading_system.process_commands - INFO - [data_pipeline.py:766] - Đã tải 500 dòng dữ liệu từ E:\AI_AGENT\automated-trading-system\data\collected\binance\futures\1h\btc_usdt_20250513_041715.parquet cho BTC/USDT
2025-05-13 11:56:18,118 - trading_system.process_commands - INFO - [data_pipeline.py:1039] - Đã xử lý giá trị NaN ở đầu cho BTC/USDT bằng phương pháp backfill
2025-05-13 11:56:18,120 - trading_system.data_cleaner - INFO - [data_cleaner.py:366] - Bắt đầu làm sạch dữ liệu OHLCV với 500 dòng
2025-05-13 11:56:18,129 - trading_system.data_cleaner - INFO - [data_cleaner.py:541] - Đã hoàn thành làm sạch dữ liệu OHLCV, kết quả có 500 dòng
2025-05-13 11:56:18,129 - trading_system.clean_technical_features - INFO - [preprocessing.py:1484] - Bắt đầu sửa chữa các giá trị ngoại lệ...
2025-05-13 11:56:18,130 - trading_system.outlier_detector - INFO - [outlier_detector.py:101] - Đã khởi tạo OutlierDetector với phương pháp zscore
2025-05-13 11:56:18,133 - trading_system.outlier_detector - WARNING - [outlier_detector.py:1070] - Phát hiện 7 giá trị cực lớn trong cột volume
2025-05-13 11:56:18,135 - trading_system.clean_technical_features - INFO - [preprocessing.py:1500] - Đã hoàn thành sửa chữa giá trị ngoại lệ
2025-05-13 11:56:18,135 - trading_system.clean_technical_features - INFO - [preprocessing.py:1504] - Bắt đầu chuẩn hóa các chỉ báo kỹ thuật...
2025-05-13 11:56:18,138 - trading_system.clean_technical_features - INFO - [preprocessing.py:1509] - Đã hoàn thành chuẩn hóa các chỉ báo
2025-05-13 11:56:18,138 - trading_system.clean_technical_features - INFO - [preprocessing.py:1513] - Bắt đầu standardize các chỉ báo kỹ thuật...
2025-05-13 11:56:18,139 - trading_system.feature_preprocessing - INFO - [preprocessing.py:1033] - Chuẩn hóa 5 cột của loại chỉ báo volume bằng phương pháp log
2025-05-13 11:56:18,144 - trading_system.clean_technical_features - INFO - [preprocessing.py:1520] - Đã hoàn thành standardize các chỉ báo
2025-05-13 11:56:18,145 - trading_system.clean_technical_features - INFO - [preprocessing.py:1524] - Thêm chỉ báo độ mạnh xu hướng...
2025-05-13 11:56:18,150 - trading_system.clean_technical_features - INFO - [preprocessing.py:1531] - Đã thêm chỉ báo độ mạnh xu hướng
2025-05-13 11:56:18,151 - trading_system.clean_technical_features - INFO - [preprocessing.py:1535] - Thêm chỉ báo Z-score của biến động...
2025-05-13 11:56:18,257 - trading_system.clean_technical_features - INFO - [preprocessing.py:1544] - Đã thêm chỉ báo Z-score của biến động
2025-05-13 11:56:18,258 - trading_system.clean_technical_features - INFO - [preprocessing.py:1559] - Đã hoàn thành làm sạch và chuẩn hóa các chỉ báo kỹ thuật
2025-05-13 11:56:18,258 - trading_system.process_commands - INFO - [data_pipeline.py:1087] - Đã làm sạch và chuẩn hóa các chỉ báo kỹ thuật cho BTC/USDT
2025-05-13 11:56:18,259 - trading_system.process_commands - INFO - [data_pipeline.py:1089] - Đã làm sạch 500 -> 500 dòng dữ liệu OHLCV cho BTC/USDT
2025-05-13 11:56:18,260 - trading_system.process_commands - INFO - [process_commands.py:1216] - Đã làm sạch dữ liệu cho 1 cặp tiền
2025-05-13 11:56:18,260 - trading_system.process_commands - INFO - [feature_generator.py:519] - Đã đăng ký tổng cộng 72 đặc trưng mặc định
2025-05-13 11:56:18,262 - trading_system.clean_technical_features - INFO - [preprocessing.py:1484] - Bắt đầu sửa chữa các giá trị ngoại lệ...
2025-05-13 11:56:18,263 - trading_system.outlier_detector - INFO - [outlier_detector.py:101] - Đã khởi tạo OutlierDetector với phương pháp zscore
2025-05-13 11:56:18,265 - trading_system.outlier_detector - WARNING - [outlier_detector.py:1070] - Phát hiện 7 giá trị cực lớn trong cột volume
2025-05-13 11:56:18,266 - trading_system.clean_technical_features - INFO - [preprocessing.py:1500] - Đã hoàn thành sửa chữa giá trị ngoại lệ
2025-05-13 11:56:18,267 - trading_system.clean_technical_features - INFO - [preprocessing.py:1504] - Bắt đầu chuẩn hóa các chỉ báo kỹ thuật...
2025-05-13 11:56:18,273 - trading_system.clean_technical_features - INFO - [preprocessing.py:1509] - Đã hoàn thành chuẩn hóa các chỉ báo
2025-05-13 11:56:18,274 - trading_system.clean_technical_features - INFO - [preprocessing.py:1513] - Bắt đầu standardize các chỉ báo kỹ thuật...
2025-05-13 11:56:18,275 - trading_system.feature_preprocessing - INFO - [preprocessing.py:1033] - Chuẩn hóa 9 cột của loại chỉ báo volume bằng phương pháp log
2025-05-13 11:56:18,283 - trading_system.feature_preprocessing - INFO - [preprocessing.py:1033] - Chuẩn hóa 4 cột của loại chỉ báo atr bằng phương pháp rolling_zscore
2025-05-13 11:56:18,288 - trading_system.clean_technical_features - INFO - [preprocessing.py:1520] - Đã hoàn thành standardize các chỉ báo
2025-05-13 11:56:18,289 - trading_system.clean_technical_features - INFO - [preprocessing.py:1524] - Thêm chỉ báo độ mạnh xu hướng...
2025-05-13 11:56:18,294 - trading_system.clean_technical_features - INFO - [preprocessing.py:1531] - Đã thêm chỉ báo độ mạnh xu hướng
2025-05-13 11:56:18,294 - trading_system.clean_technical_features - INFO - [preprocessing.py:1535] - Thêm chỉ báo Z-score của biến động...
2025-05-13 11:56:18,382 - trading_system.clean_technical_features - INFO - [preprocessing.py:1544] - Đã thêm chỉ báo Z-score của biến động
2025-05-13 11:56:18,382 - trading_system.clean_technical_features - INFO - [preprocessing.py:1559] - Đã hoàn thành làm sạch và chuẩn hóa các chỉ báo kỹ thuật
2025-05-13 11:56:18,385 - trading_system.process_commands - INFO - [data_pipeline.py:1271] - Đã làm sạch và chuẩn hóa các chỉ báo kỹ thuật cho BTC/USDT trước khi tạo đặc trưng
2025-05-13 11:56:18,387 - trading_system.process_commands - INFO - [feature_generator.py:737] - Đã tạo pipeline 'BTC/USDT_pipeline_20250513_115618'
2025-05-13 11:56:18,421 - trading_system.process_commands - INFO - [feature_generator.py:1128] - Đã loại bỏ 0 đặc trưng có phương sai < 0.001
2025-05-13 11:56:18,426 - trading_system.process_commands - INFO - [feature_generator.py:1084] - Đã loại bỏ 10 đặc trưng có tương quan > 0.95
2025-05-13 11:56:18,429 - trading_system.process_commands - INFO - [data_pipeline.py:1324] - Đã tạo đặc trưng cho BTC/USDT: 26 -> 17 cột
2025-05-13 11:56:18,430 - trading_system.process_commands - INFO - [process_commands.py:1231] - Đã tạo đặc trưng cho 1 cặp tiền
2025-05-13 11:56:18,431 - trading_system.process_commands - INFO - [data_pipeline.py:1910] - Tạo cột mục tiêu cho BTC/USDT
2025-05-13 11:56:18,451 - trading_system.process_commands - INFO - [data_pipeline.py:1937] - Đã tạo 12 cột mục tiêu cho BTC/USDT: target_volatility_1, target_return_3, target_return_5, target_direction_5, target_direction_10, target_direction_1, target_volatility_5, target_return_1, target_direction_3, target_return_10, target_volatility_3, target_volatility_10
2025-05-13 11:56:18,452 - trading_system.process_commands - INFO - [process_commands.py:1242] - Đã tạo nhãn mục tiêu cho 1 cặp tiền
2025-05-13 11:56:18,455 - trading_system.process_commands - INFO - [process_commands.py:1253] - Bắt đầu kết hợp dữ liệu tâm lý từ E:\AI_AGENT\automated-trading-system\data\sentiment
2025-05-13 11:56:18,457 - trading_system.process_commands - INFO - [process_commands.py:1262] - Sử dụng file tâm lý: E:\AI_AGENT\automated-trading-system\data\sentiment\btc_sentiment_20250513_053253.parquet
2025-05-13 11:56:18,464 - trading_system.process_commands - INFO - [data_pipeline.py:1437] - Sử dụng DataFrame tâm lý được cung cấp trực tiếp
2025-05-13 11:56:18,465 - trading_system.process_commands - INFO - [data_pipeline.py:788] - Bắt đầu làm sạch dữ liệu tâm lý: 2130 dòng
2025-05-13 11:56:18,471 - trading_system.process_commands - INFO - [data_pipeline.py:861] - Đã chuẩn hóa giá trị tâm lý về khoảng [0, 1] trong cột sentiment_value_normalized
2025-05-13 11:56:18,474 - trading_system.process_commands - INFO - [data_pipeline.py:867] - Hoàn thành làm sạch dữ liệu tâm lý: 2130 dòng
2025-05-13 11:56:18,475 - trading_system.process_commands - INFO - [data_pipeline.py:1492] - Tìm kiếm dữ liệu tâm lý từ thư mục: E:\AI_AGENT\automated-trading-system\data\sentiment
2025-05-13 11:56:18,476 - trading_system.process_commands - INFO - [data_pipeline.py:1348] - Tìm kiếm dữ liệu tâm lý cho BTC trong E:\AI_AGENT\automated-trading-system\data\sentiment
2025-05-13 11:56:18,478 - trading_system.process_commands - INFO - [data_pipeline.py:1394] - Tìm thấy 1 file tâm lý cho BTC, sử dụng file mới nhất: E:\AI_AGENT\automated-trading-system\data\sentiment\btc_sentiment_20250513_053253.parquet
2025-05-13 11:56:18,478 - trading_system.process_commands - INFO - [data_pipeline.py:1505] - Sử dụng file tâm lý: E:\AI_AGENT\automated-trading-system\data\sentiment\btc_sentiment_20250513_053253.parquet
2025-05-13 11:56:18,485 - trading_system.process_commands - INFO - [data_pipeline.py:788] - Bắt đầu làm sạch dữ liệu tâm lý: 2130 dòng
2025-05-13 11:56:18,488 - trading_system.process_commands - INFO - [data_pipeline.py:861] - Đã chuẩn hóa giá trị tâm lý về khoảng [0, 1] trong cột sentiment_value_normalized
2025-05-13 11:56:18,489 - trading_system.process_commands - INFO - [data_pipeline.py:867] - Hoàn thành làm sạch dữ liệu tâm lý: 2130 dòng
2025-05-13 11:56:18,489 - trading_system.process_commands - INFO - [data_pipeline.py:1521] - Đã đọc 2130 dòng dữ liệu tâm lý cho BTC/USDT
2025-05-13 11:56:18,491 - trading_system.process_commands - INFO - [data_pipeline.py:1564] - Timestamp cho BTC/USDT: datetime64[ns], min=2025-02-09 17:00:00, max=2025-03-02 12:00:00
2025-05-13 11:56:18,492 - trading_system.process_commands - INFO - [data_pipeline.py:1580] - Sử dụng dữ liệu tâm lý riêng cho BTC/USDT
2025-05-13 11:56:18,493 - trading_system.process_commands - INFO - [data_pipeline.py:1621] - Sử dụng cột sentiment_value cho giá trị tâm lý của BTC/USDT
2025-05-13 11:56:18,495 - trading_system.process_commands - INFO - [data_pipeline.py:1634] - Timestamp tâm lý cho BTC/USDT: datetime64[ns], min=2025-02-10 00:00:00, max=2025-05-09 17:00:00
2025-05-13 11:56:18,510 - trading_system.process_commands - INFO - [data_pipeline.py:1683] - Tìm thấy 21 ngày chung giữa dữ liệu thị trường và tâm lý
2025-05-13 11:56:18,514 - trading_system.process_commands - INFO - [data_pipeline.py:1694] - Số giá trị tâm lý hợp lệ: 500/500 (100.00%)
2025-05-13 11:56:18,521 - trading_system.process_commands - INFO - [data_pipeline.py:1720] - Đã xử lý 1 giá trị NaN trong cột sentiment_lag_1 cho BTC/USDT
2025-05-13 11:56:18,523 - trading_system.process_commands - INFO - [data_pipeline.py:1720] - Đã xử lý 3 giá trị NaN trong cột sentiment_lag_3 cho BTC/USDT
2025-05-13 11:56:18,524 - trading_system.process_commands - INFO - [data_pipeline.py:1720] - Đã xử lý 5 giá trị NaN trong cột sentiment_lag_5 cho BTC/USDT
2025-05-13 11:56:18,526 - trading_system.process_commands - INFO - [data_pipeline.py:1720] - Đã xử lý 1 giá trị NaN trong cột sentiment_change cho BTC/USDT
2025-05-13 11:56:18,527 - trading_system.process_commands - INFO - [data_pipeline.py:1720] - Đã xử lý 4 giá trị NaN trong cột sentiment_ma_5 cho BTC/USDT
2025-05-13 11:56:18,528 - trading_system.process_commands - INFO - [data_pipeline.py:1720] - Đã xử lý 9 giá trị NaN trong cột sentiment_ma_10 cho BTC/USDT
2025-05-13 11:56:18,530 - trading_system.process_commands - INFO - [data_pipeline.py:1720] - Đã xử lý 19 giá trị NaN trong cột sentiment_ma_20 cho BTC/USDT
2025-05-13 11:56:18,535 - trading_system.process_commands - INFO - [data_pipeline.py:1728] - Đã kết hợp dữ liệu tâm lý vào dữ liệu thị trường cho BTC/USDT
2025-05-13 11:56:18,535 - trading_system.process_commands - INFO - [process_commands.py:1284] - Đã thêm thành công dữ liệu tâm lý vào dữ liệu thị trường
2025-05-13 11:56:18,537 - trading_system.process_commands - INFO - [process_commands.py:1296] - Đã làm sạch các đặc trưng tâm lý cho BTC/USDT
2025-05-13 11:56:18,538 - trading_system.process_commands - INFO - [data_pipeline.py:1967] - Kiểm tra tính nhất quán của dữ liệu cho BTC/USDT
2025-05-13 11:56:18,540 - trading_system.process_commands - INFO - [data_pipeline.py:1990] - Đã làm sạch các cột tâm lý cho BTC/USDT trước khi kiểm tra tính nhất quán
2025-05-13 11:56:18,544 - trading_system.process_commands - WARNING - [data_pipeline.py:2121] - Dữ liệu BTC/USDT có cảnh báo: 
2025-05-13 11:56:18,545 - trading_system.process_commands - INFO - [data_pipeline.py:2187] - Bắt đầu lưu 1 DataFrame vào data\marge
2025-05-13 11:56:18,546 - trading_system.process_commands - INFO - [data_pipeline.py:2211] - Đang lưu BTC/USDT vào data\marge\btc_usdt_20250513_115618.parquet
2025-05-13 11:56:18,559 - trading_system.process_commands - INFO - [data_pipeline.py:2220] - Đã lưu Parquet cho BTC/USDT
2025-05-13 11:56:18,560 - trading_system.process_commands - INFO - [data_pipeline.py:2249] - Đã lưu metadata cho BTC/USDT
2025-05-13 11:56:18,561 - trading_system.process_commands - INFO - [data_pipeline.py:2276] - Đã lưu tổng cộng 1/1 file dữ liệu
