2025-05-12 16:30:24,036 - trading_system.module_manager - DEBUG - [trading_system.py:60] - Các module agent khả dụng
2025-05-12 16:30:24,036 - trading_system.module_manager - DEBUG - [trading_system.py:70] - Các module môi trường khả dụng
2025-05-12 16:30:24,037 - trading_system.module_manager - DEBUG - [trading_system.py:80] - Các module thu thập dữ liệu khả dụng
2025-05-12 16:30:24,070 - trading_system.cli_parser - INFO - [main.py:206] - Đã cập nhật mức độ log: INFO
2025-05-12 16:30:24,070 - trading_system.module_manager - INFO - [trading_system.py:139] - ==== Trạng thái khả dụng của module ====
2025-05-12 16:30:24,071 - trading_system.module_manager - INFO - [trading_system.py:140] - Agents: Khả dụng
2025-05-12 16:30:24,072 - trading_system.module_manager - INFO - [trading_system.py:141] - Environments: Khả dụng
2025-05-12 16:30:24,072 - trading_system.module_manager - INFO - [trading_system.py:142] - Data Collectors: Khả dụng
2025-05-12 16:30:24,072 - trading_system.trading_system - INFO - [trading_system.py:223] - Đã khởi tạo hệ thống giao dịch tự động
2025-05-12 16:30:24,073 - trading_system.cli_parser - INFO - [main.py:258] - Sử dụng thư mục đầu ra: data\features
2025-05-12 16:30:24,073 - trading_system.data_cleaner - INFO - [data_cleaner.py:70] - Đã khởi tạo DataCleaner với normalize_method=z-score
2025-05-12 16:30:24,074 - trading_system.process_commands - INFO - [feature_generator.py:160] - Đã khởi tạo FeatureGenerator
2025-05-12 16:30:24,075 - trading_system.process_commands - INFO - [feature_generator.py:519] - Đã đăng ký tổng cộng 72 đặc trưng mặc định
2025-05-12 16:30:24,075 - trading_system.sentiment_collector - INFO - [sentiment_collector.py:1858] - Đã thêm nguồn dữ liệu tâm lý: Fear and Greed Index
2025-05-12 16:30:24,076 - trading_system.process_commands - INFO - [data_pipeline.py:223] - Đã khởi tạo các collector dữ liệu cho binance
2025-05-12 16:30:24,076 - trading_system.process_commands - INFO - [data_pipeline.py:111] - Đã khởi tạo DataPipeline
2025-05-12 16:30:24,076 - trading_system.process_commands - INFO - [process_commands.py:648] - Sử dụng thư mục đầu vào mặc định: E:\AI_AGENT\automated-trading-system\data\collected
2025-05-12 16:30:24,077 - trading_system.process_commands - INFO - [process_commands.py:1035] - Đã chuẩn bị thư mục dữ liệu tâm lý: E:\AI_AGENT\automated-trading-system\data\sentiment
2025-05-12 16:30:24,077 - trading_system.process_commands - INFO - [process_commands.py:678] - Đang tìm kiếm dữ liệu trong thư mục: E:\AI_AGENT\automated-trading-system\data\collected
2025-05-12 16:30:24,080 - trading_system.process_commands - INFO - [process_commands.py:685] - Tìm thấy tổng cộng 7 file dữ liệu
2025-05-12 16:30:24,081 - trading_system.process_commands - INFO - [process_commands.py:699] - Tìm thấy file cho BTC/USDT: E:\AI_AGENT\automated-trading-system\data\collected\binance\futures\1h\btc_usdt_20250511_165449.parquet
2025-05-12 16:30:24,081 - trading_system.process_commands - INFO - [process_commands.py:1177] - Đang tải dữ liệu từ E:\AI_AGENT\automated-trading-system\data\collected\binance\futures\1h\btc_usdt_20250511_165449.parquet cho BTC/USDT...
2025-05-12 16:30:24,180 - trading_system.process_commands - INFO - [data_pipeline.py:762] - Timestamp cho BTC/USDT: dtype=datetime64[ns], min=2025-02-09 17:00:00, max=2025-03-02 12:00:00
2025-05-12 16:30:24,180 - trading_system.process_commands - INFO - [data_pipeline.py:766] - Đã tải 500 dòng dữ liệu từ E:\AI_AGENT\automated-trading-system\data\collected\binance\futures\1h\btc_usdt_20250511_165449.parquet cho BTC/USDT
2025-05-12 16:30:24,182 - trading_system.process_commands - INFO - [data_pipeline.py:1039] - Đã xử lý giá trị NaN ở đầu cho BTC/USDT bằng phương pháp backfill
2025-05-12 16:30:24,183 - trading_system.data_cleaner - INFO - [data_cleaner.py:366] - Bắt đầu làm sạch dữ liệu OHLCV với 500 dòng
2025-05-12 16:30:24,189 - trading_system.data_cleaner - INFO - [data_cleaner.py:541] - Đã hoàn thành làm sạch dữ liệu OHLCV, kết quả có 500 dòng
2025-05-12 16:30:24,190 - trading_system.clean_technical_features - INFO - [preprocessing.py:1513] - Bắt đầu sửa chữa các giá trị ngoại lệ...
2025-05-12 16:30:24,191 - trading_system.outlier_detector - INFO - [outlier_detector.py:101] - Đã khởi tạo OutlierDetector với phương pháp zscore
2025-05-12 16:30:24,193 - trading_system.outlier_detector - WARNING - [outlier_detector.py:1070] - Phát hiện 7 giá trị cực lớn trong cột volume
2025-05-12 16:30:24,194 - trading_system.clean_technical_features - INFO - [preprocessing.py:1529] - Đã hoàn thành sửa chữa giá trị ngoại lệ
2025-05-12 16:30:24,195 - trading_system.clean_technical_features - INFO - [preprocessing.py:1533] - Bắt đầu chuẩn hóa các chỉ báo kỹ thuật...
2025-05-12 16:30:24,197 - trading_system.clean_technical_features - INFO - [preprocessing.py:1538] - Đã hoàn thành chuẩn hóa các chỉ báo
2025-05-12 16:30:24,199 - trading_system.clean_technical_features - INFO - [preprocessing.py:1542] - Bắt đầu standardize các chỉ báo kỹ thuật...
2025-05-12 16:30:24,200 - trading_system.feature_preprocessing - INFO - [preprocessing.py:1033] - Chuẩn hóa 5 cột của loại chỉ báo volume bằng phương pháp log
2025-05-12 16:30:24,204 - trading_system.clean_technical_features - INFO - [preprocessing.py:1549] - Đã hoàn thành standardize các chỉ báo
2025-05-12 16:30:24,204 - trading_system.clean_technical_features - INFO - [preprocessing.py:1553] - Thêm chỉ báo độ mạnh xu hướng...
2025-05-12 16:30:24,208 - trading_system.clean_technical_features - INFO - [preprocessing.py:1560] - Đã thêm chỉ báo độ mạnh xu hướng
2025-05-12 16:30:24,209 - trading_system.clean_technical_features - INFO - [preprocessing.py:1564] - Thêm chỉ báo Z-score của biến động...
2025-05-12 16:30:24,290 - trading_system.clean_technical_features - INFO - [preprocessing.py:1573] - Đã thêm chỉ báo Z-score của biến động
2025-05-12 16:30:24,290 - trading_system.clean_technical_features - INFO - [preprocessing.py:1586] - Đã hoàn thành làm sạch và chuẩn hóa các chỉ báo kỹ thuật
2025-05-12 16:30:24,291 - trading_system.process_commands - INFO - [data_pipeline.py:1087] - Đã làm sạch và chuẩn hóa các chỉ báo kỹ thuật cho BTC/USDT
2025-05-12 16:30:24,291 - trading_system.process_commands - INFO - [data_pipeline.py:1089] - Đã làm sạch 500 -> 500 dòng dữ liệu OHLCV cho BTC/USDT
2025-05-12 16:30:24,291 - trading_system.process_commands - INFO - [process_commands.py:1216] - Đã làm sạch dữ liệu cho 1 cặp tiền
2025-05-12 16:30:24,292 - trading_system.process_commands - INFO - [feature_generator.py:519] - Đã đăng ký tổng cộng 72 đặc trưng mặc định
2025-05-12 16:30:24,293 - trading_system.clean_technical_features - INFO - [preprocessing.py:1513] - Bắt đầu sửa chữa các giá trị ngoại lệ...
2025-05-12 16:30:24,294 - trading_system.outlier_detector - INFO - [outlier_detector.py:101] - Đã khởi tạo OutlierDetector với phương pháp zscore
2025-05-12 16:30:24,296 - trading_system.outlier_detector - WARNING - [outlier_detector.py:1070] - Phát hiện 7 giá trị cực lớn trong cột volume
2025-05-12 16:30:24,296 - trading_system.clean_technical_features - INFO - [preprocessing.py:1529] - Đã hoàn thành sửa chữa giá trị ngoại lệ
2025-05-12 16:30:24,297 - trading_system.clean_technical_features - INFO - [preprocessing.py:1533] - Bắt đầu chuẩn hóa các chỉ báo kỹ thuật...
2025-05-12 16:30:24,301 - trading_system.clean_technical_features - INFO - [preprocessing.py:1538] - Đã hoàn thành chuẩn hóa các chỉ báo
2025-05-12 16:30:24,302 - trading_system.clean_technical_features - INFO - [preprocessing.py:1542] - Bắt đầu standardize các chỉ báo kỹ thuật...
2025-05-12 16:30:24,303 - trading_system.feature_preprocessing - INFO - [preprocessing.py:1033] - Chuẩn hóa 9 cột của loại chỉ báo volume bằng phương pháp log
2025-05-12 16:30:24,310 - trading_system.feature_preprocessing - INFO - [preprocessing.py:1033] - Chuẩn hóa 4 cột của loại chỉ báo atr bằng phương pháp rolling_zscore
2025-05-12 16:30:24,319 - trading_system.clean_technical_features - INFO - [preprocessing.py:1549] - Đã hoàn thành standardize các chỉ báo
2025-05-12 16:30:24,319 - trading_system.clean_technical_features - INFO - [preprocessing.py:1553] - Thêm chỉ báo độ mạnh xu hướng...
2025-05-12 16:30:24,323 - trading_system.clean_technical_features - INFO - [preprocessing.py:1560] - Đã thêm chỉ báo độ mạnh xu hướng
2025-05-12 16:30:24,324 - trading_system.clean_technical_features - INFO - [preprocessing.py:1564] - Thêm chỉ báo Z-score của biến động...
2025-05-12 16:30:24,403 - trading_system.clean_technical_features - INFO - [preprocessing.py:1573] - Đã thêm chỉ báo Z-score của biến động
2025-05-12 16:30:24,403 - trading_system.clean_technical_features - INFO - [preprocessing.py:1586] - Đã hoàn thành làm sạch và chuẩn hóa các chỉ báo kỹ thuật
2025-05-12 16:30:24,407 - trading_system.process_commands - INFO - [data_pipeline.py:1271] - Đã làm sạch và chuẩn hóa các chỉ báo kỹ thuật cho BTC/USDT trước khi tạo đặc trưng
2025-05-12 16:30:24,408 - trading_system.process_commands - INFO - [feature_generator.py:737] - Đã tạo pipeline 'BTC/USDT_pipeline_20250512_163024'
2025-05-12 16:30:24,439 - trading_system.process_commands - INFO - [feature_generator.py:1128] - Đã loại bỏ 0 đặc trưng có phương sai < 0.001
2025-05-12 16:30:24,444 - trading_system.process_commands - INFO - [feature_generator.py:1084] - Đã loại bỏ 10 đặc trưng có tương quan > 0.95
2025-05-12 16:30:24,447 - trading_system.process_commands - INFO - [data_pipeline.py:1324] - Đã tạo đặc trưng cho BTC/USDT: 26 -> 17 cột
2025-05-12 16:30:24,448 - trading_system.process_commands - INFO - [process_commands.py:1231] - Đã tạo đặc trưng cho 1 cặp tiền
2025-05-12 16:30:24,448 - trading_system.process_commands - INFO - [data_pipeline.py:1896] - Tạo cột mục tiêu cho BTC/USDT
2025-05-12 16:30:24,466 - trading_system.process_commands - INFO - [data_pipeline.py:1923] - Đã tạo 12 cột mục tiêu cho BTC/USDT: target_direction_3, target_volatility_1, target_direction_5, target_direction_1, target_return_3, target_volatility_5, target_volatility_10, target_volatility_3, target_return_5, target_direction_10, target_return_1, target_return_10
2025-05-12 16:30:24,467 - trading_system.process_commands - INFO - [process_commands.py:1242] - Đã tạo nhãn mục tiêu cho 1 cặp tiền
2025-05-12 16:30:24,468 - trading_system.process_commands - INFO - [data_pipeline.py:1950] - Kiểm tra tính nhất quán của dữ liệu cho BTC/USDT
2025-05-12 16:30:24,472 - trading_system.process_commands - WARNING - [data_pipeline.py:2005] - Các cột chứa NaN: ['target_return_1', 'target_volatility_1', 'target_return_3', 'target_volatility_3', 'target_return_5', 'target_volatility_5', 'target_return_10', 'target_volatility_10']
2025-05-12 16:30:24,474 - trading_system.process_commands - WARNING - [data_pipeline.py:2006] - Số lượng NaN trong mỗi cột: target_return_1           1
target_volatility_1     500
target_return_3           3
target_volatility_3       3
target_return_5           5
target_volatility_5       5
target_return_10         10
target_volatility_10     10
dtype: int64
2025-05-12 16:30:24,477 - trading_system.process_commands - WARNING - [data_pipeline.py:2075] - Dữ liệu BTC/USDT có cảnh báo: có 8 cột chứa giá trị NaN, có giá trị NaN trong 8 cột mục tiêu
2025-05-12 16:30:24,478 - trading_system.process_commands - INFO - [data_pipeline.py:2141] - Bắt đầu lưu 1 DataFrame vào data\features
2025-05-12 16:30:24,479 - trading_system.process_commands - INFO - [data_pipeline.py:2165] - Đang lưu BTC/USDT vào data\features\btc_usdt_20250512_163024.parquet
2025-05-12 16:30:24,488 - trading_system.process_commands - INFO - [data_pipeline.py:2174] - Đã lưu Parquet cho BTC/USDT
2025-05-12 16:30:24,490 - trading_system.process_commands - INFO - [data_pipeline.py:2203] - Đã lưu metadata cho BTC/USDT
2025-05-12 16:30:24,491 - trading_system.process_commands - INFO - [data_pipeline.py:2230] - Đã lưu tổng cộng 1/1 file dữ liệu
