2025-05-05 14:29:54,615 - trading_system.module_manager - DEBUG - [trading_system.py:60] - Các module agent khả dụng
2025-05-05 14:29:54,644 - trading_system.module_manager - DEBUG - [trading_system.py:70] - Các module môi trường khả dụng
2025-05-05 14:29:55,372 - trading_system.module_manager - DEBUG - [trading_system.py:80] - Các module thu thập dữ liệu khả dụng
2025-05-05 14:29:56,764 - trading_system - INFO - [main.py:27] - Khởi động hệ thống giao dịch tự động
2025-05-05 14:29:56,781 - trading_system.module_manager - DEBUG - [trading_system.py:60] - Các module agent khả dụng
2025-05-05 14:29:56,782 - trading_system.module_manager - DEBUG - [trading_system.py:70] - Các module môi trường khả dụng
2025-05-05 14:29:56,783 - trading_system.module_manager - DEBUG - [trading_system.py:80] - Các module thu thập dữ liệu khả dụng
2025-05-05 14:29:56,783 - trading_system.module_manager - INFO - [trading_system.py:139] - ==== Trạng thái khả dụng của module ====
2025-05-05 14:29:56,784 - trading_system.module_manager - INFO - [trading_system.py:140] - Agents: Khả dụng
2025-05-05 14:29:56,784 - trading_system.module_manager - INFO - [trading_system.py:141] - Environments: Khả dụng
2025-05-05 14:29:56,785 - trading_system.module_manager - INFO - [trading_system.py:142] - Data Collectors: Khả dụng
2025-05-05 14:29:56,785 - trading_system.trading_system - INFO - [trading_system.py:223] - Đã khởi tạo hệ thống giao dịch tự động
2025-05-05 14:29:56,787 - trading_system.train_command - INFO - [train_commands.py:205] - Tự động tìm thấy file dữ liệu: E:\AI_AGENT\automated-trading-system\data\processed\btc_usdt_20250505_011446.parquet
2025-05-05 14:29:56,788 - trading_system.train_command - INFO - [train_commands.py:239] - Bắt đầu huấn luyện agent ppo trên BTC/USDT, 1h
2025-05-05 14:29:56,789 - trading_system.module_manager - DEBUG - [trading_system.py:60] - Các module agent khả dụng
2025-05-05 14:29:56,790 - trading_system.module_manager - DEBUG - [trading_system.py:70] - Các module môi trường khả dụng
2025-05-05 14:29:56,790 - trading_system.module_manager - DEBUG - [trading_system.py:80] - Các module thu thập dữ liệu khả dụng
2025-05-05 14:29:56,791 - trading_system.module_manager - DEBUG - [trading_system.py:107] - Agent PPO khả dụng
2025-05-05 14:29:56,791 - trading_system.trading_system - INFO - [trading_system.py:514] - Bắt đầu huấn luyện agent ppo cho BTC/USDT, khung thời gian 1h
2025-05-05 14:29:56,792 - trading_system.missing_data_handler - INFO - [missing_data_handler.py:79] - Đã khởi tạo MissingDataHandler với phương pháp interpolate
2025-05-05 14:29:56,793 - trading_system.missing_data_handler - DEBUG - [missing_data_handler.py:80] - Fallback strategy: ffill, bfill, mean, median
2025-05-05 14:29:56,793 - trading_system.missing_data_handler - INFO - [missing_data_handler.py:79] - Đã khởi tạo MissingDataHandler với phương pháp interpolate
2025-05-05 14:29:56,794 - trading_system.missing_data_handler - DEBUG - [missing_data_handler.py:80] - Fallback strategy: ffill, bfill, mean, median
2025-05-05 14:29:56,794 - trading_system.data_cleaner - INFO - [data_cleaner.py:70] - Đã khởi tạo DataCleaner với normalize_method=z-score
2025-05-05 14:29:56,795 - trading_system.trading_system - INFO - [feature_generator.py:98] - Đã khởi tạo FeatureGenerator
2025-05-05 14:29:56,796 - trading_system.trading_system - INFO - [feature_generator.py:326] - Đăng ký các đặc trưng mặc định
2025-05-05 14:29:56,796 - trading_system.trading_system - DEBUG - [feature_generator.py:497] - Import thành công từ technical_indicators package
2025-05-05 14:29:56,797 - trading_system.trading_system - DEBUG - [feature_generator.py:132] - Đã đăng ký đặc trưng: trend_ema
2025-05-05 14:29:56,797 - trading_system.trading_system - DEBUG - [feature_generator.py:132] - Đã đăng ký đặc trưng: trend_sma
2025-05-05 14:29:56,797 - trading_system.trading_system - DEBUG - [feature_generator.py:132] - Đã đăng ký đặc trưng: momentum_rsi
2025-05-05 14:29:56,798 - trading_system.trading_system - DEBUG - [feature_generator.py:132] - Đã đăng ký đặc trưng: momentum_macd
2025-05-05 14:29:56,798 - trading_system.trading_system - DEBUG - [feature_generator.py:132] - Đã đăng ký đặc trưng: volatility_atr
2025-05-05 14:29:56,799 - trading_system.trading_system - DEBUG - [feature_generator.py:132] - Đã đăng ký đặc trưng: volatility_bbands
2025-05-05 14:29:56,799 - trading_system.trading_system - DEBUG - [feature_generator.py:132] - Đã đăng ký đặc trưng: volume_obv
2025-05-05 14:29:56,800 - trading_system.trading_system - DEBUG - [feature_generator.py:132] - Đã đăng ký đặc trưng: trend_adx
2025-05-05 14:29:56,800 - trading_system.trading_system - DEBUG - [feature_generator.py:132] - Đã đăng ký đặc trưng: trend_supertrend
2025-05-05 14:29:56,801 - trading_system.trading_system - DEBUG - [feature_generator.py:132] - Đã đăng ký đặc trưng: volume_osc
2025-05-05 14:29:56,801 - trading_system.trading_system - INFO - [feature_generator.py:515] - Đã đăng ký tất cả technical indicators có sẵn
2025-05-05 14:29:56,802 - trading_system.trading_system - DEBUG - [feature_generator.py:161] - Đã đăng ký bộ tiền xử lý: normalize
2025-05-05 14:29:56,802 - trading_system.trading_system - DEBUG - [feature_generator.py:161] - Đã đăng ký bộ tiền xử lý: standardize
2025-05-05 14:29:56,803 - trading_system.trading_system - DEBUG - [feature_generator.py:161] - Đã đăng ký bộ tiền xử lý: min_max_scale
2025-05-05 14:29:56,803 - trading_system.trading_system - DEBUG - [feature_generator.py:161] - Đã đăng ký bộ tiền xử lý: handle_extreme_values
2025-05-05 14:29:56,804 - trading_system.trading_system - DEBUG - [feature_generator.py:161] - Đã đăng ký bộ tiền xử lý: log_transform_volume
2025-05-05 14:29:56,804 - trading_system.trading_system - DEBUG - [feature_generator.py:219] - Đã đăng ký bộ chọn lọc đặc trưng: statistical_correlation
2025-05-05 14:29:56,805 - trading_system.trading_system - DEBUG - [feature_generator.py:132] - Đã đăng ký đặc trưng: target_labels
2025-05-05 14:29:56,805 - trading_system.trading_system - INFO - [feature_generator.py:382] - Đã đăng ký tính năng tạo nhãn target
2025-05-05 14:29:56,806 - trading_system.trading_system - INFO - [feature_generator.py:388] - Đã đăng ký 11 đặc trưng: ['trend_ema', 'trend_sma', 'momentum_rsi', 'momentum_macd', 'volatility_atr', 'volatility_bbands', 'volume_obv', 'trend_adx', 'trend_supertrend', 'volume_osc', 'target_labels']
2025-05-05 14:29:56,807 - trading_system.sentiment_collector - INFO - [sentiment_collector.py:1858] - Đã thêm nguồn dữ liệu tâm lý: Fear and Greed Index
2025-05-05 14:29:56,807 - trading_system.trading_system - INFO - [data_pipeline.py:217] - Đã khởi tạo các collector dữ liệu cho binance
2025-05-05 14:29:56,808 - trading_system.trading_system - INFO - [data_pipeline.py:107] - Đã khởi tạo DataPipeline
2025-05-05 14:29:56,907 - trading_system.trading_system - INFO - [data_pipeline.py:489] - Đã tải 27000 dòng dữ liệu từ E:\AI_AGENT\automated-trading-system\data\processed\btc_usdt_20250505_011446.parquet cho BTC/USDT
2025-05-05 14:29:56,911 - trading_system.environment - INFO - [base_environment.py:103] - Đã khởi tạo môi trường cơ sở với 27000 dòng dữ liệu
2025-05-05 14:29:56,912 - trading_system.observation_space - INFO - [observation_space.py:67] - Đã khởi tạo ObservationSpace với 37 đặc trưng, window_size=100
2025-05-05 14:29:56,913 - trading_system.observation_space - INFO - [observation_space.py:69] - Không gian quan sát bao gồm target với 1 chiều
2025-05-05 14:29:56,914 - trading_system.action_space - INFO - [action_space.py:53] - Đã khởi tạo ActionSpace với loại discrete, max_positions=5
2025-05-05 14:29:56,914 - trading_system.environment - INFO - [trading_env.py:195] - Đã khởi tạo môi trường giao dịch với 27000 dòng dữ liệu, 37 đặc trưng
2025-05-05 14:29:56,915 - trading_system.agent - INFO - [base_agent.py:119] - Đã khởi tạo PPOAgent với state_dim=(3722,), action_dim=17
2025-05-05 14:29:58,283 - trading_system.agent - INFO - [shared_network.py:96] - Đã khởi tạo SharedNetwork với state_dim=(3722,), action_dim=17, network_type=mlp, action_type=discrete
2025-05-05 14:29:58,284 - trading_system.agent - INFO - [ppo_agent.py:153] - Đã khởi tạo PPOAgent với state_dim=(3722,), action_dim=17, action_type=discrete, use_shared_network=True
2025-05-05 14:29:58,294 - trading_system.trainer - INFO - [trainer.py:146] - Đã khởi tạo Trainer cho ppo_agent trên TradingEnv
2025-05-05 14:29:58,295 - trading_system.trainer - INFO - [trainer.py:147] - Kết quả huấn luyện sẽ được lưu tại E:\AI_AGENT\automated-trading-system\saved_models\ppo\BTC_USDT\1h\ppo_agent_20250505_142958
2025-05-05 14:29:58,296 - trading_system.trading_system - INFO - [trading_system.py:614] - Bắt đầu huấn luyện agent ppo với 1000 episodes
2025-05-05 14:29:58,296 - trading_system.trainer - INFO - [trainer.py:234] - Bắt đầu huấn luyện cho 1000 episodes, mỗi episode tối đa 1000 bước
2025-05-05 14:29:58,297 - trading_system.environment - INFO - [trading_env.py:279] - Tạo nhãn target với kiểu 'price_movement', lookforward=10, threshold=0.01
2025-05-05 14:29:58,304 - trading_system.environment - INFO - [trading_env.py:333] - Đã tạo thành công nhãn target 'target' với phân bố: target
 0.0    9767
 1.0    8701
-1.0    8522
Name: count, dtype: int64
2025-05-05 14:29:59,026 - trading_system.profit_reward - WARNING - [profit_reward.py:45] - Không đủ dữ liệu để tính toán phần thưởng
2025-05-05 14:29:59,627 - trading_system.profit_reward - DEBUG - [profit_reward.py:95] - Phần thưởng: cơ bản=0.2497, liên tiếp=0.0000, drawdown=0.0000, tổng=0.2497
2025-05-05 14:30:00,114 - trading_system.profit_reward - DEBUG - [profit_reward.py:95] - Phần thưởng: cơ bản=0.5961, liên tiếp=0.0596, drawdown=0.0000, tổng=0.6558
2025-05-05 14:30:00,593 - trading_system.profit_reward - DEBUG - [profit_reward.py:95] - Phần thưởng: cơ bản=0.1270, liên tiếp=0.0254, drawdown=0.0000, tổng=0.1524
2025-05-05 14:30:00,834 - trading_system.agent - INFO - [ppo_agent.py:854] - Early stopping at epoch 0 due to reaching max kl: 20.7605
2025-05-05 14:30:00,935 - trading_system.profit_reward - DEBUG - [profit_reward.py:95] - Phần thưởng: cơ bản=-0.0004, liên tiếp=0.0000, drawdown=-0.0002, tổng=-0.0005
2025-05-05 14:30:01,407 - trading_system.profit_reward - DEBUG - [profit_reward.py:95] - Phần thưởng: cơ bản=0.2209, liên tiếp=0.0000, drawdown=0.0000, tổng=0.2209
2025-05-05 14:30:01,932 - trading_system.profit_reward - DEBUG - [profit_reward.py:95] - Phần thưởng: cơ bản=0.1819, liên tiếp=0.0182, drawdown=0.0000, tổng=0.2001
2025-05-05 14:30:02,397 - trading_system.profit_reward - DEBUG - [profit_reward.py:95] - Phần thưởng: cơ bản=0.0002, liên tiếp=0.0000, drawdown=0.0000, tổng=0.0002
2025-05-05 14:30:02,880 - trading_system.profit_reward - DEBUG - [profit_reward.py:95] - Phần thưởng: cơ bản=-0.0002, liên tiếp=0.0000, drawdown=-0.0001, tổng=-0.0003
2025-05-05 14:30:03,380 - trading_system.profit_reward - DEBUG - [profit_reward.py:95] - Phần thưởng: cơ bản=0.0002, liên tiếp=0.0000, drawdown=-0.0000, tổng=0.0001
2025-05-05 14:30:03,618 - trading_system.agent - INFO - [ppo_agent.py:854] - Early stopping at epoch 0 due to reaching max kl: 0.7557
2025-05-05 14:30:03,719 - trading_system.profit_reward - DEBUG - [profit_reward.py:95] - Phần thưởng: cơ bản=0.0007, liên tiếp=0.0001, drawdown=0.0000, tổng=0.0008
2025-05-05 14:30:04,212 - trading_system.profit_reward - DEBUG - [profit_reward.py:95] - Phần thưởng: cơ bản=-0.0002, liên tiếp=0.0000, drawdown=-0.0001, tổng=-0.0004
2025-05-05 14:30:04,717 - trading_system.profit_reward - DEBUG - [profit_reward.py:95] - Phần thưởng: cơ bản=-0.0007, liên tiếp=0.0000, drawdown=-0.0004, tổng=-0.0011
2025-05-05 14:30:05,194 - trading_system.profit_reward - DEBUG - [profit_reward.py:95] - Phần thưởng: cơ bản=-0.0008, liên tiếp=0.0000, drawdown=-0.0008, tổng=-0.0016
2025-05-05 14:30:05,699 - trading_system.profit_reward - DEBUG - [profit_reward.py:95] - Phần thưởng: cơ bản=0.0969, liên tiếp=0.0000, drawdown=0.0000, tổng=0.0969
2025-05-05 14:30:06,206 - trading_system.profit_reward - DEBUG - [profit_reward.py:95] - Phần thưởng: cơ bản=0.0018, liên tiếp=0.0002, drawdown=0.0000, tổng=0.0020
2025-05-05 14:30:06,461 - trading_system.agent - INFO - [ppo_agent.py:854] - Early stopping at epoch 0 due to reaching max kl: 1.4566
2025-05-05 14:30:06,562 - trading_system.profit_reward - DEBUG - [profit_reward.py:95] - Phần thưởng: cơ bản=0.0009, liên tiếp=0.0002, drawdown=0.0000, tổng=0.0011
2025-05-05 14:30:07,065 - trading_system.profit_reward - DEBUG - [profit_reward.py:95] - Phần thưởng: cơ bản=0.0462, liên tiếp=0.0138, drawdown=0.0000, tổng=0.0600
2025-05-05 14:30:07,554 - trading_system.profit_reward - DEBUG - [profit_reward.py:95] - Phần thưởng: cơ bản=0.0000, liên tiếp=0.0000, drawdown=0.0000, tổng=0.0000
2025-05-05 14:30:08,070 - trading_system.profit_reward - DEBUG - [profit_reward.py:95] - Phần thưởng: cơ bản=-0.0002, liên tiếp=0.0000, drawdown=-0.0001, tổng=-0.0003
2025-05-05 14:30:08,564 - trading_system.profit_reward - DEBUG - [profit_reward.py:95] - Phần thưởng: cơ bản=-0.0006, liên tiếp=0.0000, drawdown=-0.0004, tổng=-0.0010
2025-05-05 14:30:09,081 - trading_system.profit_reward - DEBUG - [profit_reward.py:95] - Phần thưởng: cơ bản=-0.0000, liên tiếp=0.0000, drawdown=-0.0004, tổng=-0.0004
2025-05-05 14:30:09,567 - trading_system.profit_reward - DEBUG - [profit_reward.py:95] - Phần thưởng: cơ bản=0.8047, liên tiếp=0.0000, drawdown=0.0000, tổng=0.8047
2025-05-05 14:30:10,046 - trading_system.profit_reward - DEBUG - [profit_reward.py:95] - Phần thưởng: cơ bản=0.4490, liên tiếp=0.0449, drawdown=0.0000, tổng=0.4939
2025-05-05 14:30:10,534 - trading_system.profit_reward - DEBUG - [profit_reward.py:95] - Phần thưởng: cơ bản=0.0045, liên tiếp=0.0009, drawdown=0.0000, tổng=0.0054
2025-05-05 14:30:11,019 - trading_system.profit_reward - DEBUG - [profit_reward.py:95] - Phần thưởng: cơ bản=-0.0004, liên tiếp=0.0000, drawdown=-0.0002, tổng=-0.0006
2025-05-05 14:30:11,485 - trading_system.profit_reward - DEBUG - [profit_reward.py:95] - Phần thưởng: cơ bản=0.0096, liên tiếp=0.0000, drawdown=0.0000, tổng=0.0096
2025-05-05 14:30:11,981 - trading_system.profit_reward - DEBUG - [profit_reward.py:95] - Phần thưởng: cơ bản=0.0019, liên tiếp=0.0002, drawdown=0.0000, tổng=0.0021
2025-05-05 14:30:12,223 - trading_system.agent - INFO - [ppo_agent.py:854] - Early stopping at epoch 0 due to reaching max kl: 0.3603
2025-05-05 14:30:12,309 - trading_system.profit_reward - DEBUG - [profit_reward.py:95] - Phần thưởng: cơ bản=-0.0048, liên tiếp=0.0000, drawdown=-0.0024, tổng=-0.0072
2025-05-05 14:30:12,782 - trading_system.profit_reward - DEBUG - [profit_reward.py:95] - Phần thưởng: cơ bản=0.0029, liên tiếp=0.0000, drawdown=-0.0009, tổng=0.0020
2025-05-05 14:30:13,319 - trading_system.profit_reward - DEBUG - [profit_reward.py:95] - Phần thưởng: cơ bản=0.0004, liên tiếp=0.0000, drawdown=-0.0007, tổng=-0.0003
2025-05-05 14:30:13,820 - trading_system.profit_reward - DEBUG - [profit_reward.py:95] - Phần thưởng: cơ bản=-0.0021, liên tiếp=0.0000, drawdown=-0.0018, tổng=-0.0039
2025-05-05 14:30:14,301 - trading_system.profit_reward - DEBUG - [profit_reward.py:95] - Phần thưởng: cơ bản=0.2497, liên tiếp=0.0000, drawdown=0.0000, tổng=0.2497
2025-05-05 14:30:14,796 - trading_system.profit_reward - DEBUG - [profit_reward.py:95] - Phần thưởng: cơ bản=0.0804, liên tiếp=0.0080, drawdown=0.0000, tổng=0.0884
2025-05-05 14:30:15,299 - trading_system.profit_reward - DEBUG - [profit_reward.py:95] - Phần thưởng: cơ bản=0.5539, liên tiếp=0.1108, drawdown=0.0000, tổng=0.6647
2025-05-05 14:30:15,803 - trading_system.profit_reward - DEBUG - [profit_reward.py:95] - Phần thưởng: cơ bản=0.2396, liên tiếp=0.0719, drawdown=0.0000, tổng=0.3115
2025-05-05 14:30:16,292 - trading_system.profit_reward - DEBUG - [profit_reward.py:95] - Phần thưởng: cơ bản=0.3836, liên tiếp=0.1535, drawdown=0.0000, tổng=0.5371
2025-05-05 14:30:16,775 - trading_system.profit_reward - DEBUG - [profit_reward.py:95] - Phần thưởng: cơ bản=0.0028, liên tiếp=0.0014, drawdown=0.0000, tổng=0.0042
2025-05-05 14:30:17,272 - trading_system.profit_reward - DEBUG - [profit_reward.py:95] - Phần thưởng: cơ bản=-0.0024, liên tiếp=0.0000, drawdown=-0.0012, tổng=-0.0036
2025-05-05 14:30:17,787 - trading_system.profit_reward - DEBUG - [profit_reward.py:95] - Phần thưởng: cơ bản=-0.0009, liên tiếp=0.0000, drawdown=-0.0017, tổng=-0.0026
2025-05-05 14:30:18,275 - trading_system.profit_reward - DEBUG - [profit_reward.py:95] - Phần thưởng: cơ bản=0.0024, liên tiếp=0.0000, drawdown=-0.0005, tổng=0.0020
2025-05-05 14:30:18,763 - trading_system.profit_reward - DEBUG - [profit_reward.py:95] - Phần thưởng: cơ bản=0.0008, liên tiếp=0.0001, drawdown=-0.0001, tổng=0.0008
2025-05-05 14:30:19,055 - trading_system.agent - INFO - [ppo_agent.py:854] - Early stopping at epoch 0 due to reaching max kl: 0.9075
2025-05-05 14:30:19,160 - trading_system.profit_reward - DEBUG - [profit_reward.py:95] - Phần thưởng: cơ bản=0.0025, liên tiếp=0.0005, drawdown=0.0000, tổng=0.0030
2025-05-05 14:30:19,655 - trading_system.profit_reward - DEBUG - [profit_reward.py:95] - Phần thưởng: cơ bản=-0.0031, liên tiếp=0.0000, drawdown=-0.0015, tổng=-0.0046
2025-05-05 14:30:20,168 - trading_system.profit_reward - DEBUG - [profit_reward.py:95] - Phần thưởng: cơ bản=-0.0005, liên tiếp=0.0000, drawdown=-0.0018, tổng=-0.0023
2025-05-05 14:30:20,672 - trading_system.profit_reward - DEBUG - [profit_reward.py:95] - Phần thưởng: cơ bản=-0.0002, liên tiếp=0.0000, drawdown=-0.0019, tổng=-0.0021
2025-05-05 14:30:21,176 - trading_system.profit_reward - DEBUG - [profit_reward.py:95] - Phần thưởng: cơ bản=-0.0082, liên tiếp=0.0000, drawdown=-0.0059, tổng=-0.0141
2025-05-05 14:30:21,679 - trading_system.profit_reward - DEBUG - [profit_reward.py:95] - Phần thưởng: cơ bản=0.0000, liên tiếp=0.0000, drawdown=0.0000, tổng=0.0000
2025-05-05 14:30:22,184 - trading_system.profit_reward - DEBUG - [profit_reward.py:95] - Phần thưởng: cơ bản=0.0000, liên tiếp=0.0000, drawdown=0.0000, tổng=0.0000
2025-05-05 14:30:22,431 - trading_system.agent - INFO - [ppo_agent.py:854] - Early stopping at epoch 0 due to reaching max kl: 1.4395
2025-05-05 14:30:22,527 - trading_system.profit_reward - DEBUG - [profit_reward.py:95] - Phần thưởng: cơ bản=0.0000, liên tiếp=0.0000, drawdown=0.0000, tổng=0.0000
2025-05-05 14:30:23,011 - trading_system.profit_reward - DEBUG - [profit_reward.py:95] - Phần thưởng: cơ bản=0.0000, liên tiếp=0.0000, drawdown=0.0000, tổng=0.0000
2025-05-05 14:30:23,482 - trading_system.profit_reward - DEBUG - [profit_reward.py:95] - Phần thưởng: cơ bản=0.0000, liên tiếp=0.0000, drawdown=0.0000, tổng=0.0000
2025-05-05 14:30:23,969 - trading_system.profit_reward - DEBUG - [profit_reward.py:95] - Phần thưởng: cơ bản=0.0901, liên tiếp=0.0450, drawdown=0.0000, tổng=0.1351
2025-05-05 14:30:24,464 - trading_system.profit_reward - DEBUG - [profit_reward.py:95] - Phần thưởng: cơ bản=0.0014, liên tiếp=0.0007, drawdown=0.0000, tổng=0.0021
2025-05-05 14:30:24,943 - trading_system.profit_reward - DEBUG - [profit_reward.py:95] - Phần thưởng: cơ bản=0.0000, liên tiếp=0.0000, drawdown=0.0000, tổng=0.0000
2025-05-05 14:30:25,440 - trading_system.profit_reward - DEBUG - [profit_reward.py:95] - Phần thưởng: cơ bản=0.9990, liên tiếp=0.0000, drawdown=0.0000, tổng=0.9990
2025-05-05 14:30:25,923 - trading_system.profit_reward - DEBUG - [profit_reward.py:95] - Phần thưởng: cơ bản=0.0002, liên tiếp=0.0000, drawdown=0.0000, tổng=0.0003
2025-05-05 14:30:26,397 - trading_system.profit_reward - DEBUG - [profit_reward.py:95] - Phần thưởng: cơ bản=0.5026, liên tiếp=0.1005, drawdown=0.0000, tổng=0.6031
2025-05-05 14:30:26,885 - trading_system.profit_reward - DEBUG - [profit_reward.py:95] - Phần thưởng: cơ bản=-0.0047, liên tiếp=0.0000, drawdown=-0.0023, tổng=-0.0070
2025-05-05 14:30:27,366 - trading_system.profit_reward - DEBUG - [profit_reward.py:95] - Phần thưởng: cơ bản=0.0285, liên tiếp=0.0000, drawdown=0.0000, tổng=0.0285
2025-05-05 14:30:27,852 - trading_system.profit_reward - DEBUG - [profit_reward.py:95] - Phần thưởng: cơ bản=0.0116, liên tiếp=0.0012, drawdown=0.0000, tổng=0.0127
2025-05-05 14:30:28,363 - trading_system.profit_reward - DEBUG - [profit_reward.py:95] - Phần thưởng: cơ bản=0.0000, liên tiếp=0.0000, drawdown=0.0000, tổng=0.0000
2025-05-05 14:30:28,857 - trading_system.profit_reward - DEBUG - [profit_reward.py:95] - Phần thưởng: cơ bản=0.0000, liên tiếp=0.0000, drawdown=0.0000, tổng=0.0000
2025-05-05 14:30:29,336 - trading_system.profit_reward - DEBUG - [profit_reward.py:95] - Phần thưởng: cơ bản=0.0000, liên tiếp=0.0000, drawdown=0.0000, tổng=0.0000
2025-05-05 14:30:29,580 - trading_system.agent - INFO - [ppo_agent.py:854] - Early stopping at epoch 0 due to reaching max kl: 5.7739
2025-05-05 14:30:29,679 - trading_system.profit_reward - DEBUG - [profit_reward.py:95] - Phần thưởng: cơ bản=0.0000, liên tiếp=0.0000, drawdown=0.0000, tổng=0.0000
2025-05-05 14:30:30,161 - trading_system.profit_reward - DEBUG - [profit_reward.py:95] - Phần thưởng: cơ bản=0.0000, liên tiếp=0.0000, drawdown=0.0000, tổng=0.0000
2025-05-05 14:30:30,645 - trading_system.profit_reward - DEBUG - [profit_reward.py:95] - Phần thưởng: cơ bản=0.9990, liên tiếp=0.0000, drawdown=0.0000, tổng=0.9990
2025-05-05 14:30:31,128 - trading_system.profit_reward - DEBUG - [profit_reward.py:95] - Phần thưởng: cơ bản=0.0027, liên tiếp=0.0003, drawdown=0.0000, tổng=0.0030
2025-05-05 14:30:31,597 - trading_system.profit_reward - DEBUG - [profit_reward.py:95] - Phần thưởng: cơ bản=-0.0003, liên tiếp=0.0000, drawdown=-0.0001, tổng=-0.0004
2025-05-05 14:30:31,798 - trading_system.train_command - INFO - [train_commands.py:283] - Đã hủy huấn luyện
2025-05-05 14:30:31,798 - trading_system - INFO - [main.py:53] - Đóng hệ thống giao dịch tự động
2025-05-05 14:38:02,095 - trading_system.module_manager - DEBUG - [trading_system.py:60] - Các module agent khả dụng
2025-05-05 14:38:02,104 - trading_system.module_manager - DEBUG - [trading_system.py:70] - Các module môi trường khả dụng
2025-05-05 14:38:02,867 - trading_system.module_manager - DEBUG - [trading_system.py:80] - Các module thu thập dữ liệu khả dụng
2025-05-05 14:38:04,350 - trading_system - INFO - [main.py:27] - Khởi động hệ thống giao dịch tự động
2025-05-05 14:38:04,369 - trading_system.module_manager - DEBUG - [trading_system.py:60] - Các module agent khả dụng
2025-05-05 14:38:04,370 - trading_system.module_manager - DEBUG - [trading_system.py:70] - Các module môi trường khả dụng
2025-05-05 14:38:04,371 - trading_system.module_manager - DEBUG - [trading_system.py:80] - Các module thu thập dữ liệu khả dụng
2025-05-05 14:38:04,371 - trading_system.module_manager - INFO - [trading_system.py:139] - ==== Trạng thái khả dụng của module ====
2025-05-05 14:38:04,372 - trading_system.module_manager - INFO - [trading_system.py:140] - Agents: Khả dụng
2025-05-05 14:38:04,372 - trading_system.module_manager - INFO - [trading_system.py:141] - Environments: Khả dụng
2025-05-05 14:38:04,373 - trading_system.module_manager - INFO - [trading_system.py:142] - Data Collectors: Khả dụng
2025-05-05 14:38:04,373 - trading_system.trading_system - INFO - [trading_system.py:223] - Đã khởi tạo hệ thống giao dịch tự động
2025-05-05 14:38:04,375 - trading_system.train_command - INFO - [train_commands.py:205] - Tự động tìm thấy file dữ liệu: E:\AI_AGENT\automated-trading-system\data\processed\btc_usdt_20250505_011446.parquet
2025-05-05 14:38:04,376 - trading_system.train_command - INFO - [train_commands.py:239] - Bắt đầu huấn luyện agent ppo trên BTC/USDT, 1h
2025-05-05 14:38:04,377 - trading_system.module_manager - DEBUG - [trading_system.py:60] - Các module agent khả dụng
2025-05-05 14:38:04,378 - trading_system.module_manager - DEBUG - [trading_system.py:70] - Các module môi trường khả dụng
2025-05-05 14:38:04,378 - trading_system.module_manager - DEBUG - [trading_system.py:80] - Các module thu thập dữ liệu khả dụng
2025-05-05 14:38:04,379 - trading_system.module_manager - DEBUG - [trading_system.py:107] - Agent PPO khả dụng
2025-05-05 14:38:04,380 - trading_system.trading_system - INFO - [trading_system.py:514] - Bắt đầu huấn luyện agent ppo cho BTC/USDT, khung thời gian 1h
2025-05-05 14:38:04,380 - trading_system.missing_data_handler - INFO - [missing_data_handler.py:79] - Đã khởi tạo MissingDataHandler với phương pháp interpolate
2025-05-05 14:38:04,381 - trading_system.missing_data_handler - DEBUG - [missing_data_handler.py:80] - Fallback strategy: ffill, bfill, mean, median
2025-05-05 14:38:04,382 - trading_system.missing_data_handler - INFO - [missing_data_handler.py:79] - Đã khởi tạo MissingDataHandler với phương pháp interpolate
2025-05-05 14:38:04,382 - trading_system.missing_data_handler - DEBUG - [missing_data_handler.py:80] - Fallback strategy: ffill, bfill, mean, median
2025-05-05 14:38:04,383 - trading_system.data_cleaner - INFO - [data_cleaner.py:70] - Đã khởi tạo DataCleaner với normalize_method=z-score
2025-05-05 14:38:04,383 - trading_system.trading_system - INFO - [feature_generator.py:98] - Đã khởi tạo FeatureGenerator
2025-05-05 14:38:04,384 - trading_system.trading_system - INFO - [feature_generator.py:326] - Đăng ký các đặc trưng mặc định
2025-05-05 14:38:04,384 - trading_system.trading_system - DEBUG - [feature_generator.py:497] - Import thành công từ technical_indicators package
2025-05-05 14:38:04,385 - trading_system.trading_system - DEBUG - [feature_generator.py:132] - Đã đăng ký đặc trưng: trend_ema
2025-05-05 14:38:04,386 - trading_system.trading_system - DEBUG - [feature_generator.py:132] - Đã đăng ký đặc trưng: trend_sma
2025-05-05 14:38:04,386 - trading_system.trading_system - DEBUG - [feature_generator.py:132] - Đã đăng ký đặc trưng: momentum_rsi
2025-05-05 14:38:04,387 - trading_system.trading_system - DEBUG - [feature_generator.py:132] - Đã đăng ký đặc trưng: momentum_macd
2025-05-05 14:38:04,387 - trading_system.trading_system - DEBUG - [feature_generator.py:132] - Đã đăng ký đặc trưng: volatility_atr
2025-05-05 14:38:04,388 - trading_system.trading_system - DEBUG - [feature_generator.py:132] - Đã đăng ký đặc trưng: volatility_bbands
2025-05-05 14:38:04,388 - trading_system.trading_system - DEBUG - [feature_generator.py:132] - Đã đăng ký đặc trưng: volume_obv
2025-05-05 14:38:04,389 - trading_system.trading_system - DEBUG - [feature_generator.py:132] - Đã đăng ký đặc trưng: trend_adx
2025-05-05 14:38:04,389 - trading_system.trading_system - DEBUG - [feature_generator.py:132] - Đã đăng ký đặc trưng: trend_supertrend
2025-05-05 14:38:04,390 - trading_system.trading_system - DEBUG - [feature_generator.py:132] - Đã đăng ký đặc trưng: volume_osc
2025-05-05 14:38:04,390 - trading_system.trading_system - INFO - [feature_generator.py:515] - Đã đăng ký tất cả technical indicators có sẵn
2025-05-05 14:38:04,390 - trading_system.trading_system - DEBUG - [feature_generator.py:161] - Đã đăng ký bộ tiền xử lý: normalize
2025-05-05 14:38:04,391 - trading_system.trading_system - DEBUG - [feature_generator.py:161] - Đã đăng ký bộ tiền xử lý: standardize
2025-05-05 14:38:04,391 - trading_system.trading_system - DEBUG - [feature_generator.py:161] - Đã đăng ký bộ tiền xử lý: min_max_scale
2025-05-05 14:38:04,392 - trading_system.trading_system - DEBUG - [feature_generator.py:161] - Đã đăng ký bộ tiền xử lý: handle_extreme_values
2025-05-05 14:38:04,392 - trading_system.trading_system - DEBUG - [feature_generator.py:161] - Đã đăng ký bộ tiền xử lý: log_transform_volume
2025-05-05 14:38:04,393 - trading_system.trading_system - DEBUG - [feature_generator.py:219] - Đã đăng ký bộ chọn lọc đặc trưng: statistical_correlation
2025-05-05 14:38:04,394 - trading_system.trading_system - DEBUG - [feature_generator.py:132] - Đã đăng ký đặc trưng: target_labels
2025-05-05 14:38:04,394 - trading_system.trading_system - INFO - [feature_generator.py:382] - Đã đăng ký tính năng tạo nhãn target
2025-05-05 14:38:04,395 - trading_system.trading_system - INFO - [feature_generator.py:388] - Đã đăng ký 11 đặc trưng: ['trend_ema', 'trend_sma', 'momentum_rsi', 'momentum_macd', 'volatility_atr', 'volatility_bbands', 'volume_obv', 'trend_adx', 'trend_supertrend', 'volume_osc', 'target_labels']
2025-05-05 14:38:04,397 - trading_system.sentiment_collector - INFO - [sentiment_collector.py:1858] - Đã thêm nguồn dữ liệu tâm lý: Fear and Greed Index
2025-05-05 14:38:04,398 - trading_system.trading_system - INFO - [data_pipeline.py:217] - Đã khởi tạo các collector dữ liệu cho binance
2025-05-05 14:38:04,398 - trading_system.trading_system - INFO - [data_pipeline.py:107] - Đã khởi tạo DataPipeline
2025-05-05 14:38:04,511 - trading_system.trading_system - INFO - [data_pipeline.py:489] - Đã tải 27000 dòng dữ liệu từ E:\AI_AGENT\automated-trading-system\data\processed\btc_usdt_20250505_011446.parquet cho BTC/USDT
2025-05-05 14:38:04,514 - trading_system.environment - INFO - [base_environment.py:103] - Đã khởi tạo môi trường cơ sở với 27000 dòng dữ liệu
2025-05-05 14:38:04,515 - trading_system.observation_space - INFO - [observation_space.py:67] - Đã khởi tạo ObservationSpace với 37 đặc trưng, window_size=100
2025-05-05 14:38:04,516 - trading_system.observation_space - INFO - [observation_space.py:69] - Không gian quan sát bao gồm target với 1 chiều
2025-05-05 14:38:04,516 - trading_system.action_space - INFO - [action_space.py:53] - Đã khởi tạo ActionSpace với loại discrete, max_positions=5
2025-05-05 14:38:04,517 - trading_system.environment - INFO - [trading_env.py:195] - Đã khởi tạo môi trường giao dịch với 27000 dòng dữ liệu, 37 đặc trưng
2025-05-05 14:38:04,518 - trading_system.agent - INFO - [base_agent.py:119] - Đã khởi tạo PPOAgent với state_dim=(3722,), action_dim=17
2025-05-05 14:38:06,110 - trading_system.agent - INFO - [shared_network.py:96] - Đã khởi tạo SharedNetwork với state_dim=(3722,), action_dim=17, network_type=mlp, action_type=discrete
2025-05-05 14:38:06,111 - trading_system.agent - INFO - [ppo_agent.py:153] - Đã khởi tạo PPOAgent với state_dim=(3722,), action_dim=17, action_type=discrete, use_shared_network=True
2025-05-05 14:38:06,121 - trading_system.trainer - INFO - [trainer.py:146] - Đã khởi tạo Trainer cho ppo_agent trên TradingEnv
2025-05-05 14:38:06,122 - trading_system.trainer - INFO - [trainer.py:147] - Kết quả huấn luyện sẽ được lưu tại E:\AI_AGENT\automated-trading-system\saved_models\ppo\BTC_USDT\1h\ppo_agent_20250505_143806
2025-05-05 14:38:06,123 - trading_system.trading_system - INFO - [trading_system.py:614] - Bắt đầu huấn luyện agent ppo với 1000 episodes
2025-05-05 14:38:06,124 - trading_system.trainer - INFO - [trainer.py:234] - Bắt đầu huấn luyện cho 1000 episodes, mỗi episode tối đa 1000 bước
2025-05-05 14:38:06,124 - trading_system.environment - INFO - [trading_env.py:279] - Tạo nhãn target với kiểu 'price_movement', lookforward=10, threshold=0.01
2025-05-05 14:38:06,131 - trading_system.environment - INFO - [trading_env.py:333] - Đã tạo thành công nhãn target 'target' với phân bố: target
 0.0    9767
 1.0    8701
-1.0    8522
Name: count, dtype: int64
2025-05-05 14:38:06,981 - trading_system.profit_reward - WARNING - [profit_reward.py:45] - Không đủ dữ liệu để tính toán phần thưởng
2025-05-05 14:38:07,641 - trading_system.profit_reward - DEBUG - [profit_reward.py:95] - Phần thưởng: cơ bản=0.0000, liên tiếp=0.0000, drawdown=0.0000, tổng=0.0000
2025-05-05 14:38:08,130 - trading_system.profit_reward - DEBUG - [profit_reward.py:95] - Phần thưởng: cơ bản=0.4995, liên tiếp=0.0000, drawdown=0.0000, tổng=0.4995
2025-05-05 14:38:08,608 - trading_system.profit_reward - DEBUG - [profit_reward.py:95] - Phần thưởng: cơ bản=-0.0002, liên tiếp=0.0000, drawdown=-0.0001, tổng=-0.0003
2025-05-05 14:38:09,096 - trading_system.profit_reward - DEBUG - [profit_reward.py:95] - Phần thưởng: cơ bản=0.0020, liên tiếp=0.0000, drawdown=0.0000, tổng=0.0020
2025-05-05 14:38:09,360 - trading_system.agent - INFO - [ppo_agent.py:854] - Early stopping at epoch 0 due to reaching max kl: 7.7699
2025-05-05 14:38:09,462 - trading_system.profit_reward - DEBUG - [profit_reward.py:95] - Phần thưởng: cơ bản=0.0000, liên tiếp=0.0000, drawdown=0.0000, tổng=0.0000
2025-05-05 14:38:09,998 - trading_system.profit_reward - DEBUG - [profit_reward.py:95] - Phần thưởng: cơ bản=0.0000, liên tiếp=0.0000, drawdown=0.0000, tổng=0.0000
2025-05-05 14:38:10,519 - trading_system.profit_reward - DEBUG - [profit_reward.py:95] - Phần thưởng: cơ bản=0.9990, liên tiếp=0.0000, drawdown=0.0000, tổng=0.9990
2025-05-05 14:38:11,020 - trading_system.profit_reward - DEBUG - [profit_reward.py:95] - Phần thưởng: cơ bản=-0.0018, liên tiếp=0.0000, drawdown=-0.0009, tổng=-0.0027
2025-05-05 14:38:11,538 - trading_system.profit_reward - DEBUG - [profit_reward.py:95] - Phần thưởng: cơ bản=0.0016, liên tiếp=0.0000, drawdown=-0.0001, tổng=0.0015
2025-05-05 14:38:12,082 - trading_system.profit_reward - DEBUG - [profit_reward.py:95] - Phần thưởng: cơ bản=0.4995, liên tiếp=0.0500, drawdown=0.0000, tổng=0.5495
2025-05-05 14:38:12,644 - trading_system.profit_reward - DEBUG - [profit_reward.py:95] - Phần thưởng: cơ bản=0.0683, liên tiếp=0.0137, drawdown=0.0000, tổng=0.0819
2025-05-05 14:38:13,176 - trading_system.profit_reward - DEBUG - [profit_reward.py:95] - Phần thưởng: cơ bản=-0.0005, liên tiếp=0.0000, drawdown=-0.0002, tổng=-0.0007
2025-05-05 14:38:13,693 - trading_system.profit_reward - DEBUG - [profit_reward.py:95] - Phần thưởng: cơ bản=0.1588, liên tiếp=0.0000, drawdown=0.0000, tổng=0.1588
2025-05-05 14:38:14,193 - trading_system.profit_reward - DEBUG - [profit_reward.py:95] - Phần thưởng: cơ bản=0.4032, liên tiếp=0.0403, drawdown=0.0000, tổng=0.4435
2025-05-05 14:38:14,735 - trading_system.profit_reward - DEBUG - [profit_reward.py:95] - Phần thưởng: cơ bản=0.0959, liên tiếp=0.0192, drawdown=0.0000, tổng=0.1151
2025-05-05 14:38:15,253 - trading_system.profit_reward - DEBUG - [profit_reward.py:95] - Phần thưởng: cơ bản=0.0000, liên tiếp=0.0000, drawdown=0.0000, tổng=0.0000
2025-05-05 14:38:15,759 - trading_system.profit_reward - DEBUG - [profit_reward.py:95] - Phần thưởng: cơ bản=-0.0038, liên tiếp=0.0000, drawdown=-0.0019, tổng=-0.0057
2025-05-05 14:38:16,325 - trading_system.profit_reward - DEBUG - [profit_reward.py:95] - Phần thưởng: cơ bản=0.0000, liên tiếp=0.0000, drawdown=0.0000, tổng=0.0000
2025-05-05 14:38:16,586 - trading_system.agent - INFO - [ppo_agent.py:854] - Early stopping at epoch 0 due to reaching max kl: 7.3983
2025-05-05 14:38:16,686 - trading_system.profit_reward - DEBUG - [profit_reward.py:95] - Phần thưởng: cơ bản=0.0000, liên tiếp=0.0000, drawdown=0.0000, tổng=0.0000
2025-05-05 14:38:17,198 - trading_system.profit_reward - DEBUG - [profit_reward.py:95] - Phần thưởng: cơ bản=0.0000, liên tiếp=0.0000, drawdown=0.0000, tổng=0.0000
2025-05-05 14:38:17,728 - trading_system.profit_reward - DEBUG - [profit_reward.py:95] - Phần thưởng: cơ bản=0.0015, liên tiếp=0.0004, drawdown=0.0000, tổng=0.0019
2025-05-05 14:38:18,291 - trading_system.profit_reward - DEBUG - [profit_reward.py:95] - Phần thưởng: cơ bản=-0.0009, liên tiếp=0.0000, drawdown=-0.0004, tổng=-0.0013
2025-05-05 14:38:18,777 - trading_system.profit_reward - DEBUG - [profit_reward.py:95] - Phần thưởng: cơ bản=0.0000, liên tiếp=0.0000, drawdown=-0.0004, tổng=-0.0004
2025-05-05 14:38:19,261 - trading_system.profit_reward - DEBUG - [profit_reward.py:95] - Phần thưởng: cơ bản=0.7492, liên tiếp=0.0000, drawdown=0.0000, tổng=0.7492
2025-05-05 14:38:19,788 - trading_system.profit_reward - DEBUG - [profit_reward.py:95] - Phần thưởng: cơ bản=0.0553, liên tiếp=0.0055, drawdown=0.0000, tổng=0.0608
2025-05-05 14:38:20,313 - trading_system.profit_reward - DEBUG - [profit_reward.py:95] - Phần thưởng: cơ bản=0.1120, liên tiếp=0.0224, drawdown=0.0000, tổng=0.1344
2025-05-05 14:38:20,898 - trading_system.profit_reward - DEBUG - [profit_reward.py:95] - Phần thưởng: cơ bản=0.1199, liên tiếp=0.0360, drawdown=0.0000, tổng=0.1559
2025-05-05 14:38:21,196 - trading_system.agent - INFO - [ppo_agent.py:854] - Early stopping at epoch 0 due to reaching max kl: 2.5405
2025-05-05 14:38:21,306 - trading_system.profit_reward - DEBUG - [profit_reward.py:95] - Phần thưởng: cơ bản=0.0062, liên tiếp=0.0025, drawdown=0.0000, tổng=0.0086
2025-05-05 14:38:21,830 - trading_system.profit_reward - DEBUG - [profit_reward.py:95] - Phần thưởng: cơ bản=0.0385, liên tiếp=0.0192, drawdown=0.0000, tổng=0.0577
2025-05-05 14:38:22,329 - trading_system.profit_reward - DEBUG - [profit_reward.py:95] - Phần thưởng: cơ bản=0.0028, liên tiếp=0.0014, drawdown=0.0000, tổng=0.0042
2025-05-05 14:38:22,612 - trading_system.agent - INFO - [ppo_agent.py:854] - Early stopping at epoch 0 due to reaching max kl: 32597366364209938432.0000
2025-05-05 14:38:22,712 - trading_system.profit_reward - DEBUG - [profit_reward.py:95] - Phần thưởng: cơ bản=-0.0026, liên tiếp=0.0000, drawdown=-0.0013, tổng=-0.0039
2025-05-05 14:38:23,230 - trading_system.profit_reward - DEBUG - [profit_reward.py:95] - Phần thưởng: cơ bản=0.0016, liên tiếp=0.0000, drawdown=-0.0005, tổng=0.0011
2025-05-05 14:38:23,723 - trading_system.profit_reward - DEBUG - [profit_reward.py:95] - Phần thưởng: cơ bản=0.0000, liên tiếp=0.0000, drawdown=0.0000, tổng=0.0000
2025-05-05 14:38:24,296 - trading_system.profit_reward - DEBUG - [profit_reward.py:95] - Phần thưởng: cơ bản=-0.0021, liên tiếp=0.0000, drawdown=-0.0010, tổng=-0.0031
2025-05-05 14:38:24,837 - trading_system.profit_reward - DEBUG - [profit_reward.py:95] - Phần thưởng: cơ bản=0.0000, liên tiếp=0.0000, drawdown=0.0000, tổng=0.0000
2025-05-05 14:38:25,385 - trading_system.profit_reward - DEBUG - [profit_reward.py:95] - Phần thưởng: cơ bản=0.0000, liên tiếp=0.0000, drawdown=0.0000, tổng=0.0000
2025-05-05 14:38:25,907 - trading_system.profit_reward - DEBUG - [profit_reward.py:95] - Phần thưởng: cơ bản=0.0000, liên tiếp=0.0000, drawdown=0.0000, tổng=0.0000
2025-05-05 14:38:26,430 - trading_system.profit_reward - DEBUG - [profit_reward.py:95] - Phần thưởng: cơ bản=0.0000, liên tiếp=0.0000, drawdown=0.0000, tổng=0.0000
2025-05-05 14:38:26,946 - trading_system.profit_reward - DEBUG - [profit_reward.py:95] - Phần thưởng: cơ bản=0.0000, liên tiếp=0.0000, drawdown=0.0000, tổng=0.0000
2025-05-05 14:38:27,499 - trading_system.profit_reward - DEBUG - [profit_reward.py:95] - Phần thưởng: cơ bản=0.0000, liên tiếp=0.0000, drawdown=0.0000, tổng=0.0000
2025-05-05 14:38:28,110 - trading_system.profit_reward - DEBUG - [profit_reward.py:95] - Phần thưởng: cơ bản=-0.0003, liên tiếp=0.0000, drawdown=-0.0001, tổng=-0.0004
2025-05-05 14:38:28,689 - trading_system.profit_reward - DEBUG - [profit_reward.py:95] - Phần thưởng: cơ bản=-0.0025, liên tiếp=0.0000, drawdown=-0.0014, tổng=-0.0038
2025-05-05 14:38:29,198 - trading_system.profit_reward - DEBUG - [profit_reward.py:95] - Phần thưởng: cơ bản=0.0000, liên tiếp=0.0000, drawdown=0.0000, tổng=0.0000
2025-05-05 14:38:29,732 - trading_system.train_command - INFO - [train_commands.py:283] - Đã hủy huấn luyện
2025-05-05 14:38:29,732 - trading_system - INFO - [main.py:53] - Đóng hệ thống giao dịch tự động
