2025-05-06 16:34:40,755 - trading_system.module_manager - DEBUG - [trading_system.py:60] - Các module agent khả dụng
2025-05-06 16:34:40,763 - trading_system.module_manager - DEBUG - [trading_system.py:70] - Các module môi trường khả dụng
2025-05-06 16:34:41,478 - trading_system.module_manager - DEBUG - [trading_system.py:80] - Các module thu thập dữ liệu khả dụng
2025-05-06 16:34:42,888 - trading_system - INFO - [main.py:27] - Khởi động hệ thống giao dịch tự động
2025-05-06 16:34:42,899 - trading_system.module_manager - DEBUG - [trading_system.py:60] - Các module agent khả dụng
2025-05-06 16:34:42,899 - trading_system.module_manager - DEBUG - [trading_system.py:70] - Các module môi trường khả dụng
2025-05-06 16:34:42,900 - trading_system.module_manager - DEBUG - [trading_system.py:80] - Các module thu thập dữ liệu khả dụng
2025-05-06 16:34:42,901 - trading_system.module_manager - INFO - [trading_system.py:139] - ==== Trạng thái khả dụng của module ====
2025-05-06 16:34:42,901 - trading_system.module_manager - INFO - [trading_system.py:140] - Agents: Khả dụng
2025-05-06 16:34:42,902 - trading_system.module_manager - INFO - [trading_system.py:141] - Environments: Khả dụng
2025-05-06 16:34:42,902 - trading_system.module_manager - INFO - [trading_system.py:142] - Data Collectors: Khả dụng
2025-05-06 16:34:42,903 - trading_system.trading_system - INFO - [trading_system.py:223] - Đã khởi tạo hệ thống giao dịch tự động
2025-05-06 16:34:42,904 - trading_system.train_command - INFO - [train_commands.py:210] - Tự động tìm thấy file dữ liệu: E:\AI_AGENT\automated-trading-system\data\processed\btc_usdt_20250505_011446.parquet
2025-05-06 16:34:42,905 - trading_system.train_command - INFO - [train_commands.py:287] - Bắt đầu huấn luyện agent dqn trên BTC/USDT, 1h
2025-05-06 16:34:42,906 - trading_system.module_manager - DEBUG - [trading_system.py:60] - Các module agent khả dụng
2025-05-06 16:34:42,907 - trading_system.module_manager - DEBUG - [trading_system.py:70] - Các module môi trường khả dụng
2025-05-06 16:34:42,907 - trading_system.module_manager - DEBUG - [trading_system.py:80] - Các module thu thập dữ liệu khả dụng
2025-05-06 16:34:42,908 - trading_system.module_manager - DEBUG - [trading_system.py:103] - Agent DQN khả dụng
2025-05-06 16:34:42,909 - trading_system.trading_system - INFO - [trading_system.py:514] - Bắt đầu huấn luyện agent dqn cho BTC/USDT, khung thời gian 1h
2025-05-06 16:34:42,910 - trading_system.missing_data_handler - INFO - [missing_data_handler.py:79] - Đã khởi tạo MissingDataHandler với phương pháp interpolate
2025-05-06 16:34:42,911 - trading_system.missing_data_handler - DEBUG - [missing_data_handler.py:80] - Fallback strategy: ffill, bfill, mean, median
2025-05-06 16:34:42,911 - trading_system.missing_data_handler - INFO - [missing_data_handler.py:79] - Đã khởi tạo MissingDataHandler với phương pháp interpolate
2025-05-06 16:34:42,912 - trading_system.missing_data_handler - DEBUG - [missing_data_handler.py:80] - Fallback strategy: ffill, bfill, mean, median
2025-05-06 16:34:42,912 - trading_system.data_cleaner - INFO - [data_cleaner.py:70] - Đã khởi tạo DataCleaner với normalize_method=z-score
2025-05-06 16:34:42,913 - trading_system.trading_system - INFO - [feature_generator.py:98] - Đã khởi tạo FeatureGenerator
2025-05-06 16:34:42,913 - trading_system.trading_system - INFO - [feature_generator.py:326] - Đăng ký các đặc trưng mặc định
2025-05-06 16:34:42,914 - trading_system.trading_system - DEBUG - [feature_generator.py:497] - Import thành công từ technical_indicators package
2025-05-06 16:34:42,914 - trading_system.trading_system - DEBUG - [feature_generator.py:132] - Đã đăng ký đặc trưng: trend_ema
2025-05-06 16:34:42,915 - trading_system.trading_system - DEBUG - [feature_generator.py:132] - Đã đăng ký đặc trưng: trend_sma
2025-05-06 16:34:42,915 - trading_system.trading_system - DEBUG - [feature_generator.py:132] - Đã đăng ký đặc trưng: momentum_rsi
2025-05-06 16:34:42,916 - trading_system.trading_system - DEBUG - [feature_generator.py:132] - Đã đăng ký đặc trưng: momentum_macd
2025-05-06 16:34:42,916 - trading_system.trading_system - DEBUG - [feature_generator.py:132] - Đã đăng ký đặc trưng: volatility_atr
2025-05-06 16:34:42,917 - trading_system.trading_system - DEBUG - [feature_generator.py:132] - Đã đăng ký đặc trưng: volatility_bbands
2025-05-06 16:34:42,918 - trading_system.trading_system - DEBUG - [feature_generator.py:132] - Đã đăng ký đặc trưng: volume_obv
2025-05-06 16:34:42,918 - trading_system.trading_system - DEBUG - [feature_generator.py:132] - Đã đăng ký đặc trưng: trend_adx
2025-05-06 16:34:42,919 - trading_system.trading_system - DEBUG - [feature_generator.py:132] - Đã đăng ký đặc trưng: trend_supertrend
2025-05-06 16:34:42,920 - trading_system.trading_system - DEBUG - [feature_generator.py:132] - Đã đăng ký đặc trưng: volume_osc
2025-05-06 16:34:42,921 - trading_system.trading_system - INFO - [feature_generator.py:515] - Đã đăng ký tất cả technical indicators có sẵn
2025-05-06 16:34:42,921 - trading_system.trading_system - DEBUG - [feature_generator.py:161] - Đã đăng ký bộ tiền xử lý: normalize
2025-05-06 16:34:42,922 - trading_system.trading_system - DEBUG - [feature_generator.py:161] - Đã đăng ký bộ tiền xử lý: standardize
2025-05-06 16:34:42,923 - trading_system.trading_system - DEBUG - [feature_generator.py:161] - Đã đăng ký bộ tiền xử lý: min_max_scale
2025-05-06 16:34:42,923 - trading_system.trading_system - DEBUG - [feature_generator.py:161] - Đã đăng ký bộ tiền xử lý: handle_extreme_values
2025-05-06 16:34:42,924 - trading_system.trading_system - DEBUG - [feature_generator.py:161] - Đã đăng ký bộ tiền xử lý: log_transform_volume
2025-05-06 16:34:42,925 - trading_system.trading_system - DEBUG - [feature_generator.py:219] - Đã đăng ký bộ chọn lọc đặc trưng: statistical_correlation
2025-05-06 16:34:42,926 - trading_system.trading_system - DEBUG - [feature_generator.py:132] - Đã đăng ký đặc trưng: target_labels
2025-05-06 16:34:42,926 - trading_system.trading_system - INFO - [feature_generator.py:382] - Đã đăng ký tính năng tạo nhãn target
2025-05-06 16:34:42,927 - trading_system.trading_system - INFO - [feature_generator.py:388] - Đã đăng ký 11 đặc trưng: ['trend_ema', 'trend_sma', 'momentum_rsi', 'momentum_macd', 'volatility_atr', 'volatility_bbands', 'volume_obv', 'trend_adx', 'trend_supertrend', 'volume_osc', 'target_labels']
2025-05-06 16:34:42,928 - trading_system.sentiment_collector - INFO - [sentiment_collector.py:1858] - Đã thêm nguồn dữ liệu tâm lý: Fear and Greed Index
2025-05-06 16:34:42,929 - trading_system.trading_system - INFO - [data_pipeline.py:217] - Đã khởi tạo các collector dữ liệu cho binance
2025-05-06 16:34:42,930 - trading_system.trading_system - INFO - [data_pipeline.py:107] - Đã khởi tạo DataPipeline
2025-05-06 16:34:43,051 - trading_system.trading_system - INFO - [data_pipeline.py:489] - Đã tải 27000 dòng dữ liệu từ E:\AI_AGENT\automated-trading-system\data\processed\btc_usdt_20250505_011446.parquet cho BTC/USDT
2025-05-06 16:34:43,054 - trading_system.environment - INFO - [base_environment.py:103] - Đã khởi tạo môi trường cơ sở với 27000 dòng dữ liệu
2025-05-06 16:34:43,056 - trading_system.observation_space - INFO - [observation_space.py:67] - Đã khởi tạo ObservationSpace với 37 đặc trưng, window_size=100
2025-05-06 16:34:43,056 - trading_system.observation_space - INFO - [observation_space.py:69] - Không gian quan sát bao gồm target với 1 chiều
2025-05-06 16:34:43,057 - trading_system.action_space - INFO - [action_space.py:53] - Đã khởi tạo ActionSpace với loại discrete, max_positions=5
2025-05-06 16:34:43,057 - trading_system.environment - INFO - [trading_env.py:195] - Đã khởi tạo môi trường giao dịch với 27000 dòng dữ liệu, 37 đặc trưng
2025-05-06 16:34:43,058 - trading_system.agent - INFO - [base_agent.py:119] - Đã khởi tạo DQNAgent với state_dim=(3722,), action_dim=17
2025-05-06 16:34:44,281 - trading_system.value_network - INFO - [value_network.py:79] - Đã khởi tạo ValueNetwork với state_dim=(3722,), action_dim=17, network_type=mlp, dueling=False
2025-05-06 16:34:44,319 - trading_system.value_network - INFO - [value_network.py:79] - Đã khởi tạo ValueNetwork với state_dim=(3722,), action_dim=17, network_type=mlp, dueling=False
2025-05-06 16:34:44,339 - trading_system.agent - DEBUG - [dqn_agent.py:315] - Đã cập nhật target network sau 0 bước huấn luyện
2025-05-06 16:34:44,340 - trading_system.agent - INFO - [dqn_agent.py:169] - Đã khởi tạo DQNAgent với state_dim=(3722,), action_dim=17, double_dqn=False, dueling=False, prioritized_replay=False
2025-05-06 16:34:44,349 - trading_system.trainer - INFO - [trainer.py:146] - Đã khởi tạo Trainer cho dqn_agent trên TradingEnv
2025-05-06 16:34:44,351 - trading_system.trainer - INFO - [trainer.py:147] - Kết quả huấn luyện sẽ được lưu tại E:\AI_AGENT\automated-trading-system\saved_models\dqn\BTC_USDT\1h\dqn_agent_20250506_163444
2025-05-06 16:34:44,352 - trading_system.trading_system - INFO - [trading_system.py:614] - Bắt đầu huấn luyện agent dqn với 20 episodes
2025-05-06 16:34:44,352 - trading_system.trainer - INFO - [trainer.py:234] - Bắt đầu huấn luyện cho 20 episodes, mỗi episode tối đa 1000 bước
2025-05-06 16:34:44,353 - trading_system.environment - INFO - [trading_env.py:279] - Tạo nhãn target với kiểu 'price_movement', lookforward=10, threshold=0.01
2025-05-06 16:34:44,359 - trading_system.environment - INFO - [trading_env.py:333] - Đã tạo thành công nhãn target 'target' với phân bố: target
 0.0    9767
 1.0    8701
-1.0    8522
Name: count, dtype: int64
2025-05-06 16:34:44,365 - trading_system.profit_reward - WARNING - [profit_reward.py:45] - Không đủ dữ liệu để tính toán phần thưởng
2025-05-06 16:34:44,374 - trading_system.profit_reward - DEBUG - [profit_reward.py:95] - Phần thưởng: cơ bản=0.4995, liên tiếp=0.0000, drawdown=0.0000, tổng=0.4995
2025-05-06 16:34:44,379 - trading_system.profit_reward - DEBUG - [profit_reward.py:95] - Phần thưởng: cơ bản=-0.0061, liên tiếp=0.0000, drawdown=-0.0030, tổng=-0.0091
2025-05-06 16:34:44,384 - trading_system.profit_reward - DEBUG - [profit_reward.py:95] - Phần thưởng: cơ bản=-0.0038, liên tiếp=0.0000, drawdown=-0.0049, tổng=-0.0087
2025-05-06 16:34:44,390 - trading_system.profit_reward - DEBUG - [profit_reward.py:95] - Phần thưởng: cơ bản=0.0000, liên tiếp=0.0000, drawdown=0.0000, tổng=0.0000
2025-05-06 16:34:44,395 - trading_system.profit_reward - DEBUG - [profit_reward.py:95] - Phần thưởng: cơ bản=0.0000, liên tiếp=0.0000, drawdown=0.0000, tổng=0.0000
2025-05-06 16:34:44,401 - trading_system.profit_reward - DEBUG - [profit_reward.py:95] - Phần thưởng: cơ bản=-0.0007, liên tiếp=0.0000, drawdown=-0.0004, tổng=-0.0011
2025-05-06 16:34:44,406 - trading_system.profit_reward - DEBUG - [profit_reward.py:95] - Phần thưởng: cơ bản=0.0000, liên tiếp=0.0000, drawdown=0.0000, tổng=0.0000
2025-05-06 16:34:44,412 - trading_system.profit_reward - DEBUG - [profit_reward.py:95] - Phần thưởng: cơ bản=0.0000, liên tiếp=0.0000, drawdown=0.0000, tổng=0.0000
2025-05-06 16:34:44,419 - trading_system.profit_reward - DEBUG - [profit_reward.py:95] - Phần thưởng: cơ bản=-0.0021, liên tiếp=0.0000, drawdown=-0.0010, tổng=-0.0031
2025-05-06 16:34:44,424 - trading_system.profit_reward - DEBUG - [profit_reward.py:95] - Phần thưởng: cơ bản=0.0028, liên tiếp=0.0000, drawdown=0.0000, tổng=0.0028
2025-05-06 16:34:44,430 - trading_system.profit_reward - DEBUG - [profit_reward.py:95] - Phần thưởng: cơ bản=0.0012, liên tiếp=0.0001, drawdown=0.0000, tổng=0.0014
2025-05-06 16:34:44,435 - trading_system.profit_reward - DEBUG - [profit_reward.py:95] - Phần thưởng: cơ bản=0.3855, liên tiếp=0.0771, drawdown=0.0000, tổng=0.4626
2025-05-06 16:34:44,441 - trading_system.profit_reward - DEBUG - [profit_reward.py:95] - Phần thưởng: cơ bản=0.2795, liên tiếp=0.0839, drawdown=0.0000, tổng=0.3634
2025-05-06 16:34:44,447 - trading_system.profit_reward - DEBUG - [profit_reward.py:95] - Phần thưởng: cơ bản=0.3288, liên tiếp=0.1315, drawdown=0.0000, tổng=0.4603
2025-05-06 16:34:44,452 - trading_system.profit_reward - DEBUG - [profit_reward.py:95] - Phần thưởng: cơ bản=0.2453, liên tiếp=0.1227, drawdown=0.0000, tổng=0.3680
2025-05-06 16:34:44,458 - trading_system.profit_reward - DEBUG - [profit_reward.py:95] - Phần thưởng: cơ bản=-0.0013, liên tiếp=0.0000, drawdown=-0.0006, tổng=-0.0019
2025-05-06 16:34:44,463 - trading_system.profit_reward - DEBUG - [profit_reward.py:95] - Phần thưởng: cơ bản=0.0011, liên tiếp=0.0000, drawdown=-0.0001, tổng=0.0010
2025-05-06 16:34:44,469 - trading_system.profit_reward - DEBUG - [profit_reward.py:95] - Phần thưởng: cơ bản=-0.0002, liên tiếp=0.0000, drawdown=-0.0002, tổng=-0.0003
2025-05-06 16:34:44,474 - trading_system.profit_reward - DEBUG - [profit_reward.py:95] - Phần thưởng: cơ bản=-0.0028, liên tiếp=0.0000, drawdown=-0.0016, tổng=-0.0045
2025-05-06 16:34:44,480 - trading_system.profit_reward - DEBUG - [profit_reward.py:95] - Phần thưởng: cơ bản=-0.0020, liên tiếp=0.0000, drawdown=-0.0026, tổng=-0.0046
2025-05-06 16:34:44,485 - trading_system.profit_reward - DEBUG - [profit_reward.py:95] - Phần thưởng: cơ bản=0.0003, liên tiếp=0.0000, drawdown=-0.0024, tổng=-0.0021
2025-05-06 16:34:44,491 - trading_system.profit_reward - DEBUG - [profit_reward.py:95] - Phần thưởng: cơ bản=-0.0005, liên tiếp=0.0000, drawdown=-0.0027, tổng=-0.0032
2025-05-06 16:34:44,498 - trading_system.profit_reward - DEBUG - [profit_reward.py:95] - Phần thưởng: cơ bản=0.0015, liên tiếp=0.0000, drawdown=-0.0019, tổng=-0.0005
2025-05-06 16:34:44,504 - trading_system.profit_reward - DEBUG - [profit_reward.py:95] - Phần thưởng: cơ bản=-0.0030, liên tiếp=0.0000, drawdown=-0.0035, tổng=-0.0065
2025-05-06 16:34:44,510 - trading_system.profit_reward - DEBUG - [profit_reward.py:95] - Phần thưởng: cơ bản=0.0015, liên tiếp=0.0000, drawdown=-0.0027, tổng=-0.0012
2025-05-06 16:34:44,516 - trading_system.profit_reward - DEBUG - [profit_reward.py:95] - Phần thưởng: cơ bản=0.3407, liên tiếp=0.0341, drawdown=0.0000, tổng=0.3748
2025-05-06 16:34:44,521 - trading_system.profit_reward - DEBUG - [profit_reward.py:95] - Phần thưởng: cơ bản=-0.0004, liên tiếp=0.0000, drawdown=-0.0002, tổng=-0.0005
2025-05-06 16:34:44,527 - trading_system.profit_reward - DEBUG - [profit_reward.py:95] - Phần thưởng: cơ bản=0.0003, liên tiếp=0.0000, drawdown=-0.0000, tổng=0.0003
2025-05-06 16:34:44,532 - trading_system.profit_reward - DEBUG - [profit_reward.py:95] - Phần thưởng: cơ bản=-0.0002, liên tiếp=0.0000, drawdown=-0.0002, tổng=-0.0004
2025-05-06 16:34:44,538 - trading_system.profit_reward - DEBUG - [profit_reward.py:95] - Phần thưởng: cơ bản=0.0001, liên tiếp=0.0000, drawdown=-0.0001, tổng=0.0001
2025-05-06 16:34:44,544 - trading_system.profit_reward - DEBUG - [profit_reward.py:95] - Phần thưởng: cơ bản=0.0000, liên tiếp=0.0000, drawdown=-0.0001, tổng=-0.0001
2025-05-06 16:34:44,549 - trading_system.profit_reward - DEBUG - [profit_reward.py:95] - Phần thưởng: cơ bản=-0.0007, liên tiếp=0.0000, drawdown=-0.0004, tổng=-0.0012
2025-05-06 16:34:44,554 - trading_system.profit_reward - DEBUG - [profit_reward.py:95] - Phần thưởng: cơ bản=0.0000, liên tiếp=0.0000, drawdown=0.0000, tổng=0.0000
2025-05-06 16:34:44,559 - trading_system.profit_reward - DEBUG - [profit_reward.py:95] - Phần thưởng: cơ bản=0.0000, liên tiếp=0.0000, drawdown=0.0000, tổng=0.0000
2025-05-06 16:34:44,565 - trading_system.profit_reward - DEBUG - [profit_reward.py:95] - Phần thưởng: cơ bản=0.0000, liên tiếp=0.0000, drawdown=0.0000, tổng=0.0000
2025-05-06 16:34:44,570 - trading_system.profit_reward - DEBUG - [profit_reward.py:95] - Phần thưởng: cơ bản=0.0000, liên tiếp=0.0000, drawdown=0.0000, tổng=0.0000
2025-05-06 16:34:44,584 - trading_system.profit_reward - DEBUG - [profit_reward.py:95] - Phần thưởng: cơ bản=-0.0043, liên tiếp=0.0000, drawdown=-0.0021, tổng=-0.0064
2025-05-06 16:34:44,589 - trading_system.profit_reward - DEBUG - [profit_reward.py:95] - Phần thưởng: cơ bản=0.0000, liên tiếp=0.0000, drawdown=-0.0019, tổng=-0.0019
2025-05-06 16:34:44,594 - trading_system.profit_reward - DEBUG - [profit_reward.py:95] - Phần thưởng: cơ bản=0.0000, liên tiếp=0.0000, drawdown=0.0000, tổng=0.0000
2025-05-06 16:34:44,599 - trading_system.profit_reward - DEBUG - [profit_reward.py:95] - Phần thưởng: cơ bản=-0.0017, liên tiếp=0.0000, drawdown=-0.0008, tổng=-0.0025
2025-05-06 16:34:44,605 - trading_system.profit_reward - DEBUG - [profit_reward.py:95] - Phần thưởng: cơ bản=0.0000, liên tiếp=0.0000, drawdown=0.0000, tổng=0.0000
2025-05-06 16:34:44,610 - trading_system.profit_reward - DEBUG - [profit_reward.py:95] - Phần thưởng: cơ bản=-0.0020, liên tiếp=0.0000, drawdown=-0.0010, tổng=-0.0030
2025-05-06 16:34:44,615 - trading_system.profit_reward - DEBUG - [profit_reward.py:95] - Phần thưởng: cơ bản=0.0000, liên tiếp=0.0000, drawdown=-0.0009, tổng=-0.0009
2025-05-06 16:34:44,621 - trading_system.profit_reward - DEBUG - [profit_reward.py:95] - Phần thưởng: cơ bản=0.0000, liên tiếp=0.0000, drawdown=0.0000, tổng=0.0000
2025-05-06 16:34:44,627 - trading_system.profit_reward - DEBUG - [profit_reward.py:95] - Phần thưởng: cơ bản=0.0000, liên tiếp=0.0000, drawdown=0.0000, tổng=0.0000
2025-05-06 16:34:44,632 - trading_system.profit_reward - DEBUG - [profit_reward.py:95] - Phần thưởng: cơ bản=0.0000, liên tiếp=0.0000, drawdown=0.0000, tổng=0.0000
2025-05-06 16:34:44,638 - trading_system.profit_reward - DEBUG - [profit_reward.py:95] - Phần thưởng: cơ bản=0.0000, liên tiếp=0.0000, drawdown=0.0000, tổng=0.0000
2025-05-06 16:34:44,644 - trading_system.profit_reward - DEBUG - [profit_reward.py:95] - Phần thưởng: cơ bản=-0.0000, liên tiếp=0.0000, drawdown=-0.0000, tổng=-0.0000
2025-05-06 16:34:44,649 - trading_system.profit_reward - DEBUG - [profit_reward.py:95] - Phần thưởng: cơ bản=-0.0000, liên tiếp=0.0000, drawdown=-0.0000, tổng=-0.0000
2025-05-06 16:34:44,656 - trading_system.profit_reward - DEBUG - [profit_reward.py:95] - Phần thưởng: cơ bản=0.0000, liên tiếp=0.0000, drawdown=-0.0000, tổng=-0.0000
2025-05-06 16:34:44,661 - trading_system.profit_reward - DEBUG - [profit_reward.py:95] - Phần thưởng: cơ bản=-0.0000, liên tiếp=0.0000, drawdown=-0.0000, tổng=-0.0000
2025-05-06 16:34:44,667 - trading_system.profit_reward - DEBUG - [profit_reward.py:95] - Phần thưởng: cơ bản=-0.0000, liên tiếp=0.0000, drawdown=-0.0000, tổng=-0.0000
2025-05-06 16:34:44,673 - trading_system.profit_reward - DEBUG - [profit_reward.py:95] - Phần thưởng: cơ bản=0.0000, liên tiếp=0.0000, drawdown=-0.0000, tổng=-0.0000
2025-05-06 16:34:44,679 - trading_system.profit_reward - DEBUG - [profit_reward.py:95] - Phần thưởng: cơ bản=0.0000, liên tiếp=0.0000, drawdown=-0.0000, tổng=-0.0000
2025-05-06 16:34:44,685 - trading_system.profit_reward - DEBUG - [profit_reward.py:95] - Phần thưởng: cơ bản=-0.0000, liên tiếp=0.0000, drawdown=-0.0000, tổng=-0.0000
2025-05-06 16:34:44,690 - trading_system.profit_reward - DEBUG - [profit_reward.py:95] - Phần thưởng: cơ bản=-0.0000, liên tiếp=0.0000, drawdown=-0.0000, tổng=-0.0000
2025-05-06 16:34:44,696 - trading_system.profit_reward - DEBUG - [profit_reward.py:95] - Phần thưởng: cơ bản=0.0000, liên tiếp=0.0000, drawdown=-0.0000, tổng=-0.0000
2025-05-06 16:34:44,702 - trading_system.profit_reward - DEBUG - [profit_reward.py:95] - Phần thưởng: cơ bản=-0.0000, liên tiếp=0.0000, drawdown=-0.0000, tổng=-0.0000
2025-05-06 16:34:44,708 - trading_system.profit_reward - DEBUG - [profit_reward.py:95] - Phần thưởng: cơ bản=0.0000, liên tiếp=0.0000, drawdown=-0.0000, tổng=-0.0000
2025-05-06 16:34:44,713 - trading_system.profit_reward - DEBUG - [profit_reward.py:95] - Phần thưởng: cơ bản=0.0000, liên tiếp=0.0000, drawdown=-0.0000, tổng=-0.0000
2025-05-06 16:34:44,719 - trading_system.profit_reward - DEBUG - [profit_reward.py:95] - Phần thưởng: cơ bản=-0.0000, liên tiếp=0.0000, drawdown=-0.0000, tổng=-0.0000
2025-05-06 16:34:44,725 - trading_system.profit_reward - DEBUG - [profit_reward.py:95] - Phần thưởng: cơ bản=-0.0000, liên tiếp=0.0000, drawdown=-0.0000, tổng=-0.0000
2025-05-06 16:34:44,731 - trading_system.profit_reward - DEBUG - [profit_reward.py:95] - Phần thưởng: cơ bản=0.0000, liên tiếp=0.0000, drawdown=-0.0000, tổng=-0.0000
2025-05-06 16:34:44,738 - trading_system.trading_system - ERROR - [trading_system.py:686] - Lỗi khi huấn luyện agent: axis 1 is out of bounds for array of dimension 0
Traceback (most recent call last):
  File "E:\AI_AGENT\automated-trading-system\trading_system.py", line 669, in train_agent
    training_history = trainer.train()
  File "E:\AI_AGENT\automated-trading-system\models\training_pipeline\trainer.py", line 242, in train
    episode_reward, episode_length, episode_losses = self._train_episode(max_steps, render_frequency)
  File "E:\AI_AGENT\automated-trading-system\models\training_pipeline\trainer.py", line 378, in _train_episode
    loss_info = self.agent.learn()
  File "E:\AI_AGENT\automated-trading-system\models\agents\dqn_agent.py", line 276, in learn
    q_target = rewards + (1 - dones) * self.gamma * np.max(q_target_next, axis=1)
  File "<__array_function__ internals>", line 180, in amax
  File "C:\Users\MAY10\anaconda3\envs\autotrading_env\lib\site-packages\numpy\core\fromnumeric.py", line 2793, in amax
    return _wrapreduction(a, np.maximum, 'max', axis, None, out,
  File "C:\Users\MAY10\anaconda3\envs\autotrading_env\lib\site-packages\numpy\core\fromnumeric.py", line 86, in _wrapreduction
    return ufunc.reduce(obj, axis, dtype, out, **passkwargs)
numpy.AxisError: axis 1 is out of bounds for array of dimension 0
2025-05-06 16:34:44,743 - trading_system.train_command - ERROR - [train_commands.py:327] - Huấn luyện thất bại
2025-05-06 16:34:44,748 - trading_system - INFO - [main.py:53] - Đóng hệ thống giao dịch tự động
