2025-05-01 01:46:55,050 - trading_system - INFO - [main.py:56] - Khởi tạo Hệ thống Giao dịch Tự động
2025-05-01 01:46:55,050 - trading_system - INFO - [main.py:63] - Đã tải cấu hình hệ thống - Môi trường: development
2025-05-01 01:46:55,051 - trading_system - INFO - [main.py:79] - Hệ thống đã sẵn sàng
2025-05-01 01:46:55,051 - trading_system - INFO - [main.py:285] - Bắt đầu xử lý dữ liệu với lệnh: pipeline
2025-05-01 01:46:55,052 - trading_system - INFO - [main.py:514] - Bắt đầu chạy pipeline xử lý dữ liệu
2025-05-01 01:46:55,053 - trading_system.outlier_detector - INFO - [outlier_detector.py:101] - Đã khởi tạo OutlierDetector với phương pháp z-score
2025-05-01 01:46:55,054 - trading_system.missing_data_handler - INFO - [missing_data_handler.py:79] - Đã khởi tạo MissingDataHandler với phương pháp interpolate
2025-05-01 01:46:55,054 - trading_system.missing_data_handler - DEBUG - [missing_data_handler.py:80] - Fallback strategy: ffill, bfill, mean, median
2025-05-01 01:46:55,055 - trading_system.data_cleaner - INFO - [data_cleaner.py:70] - Đã khởi tạo DataCleaner với normalize_method=z-score
2025-05-01 01:46:55,055 - trading_system.data_pipeline - INFO - [feature_generator.py:110] - Đã khởi tạo FeatureGenerator
2025-05-01 01:46:55,056 - trading_system.data_pipeline - INFO - [feature_generator.py:329] - Đăng ký các đặc trưng mặc định
2025-05-01 01:46:55,056 - trading_system.data_pipeline - DEBUG - [feature_generator.py:173] - Đã đăng ký bộ tiền xử lý: normalize
2025-05-01 01:46:55,057 - trading_system.data_pipeline - DEBUG - [feature_generator.py:173] - Đã đăng ký bộ tiền xử lý: standardize
2025-05-01 01:46:55,057 - trading_system.data_pipeline - DEBUG - [feature_generator.py:173] - Đã đăng ký bộ tiền xử lý: min_max_scale
2025-05-01 01:46:55,058 - trading_system.data_pipeline - INFO - [data_pipeline.py:199] - Đã khởi tạo các collector dữ liệu cho binance
2025-05-01 01:46:55,058 - trading_system.data_pipeline - INFO - [data_pipeline.py:107] - Đã khởi tạo DataPipeline
2025-05-01 01:46:55,059 - trading_system - INFO - [main.py:550] - Chạy pipeline với timeframe 1h cho 2 cặp giao dịch
2025-05-01 01:46:55,060 - trading_system.data_pipeline - INFO - [data_pipeline.py:1187] - Chạy pipeline mặc định với 7 bước
2025-05-01 01:46:55,060 - trading_system.data_pipeline - INFO - [data_pipeline.py:1205] - Thực hiện bước 'collect_data'
2025-05-01 01:46:55,061 - trading_system.data_pipeline - INFO - [data_pipeline.py:305] - Thu thập dữ liệu từ binance cho 2 cặp giao dịch, khung thời gian 1h
2025-05-01 01:46:55,063 - trading_system.exchange.binance_connector - INFO - [generic_connector.py:109] - Sử dụng API credentials từ biến môi trường cho binance
2025-05-01 01:46:56,834 - trading_system.exchange.binance_connector - INFO - [binance_connector.py:143] - Đã tải thành công 3625 thị trường
2025-05-01 01:46:56,835 - trading_system.exchange.binance_connector - INFO - [generic_connector.py:90] - Đã khởi tạo kết nối binance mainnet
2025-05-01 01:46:56,836 - trading_system.exchange.binance_connector - INFO - [binance_connector.py:54] - Đã khởi tạo kết nối Binance Spot
2025-05-01 01:46:56,836 - trading_system.exchange.binance_connector - INFO - [binance_connector.py:241] - Đã sử dụng thông tin 3625 thị trường từ cache
2025-05-01 01:46:56,837 - trading_system.exchange.binance_connector - INFO - [generic_connector.py:671] - Đã khởi tạo thành công connector binance
2025-05-01 01:46:56,839 - trading_system.historical_data_collector_binance - INFO - [historical_data_collector.py:88] - Đã khởi tạo HistoricalDataCollector cho binance
2025-05-01 01:46:56,840 - trading_system.historical_data_collector_binance - INFO - [historical_data_collector.py:750] - Thu thập OHLCV cho 2 cặp giao dịch với 1h
2025-05-01 01:46:56,841 - trading_system.historical_data_collector_binance - DEBUG - [historical_data_collector.py:758] - Bắt đầu thu thập dữ liệu cho BTC/USDT
2025-05-01 01:46:56,841 - trading_system.historical_data_collector_binance - INFO - [historical_data_collector.py:125] - Thu thập OHLCV cho BTC/USDT (1h) từ 2022-01-01 00:00:00 đến 2023-12-31 00:00:00
2025-05-01 01:46:56,986 - trading_system.exchange.binance_connector - INFO - [generic_connector.py:369] - Đã lấy 1000 candles 1h cho BTC/USDT
2025-05-01 01:46:56,988 - trading_system.historical_data_collector_binance - DEBUG - [historical_data_collector.py:758] - Bắt đầu thu thập dữ liệu cho ETH/USDT
2025-05-01 01:46:56,989 - trading_system.historical_data_collector_binance - INFO - [historical_data_collector.py:125] - Thu thập OHLCV cho ETH/USDT (1h) từ 2022-01-01 00:00:00 đến 2023-12-31 00:00:00
2025-05-01 01:46:57,144 - trading_system.exchange.binance_connector - INFO - [generic_connector.py:369] - Đã lấy 1000 candles 1h cho ETH/USDT
2025-05-01 01:46:57,146 - trading_system.historical_data_collector_binance - DEBUG - [historical_data_collector.py:206] - Đã lấy 1000 nến từ 2022-01-01 00:00:00
2025-05-01 01:46:57,200 - trading_system.historical_data_collector_binance - DEBUG - [historical_data_collector.py:206] - Đã lấy 1000 nến từ 2022-01-01 00:00:00
2025-05-01 01:46:57,338 - trading_system.exchange.binance_connector - INFO - [generic_connector.py:369] - Đã lấy 1000 candles 1h cho BTC/USDT
2025-05-01 01:46:57,472 - trading_system.exchange.binance_connector - INFO - [generic_connector.py:369] - Đã lấy 1000 candles 1h cho ETH/USDT
2025-05-01 01:46:57,473 - trading_system.historical_data_collector_binance - DEBUG - [historical_data_collector.py:206] - Đã lấy 1000 nến từ 2022-02-11 15:00:00.001000
2025-05-01 01:46:57,528 - trading_system.historical_data_collector_binance - DEBUG - [historical_data_collector.py:206] - Đã lấy 1000 nến từ 2022-02-11 15:00:00.001000
2025-05-01 01:46:57,671 - trading_system.exchange.binance_connector - INFO - [generic_connector.py:369] - Đã lấy 1000 candles 1h cho BTC/USDT
2025-05-01 01:46:57,820 - trading_system.exchange.binance_connector - INFO - [generic_connector.py:369] - Đã lấy 1000 candles 1h cho ETH/USDT
2025-05-01 01:46:57,821 - trading_system.historical_data_collector_binance - DEBUG - [historical_data_collector.py:206] - Đã lấy 1000 nến từ 2022-03-25 07:00:00.001000
2025-05-01 01:46:57,869 - trading_system.historical_data_collector_binance - DEBUG - [historical_data_collector.py:206] - Đã lấy 1000 nến từ 2022-03-25 07:00:00.001000
2025-05-01 01:46:58,021 - trading_system.exchange.binance_connector - INFO - [generic_connector.py:369] - Đã lấy 1000 candles 1h cho BTC/USDT
2025-05-01 01:46:58,173 - trading_system.exchange.binance_connector - INFO - [generic_connector.py:369] - Đã lấy 1000 candles 1h cho ETH/USDT
2025-05-01 01:46:58,175 - trading_system.historical_data_collector_binance - DEBUG - [historical_data_collector.py:206] - Đã lấy 1000 nến từ 2022-05-05 23:00:00.001000
2025-05-01 01:46:58,228 - trading_system.historical_data_collector_binance - DEBUG - [historical_data_collector.py:206] - Đã lấy 1000 nến từ 2022-05-05 23:00:00.001000
2025-05-01 01:46:58,473 - trading_system.exchange.binance_connector - INFO - [generic_connector.py:369] - Đã lấy 1000 candles 1h cho BTC/USDT
2025-05-01 01:46:58,613 - trading_system.exchange.binance_connector - INFO - [generic_connector.py:369] - Đã lấy 1000 candles 1h cho ETH/USDT
2025-05-01 01:46:58,614 - trading_system.historical_data_collector_binance - DEBUG - [historical_data_collector.py:206] - Đã lấy 1000 nến từ 2022-06-16 15:00:00.001000
2025-05-01 01:46:58,667 - trading_system.historical_data_collector_binance - DEBUG - [historical_data_collector.py:206] - Đã lấy 1000 nến từ 2022-06-16 15:00:00.001000
2025-05-01 01:46:58,806 - trading_system.exchange.binance_connector - INFO - [generic_connector.py:369] - Đã lấy 1000 candles 1h cho BTC/USDT
2025-05-01 01:46:58,958 - trading_system.exchange.binance_connector - INFO - [generic_connector.py:369] - Đã lấy 1000 candles 1h cho ETH/USDT
2025-05-01 01:46:58,959 - trading_system.historical_data_collector_binance - DEBUG - [historical_data_collector.py:206] - Đã lấy 1000 nến từ 2022-07-28 07:00:00.001000
2025-05-01 01:46:59,016 - trading_system.historical_data_collector_binance - DEBUG - [historical_data_collector.py:206] - Đã lấy 1000 nến từ 2022-07-28 07:00:00.001000
2025-05-01 01:46:59,150 - trading_system.exchange.binance_connector - INFO - [generic_connector.py:369] - Đã lấy 1000 candles 1h cho BTC/USDT
2025-05-01 01:46:59,293 - trading_system.exchange.binance_connector - INFO - [generic_connector.py:369] - Đã lấy 1000 candles 1h cho ETH/USDT
2025-05-01 01:46:59,294 - trading_system.historical_data_collector_binance - DEBUG - [historical_data_collector.py:206] - Đã lấy 1000 nến từ 2022-09-07 23:00:00.001000
2025-05-01 01:46:59,345 - trading_system.historical_data_collector_binance - DEBUG - [historical_data_collector.py:206] - Đã lấy 1000 nến từ 2022-09-07 23:00:00.001000
2025-05-01 01:46:59,498 - trading_system.exchange.binance_connector - INFO - [generic_connector.py:369] - Đã lấy 1000 candles 1h cho BTC/USDT
2025-05-01 01:46:59,647 - trading_system.exchange.binance_connector - INFO - [generic_connector.py:369] - Đã lấy 1000 candles 1h cho ETH/USDT
2025-05-01 01:46:59,648 - trading_system.historical_data_collector_binance - DEBUG - [historical_data_collector.py:206] - Đã lấy 1000 nến từ 2022-10-19 15:00:00.001000
2025-05-01 01:46:59,691 - trading_system.historical_data_collector_binance - DEBUG - [historical_data_collector.py:206] - Đã lấy 1000 nến từ 2022-10-19 15:00:00.001000
2025-05-01 01:46:59,842 - trading_system.exchange.binance_connector - INFO - [generic_connector.py:369] - Đã lấy 1000 candles 1h cho BTC/USDT
2025-05-01 01:46:59,984 - trading_system.exchange.binance_connector - INFO - [generic_connector.py:369] - Đã lấy 1000 candles 1h cho ETH/USDT
2025-05-01 01:46:59,986 - trading_system.historical_data_collector_binance - DEBUG - [historical_data_collector.py:206] - Đã lấy 1000 nến từ 2022-11-30 07:00:00.001000
2025-05-01 01:47:00,039 - trading_system.historical_data_collector_binance - DEBUG - [historical_data_collector.py:206] - Đã lấy 1000 nến từ 2022-11-30 07:00:00.001000
2025-05-01 01:47:00,194 - trading_system.exchange.binance_connector - INFO - [generic_connector.py:369] - Đã lấy 1000 candles 1h cho BTC/USDT
2025-05-01 01:47:00,344 - trading_system.exchange.binance_connector - INFO - [generic_connector.py:369] - Đã lấy 1000 candles 1h cho ETH/USDT
2025-05-01 01:47:00,346 - trading_system.historical_data_collector_binance - DEBUG - [historical_data_collector.py:206] - Đã lấy 1000 nến từ 2023-01-10 23:00:00.001000
2025-05-01 01:47:00,397 - trading_system.historical_data_collector_binance - DEBUG - [historical_data_collector.py:206] - Đã lấy 1000 nến từ 2023-01-10 23:00:00.001000
2025-05-01 01:47:00,546 - trading_system.exchange.binance_connector - INFO - [generic_connector.py:369] - Đã lấy 1000 candles 1h cho BTC/USDT
2025-05-01 01:47:00,682 - trading_system.exchange.binance_connector - INFO - [generic_connector.py:369] - Đã lấy 1000 candles 1h cho ETH/USDT
2025-05-01 01:47:00,684 - trading_system.historical_data_collector_binance - DEBUG - [historical_data_collector.py:206] - Đã lấy 1000 nến từ 2023-02-21 15:00:00.001000
2025-05-01 01:47:00,737 - trading_system.historical_data_collector_binance - DEBUG - [historical_data_collector.py:206] - Đã lấy 1000 nến từ 2023-02-21 15:00:00.001000
2025-05-01 01:47:00,882 - trading_system.exchange.binance_connector - INFO - [generic_connector.py:369] - Đã lấy 1000 candles 1h cho BTC/USDT
2025-05-01 01:47:01,032 - trading_system.exchange.binance_connector - INFO - [generic_connector.py:369] - Đã lấy 1000 candles 1h cho ETH/USDT
2025-05-01 01:47:01,034 - trading_system.historical_data_collector_binance - DEBUG - [historical_data_collector.py:206] - Đã lấy 1000 nến từ 2023-04-04 08:00:00.001000
2025-05-01 01:47:01,084 - trading_system.historical_data_collector_binance - DEBUG - [historical_data_collector.py:206] - Đã lấy 1000 nến từ 2023-04-04 08:00:00.001000
2025-05-01 01:47:01,220 - trading_system.exchange.binance_connector - INFO - [generic_connector.py:369] - Đã lấy 1000 candles 1h cho BTC/USDT
2025-05-01 01:47:01,361 - trading_system.exchange.binance_connector - INFO - [generic_connector.py:369] - Đã lấy 1000 candles 1h cho ETH/USDT
2025-05-01 01:47:01,362 - trading_system.historical_data_collector_binance - DEBUG - [historical_data_collector.py:206] - Đã lấy 1000 nến từ 2023-05-16 00:00:00.001000
2025-05-01 01:47:01,419 - trading_system.historical_data_collector_binance - DEBUG - [historical_data_collector.py:206] - Đã lấy 1000 nến từ 2023-05-16 00:00:00.001000
2025-05-01 01:47:01,557 - trading_system.exchange.binance_connector - INFO - [generic_connector.py:369] - Đã lấy 1000 candles 1h cho BTC/USDT
2025-05-01 01:47:01,718 - trading_system.exchange.binance_connector - INFO - [generic_connector.py:369] - Đã lấy 1000 candles 1h cho ETH/USDT
2025-05-01 01:47:01,719 - trading_system.historical_data_collector_binance - DEBUG - [historical_data_collector.py:206] - Đã lấy 1000 nến từ 2023-06-26 16:00:00.001000
2025-05-01 01:47:01,765 - trading_system.historical_data_collector_binance - DEBUG - [historical_data_collector.py:206] - Đã lấy 1000 nến từ 2023-06-26 16:00:00.001000
2025-05-01 01:47:01,994 - trading_system.exchange.binance_connector - INFO - [generic_connector.py:369] - Đã lấy 1000 candles 1h cho BTC/USDT
2025-05-01 01:47:02,129 - trading_system.exchange.binance_connector - INFO - [generic_connector.py:369] - Đã lấy 1000 candles 1h cho ETH/USDT
2025-05-01 01:47:02,130 - trading_system.historical_data_collector_binance - DEBUG - [historical_data_collector.py:206] - Đã lấy 1000 nến từ 2023-08-07 08:00:00.001000
2025-05-01 01:47:02,188 - trading_system.historical_data_collector_binance - DEBUG - [historical_data_collector.py:206] - Đã lấy 1000 nến từ 2023-08-07 08:00:00.001000
2025-05-01 01:47:02,422 - trading_system.exchange.binance_connector - INFO - [generic_connector.py:369] - Đã lấy 1000 candles 1h cho BTC/USDT
2025-05-01 01:47:02,564 - trading_system.exchange.binance_connector - INFO - [generic_connector.py:369] - Đã lấy 1000 candles 1h cho ETH/USDT
2025-05-01 01:47:02,565 - trading_system.historical_data_collector_binance - DEBUG - [historical_data_collector.py:206] - Đã lấy 1000 nến từ 2023-09-18 00:00:00.001000
2025-05-01 01:47:02,609 - trading_system.historical_data_collector_binance - DEBUG - [historical_data_collector.py:206] - Đã lấy 1000 nến từ 2023-09-18 00:00:00.001000
2025-05-01 01:47:02,743 - trading_system.exchange.binance_connector - INFO - [generic_connector.py:369] - Đã lấy 1000 candles 1h cho BTC/USDT
2025-05-01 01:47:02,894 - trading_system.exchange.binance_connector - INFO - [generic_connector.py:369] - Đã lấy 1000 candles 1h cho ETH/USDT
2025-05-01 01:47:02,896 - trading_system.historical_data_collector_binance - DEBUG - [historical_data_collector.py:206] - Đã lấy 1000 nến từ 2023-10-29 16:00:00.001000
2025-05-01 01:47:02,953 - trading_system.historical_data_collector_binance - DEBUG - [historical_data_collector.py:206] - Đã lấy 1000 nến từ 2023-10-29 16:00:00.001000
2025-05-01 01:47:03,231 - trading_system.exchange.binance_connector - INFO - [generic_connector.py:369] - Đã lấy 1000 candles 1h cho BTC/USDT
2025-05-01 01:47:03,382 - trading_system.exchange.binance_connector - INFO - [generic_connector.py:369] - Đã lấy 1000 candles 1h cho ETH/USDT
2025-05-01 01:47:03,384 - trading_system.historical_data_collector_binance - DEBUG - [historical_data_collector.py:206] - Đã lấy 1000 nến từ 2023-12-10 08:00:00.001000
2025-05-01 01:47:03,437 - trading_system.historical_data_collector_binance - DEBUG - [historical_data_collector.py:206] - Đã lấy 1000 nến từ 2023-12-10 08:00:00.001000
2025-05-01 01:47:03,533 - trading_system.historical_data_collector_binance - INFO - [historical_data_collector.py:255] - Đã lưu 18000 bản ghi OHLCV cho BTC/USDT vào E:\AI_AGENT\automated-trading-system\data\historical\binance\ohlcv\btc_usdt_1h.parquet
2025-05-01 01:47:03,576 - trading_system.historical_data_collector_binance - INFO - [historical_data_collector.py:255] - Đã lưu 18000 bản ghi OHLCV cho ETH/USDT vào E:\AI_AGENT\automated-trading-system\data\historical\binance\ohlcv\eth_usdt_1h.parquet
2025-05-01 01:47:03,580 - trading_system.historical_data_collector_binance - INFO - [historical_data_collector.py:783] - Đã thu thập dữ liệu cho 2 cặp giao dịch
2025-05-01 01:47:03,580 - trading_system.data_pipeline - INFO - [data_pipeline.py:338] - Đã thu thập 18000 dòng dữ liệu cho BTC/USDT
2025-05-01 01:47:03,581 - trading_system.data_pipeline - INFO - [data_pipeline.py:338] - Đã thu thập 18000 dòng dữ liệu cho ETH/USDT
2025-05-01 01:47:03,582 - trading_system.exchange.binance_connector - INFO - [generic_connector.py:682] - Đóng kết nối với binance
2025-05-01 01:47:03,582 - trading_system.data_pipeline - INFO - [data_pipeline.py:1202] - Bỏ qua bước 'load_data' (đã bị tắt)
2025-05-01 01:47:03,583 - trading_system.data_pipeline - INFO - [data_pipeline.py:1205] - Thực hiện bước 'clean_data'
2025-05-01 01:47:03,591 - trading_system.data_cleaner - INFO - [data_cleaner.py:353] - Bắt đầu làm sạch dữ liệu OHLCV với 18000 dòng
2025-05-01 01:47:03,602 - trading_system.outlier_detector - INFO - [outlier_detector.py:140] - Bắt đầu phát hiện ngoại lệ cho 5 cột
2025-05-01 01:47:03,620 - trading_system.outlier_detector - INFO - [outlier_detector.py:174] - Đã phát hiện 18000 ngoại lệ trong 18000 bản ghi
2025-05-01 01:47:03,621 - trading_system.data_cleaner - WARNING - [data_cleaner.py:504] - Phát hiện 100.00% dữ liệu là ngoại lệ, quá cao để loại bỏ. Chuyển sang chế độ đánh dấu.
2025-05-01 01:47:03,624 - trading_system.data_cleaner - INFO - [data_cleaner.py:509] - Đã đánh dấu 18000 dòng có ngoại lệ (không loại bỏ)
2025-05-01 01:47:03,626 - trading_system.data_cleaner - INFO - [data_cleaner.py:531] - Đã hoàn thành làm sạch dữ liệu OHLCV, kết quả có 18000 dòng
2025-05-01 01:47:03,627 - trading_system.data_pipeline - INFO - [data_pipeline.py:586] - Đã làm sạch 18000 -> 18000 dòng dữ liệu OHLCV cho BTC/USDT
2025-05-01 01:47:03,628 - trading_system.data_cleaner - INFO - [data_cleaner.py:353] - Bắt đầu làm sạch dữ liệu OHLCV với 18000 dòng
2025-05-01 01:47:03,637 - trading_system.outlier_detector - INFO - [outlier_detector.py:140] - Bắt đầu phát hiện ngoại lệ cho 5 cột
2025-05-01 01:47:03,654 - trading_system.outlier_detector - INFO - [outlier_detector.py:174] - Đã phát hiện 18000 ngoại lệ trong 18000 bản ghi
2025-05-01 01:47:03,655 - trading_system.data_cleaner - WARNING - [data_cleaner.py:504] - Phát hiện 100.00% dữ liệu là ngoại lệ, quá cao để loại bỏ. Chuyển sang chế độ đánh dấu.
2025-05-01 01:47:03,658 - trading_system.data_cleaner - INFO - [data_cleaner.py:509] - Đã đánh dấu 18000 dòng có ngoại lệ (không loại bỏ)
2025-05-01 01:47:03,660 - trading_system.data_cleaner - INFO - [data_cleaner.py:531] - Đã hoàn thành làm sạch dữ liệu OHLCV, kết quả có 18000 dòng
2025-05-01 01:47:03,661 - trading_system.data_pipeline - INFO - [data_pipeline.py:586] - Đã làm sạch 18000 -> 18000 dòng dữ liệu OHLCV cho ETH/USDT
2025-05-01 01:47:03,661 - trading_system.data_pipeline - INFO - [data_pipeline.py:1205] - Thực hiện bước 'generate_features'
2025-05-01 01:47:03,662 - trading_system.data_pipeline - INFO - [feature_generator.py:891] - Đã tạo pipeline đặc trưng: BTC/USDT_pipeline_20250501_014703
2025-05-01 01:47:03,663 - trading_system.data_pipeline - INFO - [feature_generator.py:320] - Đã lưu cấu hình đặc trưng vào E:\AI_AGENT\automated-trading-system\data\processed\feature_engineering\feature_config.json
2025-05-01 01:47:03,669 - trading_system.feature_preprocessing - DEBUG - [preprocessing.py:148] - Đã chuẩn hóa cột open bằng phương pháp zscore
2025-05-01 01:47:03,672 - trading_system.feature_preprocessing - DEBUG - [preprocessing.py:148] - Đã chuẩn hóa cột high bằng phương pháp zscore
2025-05-01 01:47:03,675 - trading_system.feature_preprocessing - DEBUG - [preprocessing.py:148] - Đã chuẩn hóa cột low bằng phương pháp zscore
2025-05-01 01:47:03,677 - trading_system.feature_preprocessing - DEBUG - [preprocessing.py:148] - Đã chuẩn hóa cột close bằng phương pháp zscore
2025-05-01 01:47:03,680 - trading_system.feature_preprocessing - DEBUG - [preprocessing.py:148] - Đã chuẩn hóa cột volume bằng phương pháp zscore
2025-05-01 01:47:03,681 - trading_system.data_pipeline - DEBUG - [feature_generator.py:718] - Đã áp dụng bộ tiền xử lý normalize cho 5 cột
2025-05-01 01:47:03,681 - trading_system.data_pipeline - WARNING - [feature_generator.py:818] - Bộ chọn lọc statistical_correlation không tồn tại
2025-05-01 01:47:03,682 - trading_system.data_pipeline - INFO - [data_pipeline.py:760] - Đã tạo đặc trưng cho BTC/USDT: 12 -> 12 cột
2025-05-01 01:47:03,683 - trading_system.data_pipeline - INFO - [feature_generator.py:891] - Đã tạo pipeline đặc trưng: ETH/USDT_pipeline_20250501_014703
2025-05-01 01:47:03,684 - trading_system.data_pipeline - INFO - [feature_generator.py:320] - Đã lưu cấu hình đặc trưng vào E:\AI_AGENT\automated-trading-system\data\processed\feature_engineering\feature_config.json
2025-05-01 01:47:03,688 - trading_system.feature_preprocessing - DEBUG - [preprocessing.py:148] - Đã chuẩn hóa cột open bằng phương pháp zscore
2025-05-01 01:47:03,691 - trading_system.feature_preprocessing - DEBUG - [preprocessing.py:148] - Đã chuẩn hóa cột high bằng phương pháp zscore
2025-05-01 01:47:03,694 - trading_system.feature_preprocessing - DEBUG - [preprocessing.py:148] - Đã chuẩn hóa cột low bằng phương pháp zscore
2025-05-01 01:47:03,696 - trading_system.feature_preprocessing - DEBUG - [preprocessing.py:148] - Đã chuẩn hóa cột close bằng phương pháp zscore
2025-05-01 01:47:03,699 - trading_system.feature_preprocessing - DEBUG - [preprocessing.py:148] - Đã chuẩn hóa cột volume bằng phương pháp zscore
2025-05-01 01:47:03,700 - trading_system.data_pipeline - DEBUG - [feature_generator.py:718] - Đã áp dụng bộ tiền xử lý normalize cho 5 cột
2025-05-01 01:47:03,700 - trading_system.data_pipeline - WARNING - [feature_generator.py:818] - Bộ chọn lọc statistical_correlation không tồn tại
2025-05-01 01:47:03,701 - trading_system.data_pipeline - INFO - [data_pipeline.py:760] - Đã tạo đặc trưng cho ETH/USDT: 12 -> 12 cột
2025-05-01 01:47:03,702 - trading_system.data_pipeline - INFO - [data_pipeline.py:1205] - Thực hiện bước 'merge_sentiment'
2025-05-01 01:47:03,702 - trading_system.data_pipeline - INFO - [data_pipeline.py:1266] - Không có dữ liệu tâm lý để kết hợp
2025-05-01 01:47:03,703 - trading_system.data_pipeline - INFO - [data_pipeline.py:1202] - Bỏ qua bước 'prepare_training' (đã bị tắt)
2025-05-01 01:47:03,703 - trading_system.data_pipeline - INFO - [data_pipeline.py:1205] - Thực hiện bước 'save_data'
2025-05-01 01:47:03,726 - trading_system.data_pipeline - INFO - [data_pipeline.py:1016] - Đã lưu 18000 dòng dữ liệu cho BTC/USDT vào data\pipeline\btc_usdt_20250501_014703.parquet
2025-05-01 01:47:03,731 - trading_system.data_pipeline - DEBUG - [data_pipeline.py:1042] - Đã lưu metadata cho BTC/USDT vào data\pipeline\btc_usdt_20250501_014703_metadata.json
2025-05-01 01:47:03,752 - trading_system.data_pipeline - INFO - [data_pipeline.py:1016] - Đã lưu 18000 dòng dữ liệu cho ETH/USDT vào data\pipeline\eth_usdt_20250501_014703.parquet
2025-05-01 01:47:03,756 - trading_system.data_pipeline - DEBUG - [data_pipeline.py:1042] - Đã lưu metadata cho ETH/USDT vào data\pipeline\eth_usdt_20250501_014703_metadata.json
2025-05-01 01:47:03,759 - trading_system.data_pipeline - INFO - [feature_generator.py:1006] - Đã lưu trạng thái FeatureGenerator vào E:\AI_AGENT\automated-trading-system\data\processed\feature_engineering\feature_generator_state.joblib
2025-05-01 01:47:03,761 - trading_system.data_pipeline - INFO - [data_pipeline.py:1073] - Đã lưu trạng thái pipeline vào E:\AI_AGENT\automated-trading-system\data\processed\pipeline_state.joblib
2025-05-01 01:47:03,762 - trading_system - INFO - [main.py:565] - Đã hoàn thành pipeline cho 1h với 2 kết quả
2025-05-01 01:47:03,763 - trading_system - INFO - [main.py:573] - Đã hoàn thành chạy pipeline xử lý dữ liệu
2025-05-01 01:47:03,804 - trading_system - INFO - [main.py:640] - Dọn dẹp tài nguyên hệ thống
2025-05-01 01:47:03,804 - trading_system - INFO - [main.py:653] - Hệ thống đã dừng
