2025-05-04 17:43:01,457 - trading_system - INFO - [main.py:27] - Khởi động hệ thống giao dịch tự động
2025-05-04 17:43:01,475 - trading_system.trading_system - INFO - [trading_system.py:101] - Đã khởi tạo hệ thống giao dịch tự động
2025-05-04 17:43:01,476 - trading_system.process_pipeline - DEBUG - [process_commands.py:263] - Tìm kiếm với pattern: **/btc_usdt_1h*.parquet
2025-05-04 17:43:01,477 - trading_system.process_pipeline - DEBUG - [process_commands.py:263] - Tìm kiếm với pattern: **/btc_usdt_*.parquet
2025-05-04 17:43:01,479 - trading_system.process_pipeline - INFO - [process_commands.py:267] - Tìm thấy 1 file với pattern **/btc_usdt_*.parquet
2025-05-04 17:43:01,480 - trading_system.process_pipeline - INFO - [process_commands.py:271] - Sử dụng file mới nhất cho BTC/USDT: E:\AI_AGENT\automated-trading-system\data\collected\binance\futures\1h\btc_usdt_20250504_125533.parquet
2025-05-04 17:43:01,480 - trading_system.process_pipeline - DEBUG - [process_commands.py:263] - Tìm kiếm với pattern: **/eth_usdt_1h*.parquet
2025-05-04 17:43:01,482 - trading_system.process_pipeline - DEBUG - [process_commands.py:263] - Tìm kiếm với pattern: **/eth_usdt_*.parquet
2025-05-04 17:43:01,483 - trading_system.process_pipeline - INFO - [process_commands.py:267] - Tìm thấy 1 file với pattern **/eth_usdt_*.parquet
2025-05-04 17:43:01,483 - trading_system.process_pipeline - INFO - [process_commands.py:271] - Sử dụng file mới nhất cho ETH/USDT: E:\AI_AGENT\automated-trading-system\data\collected\binance\futures\1h\eth_usdt_20250504_125533.parquet
2025-05-04 17:43:01,484 - trading_system.missing_data_handler - INFO - [missing_data_handler.py:79] - Đã khởi tạo MissingDataHandler với phương pháp interpolate
2025-05-04 17:43:01,485 - trading_system.missing_data_handler - DEBUG - [missing_data_handler.py:80] - Fallback strategy: ffill, bfill, mean, median
2025-05-04 17:43:01,485 - trading_system.missing_data_handler - INFO - [missing_data_handler.py:79] - Đã khởi tạo MissingDataHandler với phương pháp interpolate
2025-05-04 17:43:01,486 - trading_system.missing_data_handler - DEBUG - [missing_data_handler.py:80] - Fallback strategy: ffill, bfill, mean, median
2025-05-04 17:43:01,486 - trading_system.data_cleaner - INFO - [data_cleaner.py:70] - Đã khởi tạo DataCleaner với normalize_method=z-score
2025-05-04 17:43:01,487 - trading_system.trading_system - INFO - [feature_generator.py:99] - Đã khởi tạo FeatureGenerator
2025-05-04 17:43:01,488 - trading_system.trading_system - INFO - [feature_generator.py:327] - Đăng ký các đặc trưng mặc định
2025-05-04 17:43:01,488 - trading_system.trading_system - DEBUG - [feature_generator.py:445] - Import thành công từ technical_indicators package
2025-05-04 17:43:01,489 - trading_system.trading_system - DEBUG - [feature_generator.py:133] - Đã đăng ký đặc trưng: trend_ema
2025-05-04 17:43:01,489 - trading_system.trading_system - DEBUG - [feature_generator.py:133] - Đã đăng ký đặc trưng: trend_sma
2025-05-04 17:43:01,490 - trading_system.trading_system - DEBUG - [feature_generator.py:133] - Đã đăng ký đặc trưng: momentum_rsi
2025-05-04 17:43:01,490 - trading_system.trading_system - DEBUG - [feature_generator.py:133] - Đã đăng ký đặc trưng: momentum_macd
2025-05-04 17:43:01,490 - trading_system.trading_system - DEBUG - [feature_generator.py:133] - Đã đăng ký đặc trưng: volatility_atr
2025-05-04 17:43:01,491 - trading_system.trading_system - DEBUG - [feature_generator.py:133] - Đã đăng ký đặc trưng: volatility_bbands
2025-05-04 17:43:01,491 - trading_system.trading_system - DEBUG - [feature_generator.py:133] - Đã đăng ký đặc trưng: volume_obv
2025-05-04 17:43:01,492 - trading_system.trading_system - DEBUG - [feature_generator.py:133] - Đã đăng ký đặc trưng: trend_adx
2025-05-04 17:43:01,492 - trading_system.trading_system - DEBUG - [feature_generator.py:133] - Đã đăng ký đặc trưng: trend_supertrend
2025-05-04 17:43:01,492 - trading_system.trading_system - DEBUG - [feature_generator.py:133] - Đã đăng ký đặc trưng: volume_osc
2025-05-04 17:43:01,493 - trading_system.trading_system - INFO - [feature_generator.py:463] - Đã đăng ký tất cả technical indicators có sẵn
2025-05-04 17:43:01,493 - trading_system.trading_system - DEBUG - [feature_generator.py:162] - Đã đăng ký bộ tiền xử lý: normalize
2025-05-04 17:43:01,494 - trading_system.trading_system - DEBUG - [feature_generator.py:162] - Đã đăng ký bộ tiền xử lý: standardize
2025-05-04 17:43:01,494 - trading_system.trading_system - DEBUG - [feature_generator.py:162] - Đã đăng ký bộ tiền xử lý: min_max_scale
2025-05-04 17:43:01,494 - trading_system.trading_system - DEBUG - [feature_generator.py:220] - Đã đăng ký bộ chọn lọc đặc trưng: statistical_correlation
2025-05-04 17:43:01,495 - trading_system.trading_system - INFO - [feature_generator.py:358] - Đã đăng ký 10 đặc trưng: ['trend_ema', 'trend_sma', 'momentum_rsi', 'momentum_macd', 'volatility_atr', 'volatility_bbands', 'volume_obv', 'trend_adx', 'trend_supertrend', 'volume_osc']
2025-05-04 17:43:01,495 - trading_system.sentiment_collector - INFO - [sentiment_collector.py:1858] - Đã thêm nguồn dữ liệu tâm lý: Fear and Greed Index
2025-05-04 17:43:01,496 - trading_system.trading_system - INFO - [data_pipeline.py:217] - Đã khởi tạo các collector dữ liệu cho binance
2025-05-04 17:43:01,497 - trading_system.trading_system - INFO - [data_pipeline.py:107] - Đã khởi tạo DataPipeline
2025-05-04 17:43:01,497 - trading_system.trading_system - INFO - [trading_system.py:263] - Bắt đầu xử lý dữ liệu cho 2 cặp tiền
2025-05-04 17:43:01,608 - trading_system.trading_system - INFO - [data_pipeline.py:488] - Đã tải 27000 dòng dữ liệu từ E:\AI_AGENT\automated-trading-system\data\collected\binance\futures\1h\btc_usdt_20250504_125533.parquet cho BTC/USDT
2025-05-04 17:43:01,623 - trading_system.trading_system - INFO - [data_pipeline.py:488] - Đã tải 27000 dòng dữ liệu từ E:\AI_AGENT\automated-trading-system\data\collected\binance\futures\1h\eth_usdt_20250504_125533.parquet cho ETH/USDT
2025-05-04 17:43:01,626 - trading_system.trading_system - INFO - [data_pipeline.py:575] - Đã xử lý giá trị NaN ở đầu cho BTC/USDT bằng phương pháp backfill
2025-05-04 17:43:01,628 - trading_system.data_cleaner - INFO - [data_cleaner.py:366] - Bắt đầu làm sạch dữ liệu OHLCV với 27000 dòng
2025-05-04 17:43:01,640 - trading_system.data_cleaner - INFO - [data_cleaner.py:541] - Đã hoàn thành làm sạch dữ liệu OHLCV, kết quả có 27000 dòng
2025-05-04 17:43:01,641 - trading_system.trading_system - INFO - [data_pipeline.py:603] - Đã làm sạch 27000 -> 27000 dòng dữ liệu OHLCV cho BTC/USDT
2025-05-04 17:43:01,643 - trading_system.trading_system - INFO - [data_pipeline.py:575] - Đã xử lý giá trị NaN ở đầu cho ETH/USDT bằng phương pháp backfill
2025-05-04 17:43:01,644 - trading_system.data_cleaner - INFO - [data_cleaner.py:366] - Bắt đầu làm sạch dữ liệu OHLCV với 27000 dòng
2025-05-04 17:43:01,655 - trading_system.data_cleaner - INFO - [data_cleaner.py:541] - Đã hoàn thành làm sạch dữ liệu OHLCV, kết quả có 27000 dòng
2025-05-04 17:43:01,656 - trading_system.trading_system - INFO - [data_pipeline.py:603] - Đã làm sạch 27000 -> 27000 dòng dữ liệu OHLCV cho ETH/USDT
2025-05-04 17:43:01,657 - trading_system.trading_system - INFO - [feature_generator.py:1087] - Tạo pipeline với 10 đặc trưng: ['trend_ema', 'trend_sma', 'momentum_rsi', 'momentum_macd', 'volatility_atr', 'volatility_bbands', 'volume_obv', 'trend_adx', 'trend_supertrend', 'volume_osc']
2025-05-04 17:43:01,657 - trading_system.trading_system - INFO - [feature_generator.py:1104] - Đã tạo pipeline đặc trưng: BTC/USDT_pipeline_20250504_174301
2025-05-04 17:43:01,659 - trading_system.trading_system - INFO - [feature_generator.py:318] - Đã lưu cấu hình đặc trưng vào E:\AI_AGENT\automated-trading-system\data\processed\feature_engineering\feature_config.json
2025-05-04 17:43:01,660 - trading_system.trading_system - INFO - [feature_generator.py:1153] - Bắt đầu tính toán 10 đặc trưng: ['trend_ema', 'trend_sma', 'momentum_rsi', 'momentum_macd', 'volatility_atr', 'volatility_bbands', 'volume_obv', 'trend_adx', 'trend_supertrend', 'volume_osc']
2025-05-04 17:43:01,661 - trading_system.trading_system - DEBUG - [feature_generator.py:642] - Cột ban đầu trước khi tính toán đặc trưng: ['timestamp', 'open', 'high', 'low', 'close', 'volume']
2025-05-04 17:43:01,661 - trading_system.trading_system - INFO - [feature_generator.py:649] - Sẽ tính toán 10 đặc trưng: ['trend_ema', 'trend_sma', 'momentum_rsi', 'momentum_macd', 'volatility_atr', 'volatility_bbands', 'volume_obv', 'trend_adx', 'trend_supertrend', 'volume_osc']
2025-05-04 17:43:01,663 - trading_system.trading_system - DEBUG - [feature_generator.py:667] - Thứ tự tính toán các đặc trưng: ['volume_osc', 'trend_supertrend', 'trend_adx', 'volume_obv', 'volatility_bbands', 'volatility_atr', 'momentum_macd', 'momentum_rsi', 'trend_sma', 'trend_ema']
2025-05-04 17:43:01,663 - trading_system.trading_system - DEBUG - [feature_generator.py:675] - Xử lý nhóm đặc trưng: ['volume_osc', 'trend_supertrend', 'trend_adx', 'volume_obv', 'volatility_bbands', 'volatility_atr', 'momentum_macd', 'momentum_rsi', 'trend_sma', 'trend_ema']
2025-05-04 17:43:01,666 - trading_system.trading_system - DEBUG - [feature_generator.py:564] - Bắt đầu tính toán đặc trưng volume_osc
2025-05-04 17:43:01,667 - trading_system.trading_system - DEBUG - [feature_generator.py:564] - Bắt đầu tính toán đặc trưng trend_supertrend
2025-05-04 17:43:01,668 - trading_system.trading_system - DEBUG - [feature_generator.py:564] - Bắt đầu tính toán đặc trưng trend_adx
2025-05-04 17:43:01,669 - trading_system.trading_system - DEBUG - [feature_generator.py:574] - Gọi hàm volume_oscillator với tham số {'short_window': 5, 'long_window': 10}
2025-05-04 17:43:01,669 - trading_system.trading_system - DEBUG - [feature_generator.py:564] - Bắt đầu tính toán đặc trưng volume_obv
2025-05-04 17:43:01,670 - trading_system.trading_system - DEBUG - [feature_generator.py:574] - Gọi hàm supertrend với tham số {'period': 10, 'multiplier': 3.0}
2025-05-04 17:43:01,671 - trading_system.trading_system - DEBUG - [feature_generator.py:574] - Gọi hàm average_directional_index với tham số {'window': 14}
2025-05-04 17:43:01,673 - trading_system.trading_system - DEBUG - [feature_generator.py:574] - Gọi hàm on_balance_volume với tham số {}
2025-05-04 17:43:01,692 - trading_system.trading_system - DEBUG - [feature_generator.py:582] - Hàm trả về DataFrame với 1 cột mới: ['vo_pct_5_10']
2025-05-04 17:43:01,693 - trading_system.trading_system - DEBUG - [feature_generator.py:582] - Hàm trả về DataFrame với 1 cột mới: ['obv']
2025-05-04 17:43:01,699 - trading_system.trading_system - DEBUG - [feature_generator.py:594] - Đã thêm cột mới vo_pct_5_10 từ đặc trưng volume_osc
2025-05-04 17:43:01,704 - trading_system.trading_system - DEBUG - [feature_generator.py:594] - Đã thêm cột mới obv từ đặc trưng volume_obv
2025-05-04 17:43:01,705 - trading_system.trading_system - DEBUG - [feature_generator.py:609] - Số cột trước khi tính: 6, sau khi tính: 7
2025-05-04 17:43:01,713 - trading_system.trading_system - DEBUG - [feature_generator.py:609] - Số cột trước khi tính: 6, sau khi tính: 7
2025-05-04 17:43:01,809 - trading_system.trading_system - INFO - [feature_generator.py:613] - Đã tạo 1 cột mới từ đặc trưng volume_osc: {'vo_pct_5_10'}
2025-05-04 17:43:01,889 - trading_system.trading_system - INFO - [feature_generator.py:613] - Đã tạo 1 cột mới từ đặc trưng volume_obv: {'obv'}
2025-05-04 17:43:01,985 - trading_system.trading_system - DEBUG - [feature_generator.py:564] - Bắt đầu tính toán đặc trưng volatility_bbands
2025-05-04 17:43:02,018 - trading_system.trading_system - DEBUG - [feature_generator.py:696] - Đã thêm cột vo_pct_5_10 từ đặc trưng volume_osc (song song)
2025-05-04 17:43:02,113 - trading_system.trading_system - DEBUG - [feature_generator.py:564] - Bắt đầu tính toán đặc trưng volatility_atr
2025-05-04 17:43:02,445 - trading_system.trading_system - DEBUG - [feature_generator.py:574] - Gọi hàm bollinger_bands với tham số {'window': 20}
2025-05-04 17:43:02,569 - trading_system.trading_system - DEBUG - [feature_generator.py:582] - Hàm trả về DataFrame với 3 cột mới: ['adx_14', 'plus_di_14', 'minus_di_14']
2025-05-04 17:43:02,600 - trading_system.trading_system - DEBUG - [feature_generator.py:574] - Gọi hàm average_true_range với tham số {'window': 14}
2025-05-04 17:43:02,695 - trading_system.trading_system - DEBUG - [feature_generator.py:594] - Đã thêm cột mới adx_14 từ đặc trưng trend_adx
2025-05-04 17:43:02,933 - trading_system.trading_system - DEBUG - [feature_generator.py:594] - Đã thêm cột mới plus_di_14 từ đặc trưng trend_adx
2025-05-04 17:43:03,043 - trading_system.trading_system - DEBUG - [feature_generator.py:594] - Đã thêm cột mới minus_di_14 từ đặc trưng trend_adx
2025-05-04 17:43:03,155 - trading_system.trading_system - DEBUG - [feature_generator.py:609] - Số cột trước khi tính: 7, sau khi tính: 9
2025-05-04 17:43:03,299 - trading_system.trading_system - INFO - [feature_generator.py:613] - Đã tạo 3 cột mới từ đặc trưng trend_adx: {'adx_14', 'plus_di_14', 'minus_di_14'}
2025-05-04 17:43:03,427 - trading_system.trading_system - DEBUG - [feature_generator.py:564] - Bắt đầu tính toán đặc trưng momentum_macd
2025-05-04 17:43:03,773 - trading_system.trading_system - DEBUG - [feature_generator.py:582] - Hàm trả về DataFrame với 3 cột mới: ['atr_14', 'atr_pct_14', 'atr_norm_14']
2025-05-04 17:43:03,821 - trading_system.trading_system - DEBUG - [feature_generator.py:582] - Hàm trả về DataFrame với 5 cột mới: ['bb_middle_20', 'bb_upper_20', 'bb_lower_20', 'bb_bandwidth_20', 'bb_percent_b_20']
2025-05-04 17:43:03,885 - trading_system.trading_system - DEBUG - [feature_generator.py:574] - Gọi hàm moving_average_convergence_divergence với tham số {}
2025-05-04 17:43:03,964 - trading_system.trading_system - DEBUG - [feature_generator.py:594] - Đã thêm cột mới atr_14 từ đặc trưng volatility_atr
2025-05-04 17:43:04,139 - trading_system.trading_system - DEBUG - [feature_generator.py:594] - Đã thêm cột mới bb_middle_20 từ đặc trưng volatility_bbands
2025-05-04 17:43:04,250 - trading_system.trading_system - DEBUG - [feature_generator.py:594] - Đã thêm cột mới atr_pct_14 từ đặc trưng volatility_atr
2025-05-04 17:43:04,426 - trading_system.trading_system - DEBUG - [feature_generator.py:594] - Đã thêm cột mới bb_upper_20 từ đặc trưng volatility_bbands
2025-05-04 17:43:04,569 - trading_system.trading_system - DEBUG - [feature_generator.py:594] - Đã thêm cột mới atr_norm_14 từ đặc trưng volatility_atr
2025-05-04 17:43:04,601 - trading_system.trading_system - DEBUG - [feature_generator.py:582] - Hàm trả về DataFrame với 3 cột mới: ['macd_line', 'macd_signal', 'macd_histogram']
2025-05-04 17:43:04,664 - trading_system.trading_system - DEBUG - [feature_generator.py:594] - Đã thêm cột mới bb_lower_20 từ đặc trưng volatility_bbands
2025-05-04 17:43:04,741 - trading_system.trading_system - DEBUG - [feature_generator.py:609] - Số cột trước khi tính: 7, sau khi tính: 10
2025-05-04 17:43:04,852 - trading_system.trading_system - DEBUG - [feature_generator.py:594] - Đã thêm cột mới macd_line từ đặc trưng momentum_macd
2025-05-04 17:43:04,979 - trading_system.trading_system - DEBUG - [feature_generator.py:594] - Đã thêm cột mới bb_bandwidth_20 từ đặc trưng volatility_bbands
2025-05-04 17:43:05,075 - trading_system.trading_system - INFO - [feature_generator.py:613] - Đã tạo 3 cột mới từ đặc trưng volatility_atr: {'atr_norm_14', 'atr_pct_14', 'atr_14'}
2025-05-04 17:43:05,172 - trading_system.trading_system - DEBUG - [feature_generator.py:594] - Đã thêm cột mới macd_signal từ đặc trưng momentum_macd
2025-05-04 17:43:05,315 - trading_system.trading_system - DEBUG - [feature_generator.py:594] - Đã thêm cột mới bb_percent_b_20 từ đặc trưng volatility_bbands
2025-05-04 17:43:05,374 - trading_system.trading_system - DEBUG - [feature_generator.py:564] - Bắt đầu tính toán đặc trưng momentum_rsi
2025-05-04 17:43:05,374 - trading_system.trading_system - DEBUG - [feature_generator.py:582] - Hàm trả về DataFrame với 2 cột mới: ['supertrend_10_3.0', 'supertrend_trend_10_3.0']
2025-05-04 17:43:05,376 - trading_system.trading_system - DEBUG - [feature_generator.py:594] - Đã thêm cột mới macd_histogram từ đặc trưng momentum_macd
2025-05-04 17:43:05,376 - trading_system.trading_system - DEBUG - [feature_generator.py:609] - Số cột trước khi tính: 7, sau khi tính: 12
2025-05-04 17:43:05,378 - trading_system.trading_system - DEBUG - [feature_generator.py:594] - Đã thêm cột mới supertrend_10_3.0 từ đặc trưng trend_supertrend
2025-05-04 17:43:05,379 - trading_system.trading_system - DEBUG - [feature_generator.py:609] - Số cột trước khi tính: 7, sau khi tính: 10
2025-05-04 17:43:05,379 - trading_system.trading_system - INFO - [feature_generator.py:613] - Đã tạo 5 cột mới từ đặc trưng volatility_bbands: {'bb_upper_20', 'bb_lower_20', 'bb_percent_b_20', 'bb_middle_20', 'bb_bandwidth_20'}
2025-05-04 17:43:05,381 - trading_system.trading_system - DEBUG - [feature_generator.py:594] - Đã thêm cột mới supertrend_trend_10_3.0 từ đặc trưng trend_supertrend
2025-05-04 17:43:05,381 - trading_system.trading_system - DEBUG - [feature_generator.py:574] - Gọi hàm relative_strength_index với tham số {'window': 14}
2025-05-04 17:43:05,382 - trading_system.trading_system - INFO - [feature_generator.py:613] - Đã tạo 3 cột mới từ đặc trưng momentum_macd: {'macd_signal', 'macd_line', 'macd_histogram'}
2025-05-04 17:43:05,382 - trading_system.trading_system - DEBUG - [feature_generator.py:564] - Bắt đầu tính toán đặc trưng trend_sma
2025-05-04 17:43:05,382 - trading_system.trading_system - DEBUG - [feature_generator.py:609] - Số cột trước khi tính: 7, sau khi tính: 8
2025-05-04 17:43:05,384 - trading_system.trading_system - DEBUG - [feature_generator.py:564] - Bắt đầu tính toán đặc trưng trend_ema
2025-05-04 17:43:05,387 - trading_system.trading_system - INFO - [feature_generator.py:613] - Đã tạo 2 cột mới từ đặc trưng trend_supertrend: {'supertrend_10_3.0', 'supertrend_trend_10_3.0'}
2025-05-04 17:43:05,389 - trading_system.trading_system - DEBUG - [feature_generator.py:696] - Đã thêm cột supertrend_10_3.0 từ đặc trưng trend_supertrend (song song)
2025-05-04 17:43:05,391 - trading_system.trading_system - DEBUG - [feature_generator.py:574] - Gọi hàm simple_moving_average với tham số {'window': 20}
2025-05-04 17:43:05,392 - trading_system.trading_system - DEBUG - [feature_generator.py:574] - Gọi hàm exponential_moving_average với tham số {'window': 14}
2025-05-04 17:43:05,392 - trading_system.trading_system - DEBUG - [feature_generator.py:696] - Đã thêm cột supertrend_trend_10_3.0 từ đặc trưng trend_supertrend (song song)
2025-05-04 17:43:05,399 - trading_system.trading_system - DEBUG - [feature_generator.py:582] - Hàm trả về DataFrame với 1 cột mới: ['rsi_14']
2025-05-04 17:43:05,399 - trading_system.trading_system - DEBUG - [feature_generator.py:696] - Đã thêm cột adx_14 từ đặc trưng trend_adx (song song)
2025-05-04 17:43:05,402 - trading_system.trading_system - DEBUG - [feature_generator.py:594] - Đã thêm cột mới rsi_14 từ đặc trưng momentum_rsi
2025-05-04 17:43:05,402 - trading_system.trading_system - DEBUG - [feature_generator.py:582] - Hàm trả về DataFrame với 1 cột mới: ['ema_14']
2025-05-04 17:43:05,403 - trading_system.trading_system - DEBUG - [feature_generator.py:696] - Đã thêm cột plus_di_14 từ đặc trưng trend_adx (song song)
2025-05-04 17:43:05,405 - trading_system.trading_system - DEBUG - [feature_generator.py:582] - Hàm trả về DataFrame với 1 cột mới: ['sma_20']
2025-05-04 17:43:05,405 - trading_system.trading_system - DEBUG - [feature_generator.py:609] - Số cột trước khi tính: 11, sau khi tính: 8
2025-05-04 17:43:05,405 - trading_system.trading_system - DEBUG - [feature_generator.py:594] - Đã thêm cột mới ema_14 từ đặc trưng trend_ema
2025-05-04 17:43:05,407 - trading_system.trading_system - DEBUG - [feature_generator.py:696] - Đã thêm cột minus_di_14 từ đặc trưng trend_adx (song song)
2025-05-04 17:43:05,408 - trading_system.trading_system - DEBUG - [feature_generator.py:594] - Đã thêm cột mới sma_20 từ đặc trưng trend_sma
2025-05-04 17:43:05,408 - trading_system.trading_system - INFO - [feature_generator.py:613] - Đã tạo 1 cột mới từ đặc trưng momentum_rsi: {'rsi_14'}
2025-05-04 17:43:05,408 - trading_system.trading_system - DEBUG - [feature_generator.py:609] - Số cột trước khi tính: 12, sau khi tính: 8
2025-05-04 17:43:05,410 - trading_system.trading_system - DEBUG - [feature_generator.py:696] - Đã thêm cột obv từ đặc trưng volume_obv (song song)
2025-05-04 17:43:05,410 - trading_system.trading_system - DEBUG - [feature_generator.py:609] - Số cột trước khi tính: 13, sau khi tính: 8
2025-05-04 17:43:05,411 - trading_system.trading_system - INFO - [feature_generator.py:613] - Đã tạo 1 cột mới từ đặc trưng trend_ema: {'ema_14'}
2025-05-04 17:43:05,413 - trading_system.trading_system - DEBUG - [feature_generator.py:696] - Đã thêm cột bb_middle_20 từ đặc trưng volatility_bbands (song song)
2025-05-04 17:43:05,413 - trading_system.trading_system - INFO - [feature_generator.py:613] - Đã tạo 1 cột mới từ đặc trưng trend_sma: {'sma_20'}
2025-05-04 17:43:05,415 - trading_system.trading_system - DEBUG - [feature_generator.py:696] - Đã thêm cột bb_upper_20 từ đặc trưng volatility_bbands (song song)
2025-05-04 17:43:05,417 - trading_system.trading_system - DEBUG - [feature_generator.py:696] - Đã thêm cột bb_lower_20 từ đặc trưng volatility_bbands (song song)
2025-05-04 17:43:05,418 - trading_system.trading_system - DEBUG - [feature_generator.py:696] - Đã thêm cột bb_bandwidth_20 từ đặc trưng volatility_bbands (song song)
2025-05-04 17:43:05,419 - trading_system.trading_system - DEBUG - [feature_generator.py:696] - Đã thêm cột bb_percent_b_20 từ đặc trưng volatility_bbands (song song)
2025-05-04 17:43:05,420 - trading_system.trading_system - DEBUG - [feature_generator.py:696] - Đã thêm cột atr_14 từ đặc trưng volatility_atr (song song)
2025-05-04 17:43:05,421 - trading_system.trading_system - DEBUG - [feature_generator.py:696] - Đã thêm cột atr_pct_14 từ đặc trưng volatility_atr (song song)
2025-05-04 17:43:05,422 - trading_system.trading_system - DEBUG - [feature_generator.py:696] - Đã thêm cột atr_norm_14 từ đặc trưng volatility_atr (song song)
2025-05-04 17:43:05,424 - trading_system.trading_system - DEBUG - [feature_generator.py:696] - Đã thêm cột macd_line từ đặc trưng momentum_macd (song song)
2025-05-04 17:43:05,425 - trading_system.trading_system - DEBUG - [feature_generator.py:696] - Đã thêm cột macd_signal từ đặc trưng momentum_macd (song song)
2025-05-04 17:43:05,426 - trading_system.trading_system - DEBUG - [feature_generator.py:696] - Đã thêm cột macd_histogram từ đặc trưng momentum_macd (song song)
2025-05-04 17:43:05,426 - trading_system.trading_system - DEBUG - [feature_generator.py:696] - Đã thêm cột rsi_14 từ đặc trưng momentum_rsi (song song)
2025-05-04 17:43:05,427 - trading_system.trading_system - DEBUG - [feature_generator.py:696] - Đã thêm cột sma_20 từ đặc trưng trend_sma (song song)
2025-05-04 17:43:05,429 - trading_system.trading_system - DEBUG - [feature_generator.py:696] - Đã thêm cột ema_14 từ đặc trưng trend_ema (song song)
2025-05-04 17:43:05,429 - trading_system.trading_system - INFO - [feature_generator.py:706] - Đã tạo 21 đặc trưng mới: vo_pct_5_10, supertrend_10_3.0, supertrend_trend_10_3.0, adx_14, plus_di_14, minus_di_14, obv, bb_middle_20, bb_upper_20, bb_lower_20, bb_bandwidth_20, bb_percent_b_20, atr_14, atr_pct_14, atr_norm_14, macd_line, macd_signal, macd_histogram, rsi_14, sma_20, ema_14
2025-05-04 17:43:05,430 - trading_system.trading_system - DEBUG - [feature_generator.py:707] - Tất cả các cột sau khi tính toán: ['timestamp', 'open', 'high', 'low', 'close', 'volume', 'vo_pct_5_10', 'supertrend_10_3.0', 'supertrend_trend_10_3.0', 'adx_14', 'plus_di_14', 'minus_di_14', 'obv', 'bb_middle_20', 'bb_upper_20', 'bb_lower_20', 'bb_bandwidth_20', 'bb_percent_b_20', 'atr_14', 'atr_pct_14', 'atr_norm_14', 'macd_line', 'macd_signal', 'macd_histogram', 'rsi_14', 'sma_20', 'ema_14']
2025-05-04 17:43:05,431 - trading_system.trading_system - INFO - [feature_generator.py:712] - Sau khi tính toán đặc trưng, phát hiện 15 chỉ báo kỹ thuật: ['obv', 'bb_middle_20', 'bb_upper_20', 'bb_lower_20', 'bb_bandwidth_20', 'bb_percent_b_20', 'atr_14', 'atr_pct_14', 'atr_norm_14', 'macd_line', 'macd_signal', 'macd_histogram', 'rsi_14', 'sma_20', 'ema_14']
2025-05-04 17:43:05,448 - trading_system.feature_preprocessing - DEBUG - [preprocessing.py:148] - Đã chuẩn hóa cột open bằng phương pháp zscore
2025-05-04 17:43:05,451 - trading_system.feature_preprocessing - DEBUG - [preprocessing.py:148] - Đã chuẩn hóa cột high bằng phương pháp zscore
2025-05-04 17:43:05,453 - trading_system.feature_preprocessing - DEBUG - [preprocessing.py:148] - Đã chuẩn hóa cột low bằng phương pháp zscore
2025-05-04 17:43:05,457 - trading_system.feature_preprocessing - DEBUG - [preprocessing.py:148] - Đã chuẩn hóa cột close bằng phương pháp zscore
2025-05-04 17:43:05,459 - trading_system.feature_preprocessing - DEBUG - [preprocessing.py:148] - Đã chuẩn hóa cột volume bằng phương pháp zscore
2025-05-04 17:43:05,463 - trading_system.feature_preprocessing - DEBUG - [preprocessing.py:148] - Đã chuẩn hóa cột vo_pct_5_10 bằng phương pháp zscore
2025-05-04 17:43:05,466 - trading_system.feature_preprocessing - DEBUG - [preprocessing.py:148] - Đã chuẩn hóa cột supertrend_10_3.0 bằng phương pháp zscore
2025-05-04 17:43:05,468 - trading_system.feature_preprocessing - DEBUG - [preprocessing.py:148] - Đã chuẩn hóa cột supertrend_trend_10_3.0 bằng phương pháp zscore
2025-05-04 17:43:05,471 - trading_system.feature_preprocessing - DEBUG - [preprocessing.py:148] - Đã chuẩn hóa cột adx_14 bằng phương pháp zscore
2025-05-04 17:43:05,474 - trading_system.feature_preprocessing - DEBUG - [preprocessing.py:148] - Đã chuẩn hóa cột plus_di_14 bằng phương pháp zscore
2025-05-04 17:43:05,477 - trading_system.feature_preprocessing - DEBUG - [preprocessing.py:148] - Đã chuẩn hóa cột minus_di_14 bằng phương pháp zscore
2025-05-04 17:43:05,481 - trading_system.feature_preprocessing - DEBUG - [preprocessing.py:148] - Đã chuẩn hóa cột obv bằng phương pháp zscore
2025-05-04 17:43:05,485 - trading_system.feature_preprocessing - DEBUG - [preprocessing.py:148] - Đã chuẩn hóa cột bb_middle_20 bằng phương pháp zscore
2025-05-04 17:43:05,487 - trading_system.feature_preprocessing - DEBUG - [preprocessing.py:148] - Đã chuẩn hóa cột bb_upper_20 bằng phương pháp zscore
2025-05-04 17:43:05,490 - trading_system.feature_preprocessing - DEBUG - [preprocessing.py:148] - Đã chuẩn hóa cột bb_lower_20 bằng phương pháp zscore
2025-05-04 17:43:05,493 - trading_system.feature_preprocessing - DEBUG - [preprocessing.py:148] - Đã chuẩn hóa cột bb_bandwidth_20 bằng phương pháp zscore
2025-05-04 17:43:05,496 - trading_system.feature_preprocessing - DEBUG - [preprocessing.py:148] - Đã chuẩn hóa cột bb_percent_b_20 bằng phương pháp zscore
2025-05-04 17:43:05,499 - trading_system.feature_preprocessing - DEBUG - [preprocessing.py:148] - Đã chuẩn hóa cột atr_14 bằng phương pháp zscore
2025-05-04 17:43:05,502 - trading_system.feature_preprocessing - DEBUG - [preprocessing.py:148] - Đã chuẩn hóa cột atr_pct_14 bằng phương pháp zscore
2025-05-04 17:43:05,506 - trading_system.feature_preprocessing - DEBUG - [preprocessing.py:148] - Đã chuẩn hóa cột atr_norm_14 bằng phương pháp zscore
2025-05-04 17:43:05,509 - trading_system.feature_preprocessing - DEBUG - [preprocessing.py:148] - Đã chuẩn hóa cột macd_line bằng phương pháp zscore
2025-05-04 17:43:05,512 - trading_system.feature_preprocessing - DEBUG - [preprocessing.py:148] - Đã chuẩn hóa cột macd_signal bằng phương pháp zscore
2025-05-04 17:43:05,516 - trading_system.feature_preprocessing - DEBUG - [preprocessing.py:148] - Đã chuẩn hóa cột macd_histogram bằng phương pháp zscore
2025-05-04 17:43:05,520 - trading_system.feature_preprocessing - DEBUG - [preprocessing.py:148] - Đã chuẩn hóa cột rsi_14 bằng phương pháp zscore
2025-05-04 17:43:05,525 - trading_system.feature_preprocessing - DEBUG - [preprocessing.py:148] - Đã chuẩn hóa cột sma_20 bằng phương pháp zscore
2025-05-04 17:43:05,531 - trading_system.feature_preprocessing - DEBUG - [preprocessing.py:148] - Đã chuẩn hóa cột ema_14 bằng phương pháp zscore
2025-05-04 17:43:05,532 - trading_system.trading_system - DEBUG - [feature_generator.py:875] - Đã áp dụng bộ tiền xử lý normalize cho 26 cột
2025-05-04 17:43:05,533 - trading_system.trading_system - DEBUG - [feature_generator.py:1168] - Số cột trước khi áp dụng feature selection: 27
2025-05-04 17:43:05,534 - trading_system.trading_system - DEBUG - [feature_generator.py:1169] - Các cột: ['timestamp', 'open', 'high', 'low', 'close', 'volume', 'vo_pct_5_10', 'supertrend_10_3.0', 'supertrend_trend_10_3.0', 'adx_14', 'plus_di_14', 'minus_di_14', 'obv', 'bb_middle_20', 'bb_upper_20', 'bb_lower_20', 'bb_bandwidth_20', 'bb_percent_b_20', 'atr_14', 'atr_pct_14', 'atr_norm_14', 'macd_line', 'macd_signal', 'macd_histogram', 'rsi_14', 'sma_20', 'ema_14']
2025-05-04 17:43:05,535 - trading_system.trading_system - DEBUG - [feature_generator.py:979] - Các cột trước khi chọn lọc: ['timestamp', 'open', 'high', 'low', 'close', 'volume', 'vo_pct_5_10', 'supertrend_10_3.0', 'supertrend_trend_10_3.0', 'adx_14', 'plus_di_14', 'minus_di_14', 'obv', 'bb_middle_20', 'bb_upper_20', 'bb_lower_20', 'bb_bandwidth_20', 'bb_percent_b_20', 'atr_14', 'atr_pct_14', 'atr_norm_14', 'macd_line', 'macd_signal', 'macd_histogram', 'rsi_14', 'sma_20', 'ema_14']
2025-05-04 17:43:05,536 - trading_system.trading_system - DEBUG - [feature_generator.py:985] - Các cột technical indicators đã phát hiện: ['obv', 'bb_middle_20', 'bb_upper_20', 'bb_lower_20', 'bb_bandwidth_20', 'bb_percent_b_20', 'atr_14', 'atr_pct_14', 'atr_norm_14', 'macd_line', 'macd_signal', 'macd_histogram', 'rsi_14', 'sma_20', 'ema_14']
2025-05-04 17:43:05,612 - trading_system.feature_selector - INFO - [statistical_methods.py:186] - Đã chọn 25 đặc trưng dựa trên tương quan pearson
2025-05-04 17:43:05,618 - trading_system.trading_system - DEBUG - [feature_generator.py:1021] - Các cột giữ lại: ['high', 'low', 'open', 'ema_14', 'bb_middle_20', 'sma_20', 'bb_upper_20', 'bb_lower_20', 'supertrend_10_3.0', 'atr_14', 'obv', 'volume', 'macd_signal', 'macd_line', 'rsi_14', 'supertrend_trend_10_3.0', 'minus_di_14', 'bb_percent_b_20', 'bb_bandwidth_20', 'atr_pct_14', 'atr_norm_14', 'plus_di_14', 'adx_14', 'macd_histogram', 'vo_pct_5_10', 'close']
2025-05-04 17:43:05,619 - trading_system.trading_system - INFO - [feature_generator.py:1054] - Đã áp dụng chọn lọc đặc trưng statistical_correlation, còn lại 26 đặc trưng
2025-05-04 17:43:05,620 - trading_system.trading_system - DEBUG - [feature_generator.py:1176] - Số cột sau khi áp dụng feature selection: 26
2025-05-04 17:43:05,621 - trading_system.trading_system - DEBUG - [feature_generator.py:1177] - Các cột đã giữ lại: ['high', 'low', 'open', 'ema_14', 'bb_middle_20', 'sma_20', 'bb_upper_20', 'bb_lower_20', 'supertrend_10_3.0', 'atr_14', 'obv', 'volume', 'macd_signal', 'macd_line', 'rsi_14', 'supertrend_trend_10_3.0', 'minus_di_14', 'bb_percent_b_20', 'bb_bandwidth_20', 'atr_pct_14', 'atr_norm_14', 'plus_di_14', 'adx_14', 'macd_histogram', 'vo_pct_5_10', 'close']
2025-05-04 17:43:05,622 - trading_system.trading_system - WARNING - [feature_generator.py:1180] - Feature selection đã loại bỏ 1 cột
2025-05-04 17:43:05,625 - trading_system.trading_system - INFO - [data_pipeline.py:787] - Đã tạo đặc trưng cho BTC/USDT: 6 -> 26 cột
2025-05-04 17:43:05,626 - trading_system.trading_system - INFO - [feature_generator.py:1087] - Tạo pipeline với 10 đặc trưng: ['trend_ema', 'trend_sma', 'momentum_rsi', 'momentum_macd', 'volatility_atr', 'volatility_bbands', 'volume_obv', 'trend_adx', 'trend_supertrend', 'volume_osc']
2025-05-04 17:43:05,627 - trading_system.trading_system - INFO - [feature_generator.py:1104] - Đã tạo pipeline đặc trưng: ETH/USDT_pipeline_20250504_174305
2025-05-04 17:43:05,629 - trading_system.trading_system - INFO - [feature_generator.py:318] - Đã lưu cấu hình đặc trưng vào E:\AI_AGENT\automated-trading-system\data\processed\feature_engineering\feature_config.json
2025-05-04 17:43:05,630 - trading_system.trading_system - INFO - [feature_generator.py:1153] - Bắt đầu tính toán 10 đặc trưng: ['trend_ema', 'trend_sma', 'momentum_rsi', 'momentum_macd', 'volatility_atr', 'volatility_bbands', 'volume_obv', 'trend_adx', 'trend_supertrend', 'volume_osc']
2025-05-04 17:43:05,631 - trading_system.trading_system - DEBUG - [feature_generator.py:642] - Cột ban đầu trước khi tính toán đặc trưng: ['timestamp', 'open', 'high', 'low', 'close', 'volume']
2025-05-04 17:43:05,631 - trading_system.trading_system - INFO - [feature_generator.py:649] - Sẽ tính toán 10 đặc trưng: ['trend_ema', 'trend_sma', 'momentum_rsi', 'momentum_macd', 'volatility_atr', 'volatility_bbands', 'volume_obv', 'trend_adx', 'trend_supertrend', 'volume_osc']
2025-05-04 17:43:05,633 - trading_system.trading_system - DEBUG - [feature_generator.py:667] - Thứ tự tính toán các đặc trưng: ['volume_osc', 'trend_supertrend', 'trend_adx', 'volume_obv', 'volatility_bbands', 'volatility_atr', 'momentum_macd', 'momentum_rsi', 'trend_sma', 'trend_ema']
2025-05-04 17:43:05,633 - trading_system.trading_system - DEBUG - [feature_generator.py:675] - Xử lý nhóm đặc trưng: ['volume_osc', 'trend_supertrend', 'trend_adx', 'volume_obv', 'volatility_bbands', 'volatility_atr', 'momentum_macd', 'momentum_rsi', 'trend_sma', 'trend_ema']
2025-05-04 17:43:05,635 - trading_system.trading_system - DEBUG - [feature_generator.py:564] - Bắt đầu tính toán đặc trưng volume_osc
2025-05-04 17:43:05,636 - trading_system.trading_system - DEBUG - [feature_generator.py:564] - Bắt đầu tính toán đặc trưng trend_supertrend
2025-05-04 17:43:05,636 - trading_system.trading_system - DEBUG - [feature_generator.py:574] - Gọi hàm volume_oscillator với tham số {'short_window': 5, 'long_window': 10}
2025-05-04 17:43:05,637 - trading_system.trading_system - DEBUG - [feature_generator.py:564] - Bắt đầu tính toán đặc trưng trend_adx
2025-05-04 17:43:05,638 - trading_system.trading_system - DEBUG - [feature_generator.py:564] - Bắt đầu tính toán đặc trưng volume_obv
2025-05-04 17:43:05,639 - trading_system.trading_system - DEBUG - [feature_generator.py:574] - Gọi hàm supertrend với tham số {'period': 10, 'multiplier': 3.0}
2025-05-04 17:43:05,641 - trading_system.trading_system - DEBUG - [feature_generator.py:574] - Gọi hàm average_directional_index với tham số {'window': 14}
2025-05-04 17:43:05,642 - trading_system.trading_system - DEBUG - [feature_generator.py:574] - Gọi hàm on_balance_volume với tham số {}
2025-05-04 17:43:05,651 - trading_system.trading_system - DEBUG - [feature_generator.py:582] - Hàm trả về DataFrame với 1 cột mới: ['vo_pct_5_10']
2025-05-04 17:43:05,654 - trading_system.trading_system - DEBUG - [feature_generator.py:594] - Đã thêm cột mới vo_pct_5_10 từ đặc trưng volume_osc
2025-05-04 17:43:05,656 - trading_system.trading_system - DEBUG - [feature_generator.py:609] - Số cột trước khi tính: 6, sau khi tính: 7
2025-05-04 17:43:05,656 - trading_system.trading_system - DEBUG - [feature_generator.py:582] - Hàm trả về DataFrame với 1 cột mới: ['obv']
2025-05-04 17:43:05,661 - trading_system.trading_system - INFO - [feature_generator.py:613] - Đã tạo 1 cột mới từ đặc trưng volume_osc: {'vo_pct_5_10'}
2025-05-04 17:43:05,665 - trading_system.trading_system - DEBUG - [feature_generator.py:594] - Đã thêm cột mới obv từ đặc trưng volume_obv
2025-05-04 17:43:05,669 - trading_system.trading_system - DEBUG - [feature_generator.py:564] - Bắt đầu tính toán đặc trưng volatility_bbands
2025-05-04 17:43:05,670 - trading_system.trading_system - DEBUG - [feature_generator.py:696] - Đã thêm cột vo_pct_5_10 từ đặc trưng volume_osc (song song)
2025-05-04 17:43:05,709 - trading_system.trading_system - DEBUG - [feature_generator.py:609] - Số cột trước khi tính: 7, sau khi tính: 7
2025-05-04 17:43:05,932 - trading_system.trading_system - INFO - [feature_generator.py:613] - Đã tạo 1 cột mới từ đặc trưng volume_obv: {'obv'}
2025-05-04 17:43:05,964 - trading_system.trading_system - DEBUG - [feature_generator.py:574] - Gọi hàm bollinger_bands với tham số {'window': 20}
2025-05-04 17:43:06,059 - trading_system.trading_system - DEBUG - [feature_generator.py:564] - Bắt đầu tính toán đặc trưng volatility_atr
2025-05-04 17:43:06,298 - trading_system.trading_system - DEBUG - [feature_generator.py:582] - Hàm trả về DataFrame với 3 cột mới: ['adx_14', 'plus_di_14', 'minus_di_14']
2025-05-04 17:43:06,458 - trading_system.trading_system - DEBUG - [feature_generator.py:594] - Đã thêm cột mới adx_14 từ đặc trưng trend_adx
2025-05-04 17:43:06,490 - trading_system.trading_system - DEBUG - [feature_generator.py:574] - Gọi hàm average_true_range với tham số {'window': 14}
2025-05-04 17:43:06,600 - trading_system.trading_system - DEBUG - [feature_generator.py:594] - Đã thêm cột mới plus_di_14 từ đặc trưng trend_adx
2025-05-04 17:43:06,774 - trading_system.trading_system - DEBUG - [feature_generator.py:594] - Đã thêm cột mới minus_di_14 từ đặc trưng trend_adx
2025-05-04 17:43:06,913 - trading_system.trading_system - DEBUG - [feature_generator.py:609] - Số cột trước khi tính: 7, sau khi tính: 9
2025-05-04 17:43:07,023 - trading_system.trading_system - INFO - [feature_generator.py:613] - Đã tạo 3 cột mới từ đặc trưng trend_adx: {'adx_14', 'plus_di_14', 'minus_di_14'}
2025-05-04 17:43:07,133 - trading_system.trading_system - DEBUG - [feature_generator.py:564] - Bắt đầu tính toán đặc trưng momentum_macd
2025-05-04 17:43:07,337 - trading_system.trading_system - DEBUG - [feature_generator.py:574] - Gọi hàm moving_average_convergence_divergence với tham số {}
2025-05-04 17:43:07,671 - trading_system.trading_system - DEBUG - [feature_generator.py:582] - Hàm trả về DataFrame với 3 cột mới: ['atr_14', 'atr_pct_14', 'atr_norm_14']
2025-05-04 17:43:07,687 - trading_system.trading_system - DEBUG - [feature_generator.py:582] - Hàm trả về DataFrame với 5 cột mới: ['bb_middle_20', 'bb_upper_20', 'bb_lower_20', 'bb_bandwidth_20', 'bb_percent_b_20']
2025-05-04 17:43:07,830 - trading_system.trading_system - DEBUG - [feature_generator.py:582] - Hàm trả về DataFrame với 3 cột mới: ['macd_line', 'macd_signal', 'macd_histogram']
2025-05-04 17:43:07,878 - trading_system.trading_system - DEBUG - [feature_generator.py:594] - Đã thêm cột mới atr_14 từ đặc trưng volatility_atr
2025-05-04 17:43:07,990 - trading_system.trading_system - DEBUG - [feature_generator.py:594] - Đã thêm cột mới bb_middle_20 từ đặc trưng volatility_bbands
2025-05-04 17:43:08,118 - trading_system.trading_system - DEBUG - [feature_generator.py:594] - Đã thêm cột mới macd_line từ đặc trưng momentum_macd
2025-05-04 17:43:08,182 - trading_system.trading_system - DEBUG - [feature_generator.py:594] - Đã thêm cột mới atr_pct_14 từ đặc trưng volatility_atr
2025-05-04 17:43:08,293 - trading_system.trading_system - DEBUG - [feature_generator.py:594] - Đã thêm cột mới bb_upper_20 từ đặc trưng volatility_bbands
2025-05-04 17:43:08,389 - trading_system.trading_system - DEBUG - [feature_generator.py:594] - Đã thêm cột mới macd_signal từ đặc trưng momentum_macd
2025-05-04 17:43:08,500 - trading_system.trading_system - DEBUG - [feature_generator.py:594] - Đã thêm cột mới atr_norm_14 từ đặc trưng volatility_atr
2025-05-04 17:43:08,611 - trading_system.trading_system - DEBUG - [feature_generator.py:594] - Đã thêm cột mới bb_lower_20 từ đặc trưng volatility_bbands
2025-05-04 17:43:08,707 - trading_system.trading_system - DEBUG - [feature_generator.py:594] - Đã thêm cột mới macd_histogram từ đặc trưng momentum_macd
2025-05-04 17:43:08,802 - trading_system.trading_system - DEBUG - [feature_generator.py:609] - Số cột trước khi tính: 7, sau khi tính: 10
2025-05-04 17:43:08,929 - trading_system.trading_system - DEBUG - [feature_generator.py:594] - Đã thêm cột mới bb_bandwidth_20 từ đặc trưng volatility_bbands
2025-05-04 17:43:08,993 - trading_system.trading_system - DEBUG - [feature_generator.py:609] - Số cột trước khi tính: 7, sau khi tính: 10
2025-05-04 17:43:09,119 - trading_system.trading_system - INFO - [feature_generator.py:613] - Đã tạo 3 cột mới từ đặc trưng volatility_atr: {'atr_norm_14', 'atr_pct_14', 'atr_14'}
2025-05-04 17:43:09,246 - trading_system.trading_system - DEBUG - [feature_generator.py:594] - Đã thêm cột mới bb_percent_b_20 từ đặc trưng volatility_bbands
2025-05-04 17:43:09,342 - trading_system.trading_system - INFO - [feature_generator.py:613] - Đã tạo 3 cột mới từ đặc trưng momentum_macd: {'macd_signal', 'macd_line', 'macd_histogram'}
2025-05-04 17:43:09,387 - trading_system.trading_system - DEBUG - [feature_generator.py:564] - Bắt đầu tính toán đặc trưng momentum_rsi
2025-05-04 17:43:09,388 - trading_system.trading_system - DEBUG - [feature_generator.py:582] - Hàm trả về DataFrame với 2 cột mới: ['supertrend_10_3.0', 'supertrend_trend_10_3.0']
2025-05-04 17:43:09,389 - trading_system.trading_system - DEBUG - [feature_generator.py:609] - Số cột trước khi tính: 7, sau khi tính: 12
2025-05-04 17:43:09,389 - trading_system.trading_system - DEBUG - [feature_generator.py:564] - Bắt đầu tính toán đặc trưng trend_sma
2025-05-04 17:43:09,391 - trading_system.trading_system - DEBUG - [feature_generator.py:594] - Đã thêm cột mới supertrend_10_3.0 từ đặc trưng trend_supertrend
2025-05-04 17:43:09,391 - trading_system.trading_system - INFO - [feature_generator.py:613] - Đã tạo 5 cột mới từ đặc trưng volatility_bbands: {'bb_upper_20', 'bb_lower_20', 'bb_percent_b_20', 'bb_middle_20', 'bb_bandwidth_20'}
2025-05-04 17:43:09,393 - trading_system.trading_system - DEBUG - [feature_generator.py:574] - Gọi hàm relative_strength_index với tham số {'window': 14}
2025-05-04 17:43:09,393 - trading_system.trading_system - DEBUG - [feature_generator.py:594] - Đã thêm cột mới supertrend_trend_10_3.0 từ đặc trưng trend_supertrend
2025-05-04 17:43:09,394 - trading_system.trading_system - DEBUG - [feature_generator.py:564] - Bắt đầu tính toán đặc trưng trend_ema
2025-05-04 17:43:09,395 - trading_system.trading_system - DEBUG - [feature_generator.py:609] - Số cột trước khi tính: 7, sau khi tính: 8
2025-05-04 17:43:09,396 - trading_system.trading_system - DEBUG - [feature_generator.py:574] - Gọi hàm simple_moving_average với tham số {'window': 20}
2025-05-04 17:43:09,398 - trading_system.trading_system - INFO - [feature_generator.py:613] - Đã tạo 2 cột mới từ đặc trưng trend_supertrend: {'supertrend_10_3.0', 'supertrend_trend_10_3.0'}
2025-05-04 17:43:09,402 - trading_system.trading_system - DEBUG - [feature_generator.py:574] - Gọi hàm exponential_moving_average với tham số {'window': 14}
2025-05-04 17:43:09,402 - trading_system.trading_system - DEBUG - [feature_generator.py:696] - Đã thêm cột supertrend_10_3.0 từ đặc trưng trend_supertrend (song song)
2025-05-04 17:43:09,406 - trading_system.trading_system - DEBUG - [feature_generator.py:696] - Đã thêm cột supertrend_trend_10_3.0 từ đặc trưng trend_supertrend (song song)
2025-05-04 17:43:09,408 - trading_system.trading_system - DEBUG - [feature_generator.py:582] - Hàm trả về DataFrame với 1 cột mới: ['sma_20']
2025-05-04 17:43:09,409 - trading_system.trading_system - DEBUG - [feature_generator.py:696] - Đã thêm cột adx_14 từ đặc trưng trend_adx (song song)
2025-05-04 17:43:09,409 - trading_system.trading_system - DEBUG - [feature_generator.py:582] - Hàm trả về DataFrame với 1 cột mới: ['rsi_14']
2025-05-04 17:43:09,410 - trading_system.trading_system - DEBUG - [feature_generator.py:594] - Đã thêm cột mới sma_20 từ đặc trưng trend_sma
2025-05-04 17:43:09,411 - trading_system.trading_system - DEBUG - [feature_generator.py:582] - Hàm trả về DataFrame với 1 cột mới: ['ema_14']
2025-05-04 17:43:09,412 - trading_system.trading_system - DEBUG - [feature_generator.py:696] - Đã thêm cột plus_di_14 từ đặc trưng trend_adx (song song)
2025-05-04 17:43:09,413 - trading_system.trading_system - DEBUG - [feature_generator.py:594] - Đã thêm cột mới rsi_14 từ đặc trưng momentum_rsi
2025-05-04 17:43:09,413 - trading_system.trading_system - DEBUG - [feature_generator.py:609] - Số cột trước khi tính: 11, sau khi tính: 8
2025-05-04 17:43:09,415 - trading_system.trading_system - DEBUG - [feature_generator.py:594] - Đã thêm cột mới ema_14 từ đặc trưng trend_ema
2025-05-04 17:43:09,415 - trading_system.trading_system - DEBUG - [feature_generator.py:696] - Đã thêm cột minus_di_14 từ đặc trưng trend_adx (song song)
2025-05-04 17:43:09,416 - trading_system.trading_system - DEBUG - [feature_generator.py:609] - Số cột trước khi tính: 12, sau khi tính: 8
2025-05-04 17:43:09,416 - trading_system.trading_system - INFO - [feature_generator.py:613] - Đã tạo 1 cột mới từ đặc trưng trend_sma: {'sma_20'}
2025-05-04 17:43:09,417 - trading_system.trading_system - DEBUG - [feature_generator.py:609] - Số cột trước khi tính: 12, sau khi tính: 8
2025-05-04 17:43:09,418 - trading_system.trading_system - DEBUG - [feature_generator.py:696] - Đã thêm cột obv từ đặc trưng volume_obv (song song)
2025-05-04 17:43:09,418 - trading_system.trading_system - INFO - [feature_generator.py:613] - Đã tạo 1 cột mới từ đặc trưng momentum_rsi: {'rsi_14'}
2025-05-04 17:43:09,419 - trading_system.trading_system - INFO - [feature_generator.py:613] - Đã tạo 1 cột mới từ đặc trưng trend_ema: {'ema_14'}
2025-05-04 17:43:09,420 - trading_system.trading_system - DEBUG - [feature_generator.py:696] - Đã thêm cột bb_middle_20 từ đặc trưng volatility_bbands (song song)
2025-05-04 17:43:09,422 - trading_system.trading_system - DEBUG - [feature_generator.py:696] - Đã thêm cột bb_upper_20 từ đặc trưng volatility_bbands (song song)
2025-05-04 17:43:09,423 - trading_system.trading_system - DEBUG - [feature_generator.py:696] - Đã thêm cột bb_lower_20 từ đặc trưng volatility_bbands (song song)
2025-05-04 17:43:09,424 - trading_system.trading_system - DEBUG - [feature_generator.py:696] - Đã thêm cột bb_bandwidth_20 từ đặc trưng volatility_bbands (song song)
2025-05-04 17:43:09,425 - trading_system.trading_system - DEBUG - [feature_generator.py:696] - Đã thêm cột bb_percent_b_20 từ đặc trưng volatility_bbands (song song)
2025-05-04 17:43:09,426 - trading_system.trading_system - DEBUG - [feature_generator.py:696] - Đã thêm cột atr_14 từ đặc trưng volatility_atr (song song)
2025-05-04 17:43:09,427 - trading_system.trading_system - DEBUG - [feature_generator.py:696] - Đã thêm cột atr_pct_14 từ đặc trưng volatility_atr (song song)
2025-05-04 17:43:09,427 - trading_system.trading_system - DEBUG - [feature_generator.py:696] - Đã thêm cột atr_norm_14 từ đặc trưng volatility_atr (song song)
2025-05-04 17:43:09,428 - trading_system.trading_system - DEBUG - [feature_generator.py:696] - Đã thêm cột macd_line từ đặc trưng momentum_macd (song song)
2025-05-04 17:43:09,429 - trading_system.trading_system - DEBUG - [feature_generator.py:696] - Đã thêm cột macd_signal từ đặc trưng momentum_macd (song song)
2025-05-04 17:43:09,430 - trading_system.trading_system - DEBUG - [feature_generator.py:696] - Đã thêm cột macd_histogram từ đặc trưng momentum_macd (song song)
2025-05-04 17:43:09,431 - trading_system.trading_system - DEBUG - [feature_generator.py:696] - Đã thêm cột rsi_14 từ đặc trưng momentum_rsi (song song)
2025-05-04 17:43:09,432 - trading_system.trading_system - DEBUG - [feature_generator.py:696] - Đã thêm cột sma_20 từ đặc trưng trend_sma (song song)
2025-05-04 17:43:09,433 - trading_system.trading_system - DEBUG - [feature_generator.py:696] - Đã thêm cột ema_14 từ đặc trưng trend_ema (song song)
2025-05-04 17:43:09,434 - trading_system.trading_system - INFO - [feature_generator.py:706] - Đã tạo 21 đặc trưng mới: vo_pct_5_10, supertrend_10_3.0, supertrend_trend_10_3.0, adx_14, plus_di_14, minus_di_14, obv, bb_middle_20, bb_upper_20, bb_lower_20, bb_bandwidth_20, bb_percent_b_20, atr_14, atr_pct_14, atr_norm_14, macd_line, macd_signal, macd_histogram, rsi_14, sma_20, ema_14
2025-05-04 17:43:09,435 - trading_system.trading_system - DEBUG - [feature_generator.py:707] - Tất cả các cột sau khi tính toán: ['timestamp', 'open', 'high', 'low', 'close', 'volume', 'vo_pct_5_10', 'supertrend_10_3.0', 'supertrend_trend_10_3.0', 'adx_14', 'plus_di_14', 'minus_di_14', 'obv', 'bb_middle_20', 'bb_upper_20', 'bb_lower_20', 'bb_bandwidth_20', 'bb_percent_b_20', 'atr_14', 'atr_pct_14', 'atr_norm_14', 'macd_line', 'macd_signal', 'macd_histogram', 'rsi_14', 'sma_20', 'ema_14']
2025-05-04 17:43:09,435 - trading_system.trading_system - INFO - [feature_generator.py:712] - Sau khi tính toán đặc trưng, phát hiện 15 chỉ báo kỹ thuật: ['obv', 'bb_middle_20', 'bb_upper_20', 'bb_lower_20', 'bb_bandwidth_20', 'bb_percent_b_20', 'atr_14', 'atr_pct_14', 'atr_norm_14', 'macd_line', 'macd_signal', 'macd_histogram', 'rsi_14', 'sma_20', 'ema_14']
2025-05-04 17:43:09,452 - trading_system.feature_preprocessing - DEBUG - [preprocessing.py:148] - Đã chuẩn hóa cột open bằng phương pháp zscore
2025-05-04 17:43:09,455 - trading_system.feature_preprocessing - DEBUG - [preprocessing.py:148] - Đã chuẩn hóa cột high bằng phương pháp zscore
2025-05-04 17:43:09,458 - trading_system.feature_preprocessing - DEBUG - [preprocessing.py:148] - Đã chuẩn hóa cột low bằng phương pháp zscore
2025-05-04 17:43:09,460 - trading_system.feature_preprocessing - DEBUG - [preprocessing.py:148] - Đã chuẩn hóa cột close bằng phương pháp zscore
2025-05-04 17:43:09,463 - trading_system.feature_preprocessing - DEBUG - [preprocessing.py:148] - Đã chuẩn hóa cột volume bằng phương pháp zscore
2025-05-04 17:43:09,466 - trading_system.feature_preprocessing - DEBUG - [preprocessing.py:148] - Đã chuẩn hóa cột vo_pct_5_10 bằng phương pháp zscore
2025-05-04 17:43:09,468 - trading_system.feature_preprocessing - DEBUG - [preprocessing.py:148] - Đã chuẩn hóa cột supertrend_10_3.0 bằng phương pháp zscore
2025-05-04 17:43:09,471 - trading_system.feature_preprocessing - DEBUG - [preprocessing.py:148] - Đã chuẩn hóa cột supertrend_trend_10_3.0 bằng phương pháp zscore
2025-05-04 17:43:09,474 - trading_system.feature_preprocessing - DEBUG - [preprocessing.py:148] - Đã chuẩn hóa cột adx_14 bằng phương pháp zscore
2025-05-04 17:43:09,476 - trading_system.feature_preprocessing - DEBUG - [preprocessing.py:148] - Đã chuẩn hóa cột plus_di_14 bằng phương pháp zscore
2025-05-04 17:43:09,479 - trading_system.feature_preprocessing - DEBUG - [preprocessing.py:148] - Đã chuẩn hóa cột minus_di_14 bằng phương pháp zscore
2025-05-04 17:43:09,482 - trading_system.feature_preprocessing - DEBUG - [preprocessing.py:148] - Đã chuẩn hóa cột obv bằng phương pháp zscore
2025-05-04 17:43:09,484 - trading_system.feature_preprocessing - DEBUG - [preprocessing.py:148] - Đã chuẩn hóa cột bb_middle_20 bằng phương pháp zscore
2025-05-04 17:43:09,488 - trading_system.feature_preprocessing - DEBUG - [preprocessing.py:148] - Đã chuẩn hóa cột bb_upper_20 bằng phương pháp zscore
2025-05-04 17:43:09,491 - trading_system.feature_preprocessing - DEBUG - [preprocessing.py:148] - Đã chuẩn hóa cột bb_lower_20 bằng phương pháp zscore
2025-05-04 17:43:09,494 - trading_system.feature_preprocessing - DEBUG - [preprocessing.py:148] - Đã chuẩn hóa cột bb_bandwidth_20 bằng phương pháp zscore
2025-05-04 17:43:09,496 - trading_system.feature_preprocessing - DEBUG - [preprocessing.py:148] - Đã chuẩn hóa cột bb_percent_b_20 bằng phương pháp zscore
2025-05-04 17:43:09,499 - trading_system.feature_preprocessing - DEBUG - [preprocessing.py:148] - Đã chuẩn hóa cột atr_14 bằng phương pháp zscore
2025-05-04 17:43:09,503 - trading_system.feature_preprocessing - DEBUG - [preprocessing.py:148] - Đã chuẩn hóa cột atr_pct_14 bằng phương pháp zscore
2025-05-04 17:43:09,505 - trading_system.feature_preprocessing - DEBUG - [preprocessing.py:148] - Đã chuẩn hóa cột atr_norm_14 bằng phương pháp zscore
2025-05-04 17:43:09,508 - trading_system.feature_preprocessing - DEBUG - [preprocessing.py:148] - Đã chuẩn hóa cột macd_line bằng phương pháp zscore
2025-05-04 17:43:09,511 - trading_system.feature_preprocessing - DEBUG - [preprocessing.py:148] - Đã chuẩn hóa cột macd_signal bằng phương pháp zscore
2025-05-04 17:43:09,513 - trading_system.feature_preprocessing - DEBUG - [preprocessing.py:148] - Đã chuẩn hóa cột macd_histogram bằng phương pháp zscore
2025-05-04 17:43:09,516 - trading_system.feature_preprocessing - DEBUG - [preprocessing.py:148] - Đã chuẩn hóa cột rsi_14 bằng phương pháp zscore
2025-05-04 17:43:09,519 - trading_system.feature_preprocessing - DEBUG - [preprocessing.py:148] - Đã chuẩn hóa cột sma_20 bằng phương pháp zscore
2025-05-04 17:43:09,522 - trading_system.feature_preprocessing - DEBUG - [preprocessing.py:148] - Đã chuẩn hóa cột ema_14 bằng phương pháp zscore
2025-05-04 17:43:09,523 - trading_system.trading_system - DEBUG - [feature_generator.py:875] - Đã áp dụng bộ tiền xử lý normalize cho 26 cột
2025-05-04 17:43:09,525 - trading_system.trading_system - DEBUG - [feature_generator.py:1168] - Số cột trước khi áp dụng feature selection: 27
2025-05-04 17:43:09,526 - trading_system.trading_system - DEBUG - [feature_generator.py:1169] - Các cột: ['timestamp', 'open', 'high', 'low', 'close', 'volume', 'vo_pct_5_10', 'supertrend_10_3.0', 'supertrend_trend_10_3.0', 'adx_14', 'plus_di_14', 'minus_di_14', 'obv', 'bb_middle_20', 'bb_upper_20', 'bb_lower_20', 'bb_bandwidth_20', 'bb_percent_b_20', 'atr_14', 'atr_pct_14', 'atr_norm_14', 'macd_line', 'macd_signal', 'macd_histogram', 'rsi_14', 'sma_20', 'ema_14']
2025-05-04 17:43:09,526 - trading_system.trading_system - DEBUG - [feature_generator.py:979] - Các cột trước khi chọn lọc: ['timestamp', 'open', 'high', 'low', 'close', 'volume', 'vo_pct_5_10', 'supertrend_10_3.0', 'supertrend_trend_10_3.0', 'adx_14', 'plus_di_14', 'minus_di_14', 'obv', 'bb_middle_20', 'bb_upper_20', 'bb_lower_20', 'bb_bandwidth_20', 'bb_percent_b_20', 'atr_14', 'atr_pct_14', 'atr_norm_14', 'macd_line', 'macd_signal', 'macd_histogram', 'rsi_14', 'sma_20', 'ema_14']
2025-05-04 17:43:09,527 - trading_system.trading_system - DEBUG - [feature_generator.py:985] - Các cột technical indicators đã phát hiện: ['obv', 'bb_middle_20', 'bb_upper_20', 'bb_lower_20', 'bb_bandwidth_20', 'bb_percent_b_20', 'atr_14', 'atr_pct_14', 'atr_norm_14', 'macd_line', 'macd_signal', 'macd_histogram', 'rsi_14', 'sma_20', 'ema_14']
2025-05-04 17:43:09,579 - trading_system.feature_selector - INFO - [statistical_methods.py:186] - Đã chọn 25 đặc trưng dựa trên tương quan pearson
2025-05-04 17:43:09,585 - trading_system.trading_system - DEBUG - [feature_generator.py:1021] - Các cột giữ lại: ['high', 'low', 'open', 'ema_14', 'bb_middle_20', 'sma_20', 'bb_lower_20', 'bb_upper_20', 'supertrend_10_3.0', 'atr_14', 'obv', 'volume', 'macd_signal', 'macd_line', 'rsi_14', 'bb_percent_b_20', 'minus_di_14', 'plus_di_14', 'supertrend_trend_10_3.0', 'atr_pct_14', 'atr_norm_14', 'bb_bandwidth_20', 'adx_14', 'macd_histogram', 'vo_pct_5_10', 'close']
2025-05-04 17:43:09,586 - trading_system.trading_system - INFO - [feature_generator.py:1054] - Đã áp dụng chọn lọc đặc trưng statistical_correlation, còn lại 26 đặc trưng
2025-05-04 17:43:09,587 - trading_system.trading_system - DEBUG - [feature_generator.py:1176] - Số cột sau khi áp dụng feature selection: 26
2025-05-04 17:43:09,588 - trading_system.trading_system - DEBUG - [feature_generator.py:1177] - Các cột đã giữ lại: ['high', 'low', 'open', 'ema_14', 'bb_middle_20', 'sma_20', 'bb_lower_20', 'bb_upper_20', 'supertrend_10_3.0', 'atr_14', 'obv', 'volume', 'macd_signal', 'macd_line', 'rsi_14', 'bb_percent_b_20', 'minus_di_14', 'plus_di_14', 'supertrend_trend_10_3.0', 'atr_pct_14', 'atr_norm_14', 'bb_bandwidth_20', 'adx_14', 'macd_histogram', 'vo_pct_5_10', 'close']
2025-05-04 17:43:09,588 - trading_system.trading_system - WARNING - [feature_generator.py:1180] - Feature selection đã loại bỏ 1 cột
2025-05-04 17:43:09,591 - trading_system.trading_system - INFO - [data_pipeline.py:787] - Đã tạo đặc trưng cho ETH/USDT: 6 -> 26 cột
2025-05-04 17:43:09,666 - trading_system.trading_system - INFO - [data_pipeline.py:1171] - Đã lưu 27000 dòng dữ liệu cho BTC/USDT vào E:\AI_AGENT\automated-trading-system\data\processed\btc_usdt_20250504_174309.parquet
2025-05-04 17:43:09,684 - trading_system.trading_system - DEBUG - [data_pipeline.py:1197] - Đã lưu metadata cho BTC/USDT vào E:\AI_AGENT\automated-trading-system\data\processed\btc_usdt_20250504_174309_metadata.json
2025-05-04 17:43:09,758 - trading_system.trading_system - INFO - [data_pipeline.py:1171] - Đã lưu 27000 dòng dữ liệu cho ETH/USDT vào E:\AI_AGENT\automated-trading-system\data\processed\eth_usdt_20250504_174309.parquet
2025-05-04 17:43:09,776 - trading_system.trading_system - DEBUG - [data_pipeline.py:1197] - Đã lưu metadata cho ETH/USDT vào E:\AI_AGENT\automated-trading-system\data\processed\eth_usdt_20250504_174309_metadata.json
2025-05-04 17:43:09,778 - trading_system.trading_system - INFO - [trading_system.py:334] - Đã xử lý và lưu dữ liệu thành công cho 2 cặp tiền
2025-05-04 17:43:09,779 - trading_system.process_pipeline - INFO - [process_commands.py:331] - Tổng kết: Đã xử lý dữ liệu cho 2 cặp tiền
2025-05-04 17:43:09,780 - trading_system.process_pipeline - INFO - [process_commands.py:335] -   - BTC/USDT: E:\AI_AGENT\automated-trading-system\data\processed\btc_usdt_20250504_174309.parquet
2025-05-04 17:43:09,781 - trading_system.process_pipeline - INFO - [process_commands.py:335] -   - ETH/USDT: E:\AI_AGENT\automated-trading-system\data\processed\eth_usdt_20250504_174309.parquet
2025-05-04 17:43:09,782 - trading_system - INFO - [main.py:53] - Đóng hệ thống giao dịch tự động
