2025-04-28 20:33:43,519 - trading_system.outlier_detector - INFO - [outlier_detector.py:101] - Đã khởi tạo OutlierDetector với phương pháp z-score
2025-04-28 20:33:43,520 - trading_system.missing_data_handler - INFO - [missing_data_handler.py:79] - Đã khởi tạo MissingDataHandler với phương pháp interpolate
2025-04-28 20:33:43,520 - trading_system.missing_data_handler - DEBUG - [missing_data_handler.py:80] - Fallback strategy: ffill, bfill, mean, median
2025-04-28 20:33:43,521 - trading_system.data_cleaner - INFO - [data_cleaner.py:63] - Đã khởi tạo DataCleaner với normalize_method=z-score
2025-04-28 20:33:43,521 - trading_system.data_pipeline - INFO - [feature_generator.py:110] - Đã khởi tạo FeatureGenerator
2025-04-28 20:33:43,522 - trading_system.data_pipeline - INFO - [feature_generator.py:329] - Đăng ký các đặc trưng mặc định
2025-04-28 20:33:43,523 - trading_system.data_pipeline - DEBUG - [feature_generator.py:173] - Đã đăng ký bộ tiền xử lý: normalize
2025-04-28 20:33:43,523 - trading_system.data_pipeline - DEBUG - [feature_generator.py:173] - Đã đăng ký bộ tiền xử lý: standardize
2025-04-28 20:33:43,524 - trading_system.data_pipeline - DEBUG - [feature_generator.py:173] - Đã đăng ký bộ tiền xử lý: min_max_scale
2025-04-28 20:33:43,525 - trading_system.sentiment_collector - INFO - [sentiment_collector.py:1322] - Đã thêm nguồn dữ liệu tâm lý: Fear and Greed Index
2025-04-28 20:33:43,525 - trading_system.data_pipeline - INFO - [data_pipeline.py:198] - Đã khởi tạo các collector dữ liệu cho 
2025-04-28 20:33:43,526 - trading_system.data_pipeline - INFO - [data_pipeline.py:107] - Đã khởi tạo DataPipeline
2025-04-28 20:33:43,528 - trading_system.data_pipeline - INFO - [data_pipeline.py:1113] - Đã đăng ký pipeline 'test_pipeline' với 4 bước
2025-04-28 20:33:43,529 - trading_system.data_pipeline - INFO - [data_pipeline.py:1152] - Chạy pipeline 'test_pipeline' với 4 bước
2025-04-28 20:33:43,529 - trading_system.data_pipeline - INFO - [data_pipeline.py:1183] - Thực hiện bước 'clean_data'
2025-04-28 20:33:43,530 - trading_system.data_cleaner - INFO - [data_cleaner.py:292] - Bắt đầu làm sạch dữ liệu OHLCV với 100 dòng
2025-04-28 20:33:43,534 - trading_system.data_cleaner - WARNING - [data_cleaner.py:348] - Phát hiện 18 dòng có high < low
2025-04-28 20:33:43,537 - trading_system.data_cleaner - INFO - [data_cleaner.py:356] - Đã hoán đổi 18 cặp giá trị high và low
2025-04-28 20:33:43,537 - trading_system.data_cleaner - WARNING - [data_cleaner.py:364] - Phát hiện 26 dòng có open < low
2025-04-28 20:33:43,539 - trading_system.data_cleaner - WARNING - [data_cleaner.py:371] - Phát hiện 27 dòng có open > high
2025-04-28 20:33:43,540 - trading_system.data_cleaner - WARNING - [data_cleaner.py:379] - Phát hiện 25 dòng có close < low
2025-04-28 20:33:43,542 - trading_system.data_cleaner - WARNING - [data_cleaner.py:386] - Phát hiện 38 dòng có close > high
2025-04-28 20:33:43,543 - trading_system.data_cleaner - INFO - [data_cleaner.py:391] - Đã sửa chữa những vấn đề sau: 18 dòng high < low, 26 dòng open < low, 27 dòng open > high, 25 dòng close < low, 38 dòng close > high
2025-04-28 20:33:43,546 - trading_system.outlier_detector - INFO - [outlier_detector.py:140] - Bắt đầu phát hiện ngoại lệ cho 5 cột
2025-04-28 20:33:43,552 - trading_system.outlier_detector - INFO - [outlier_detector.py:174] - Đã phát hiện 100 ngoại lệ trong 100 bản ghi
2025-04-28 20:33:43,554 - trading_system.outlier_detector - INFO - [outlier_detector.py:661] - Đã loại bỏ 100 hàng có ngoại lệ
2025-04-28 20:33:43,554 - trading_system.data_cleaner - INFO - [data_cleaner.py:439] - Đã loại bỏ 100 dòng chứa ngoại lệ (100 -> 0)
2025-04-28 20:33:43,555 - trading_system.data_cleaner - INFO - [data_cleaner.py:451] - Đã hoàn thành làm sạch dữ liệu OHLCV, kết quả có 0 dòng
2025-04-28 20:33:43,556 - trading_system.data_pipeline - INFO - [data_pipeline.py:566] - Đã làm sạch 100 -> 0 dòng dữ liệu OHLCV cho BTC/USDT
2025-04-28 20:33:43,557 - trading_system.data_cleaner - INFO - [data_cleaner.py:106] - Bắt đầu làm sạch 1 cột
2025-04-28 20:33:43,558 - trading_system.data_cleaner - DEBUG - [data_cleaner.py:118] - Xử lý dữ liệu thiếu cho 1 cột
2025-04-28 20:33:43,560 - trading_system.missing_data_handler - INFO - [missing_data_handler.py:339] - Đã phát hiện dữ liệu chuỗi thời gian với cột timestamp: timestamp
2025-04-28 20:33:43,561 - trading_system.missing_data_handler - INFO - [missing_data_handler.py:347] - Áp dụng phương pháp xử lý chuỗi thời gian
2025-04-28 20:33:43,562 - trading_system.missing_data_handler - INFO - [missing_data_handler.py:576] - Đã nội suy dữ liệu chuỗi thời gian theo phương pháp time
2025-04-28 20:33:43,563 - trading_system.missing_data_handler - INFO - [missing_data_handler.py:632] - Đã xử lý tất cả các giá trị thiếu
2025-04-28 20:33:43,564 - trading_system.data_cleaner - DEBUG - [data_cleaner.py:125] - Loại bỏ ngoại lệ cho 1 cột
2025-04-28 20:33:43,564 - trading_system.outlier_detector - INFO - [outlier_detector.py:140] - Bắt đầu phát hiện ngoại lệ cho 1 cột
2025-04-28 20:33:43,567 - trading_system.outlier_detector - INFO - [outlier_detector.py:174] - Đã phát hiện 50 ngoại lệ trong 50 bản ghi
2025-04-28 20:33:43,568 - trading_system.outlier_detector - INFO - [outlier_detector.py:661] - Đã loại bỏ 50 hàng có ngoại lệ
2025-04-28 20:33:43,568 - trading_system.data_cleaner - DEBUG - [data_cleaner.py:132] - Chuẩn hóa dữ liệu cho 1 cột
2025-04-28 20:33:43,569 - trading_system.data_cleaner - DEBUG - [data_cleaner.py:181] - Chuẩn hóa dữ liệu bằng phương pháp z-score
2025-04-28 20:33:43,570 - trading_system.data_cleaner - WARNING - [data_cleaner.py:195] - Cột value chỉ chứa giá trị NA, bỏ qua
2025-04-28 20:33:43,570 - trading_system.data_cleaner - DEBUG - [data_cleaner.py:250] - Cột value - Trước: {'mean': nan, 'std': nan, 'min': nan, 'max': nan} - Sau: {'mean': nan, 'std': nan, 'min': nan, 'max': nan}
2025-04-28 20:33:43,571 - trading_system.data_cleaner - INFO - [data_cleaner.py:143] - Đã hoàn thành làm sạch dữ liệu, kết quả có 0 hàng
2025-04-28 20:33:43,571 - trading_system.data_pipeline - INFO - [data_pipeline.py:552] - Đã làm sạch 50 -> 0 dòng dữ liệu tâm lý
2025-04-28 20:33:43,572 - trading_system.data_pipeline - INFO - [data_pipeline.py:1183] - Thực hiện bước 'generate_features'
2025-04-28 20:33:43,572 - trading_system.data_pipeline - INFO - [feature_generator.py:891] - Đã tạo pipeline đặc trưng: BTC/USDT_pipeline_20250428_203343
2025-04-28 20:33:43,573 - trading_system.data_pipeline - INFO - [feature_generator.py:320] - Đã lưu cấu hình đặc trưng vào E:\AI_AGENT\automated-trading-system\data\processed\feature_engineering\feature_config.json
2025-04-28 20:33:43,574 - trading_system.data_pipeline - INFO - [feature_generator.py:569] - Đã tạo 0 đặc trưng mới: 
2025-04-28 20:33:43,575 - trading_system.feature_preprocessing - WARNING - [preprocessing.py:82] - Bỏ qua cột open vì tất cả giá trị là null
2025-04-28 20:33:43,576 - trading_system.feature_preprocessing - WARNING - [preprocessing.py:82] - Bỏ qua cột high vì tất cả giá trị là null
2025-04-28 20:33:43,577 - trading_system.feature_preprocessing - WARNING - [preprocessing.py:82] - Bỏ qua cột low vì tất cả giá trị là null
2025-04-28 20:33:43,578 - trading_system.feature_preprocessing - WARNING - [preprocessing.py:82] - Bỏ qua cột close vì tất cả giá trị là null
2025-04-28 20:33:43,579 - trading_system.feature_preprocessing - WARNING - [preprocessing.py:82] - Bỏ qua cột volume vì tất cả giá trị là null
2025-04-28 20:33:43,580 - trading_system.data_pipeline - DEBUG - [feature_generator.py:718] - Đã áp dụng bộ tiền xử lý normalize cho 5 cột
2025-04-28 20:33:43,580 - trading_system.data_pipeline - WARNING - [feature_generator.py:818] - Bộ chọn lọc statistical_correlation không tồn tại
2025-04-28 20:33:43,581 - trading_system.data_pipeline - INFO - [data_pipeline.py:740] - Đã tạo đặc trưng cho BTC/USDT: 6 -> 6 cột
2025-04-28 20:33:43,582 - trading_system.data_pipeline - INFO - [data_pipeline.py:1183] - Thực hiện bước 'merge_sentiment'
2025-04-28 20:33:43,582 - trading_system.data_pipeline - INFO - [data_pipeline.py:1183] - Thực hiện bước 'save_data'
2025-04-28 20:33:43,613 - trading_system.data_pipeline - INFO - [data_pipeline.py:996] - Đã lưu 0 dòng dữ liệu cho BTC/USDT vào E:\AI_AGENT\automated-trading-system\data\processed\btc_usdt_20250428_203343.parquet
2025-04-28 20:33:43,615 - trading_system.data_pipeline - DEBUG - [data_pipeline.py:1022] - Đã lưu metadata cho BTC/USDT vào E:\AI_AGENT\automated-trading-system\data\processed\btc_usdt_20250428_203343_metadata.json
2025-04-28 20:33:43,619 - trading_system.data_pipeline - INFO - [data_pipeline.py:996] - Đã lưu 0 dòng dữ liệu cho sentiment vào E:\AI_AGENT\automated-trading-system\data\processed\sentiment_20250428_203343.parquet
2025-04-28 20:33:43,622 - trading_system.data_pipeline - DEBUG - [data_pipeline.py:1022] - Đã lưu metadata cho sentiment vào E:\AI_AGENT\automated-trading-system\data\processed\sentiment_20250428_203343_metadata.json
2025-04-28 20:33:43,624 - trading_system.data_pipeline - INFO - [feature_generator.py:1006] - Đã lưu trạng thái FeatureGenerator vào E:\AI_AGENT\automated-trading-system\data\processed\feature_engineering\feature_generator_state.joblib
2025-04-28 20:33:43,626 - trading_system.data_pipeline - INFO - [data_pipeline.py:1053] - Đã lưu trạng thái pipeline vào E:\AI_AGENT\automated-trading-system\data\processed\pipeline_state.joblib
