2025-05-09 21:09:06,147 - trading_system.sentiment_features - WARNING - [create_fear_greed.py:206] - Không tìm thấy cột bbw_20, sử dụng giá trị mặc định
2025-05-09 21:09:06,205 - trading_system.sentiment_features - WARNING - [create_fear_greed.py:316] - Không tìm thấy cột roc_1, sử dụng giá trị mặc định
2025-05-09 21:09:06,206 - trading_system.sentiment_features - WARNING - [create_fear_greed.py:334] - Không tìm thấy cột roc_5, sử dụng giá trị mặc định
2025-05-09 21:09:06,207 - trading_system.sentiment_features - WARNING - [create_fear_greed.py:352] - Không tìm thấy cột roc_10, sử dụng giá trị mặc định
2025-05-09 21:09:06,208 - trading_system.sentiment_features - WARNING - [create_fear_greed.py:370] - Không tìm thấy cột roc_20, sử dụng giá trị mặc định
2025-05-09 21:09:06,269 - trading_system.sentiment_features - INFO - [create_fear_greed.py:886] - Đã tạo thành công đặc trưng tâm lý thị trường từ hành động giá
2025-05-09 21:19:03,119 - trading_system.sentiment_features - INFO - [create_fear_greed.py:841] - Tự tính toán các chỉ báo kỹ thuật cần thiết...
2025-05-09 21:19:03,120 - trading_system.sentiment_features - INFO - [create_fear_greed.py:845] - Tự tính toán Bollinger Bandwidth...
2025-05-09 21:19:03,126 - trading_system.sentiment_features - INFO - [create_fear_greed.py:860] - Tự tính toán roc_1...
2025-05-09 21:19:03,128 - trading_system.sentiment_features - INFO - [create_fear_greed.py:860] - Tự tính toán roc_5...
2025-05-09 21:19:03,132 - trading_system.sentiment_features - INFO - [create_fear_greed.py:860] - Tự tính toán roc_10...
2025-05-09 21:19:03,134 - trading_system.sentiment_features - INFO - [create_fear_greed.py:860] - Tự tính toán roc_20...
2025-05-09 21:19:03,417 - trading_system.sentiment_features - INFO - [create_fear_greed.py:915] - Đã tạo thành công đặc trưng tâm lý thị trường từ hành động giá
2025-05-09 21:24:41,970 - trading_system.sentiment_features - INFO - [create_fear_greed.py:841] - Tự tính toán các chỉ báo kỹ thuật cần thiết...
2025-05-09 21:24:41,971 - trading_system.sentiment_features - INFO - [create_fear_greed.py:845] - Tự tính toán Bollinger Bandwidth...
2025-05-09 21:24:41,985 - trading_system.sentiment_features - INFO - [create_fear_greed.py:860] - Tự tính toán roc_1...
2025-05-09 21:24:41,988 - trading_system.sentiment_features - INFO - [create_fear_greed.py:860] - Tự tính toán roc_5...
2025-05-09 21:24:41,989 - trading_system.sentiment_features - INFO - [create_fear_greed.py:860] - Tự tính toán roc_10...
2025-05-09 21:24:41,991 - trading_system.sentiment_features - INFO - [create_fear_greed.py:860] - Tự tính toán roc_20...
2025-05-09 21:24:42,233 - trading_system.sentiment_features - INFO - [create_fear_greed.py:915] - Đã tạo thành công đặc trưng tâm lý thị trường từ hành động giá
2025-05-09 21:24:44,874 - trading_system.sentiment_features - INFO - [create_fear_greed.py:841] - Tự tính toán các chỉ báo kỹ thuật cần thiết...
2025-05-09 21:24:44,875 - trading_system.sentiment_features - INFO - [create_fear_greed.py:845] - Tự tính toán Bollinger Bandwidth...
2025-05-09 21:24:44,882 - trading_system.sentiment_features - INFO - [create_fear_greed.py:860] - Tự tính toán roc_1...
2025-05-09 21:24:44,884 - trading_system.sentiment_features - INFO - [create_fear_greed.py:860] - Tự tính toán roc_5...
2025-05-09 21:24:44,885 - trading_system.sentiment_features - INFO - [create_fear_greed.py:860] - Tự tính toán roc_10...
2025-05-09 21:24:44,887 - trading_system.sentiment_features - INFO - [create_fear_greed.py:860] - Tự tính toán roc_20...
2025-05-09 21:24:45,167 - trading_system.sentiment_features - INFO - [create_fear_greed.py:915] - Đã tạo thành công đặc trưng tâm lý thị trường từ hành động giá
2025-05-09 21:24:47,773 - trading_system.sentiment_features - INFO - [create_fear_greed.py:841] - Tự tính toán các chỉ báo kỹ thuật cần thiết...
2025-05-09 21:24:47,775 - trading_system.sentiment_features - INFO - [create_fear_greed.py:845] - Tự tính toán Bollinger Bandwidth...
2025-05-09 21:24:47,782 - trading_system.sentiment_features - INFO - [create_fear_greed.py:860] - Tự tính toán roc_1...
2025-05-09 21:24:47,785 - trading_system.sentiment_features - INFO - [create_fear_greed.py:860] - Tự tính toán roc_5...
2025-05-09 21:24:47,787 - trading_system.sentiment_features - INFO - [create_fear_greed.py:860] - Tự tính toán roc_10...
2025-05-09 21:24:47,790 - trading_system.sentiment_features - INFO - [create_fear_greed.py:860] - Tự tính toán roc_20...
2025-05-09 21:24:48,029 - trading_system.sentiment_features - INFO - [create_fear_greed.py:915] - Đã tạo thành công đặc trưng tâm lý thị trường từ hành động giá
